-- The C compiler identification is GNU 11.4.0
-- The CXX compiler identification is GNU 11.4.0
-- Detecting C compiler ABI info
-- Detecting C compiler ABI info - done
-- Check for working C compiler: /usr/bin/cc - skipped
-- Detecting C compile features
-- Detecting C compile features - done
-- Detecting CXX compiler ABI info
-- Detecting CXX compiler ABI info - done
-- Check for working CXX compiler: /usr/bin/c++ - skipped
-- Detecting CXX compile features
-- Detecting CXX compile features - done
-- Found ament_cmake: 1.3.8 (/opt/ros/humble/share/ament_cmake/cmake)
-- Found Python3: /usr/bin/python3 (found version "3.10.12") found components: Interpreter 
-- Found rosidl_default_generators: 1.2.0 (/opt/ros/humble/share/rosidl_default_generators/cmake)
-- Using all available rosidl_typesupport_c: rosidl_typesupport_fastrtps_c;rosidl_typesupport_introspection_c
-- Found rosidl_adapter: 3.1.5 (/opt/ros/humble/share/rosidl_adapter/cmake)
-- Using all available rosidl_typesupport_cpp: rosidl_typesupport_fastrtps_cpp;rosidl_typesupport_introspection_cpp
-- Found geometry_msgs: 4.2.3 (/opt/ros/humble/share/geometry_msgs/cmake)
-- Found sensor_msgs: 4.2.3 (/opt/ros/humble/share/sensor_msgs/cmake)
-- Found ament_cmake_cppcheck: 0.12.10 (/opt/ros/humble/share/ament_cmake_cppcheck/cmake)
-- Found ament_cmake_cpplint: 0.12.10 (/opt/ros/humble/share/ament_cmake_cpplint/cmake)
-- Found ament_cmake_uncrustify: 0.12.10 (/opt/ros/humble/share/ament_cmake_uncrustify/cmake)
-- Found ament_cmake_ros: 0.10.0 (/opt/ros/humble/share/ament_cmake_ros/cmake)
-- Using all available rosidl_typesupport_c: rosidl_typesupport_fastrtps_c;rosidl_typesupport_introspection_c
-- Using all available rosidl_typesupport_cpp: rosidl_typesupport_fastrtps_cpp;rosidl_typesupport_introspection_cpp
-- Found PythonInterp: /usr/bin/python3 (found suitable version "3.10.12", minimum required is "3.6") 
-- Found python_cmake_module: 0.10.0 (/opt/ros/humble/share/python_cmake_module/cmake)
-- Found PythonLibs: /usr/lib/x86_64-linux-gnu/libpython3.10.so (found suitable version "3.10.12", minimum required is "3.5") 
-- Using PYTHON_EXECUTABLE: /usr/bin/python3
-- Using PYTHON_INCLUDE_DIRS: /usr/include/python3.10
-- Using PYTHON_LIBRARIES: /usr/lib/x86_64-linux-gnu/libpython3.10.so
-- Found PythonExtra: .so  
-- Found ament_cmake_flake8: 0.12.10 (/opt/ros/humble/share/ament_cmake_flake8/cmake)
-- Found ament_cmake_pep257: 0.12.10 (/opt/ros/humble/share/ament_cmake_pep257/cmake)
-- Found ament_lint_auto: 0.12.10 (/opt/ros/humble/share/ament_lint_auto/cmake)
-- Added test 'lint_cmake' to check CMake code style
-- Added test 'xmllint' to check XML markup files
-- Configuring done
-- Generating done
-- Build files have been written to: /home/heronsaba/ros2_challenge/ros2_ws/src/build/sensor_interface
[  2%] [34m[1mGenerating C code for ROS interfaces[0m
[  5%] [34m[1mGenerating C++ code for ROS interfaces[0m
[  5%] Built target sensor_interface__cpp
[  7%] [32mBuilding C object CMakeFiles/sensor_interface__rosidl_generator_c.dir/rosidl_generator_c/sensor_interface/msg/detail/nums__functions.c.o[0m
[  7%] Built target ament_cmake_python_copy_sensor_interface
[ 10%] [34m[1mGenerating C++ type support dispatch for ROS interfaces[0m
[ 12%] [32mBuilding C object CMakeFiles/sensor_interface__rosidl_generator_c.dir/rosidl_generator_c/sensor_interface/srv/detail/send_image__functions.c.o[0m
[ 15%] [32m[1mLinking C shared library libsensor_interface__rosidl_generator_c.so[0m
[ 15%] Built target sensor_interface__rosidl_generator_c
[ 17%] [34m[1mGenerating C++ type support for eProsima Fast-RTPS[0m
[ 20%] [32mBuilding CXX object CMakeFiles/sensor_interface__rosidl_typesupport_cpp.dir/rosidl_typesupport_cpp/sensor_interface/msg/nums__type_support.cpp.o[0m
[ 23%] [32mBuilding CXX object CMakeFiles/sensor_interface__rosidl_typesupport_fastrtps_cpp.dir/rosidl_typesupport_fastrtps_cpp/sensor_interface/msg/detail/dds_fastrtps/nums__type_support.cpp.o[0m
[ 25%] [32mBuilding CXX object CMakeFiles/sensor_interface__rosidl_typesupport_cpp.dir/rosidl_typesupport_cpp/sensor_interface/srv/send_image__type_support.cpp.o[0m
[ 28%] [32mBuilding CXX object CMakeFiles/sensor_interface__rosidl_typesupport_fastrtps_cpp.dir/rosidl_typesupport_fastrtps_cpp/sensor_interface/srv/detail/dds_fastrtps/send_image__type_support.cpp.o[0m
[ 30%] [32m[1mLinking CXX shared library libsensor_interface__rosidl_typesupport_cpp.so[0m
[ 30%] Built target sensor_interface__rosidl_typesupport_cpp
[ 33%] [34m[1mGenerating C++ introspection for ROS interfaces[0m
[ 35%] [32m[1mLinking CXX shared library libsensor_interface__rosidl_typesupport_fastrtps_cpp.so[0m
[ 38%] [32mBuilding CXX object CMakeFiles/sensor_interface__rosidl_typesupport_introspection_cpp.dir/rosidl_typesupport_introspection_cpp/sensor_interface/msg/detail/nums__type_support.cpp.o[0m
[ 38%] Built target sensor_interface__rosidl_typesupport_fastrtps_cpp
running egg_info
creating sensor_interface.egg-info
writing sensor_interface.egg-info/PKG-INFO
writing dependency_links to sensor_interface.egg-info/dependency_links.txt
writing top-level names to sensor_interface.egg-info/top_level.txt
writing manifest file 'sensor_interface.egg-info/SOURCES.txt'
reading manifest file 'sensor_interface.egg-info/SOURCES.txt'
writing manifest file 'sensor_interface.egg-info/SOURCES.txt'
[ 38%] Built target ament_cmake_python_build_sensor_interface_egg
[ 41%] [34m[1mGenerating C type support for eProsima Fast-RTPS[0m
[ 43%] [32mBuilding CXX object CMakeFiles/sensor_interface__rosidl_typesupport_introspection_cpp.dir/rosidl_typesupport_introspection_cpp/sensor_interface/srv/detail/send_image__type_support.cpp.o[0m
[ 46%] [32mBuilding CXX object CMakeFiles/sensor_interface__rosidl_typesupport_fastrtps_c.dir/rosidl_typesupport_fastrtps_c/sensor_interface/msg/detail/nums__type_support_c.cpp.o[0m
[ 48%] [32m[1mLinking CXX shared library libsensor_interface__rosidl_typesupport_introspection_cpp.so[0m
[ 48%] Built target sensor_interface__rosidl_typesupport_introspection_cpp
[ 51%] [34m[1mGenerating C introspection for ROS interfaces[0m
[ 53%] [32mBuilding CXX object CMakeFiles/sensor_interface__rosidl_typesupport_fastrtps_c.dir/rosidl_typesupport_fastrtps_c/sensor_interface/srv/detail/send_image__type_support_c.cpp.o[0m
[ 56%] [32mBuilding C object CMakeFiles/sensor_interface__rosidl_typesupport_introspection_c.dir/rosidl_typesupport_introspection_c/sensor_interface/msg/detail/nums__type_support.c.o[0m
[ 58%] [32mBuilding C object CMakeFiles/sensor_interface__rosidl_typesupport_introspection_c.dir/rosidl_typesupport_introspection_c/sensor_interface/srv/detail/send_image__type_support.c.o[0m
[ 61%] [32m[1mLinking C shared library libsensor_interface__rosidl_typesupport_introspection_c.so[0m
[ 61%] Built target sensor_interface__rosidl_typesupport_introspection_c
[ 64%] [34m[1mGenerating C type support dispatch for ROS interfaces[0m
[ 66%] [32m[1mLinking CXX shared library libsensor_interface__rosidl_typesupport_fastrtps_c.so[0m
[ 66%] Built target sensor_interface__rosidl_typesupport_fastrtps_c
[ 71%] [32mBuilding CXX object CMakeFiles/sensor_interface__rosidl_typesupport_c.dir/rosidl_typesupport_c/sensor_interface/srv/send_image__type_support.cpp.o[0m
[ 71%] [32mBuilding CXX object CMakeFiles/sensor_interface__rosidl_typesupport_c.dir/rosidl_typesupport_c/sensor_interface/msg/nums__type_support.cpp.o[0m
[ 74%] [32m[1mLinking CXX shared library libsensor_interface__rosidl_typesupport_c.so[0m
[ 74%] Built target sensor_interface__rosidl_typesupport_c
[ 74%] Built target sensor_interface
[ 76%] [34m[1mGenerating Python code for ROS interfaces[0m
[ 76%] Built target sensor_interface__py
[ 82%] [32mBuilding C object CMakeFiles/sensor_interface__rosidl_generator_py.dir/rosidl_generator_py/sensor_interface/msg/_nums_s.c.o[0m
[ 82%] [32mBuilding C object CMakeFiles/sensor_interface__rosidl_generator_py.dir/rosidl_generator_py/sensor_interface/srv/_send_image_s.c.o[0m
[ 84%] [32m[1mLinking C shared library rosidl_generator_py/sensor_interface/libsensor_interface__rosidl_generator_py.so[0m
[ 84%] Built target sensor_interface__rosidl_generator_py
[ 89%] [32mBuilding C object CMakeFiles/sensor_interface__rosidl_typesupport_fastrtps_c__pyext.dir/rosidl_generator_py/sensor_interface/_sensor_interface_s.ep.rosidl_typesupport_fastrtps_c.c.o[0m
[ 89%] [32mBuilding C object CMakeFiles/sensor_interface__rosidl_typesupport_introspection_c__pyext.dir/rosidl_generator_py/sensor_interface/_sensor_interface_s.ep.rosidl_typesupport_introspection_c.c.o[0m
[ 92%] [32m[1mLinking C shared library rosidl_generator_py/sensor_interface/sensor_interface_s__rosidl_typesupport_fastrtps_c.cpython-310-x86_64-linux-gnu.so[0m
[ 94%] [32m[1mLinking C shared library rosidl_generator_py/sensor_interface/sensor_interface_s__rosidl_typesupport_introspection_c.cpython-310-x86_64-linux-gnu.so[0m
[ 94%] Built target sensor_interface__rosidl_typesupport_fastrtps_c__pyext
[ 94%] Built target sensor_interface__rosidl_typesupport_introspection_c__pyext
[ 97%] [32mBuilding C object CMakeFiles/sensor_interface__rosidl_typesupport_c__pyext.dir/rosidl_generator_py/sensor_interface/_sensor_interface_s.ep.rosidl_typesupport_c.c.o[0m
[100%] [32m[1mLinking C shared library rosidl_generator_py/sensor_interface/sensor_interface_s__rosidl_typesupport_c.cpython-310-x86_64-linux-gnu.so[0m
[100%] Built target sensor_interface__rosidl_typesupport_c__pyext
-- Install configuration: ""
-- Installing: /home/heronsaba/ros2_challenge/ros2_ws/src/install/sensor_interface/share/ament_index/resource_index/rosidl_interfaces/sensor_interface
-- Installing: /home/heronsaba/ros2_challenge/ros2_ws/src/install/sensor_interface/include/sensor_interface/sensor_interface
-- Installing: /home/heronsaba/ros2_challenge/ros2_ws/src/install/sensor_interface/include/sensor_interface/sensor_interface/srv
-- Installing: /home/heronsaba/ros2_challenge/ros2_ws/src/install/sensor_interface/include/sensor_interface/sensor_interface/srv/send_image.h
-- Installing: /home/heronsaba/ros2_challenge/ros2_ws/src/install/sensor_interface/include/sensor_interface/sensor_interface/srv/detail
-- Installing: /home/heronsaba/ros2_challenge/ros2_ws/src/install/sensor_interface/include/sensor_interface/sensor_interface/srv/detail/send_image__type_support.h
-- Installing: /home/heronsaba/ros2_challenge/ros2_ws/src/install/sensor_interface/include/sensor_interface/sensor_interface/srv/detail/send_image__functions.c
-- Installing: /home/heronsaba/ros2_challenge/ros2_ws/src/install/sensor_interface/include/sensor_interface/sensor_interface/srv/detail/send_image__struct.h
-- Installing: /home/heronsaba/ros2_challenge/ros2_ws/src/install/sensor_interface/include/sensor_interface/sensor_interface/srv/detail/send_image__functions.h
-- Installing: /home/heronsaba/ros2_challenge/ros2_ws/src/install/sensor_interface/include/sensor_interface/sensor_interface/msg
-- Installing: /home/heronsaba/ros2_challenge/ros2_ws/src/install/sensor_interface/include/sensor_interface/sensor_interface/msg/rosidl_generator_c__visibility_control.h
-- Installing: /home/heronsaba/ros2_challenge/ros2_ws/src/install/sensor_interface/include/sensor_interface/sensor_interface/msg/detail
-- Installing: /home/heronsaba/ros2_challenge/ros2_ws/src/install/sensor_interface/include/sensor_interface/sensor_interface/msg/detail/nums__functions.h
-- Installing: /home/heronsaba/ros2_challenge/ros2_ws/src/install/sensor_interface/include/sensor_interface/sensor_interface/msg/detail/nums__type_support.h
-- Installing: /home/heronsaba/ros2_challenge/ros2_ws/src/install/sensor_interface/include/sensor_interface/sensor_interface/msg/detail/nums__functions.c
-- Installing: /home/heronsaba/ros2_challenge/ros2_ws/src/install/sensor_interface/include/sensor_interface/sensor_interface/msg/detail/nums__struct.h
-- Installing: /home/heronsaba/ros2_challenge/ros2_ws/src/install/sensor_interface/include/sensor_interface/sensor_interface/msg/nums.h
-- Installing: /home/heronsaba/ros2_challenge/ros2_ws/src/install/sensor_interface/share/sensor_interface/environment/library_path.sh
-- Installing: /home/heronsaba/ros2_challenge/ros2_ws/src/install/sensor_interface/share/sensor_interface/environment/library_path.dsv
-- Installing: /home/heronsaba/ros2_challenge/ros2_ws/src/install/sensor_interface/lib/libsensor_interface__rosidl_generator_c.so
-- Set runtime path of "/home/heronsaba/ros2_challenge/ros2_ws/src/install/sensor_interface/lib/libsensor_interface__rosidl_generator_c.so" to ""
-- Up-to-date: /home/heronsaba/ros2_challenge/ros2_ws/src/install/sensor_interface/include/sensor_interface/sensor_interface
-- Up-to-date: /home/heronsaba/ros2_challenge/ros2_ws/src/install/sensor_interface/include/sensor_interface/sensor_interface/srv
-- Up-to-date: /home/heronsaba/ros2_challenge/ros2_ws/src/install/sensor_interface/include/sensor_interface/sensor_interface/srv/detail
-- Installing: /home/heronsaba/ros2_challenge/ros2_ws/src/install/sensor_interface/include/sensor_interface/sensor_interface/srv/detail/send_image__rosidl_typesupport_fastrtps_c.h
-- Up-to-date: /home/heronsaba/ros2_challenge/ros2_ws/src/install/sensor_interface/include/sensor_interface/sensor_interface/msg
-- Up-to-date: /home/heronsaba/ros2_challenge/ros2_ws/src/install/sensor_interface/include/sensor_interface/sensor_interface/msg/detail
-- Installing: /home/heronsaba/ros2_challenge/ros2_ws/src/install/sensor_interface/include/sensor_interface/sensor_interface/msg/detail/nums__rosidl_typesupport_fastrtps_c.h
-- Installing: /home/heronsaba/ros2_challenge/ros2_ws/src/install/sensor_interface/include/sensor_interface/sensor_interface/msg/rosidl_typesupport_fastrtps_c__visibility_control.h
-- Installing: /home/heronsaba/ros2_challenge/ros2_ws/src/install/sensor_interface/lib/libsensor_interface__rosidl_typesupport_fastrtps_c.so
-- Set runtime path of "/home/heronsaba/ros2_challenge/ros2_ws/src/install/sensor_interface/lib/libsensor_interface__rosidl_typesupport_fastrtps_c.so" to ""
-- Up-to-date: /home/heronsaba/ros2_challenge/ros2_ws/src/install/sensor_interface/include/sensor_interface/sensor_interface
-- Up-to-date: /home/heronsaba/ros2_challenge/ros2_ws/src/install/sensor_interface/include/sensor_interface/sensor_interface/srv
-- Up-to-date: /home/heronsaba/ros2_challenge/ros2_ws/src/install/sensor_interface/include/sensor_interface/sensor_interface/srv/detail
-- Installing: /home/heronsaba/ros2_challenge/ros2_ws/src/install/sensor_interface/include/sensor_interface/sensor_interface/srv/detail/send_image__rosidl_typesupport_introspection_c.h
-- Installing: /home/heronsaba/ros2_challenge/ros2_ws/src/install/sensor_interface/include/sensor_interface/sensor_interface/srv/detail/send_image__type_support.c
-- Up-to-date: /home/heronsaba/ros2_challenge/ros2_ws/src/install/sensor_interface/include/sensor_interface/sensor_interface/msg
-- Installing: /home/heronsaba/ros2_challenge/ros2_ws/src/install/sensor_interface/include/sensor_interface/sensor_interface/msg/rosidl_typesupport_introspection_c__visibility_control.h
-- Up-to-date: /home/heronsaba/ros2_challenge/ros2_ws/src/install/sensor_interface/include/sensor_interface/sensor_interface/msg/detail
-- Installing: /home/heronsaba/ros2_challenge/ros2_ws/src/install/sensor_interface/include/sensor_interface/sensor_interface/msg/detail/nums__type_support.c
-- Installing: /home/heronsaba/ros2_challenge/ros2_ws/src/install/sensor_interface/include/sensor_interface/sensor_interface/msg/detail/nums__rosidl_typesupport_introspection_c.h
-- Installing: /home/heronsaba/ros2_challenge/ros2_ws/src/install/sensor_interface/lib/libsensor_interface__rosidl_typesupport_introspection_c.so
-- Set runtime path of "/home/heronsaba/ros2_challenge/ros2_ws/src/install/sensor_interface/lib/libsensor_interface__rosidl_typesupport_introspection_c.so" to ""
-- Installing: /home/heronsaba/ros2_challenge/ros2_ws/src/install/sensor_interface/lib/libsensor_interface__rosidl_typesupport_c.so
-- Set runtime path of "/home/heronsaba/ros2_challenge/ros2_ws/src/install/sensor_interface/lib/libsensor_interface__rosidl_typesupport_c.so" to ""
-- Up-to-date: /home/heronsaba/ros2_challenge/ros2_ws/src/install/sensor_interface/include/sensor_interface/sensor_interface
-- Up-to-date: /home/heronsaba/ros2_challenge/ros2_ws/src/install/sensor_interface/include/sensor_interface/sensor_interface/srv
-- Up-to-date: /home/heronsaba/ros2_challenge/ros2_ws/src/install/sensor_interface/include/sensor_interface/sensor_interface/srv/detail
-- Installing: /home/heronsaba/ros2_challenge/ros2_ws/src/install/sensor_interface/include/sensor_interface/sensor_interface/srv/detail/send_image__struct.hpp
-- Installing: /home/heronsaba/ros2_challenge/ros2_ws/src/install/sensor_interface/include/sensor_interface/sensor_interface/srv/detail/send_image__builder.hpp
-- Installing: /home/heronsaba/ros2_challenge/ros2_ws/src/install/sensor_interface/include/sensor_interface/sensor_interface/srv/detail/send_image__traits.hpp
-- Installing: /home/heronsaba/ros2_challenge/ros2_ws/src/install/sensor_interface/include/sensor_interface/sensor_interface/srv/send_image.hpp
-- Up-to-date: /home/heronsaba/ros2_challenge/ros2_ws/src/install/sensor_interface/include/sensor_interface/sensor_interface/msg
-- Installing: /home/heronsaba/ros2_challenge/ros2_ws/src/install/sensor_interface/include/sensor_interface/sensor_interface/msg/nums.hpp
-- Up-to-date: /home/heronsaba/ros2_challenge/ros2_ws/src/install/sensor_interface/include/sensor_interface/sensor_interface/msg/detail
-- Installing: /home/heronsaba/ros2_challenge/ros2_ws/src/install/sensor_interface/include/sensor_interface/sensor_interface/msg/detail/nums__builder.hpp
-- Installing: /home/heronsaba/ros2_challenge/ros2_ws/src/install/sensor_interface/include/sensor_interface/sensor_interface/msg/detail/nums__traits.hpp
-- Installing: /home/heronsaba/ros2_challenge/ros2_ws/src/install/sensor_interface/include/sensor_interface/sensor_interface/msg/detail/nums__struct.hpp
-- Up-to-date: /home/heronsaba/ros2_challenge/ros2_ws/src/install/sensor_interface/include/sensor_interface/sensor_interface
-- Up-to-date: /home/heronsaba/ros2_challenge/ros2_ws/src/install/sensor_interface/include/sensor_interface/sensor_interface/srv
-- Up-to-date: /home/heronsaba/ros2_challenge/ros2_ws/src/install/sensor_interface/include/sensor_interface/sensor_interface/srv/detail
-- Installing: /home/heronsaba/ros2_challenge/ros2_ws/src/install/sensor_interface/include/sensor_interface/sensor_interface/srv/detail/dds_fastrtps
-- Installing: /home/heronsaba/ros2_challenge/ros2_ws/src/install/sensor_interface/include/sensor_interface/sensor_interface/srv/detail/send_image__rosidl_typesupport_fastrtps_cpp.hpp
-- Up-to-date: /home/heronsaba/ros2_challenge/ros2_ws/src/install/sensor_interface/include/sensor_interface/sensor_interface/msg
-- Up-to-date: /home/heronsaba/ros2_challenge/ros2_ws/src/install/sensor_interface/include/sensor_interface/sensor_interface/msg/detail
-- Installing: /home/heronsaba/ros2_challenge/ros2_ws/src/install/sensor_interface/include/sensor_interface/sensor_interface/msg/detail/dds_fastrtps
-- Installing: /home/heronsaba/ros2_challenge/ros2_ws/src/install/sensor_interface/include/sensor_interface/sensor_interface/msg/detail/nums__rosidl_typesupport_fastrtps_cpp.hpp
-- Installing: /home/heronsaba/ros2_challenge/ros2_ws/src/install/sensor_interface/include/sensor_interface/sensor_interface/msg/rosidl_typesupport_fastrtps_cpp__visibility_control.h
-- Installing: /home/heronsaba/ros2_challenge/ros2_ws/src/install/sensor_interface/lib/libsensor_interface__rosidl_typesupport_fastrtps_cpp.so
-- Set runtime path of "/home/heronsaba/ros2_challenge/ros2_ws/src/install/sensor_interface/lib/libsensor_interface__rosidl_typesupport_fastrtps_cpp.so" to ""
-- Up-to-date: /home/heronsaba/ros2_challenge/ros2_ws/src/install/sensor_interface/include/sensor_interface/sensor_interface
-- Up-to-date: /home/heronsaba/ros2_challenge/ros2_ws/src/install/sensor_interface/include/sensor_interface/sensor_interface/srv
-- Up-to-date: /home/heronsaba/ros2_challenge/ros2_ws/src/install/sensor_interface/include/sensor_interface/sensor_interface/srv/detail
-- Installing: /home/heronsaba/ros2_challenge/ros2_ws/src/install/sensor_interface/include/sensor_interface/sensor_interface/srv/detail/send_image__rosidl_typesupport_introspection_cpp.hpp
-- Installing: /home/heronsaba/ros2_challenge/ros2_ws/src/install/sensor_interface/include/sensor_interface/sensor_interface/srv/detail/send_image__type_support.cpp
-- Up-to-date: /home/heronsaba/ros2_challenge/ros2_ws/src/install/sensor_interface/include/sensor_interface/sensor_interface/msg
-- Up-to-date: /home/heronsaba/ros2_challenge/ros2_ws/src/install/sensor_interface/include/sensor_interface/sensor_interface/msg/detail
-- Installing: /home/heronsaba/ros2_challenge/ros2_ws/src/install/sensor_interface/include/sensor_interface/sensor_interface/msg/detail/nums__type_support.cpp
-- Installing: /home/heronsaba/ros2_challenge/ros2_ws/src/install/sensor_interface/include/sensor_interface/sensor_interface/msg/detail/nums__rosidl_typesupport_introspection_cpp.hpp
-- Installing: /home/heronsaba/ros2_challenge/ros2_ws/src/install/sensor_interface/lib/libsensor_interface__rosidl_typesupport_introspection_cpp.so
-- Set runtime path of "/home/heronsaba/ros2_challenge/ros2_ws/src/install/sensor_interface/lib/libsensor_interface__rosidl_typesupport_introspection_cpp.so" to ""
-- Installing: /home/heronsaba/ros2_challenge/ros2_ws/src/install/sensor_interface/lib/libsensor_interface__rosidl_typesupport_cpp.so
-- Set runtime path of "/home/heronsaba/ros2_challenge/ros2_ws/src/install/sensor_interface/lib/libsensor_interface__rosidl_typesupport_cpp.so" to ""
-- Installing: /home/heronsaba/ros2_challenge/ros2_ws/src/install/sensor_interface/share/sensor_interface/environment/pythonpath.sh
-- Installing: /home/heronsaba/ros2_challenge/ros2_ws/src/install/sensor_interface/share/sensor_interface/environment/pythonpath.dsv
-- Installing: /home/heronsaba/ros2_challenge/ros2_ws/src/install/sensor_interface/local/lib/python3.10/dist-packages/sensor_interface-0.0.0-py3.10.egg-info
-- Installing: /home/heronsaba/ros2_challenge/ros2_ws/src/install/sensor_interface/local/lib/python3.10/dist-packages/sensor_interface-0.0.0-py3.10.egg-info/PKG-INFO
-- Installing: /home/heronsaba/ros2_challenge/ros2_ws/src/install/sensor_interface/local/lib/python3.10/dist-packages/sensor_interface-0.0.0-py3.10.egg-info/dependency_links.txt
-- Installing: /home/heronsaba/ros2_challenge/ros2_ws/src/install/sensor_interface/local/lib/python3.10/dist-packages/sensor_interface-0.0.0-py3.10.egg-info/SOURCES.txt
-- Installing: /home/heronsaba/ros2_challenge/ros2_ws/src/install/sensor_interface/local/lib/python3.10/dist-packages/sensor_interface-0.0.0-py3.10.egg-info/top_level.txt
-- Installing: /home/heronsaba/ros2_challenge/ros2_ws/src/install/sensor_interface/local/lib/python3.10/dist-packages/sensor_interface
-- Installing: /home/heronsaba/ros2_challenge/ros2_ws/src/install/sensor_interface/local/lib/python3.10/dist-packages/sensor_interface/srv
-- Installing: /home/heronsaba/ros2_challenge/ros2_ws/src/install/sensor_interface/local/lib/python3.10/dist-packages/sensor_interface/srv/_send_image.py
-- Installing: /home/heronsaba/ros2_challenge/ros2_ws/src/install/sensor_interface/local/lib/python3.10/dist-packages/sensor_interface/srv/_send_image_s.c
-- Installing: /home/heronsaba/ros2_challenge/ros2_ws/src/install/sensor_interface/local/lib/python3.10/dist-packages/sensor_interface/srv/__init__.py
-- Installing: /home/heronsaba/ros2_challenge/ros2_ws/src/install/sensor_interface/local/lib/python3.10/dist-packages/sensor_interface/_sensor_interface_s.ep.rosidl_typesupport_introspection_c.c
-- Installing: /home/heronsaba/ros2_challenge/ros2_ws/src/install/sensor_interface/local/lib/python3.10/dist-packages/sensor_interface/msg
-- Installing: /home/heronsaba/ros2_challenge/ros2_ws/src/install/sensor_interface/local/lib/python3.10/dist-packages/sensor_interface/msg/_nums_s.c
-- Installing: /home/heronsaba/ros2_challenge/ros2_ws/src/install/sensor_interface/local/lib/python3.10/dist-packages/sensor_interface/msg/_nums.py
-- Installing: /home/heronsaba/ros2_challenge/ros2_ws/src/install/sensor_interface/local/lib/python3.10/dist-packages/sensor_interface/msg/__init__.py
-- Installing: /home/heronsaba/ros2_challenge/ros2_ws/src/install/sensor_interface/local/lib/python3.10/dist-packages/sensor_interface/_sensor_interface_s.ep.rosidl_typesupport_c.c
-- Installing: /home/heronsaba/ros2_challenge/ros2_ws/src/install/sensor_interface/local/lib/python3.10/dist-packages/sensor_interface/sensor_interface_s__rosidl_typesupport_fastrtps_c.cpython-310-x86_64-linux-gnu.so
-- Installing: /home/heronsaba/ros2_challenge/ros2_ws/src/install/sensor_interface/local/lib/python3.10/dist-packages/sensor_interface/_sensor_interface_s.ep.rosidl_typesupport_fastrtps_c.c
-- Installing: /home/heronsaba/ros2_challenge/ros2_ws/src/install/sensor_interface/local/lib/python3.10/dist-packages/sensor_interface/sensor_interface_s__rosidl_typesupport_c.cpython-310-x86_64-linux-gnu.so
-- Installing: /home/heronsaba/ros2_challenge/ros2_ws/src/install/sensor_interface/local/lib/python3.10/dist-packages/sensor_interface/libsensor_interface__rosidl_generator_py.so
-- Installing: /home/heronsaba/ros2_challenge/ros2_ws/src/install/sensor_interface/local/lib/python3.10/dist-packages/sensor_interface/__init__.py
-- Installing: /home/heronsaba/ros2_challenge/ros2_ws/src/install/sensor_interface/local/lib/python3.10/dist-packages/sensor_interface/sensor_interface_s__rosidl_typesupport_introspection_c.cpython-310-x86_64-linux-gnu.so
Listing '/home/heronsaba/ros2_challenge/ros2_ws/src/install/sensor_interface/local/lib/python3.10/dist-packages/sensor_interface'...
Compiling '/home/heronsaba/ros2_challenge/ros2_ws/src/install/sensor_interface/local/lib/python3.10/dist-packages/sensor_interface/__init__.py'...
Listing '/home/heronsaba/ros2_challenge/ros2_ws/src/install/sensor_interface/local/lib/python3.10/dist-packages/sensor_interface/msg'...
Compiling '/home/heronsaba/ros2_challenge/ros2_ws/src/install/sensor_interface/local/lib/python3.10/dist-packages/sensor_interface/msg/__init__.py'...
Compiling '/home/heronsaba/ros2_challenge/ros2_ws/src/install/sensor_interface/local/lib/python3.10/dist-packages/sensor_interface/msg/_nums.py'...
Listing '/home/heronsaba/ros2_challenge/ros2_ws/src/install/sensor_interface/local/lib/python3.10/dist-packages/sensor_interface/srv'...
Compiling '/home/heronsaba/ros2_challenge/ros2_ws/src/install/sensor_interface/local/lib/python3.10/dist-packages/sensor_interface/srv/__init__.py'...
Compiling '/home/heronsaba/ros2_challenge/ros2_ws/src/install/sensor_interface/local/lib/python3.10/dist-packages/sensor_interface/srv/_send_image.py'...
-- Installing: /home/heronsaba/ros2_challenge/ros2_ws/src/install/sensor_interface/local/lib/python3.10/dist-packages/sensor_interface/sensor_interface_s__rosidl_typesupport_fastrtps_c.cpython-310-x86_64-linux-gnu.so
-- Set runtime path of "/home/heronsaba/ros2_challenge/ros2_ws/src/install/sensor_interface/local/lib/python3.10/dist-packages/sensor_interface/sensor_interface_s__rosidl_typesupport_fastrtps_c.cpython-310-x86_64-linux-gnu.so" to ""
-- Installing: /home/heronsaba/ros2_challenge/ros2_ws/src/install/sensor_interface/local/lib/python3.10/dist-packages/sensor_interface/sensor_interface_s__rosidl_typesupport_introspection_c.cpython-310-x86_64-linux-gnu.so
-- Set runtime path of "/home/heronsaba/ros2_challenge/ros2_ws/src/install/sensor_interface/local/lib/python3.10/dist-packages/sensor_interface/sensor_interface_s__rosidl_typesupport_introspection_c.cpython-310-x86_64-linux-gnu.so" to ""
-- Installing: /home/heronsaba/ros2_challenge/ros2_ws/src/install/sensor_interface/local/lib/python3.10/dist-packages/sensor_interface/sensor_interface_s__rosidl_typesupport_c.cpython-310-x86_64-linux-gnu.so
-- Set runtime path of "/home/heronsaba/ros2_challenge/ros2_ws/src/install/sensor_interface/local/lib/python3.10/dist-packages/sensor_interface/sensor_interface_s__rosidl_typesupport_c.cpython-310-x86_64-linux-gnu.so" to ""
-- Installing: /home/heronsaba/ros2_challenge/ros2_ws/src/install/sensor_interface/lib/libsensor_interface__rosidl_generator_py.so
-- Set runtime path of "/home/heronsaba/ros2_challenge/ros2_ws/src/install/sensor_interface/lib/libsensor_interface__rosidl_generator_py.so" to ""
-- Installing: /home/heronsaba/ros2_challenge/ros2_ws/src/install/sensor_interface/share/sensor_interface/msg/Nums.idl
-- Installing: /home/heronsaba/ros2_challenge/ros2_ws/src/install/sensor_interface/share/sensor_interface/srv/SendImage.idl
-- Installing: /home/heronsaba/ros2_challenge/ros2_ws/src/install/sensor_interface/share/sensor_interface/msg/Nums.msg
-- Installing: /home/heronsaba/ros2_challenge/ros2_ws/src/install/sensor_interface/share/sensor_interface/srv/SendImage.srv
-- Installing: /home/heronsaba/ros2_challenge/ros2_ws/src/install/sensor_interface/share/sensor_interface/srv/SendImage_Request.msg
-- Installing: /home/heronsaba/ros2_challenge/ros2_ws/src/install/sensor_interface/share/sensor_interface/srv/SendImage_Response.msg
-- Installing: /home/heronsaba/ros2_challenge/ros2_ws/src/install/sensor_interface/share/ament_index/resource_index/package_run_dependencies/sensor_interface
-- Installing: /home/heronsaba/ros2_challenge/ros2_ws/src/install/sensor_interface/share/ament_index/resource_index/parent_prefix_path/sensor_interface
-- Installing: /home/heronsaba/ros2_challenge/ros2_ws/src/install/sensor_interface/share/sensor_interface/environment/ament_prefix_path.sh
-- Installing: /home/heronsaba/ros2_challenge/ros2_ws/src/install/sensor_interface/share/sensor_interface/environment/ament_prefix_path.dsv
-- Installing: /home/heronsaba/ros2_challenge/ros2_ws/src/install/sensor_interface/share/sensor_interface/environment/path.sh
-- Installing: /home/heronsaba/ros2_challenge/ros2_ws/src/install/sensor_interface/share/sensor_interface/environment/path.dsv
-- Installing: /home/heronsaba/ros2_challenge/ros2_ws/src/install/sensor_interface/share/sensor_interface/local_setup.bash
-- Installing: /home/heronsaba/ros2_challenge/ros2_ws/src/install/sensor_interface/share/sensor_interface/local_setup.sh
-- Installing: /home/heronsaba/ros2_challenge/ros2_ws/src/install/sensor_interface/share/sensor_interface/local_setup.zsh
-- Installing: /home/heronsaba/ros2_challenge/ros2_ws/src/install/sensor_interface/share/sensor_interface/local_setup.dsv
-- Installing: /home/heronsaba/ros2_challenge/ros2_ws/src/install/sensor_interface/share/sensor_interface/package.dsv
-- Installing: /home/heronsaba/ros2_challenge/ros2_ws/src/install/sensor_interface/share/ament_index/resource_index/packages/sensor_interface
-- Installing: /home/heronsaba/ros2_challenge/ros2_ws/src/install/sensor_interface/share/sensor_interface/cmake/export_sensor_interface__rosidl_generator_cExport.cmake
-- Installing: /home/heronsaba/ros2_challenge/ros2_ws/src/install/sensor_interface/share/sensor_interface/cmake/export_sensor_interface__rosidl_generator_cExport-noconfig.cmake
-- Installing: /home/heronsaba/ros2_challenge/ros2_ws/src/install/sensor_interface/share/sensor_interface/cmake/export_sensor_interface__rosidl_typesupport_fastrtps_cExport.cmake
-- Installing: /home/heronsaba/ros2_challenge/ros2_ws/src/install/sensor_interface/share/sensor_interface/cmake/export_sensor_interface__rosidl_typesupport_fastrtps_cExport-noconfig.cmake
-- Installing: /home/heronsaba/ros2_challenge/ros2_ws/src/install/sensor_interface/share/sensor_interface/cmake/sensor_interface__rosidl_typesupport_introspection_cExport.cmake
-- Installing: /home/heronsaba/ros2_challenge/ros2_ws/src/install/sensor_interface/share/sensor_interface/cmake/sensor_interface__rosidl_typesupport_introspection_cExport-noconfig.cmake
-- Installing: /home/heronsaba/ros2_challenge/ros2_ws/src/install/sensor_interface/share/sensor_interface/cmake/sensor_interface__rosidl_typesupport_cExport.cmake
-- Installing: /home/heronsaba/ros2_challenge/ros2_ws/src/install/sensor_interface/share/sensor_interface/cmake/sensor_interface__rosidl_typesupport_cExport-noconfig.cmake
-- Installing: /home/heronsaba/ros2_challenge/ros2_ws/src/install/sensor_interface/share/sensor_interface/cmake/export_sensor_interface__rosidl_generator_cppExport.cmake
-- Installing: /home/heronsaba/ros2_challenge/ros2_ws/src/install/sensor_interface/share/sensor_interface/cmake/export_sensor_interface__rosidl_typesupport_fastrtps_cppExport.cmake
-- Installing: /home/heronsaba/ros2_challenge/ros2_ws/src/install/sensor_interface/share/sensor_interface/cmake/export_sensor_interface__rosidl_typesupport_fastrtps_cppExport-noconfig.cmake
-- Installing: /home/heronsaba/ros2_challenge/ros2_ws/src/install/sensor_interface/share/sensor_interface/cmake/sensor_interface__rosidl_typesupport_introspection_cppExport.cmake
-- Installing: /home/heronsaba/ros2_challenge/ros2_ws/src/install/sensor_interface/share/sensor_interface/cmake/sensor_interface__rosidl_typesupport_introspection_cppExport-noconfig.cmake
-- Installing: /home/heronsaba/ros2_challenge/ros2_ws/src/install/sensor_interface/share/sensor_interface/cmake/sensor_interface__rosidl_typesupport_cppExport.cmake
-- Installing: /home/heronsaba/ros2_challenge/ros2_ws/src/install/sensor_interface/share/sensor_interface/cmake/sensor_interface__rosidl_typesupport_cppExport-noconfig.cmake
-- Installing: /home/heronsaba/ros2_challenge/ros2_ws/src/install/sensor_interface/share/sensor_interface/cmake/export_sensor_interface__rosidl_generator_pyExport.cmake
-- Installing: /home/heronsaba/ros2_challenge/ros2_ws/src/install/sensor_interface/share/sensor_interface/cmake/export_sensor_interface__rosidl_generator_pyExport-noconfig.cmake
-- Installing: /home/heronsaba/ros2_challenge/ros2_ws/src/install/sensor_interface/share/sensor_interface/cmake/rosidl_cmake-extras.cmake
-- Installing: /home/heronsaba/ros2_challenge/ros2_ws/src/install/sensor_interface/share/sensor_interface/cmake/ament_cmake_export_dependencies-extras.cmake
-- Installing: /home/heronsaba/ros2_challenge/ros2_ws/src/install/sensor_interface/share/sensor_interface/cmake/ament_cmake_export_include_directories-extras.cmake
-- Installing: /home/heronsaba/ros2_challenge/ros2_ws/src/install/sensor_interface/share/sensor_interface/cmake/ament_cmake_export_libraries-extras.cmake
-- Installing: /home/heronsaba/ros2_challenge/ros2_ws/src/install/sensor_interface/share/sensor_interface/cmake/ament_cmake_export_targets-extras.cmake
-- Installing: /home/heronsaba/ros2_challenge/ros2_ws/src/install/sensor_interface/share/sensor_interface/cmake/rosidl_cmake_export_typesupport_targets-extras.cmake
-- Installing: /home/heronsaba/ros2_challenge/ros2_ws/src/install/sensor_interface/share/sensor_interface/cmake/rosidl_cmake_export_typesupport_libraries-extras.cmake
-- Installing: /home/heronsaba/ros2_challenge/ros2_ws/src/install/sensor_interface/share/sensor_interface/cmake/sensor_interfaceConfig.cmake
-- Installing: /home/heronsaba/ros2_challenge/ros2_ws/src/install/sensor_interface/share/sensor_interface/cmake/sensor_interfaceConfig-version.cmake
-- Installing: /home/heronsaba/ros2_challenge/ros2_ws/src/install/sensor_interface/share/sensor_interface/package.xml
