[0.017s] Invoking command in '/home/heronsaba/ros2_challenge/ros2_ws/src/build/sensor_interface': CMAKE_PREFIX_PATH=/opt/ros/humble /usr/bin/cmake /home/heronsaba/ros2_challenge/ros2_ws/src/sensor_interface -DCMAKE_INSTALL_PREFIX=/home/heronsaba/ros2_challenge/ros2_ws/src/install/sensor_interface
[0.087s] -- The C compiler identification is GNU 11.4.0
[0.167s] -- The CXX compiler identification is GNU 11.4.0
[0.177s] -- Detecting C compiler ABI info
[0.275s] -- Detecting C compiler ABI info - done
[0.290s] -- Check for working C compiler: /usr/bin/cc - skipped
[0.291s] -- Detecting C compile features
[0.292s] -- Detecting C compile features - done
[0.297s] -- Detecting CXX compiler ABI info
[0.420s] -- Detecting CXX compiler ABI info - done
[0.429s] -- Check for working CXX compiler: /usr/bin/c++ - skipped
[0.430s] -- Detecting CXX compile features
[0.431s] -- Detecting CXX compile features - done
[0.433s] -- Found ament_cmake: 1.3.8 (/opt/ros/humble/share/ament_cmake/cmake)
[0.608s] -- Found Python3: /usr/bin/python3 (found version "3.10.12") found components: Interpreter 
[0.707s] -- Found rosidl_default_generators: 1.2.0 (/opt/ros/humble/share/rosidl_default_generators/cmake)
[0.710s] -- Using all available rosidl_typesupport_c: rosidl_typesupport_fastrtps_c;rosidl_typesupport_introspection_c
[0.717s] -- Found rosidl_adapter: 3.1.5 (/opt/ros/humble/share/rosidl_adapter/cmake)
[0.769s] -- Using all available rosidl_typesupport_cpp: rosidl_typesupport_fastrtps_cpp;rosidl_typesupport_introspection_cpp
[0.816s] -- Found geometry_msgs: 4.2.3 (/opt/ros/humble/share/geometry_msgs/cmake)
[1.005s] -- Found sensor_msgs: 4.2.3 (/opt/ros/humble/share/sensor_msgs/cmake)
[1.504s] -- Found ament_cmake_cppcheck: 0.12.10 (/opt/ros/humble/share/ament_cmake_cppcheck/cmake)
[1.508s] -- Found ament_cmake_cpplint: 0.12.10 (/opt/ros/humble/share/ament_cmake_cpplint/cmake)
[1.514s] -- Found ament_cmake_uncrustify: 0.12.10 (/opt/ros/humble/share/ament_cmake_uncrustify/cmake)
[1.518s] -- Found ament_cmake_ros: 0.10.0 (/opt/ros/humble/share/ament_cmake_ros/cmake)
[1.896s] -- Using all available rosidl_typesupport_c: rosidl_typesupport_fastrtps_c;rosidl_typesupport_introspection_c
[2.336s] -- Using all available rosidl_typesupport_cpp: rosidl_typesupport_fastrtps_cpp;rosidl_typesupport_introspection_cpp
[2.364s] -- Found PythonInterp: /usr/bin/python3 (found suitable version "3.10.12", minimum required is "3.6") 
[2.366s] -- Found python_cmake_module: 0.10.0 (/opt/ros/humble/share/python_cmake_module/cmake)
[2.397s] -- Found PythonLibs: /usr/lib/x86_64-linux-gnu/libpython3.10.so (found suitable version "3.10.12", minimum required is "3.5") 
[2.398s] -- Using PYTHON_EXECUTABLE: /usr/bin/python3
[2.398s] -- Using PYTHON_INCLUDE_DIRS: /usr/include/python3.10
[2.398s] -- Using PYTHON_LIBRARIES: /usr/lib/x86_64-linux-gnu/libpython3.10.so
[2.422s] -- Found PythonExtra: .so  
[2.513s] -- Found ament_cmake_flake8: 0.12.10 (/opt/ros/humble/share/ament_cmake_flake8/cmake)
[2.516s] -- Found ament_cmake_pep257: 0.12.10 (/opt/ros/humble/share/ament_cmake_pep257/cmake)
[2.519s] -- Found ament_lint_auto: 0.12.10 (/opt/ros/humble/share/ament_lint_auto/cmake)
[2.534s] -- Added test 'lint_cmake' to check CMake code style
[2.534s] -- Added test 'xmllint' to check XML markup files
[2.538s] -- Configuring done
[2.590s] -- Generating done
[2.595s] -- Build files have been written to: /home/heronsaba/ros2_challenge/ros2_ws/src/build/sensor_interface
[2.606s] Invoked command in '/home/heronsaba/ros2_challenge/ros2_ws/src/build/sensor_interface' returned '0': CMAKE_PREFIX_PATH=/opt/ros/humble /usr/bin/cmake /home/heronsaba/ros2_challenge/ros2_ws/src/sensor_interface -DCMAKE_INSTALL_PREFIX=/home/heronsaba/ros2_challenge/ros2_ws/src/install/sensor_interface
[2.608s] Invoking command in '/home/heronsaba/ros2_challenge/ros2_ws/src/build/sensor_interface': CMAKE_PREFIX_PATH=/opt/ros/humble /usr/bin/cmake --build /home/heronsaba/ros2_challenge/ros2_ws/src/build/sensor_interface -- -j2 -l2
[2.659s] [  2%] [34m[1mGenerating C code for ROS interfaces[0m
[2.674s] [  5%] [34m[1mGenerating C++ code for ROS interfaces[0m
[3.114s] [  5%] Built target sensor_interface__cpp
[3.115s] [  7%] [32mBuilding C object CMakeFiles/sensor_interface__rosidl_generator_c.dir/rosidl_generator_c/sensor_interface/msg/detail/nums__functions.c.o[0m
[3.156s] [  7%] Built target ament_cmake_python_copy_sensor_interface
[3.172s] [ 10%] [34m[1mGenerating C++ type support dispatch for ROS interfaces[0m
[3.174s] [ 12%] [32mBuilding C object CMakeFiles/sensor_interface__rosidl_generator_c.dir/rosidl_generator_c/sensor_interface/srv/detail/send_image__functions.c.o[0m
[3.246s] [ 15%] [32m[1mLinking C shared library libsensor_interface__rosidl_generator_c.so[0m
[3.294s] [ 15%] Built target sensor_interface__rosidl_generator_c
[3.308s] [ 17%] [34m[1mGenerating C++ type support for eProsima Fast-RTPS[0m
[3.503s] [ 20%] [32mBuilding CXX object CMakeFiles/sensor_interface__rosidl_typesupport_cpp.dir/rosidl_typesupport_cpp/sensor_interface/msg/nums__type_support.cpp.o[0m
[3.692s] [ 23%] [32mBuilding CXX object CMakeFiles/sensor_interface__rosidl_typesupport_fastrtps_cpp.dir/rosidl_typesupport_fastrtps_cpp/sensor_interface/msg/detail/dds_fastrtps/nums__type_support.cpp.o[0m
[3.863s] [ 25%] [32mBuilding CXX object CMakeFiles/sensor_interface__rosidl_typesupport_cpp.dir/rosidl_typesupport_cpp/sensor_interface/srv/send_image__type_support.cpp.o[0m
[4.151s] [ 28%] [32mBuilding CXX object CMakeFiles/sensor_interface__rosidl_typesupport_fastrtps_cpp.dir/rosidl_typesupport_fastrtps_cpp/sensor_interface/srv/detail/dds_fastrtps/send_image__type_support.cpp.o[0m
[4.200s] [ 30%] [32m[1mLinking CXX shared library libsensor_interface__rosidl_typesupport_cpp.so[0m
[4.264s] [ 30%] Built target sensor_interface__rosidl_typesupport_cpp
[4.279s] [ 33%] [34m[1mGenerating C++ introspection for ROS interfaces[0m
[4.673s] [ 35%] [32m[1mLinking CXX shared library libsensor_interface__rosidl_typesupport_fastrtps_cpp.so[0m
[4.713s] [ 38%] [32mBuilding CXX object CMakeFiles/sensor_interface__rosidl_typesupport_introspection_cpp.dir/rosidl_typesupport_introspection_cpp/sensor_interface/msg/detail/nums__type_support.cpp.o[0m
[4.811s] [ 38%] Built target sensor_interface__rosidl_typesupport_fastrtps_cpp
[5.131s] running egg_info
[5.132s] creating sensor_interface.egg-info
[5.132s] writing sensor_interface.egg-info/PKG-INFO
[5.132s] writing dependency_links to sensor_interface.egg-info/dependency_links.txt
[5.133s] writing top-level names to sensor_interface.egg-info/top_level.txt
[5.133s] writing manifest file 'sensor_interface.egg-info/SOURCES.txt'
[5.135s] reading manifest file 'sensor_interface.egg-info/SOURCES.txt'
[5.136s] writing manifest file 'sensor_interface.egg-info/SOURCES.txt'
[5.178s] [ 38%] Built target ament_cmake_python_build_sensor_interface_egg
[5.193s] [ 41%] [34m[1mGenerating C type support for eProsima Fast-RTPS[0m
[5.209s] [ 43%] [32mBuilding CXX object CMakeFiles/sensor_interface__rosidl_typesupport_introspection_cpp.dir/rosidl_typesupport_introspection_cpp/sensor_interface/srv/detail/send_image__type_support.cpp.o[0m
[5.562s] [ 46%] [32mBuilding CXX object CMakeFiles/sensor_interface__rosidl_typesupport_fastrtps_c.dir/rosidl_typesupport_fastrtps_c/sensor_interface/msg/detail/nums__type_support_c.cpp.o[0m
[5.667s] [ 48%] [32m[1mLinking CXX shared library libsensor_interface__rosidl_typesupport_introspection_cpp.so[0m
[5.756s] [ 48%] Built target sensor_interface__rosidl_typesupport_introspection_cpp
[5.772s] [ 51%] [34m[1mGenerating C introspection for ROS interfaces[0m
[5.960s] [ 53%] [32mBuilding CXX object CMakeFiles/sensor_interface__rosidl_typesupport_fastrtps_c.dir/rosidl_typesupport_fastrtps_c/sensor_interface/srv/detail/send_image__type_support_c.cpp.o[0m
[6.119s] [ 56%] [32mBuilding C object CMakeFiles/sensor_interface__rosidl_typesupport_introspection_c.dir/rosidl_typesupport_introspection_c/sensor_interface/msg/detail/nums__type_support.c.o[0m
[6.166s] [ 58%] [32mBuilding C object CMakeFiles/sensor_interface__rosidl_typesupport_introspection_c.dir/rosidl_typesupport_introspection_c/sensor_interface/srv/detail/send_image__type_support.c.o[0m
[6.218s] [ 61%] [32m[1mLinking C shared library libsensor_interface__rosidl_typesupport_introspection_c.so[0m
[6.263s] [ 61%] Built target sensor_interface__rosidl_typesupport_introspection_c
[6.278s] [ 64%] [34m[1mGenerating C type support dispatch for ROS interfaces[0m
[6.385s] [ 66%] [32m[1mLinking CXX shared library libsensor_interface__rosidl_typesupport_fastrtps_c.so[0m
[6.508s] [ 66%] Built target sensor_interface__rosidl_typesupport_fastrtps_c
[6.582s] [ 71%] [32mBuilding CXX object CMakeFiles/sensor_interface__rosidl_typesupport_c.dir/rosidl_typesupport_c/sensor_interface/srv/send_image__type_support.cpp.o[0m
[6.582s] [ 71%] [32mBuilding CXX object CMakeFiles/sensor_interface__rosidl_typesupport_c.dir/rosidl_typesupport_c/sensor_interface/msg/nums__type_support.cpp.o[0m
[6.623s] [ 74%] [32m[1mLinking CXX shared library libsensor_interface__rosidl_typesupport_c.so[0m
[6.681s] [ 74%] Built target sensor_interface__rosidl_typesupport_c
[6.707s] [ 74%] Built target sensor_interface
[6.733s] [ 76%] [34m[1mGenerating Python code for ROS interfaces[0m
[7.237s] [ 76%] Built target sensor_interface__py
[7.266s] [ 82%] [32mBuilding C object CMakeFiles/sensor_interface__rosidl_generator_py.dir/rosidl_generator_py/sensor_interface/msg/_nums_s.c.o[0m
[7.266s] [ 82%] [32mBuilding C object CMakeFiles/sensor_interface__rosidl_generator_py.dir/rosidl_generator_py/sensor_interface/srv/_send_image_s.c.o[0m
[7.397s] [ 84%] [32m[1mLinking C shared library rosidl_generator_py/sensor_interface/libsensor_interface__rosidl_generator_py.so[0m
[7.449s] [ 84%] Built target sensor_interface__rosidl_generator_py
[7.476s] [ 89%] [32mBuilding C object CMakeFiles/sensor_interface__rosidl_typesupport_fastrtps_c__pyext.dir/rosidl_generator_py/sensor_interface/_sensor_interface_s.ep.rosidl_typesupport_fastrtps_c.c.o[0m
[7.476s] [ 89%] [32mBuilding C object CMakeFiles/sensor_interface__rosidl_typesupport_introspection_c__pyext.dir/rosidl_generator_py/sensor_interface/_sensor_interface_s.ep.rosidl_typesupport_introspection_c.c.o[0m
[7.605s] [ 92%] [32m[1mLinking C shared library rosidl_generator_py/sensor_interface/sensor_interface_s__rosidl_typesupport_fastrtps_c.cpython-310-x86_64-linux-gnu.so[0m
[7.612s] [ 94%] [32m[1mLinking C shared library rosidl_generator_py/sensor_interface/sensor_interface_s__rosidl_typesupport_introspection_c.cpython-310-x86_64-linux-gnu.so[0m
[7.661s] [ 94%] Built target sensor_interface__rosidl_typesupport_fastrtps_c__pyext
[7.682s] [ 94%] Built target sensor_interface__rosidl_typesupport_introspection_c__pyext
[7.691s] [ 97%] [32mBuilding C object CMakeFiles/sensor_interface__rosidl_typesupport_c__pyext.dir/rosidl_generator_py/sensor_interface/_sensor_interface_s.ep.rosidl_typesupport_c.c.o[0m
[7.820s] [100%] [32m[1mLinking C shared library rosidl_generator_py/sensor_interface/sensor_interface_s__rosidl_typesupport_c.cpython-310-x86_64-linux-gnu.so[0m
[7.878s] [100%] Built target sensor_interface__rosidl_typesupport_c__pyext
[7.898s] Invoked command in '/home/heronsaba/ros2_challenge/ros2_ws/src/build/sensor_interface' returned '0': CMAKE_PREFIX_PATH=/opt/ros/humble /usr/bin/cmake --build /home/heronsaba/ros2_challenge/ros2_ws/src/build/sensor_interface -- -j2 -l2
[8.014s] Invoking command in '/home/heronsaba/ros2_challenge/ros2_ws/src/build/sensor_interface': CMAKE_PREFIX_PATH=/opt/ros/humble /usr/bin/cmake --install /home/heronsaba/ros2_challenge/ros2_ws/src/build/sensor_interface
[8.025s] -- Install configuration: ""
[8.026s] -- Installing: /home/heronsaba/ros2_challenge/ros2_ws/src/install/sensor_interface/share/ament_index/resource_index/rosidl_interfaces/sensor_interface
[8.027s] -- Installing: /home/heronsaba/ros2_challenge/ros2_ws/src/install/sensor_interface/include/sensor_interface/sensor_interface
[8.028s] -- Installing: /home/heronsaba/ros2_challenge/ros2_ws/src/install/sensor_interface/include/sensor_interface/sensor_interface/srv
[8.028s] -- Installing: /home/heronsaba/ros2_challenge/ros2_ws/src/install/sensor_interface/include/sensor_interface/sensor_interface/srv/send_image.h
[8.030s] -- Installing: /home/heronsaba/ros2_challenge/ros2_ws/src/install/sensor_interface/include/sensor_interface/sensor_interface/srv/detail
[8.030s] -- Installing: /home/heronsaba/ros2_challenge/ros2_ws/src/install/sensor_interface/include/sensor_interface/sensor_interface/srv/detail/send_image__type_support.h
[8.032s] -- Installing: /home/heronsaba/ros2_challenge/ros2_ws/src/install/sensor_interface/include/sensor_interface/sensor_interface/srv/detail/send_image__functions.c
[8.034s] -- Installing: /home/heronsaba/ros2_challenge/ros2_ws/src/install/sensor_interface/include/sensor_interface/sensor_interface/srv/detail/send_image__struct.h
[8.035s] -- Installing: /home/heronsaba/ros2_challenge/ros2_ws/src/install/sensor_interface/include/sensor_interface/sensor_interface/srv/detail/send_image__functions.h
[8.036s] -- Installing: /home/heronsaba/ros2_challenge/ros2_ws/src/install/sensor_interface/include/sensor_interface/sensor_interface/msg
[8.036s] -- Installing: /home/heronsaba/ros2_challenge/ros2_ws/src/install/sensor_interface/include/sensor_interface/sensor_interface/msg/rosidl_generator_c__visibility_control.h
[8.036s] -- Installing: /home/heronsaba/ros2_challenge/ros2_ws/src/install/sensor_interface/include/sensor_interface/sensor_interface/msg/detail
[8.037s] -- Installing: /home/heronsaba/ros2_challenge/ros2_ws/src/install/sensor_interface/include/sensor_interface/sensor_interface/msg/detail/nums__functions.h
[8.038s] -- Installing: /home/heronsaba/ros2_challenge/ros2_ws/src/install/sensor_interface/include/sensor_interface/sensor_interface/msg/detail/nums__type_support.h
[8.038s] -- Installing: /home/heronsaba/ros2_challenge/ros2_ws/src/install/sensor_interface/include/sensor_interface/sensor_interface/msg/detail/nums__functions.c
[8.038s] -- Installing: /home/heronsaba/ros2_challenge/ros2_ws/src/install/sensor_interface/include/sensor_interface/sensor_interface/msg/detail/nums__struct.h
[8.046s] -- Installing: /home/heronsaba/ros2_challenge/ros2_ws/src/install/sensor_interface/include/sensor_interface/sensor_interface/msg/nums.h
[8.046s] -- Installing: /home/heronsaba/ros2_challenge/ros2_ws/src/install/sensor_interface/share/sensor_interface/environment/library_path.sh
[8.047s] -- Installing: /home/heronsaba/ros2_challenge/ros2_ws/src/install/sensor_interface/share/sensor_interface/environment/library_path.dsv
[8.047s] -- Installing: /home/heronsaba/ros2_challenge/ros2_ws/src/install/sensor_interface/lib/libsensor_interface__rosidl_generator_c.so
[8.047s] -- Set runtime path of "/home/heronsaba/ros2_challenge/ros2_ws/src/install/sensor_interface/lib/libsensor_interface__rosidl_generator_c.so" to ""
[8.047s] -- Up-to-date: /home/heronsaba/ros2_challenge/ros2_ws/src/install/sensor_interface/include/sensor_interface/sensor_interface
[8.047s] -- Up-to-date: /home/heronsaba/ros2_challenge/ros2_ws/src/install/sensor_interface/include/sensor_interface/sensor_interface/srv
[8.047s] -- Up-to-date: /home/heronsaba/ros2_challenge/ros2_ws/src/install/sensor_interface/include/sensor_interface/sensor_interface/srv/detail
[8.047s] -- Installing: /home/heronsaba/ros2_challenge/ros2_ws/src/install/sensor_interface/include/sensor_interface/sensor_interface/srv/detail/send_image__rosidl_typesupport_fastrtps_c.h
[8.048s] -- Up-to-date: /home/heronsaba/ros2_challenge/ros2_ws/src/install/sensor_interface/include/sensor_interface/sensor_interface/msg
[8.048s] -- Up-to-date: /home/heronsaba/ros2_challenge/ros2_ws/src/install/sensor_interface/include/sensor_interface/sensor_interface/msg/detail
[8.048s] -- Installing: /home/heronsaba/ros2_challenge/ros2_ws/src/install/sensor_interface/include/sensor_interface/sensor_interface/msg/detail/nums__rosidl_typesupport_fastrtps_c.h
[8.048s] -- Installing: /home/heronsaba/ros2_challenge/ros2_ws/src/install/sensor_interface/include/sensor_interface/sensor_interface/msg/rosidl_typesupport_fastrtps_c__visibility_control.h
[8.048s] -- Installing: /home/heronsaba/ros2_challenge/ros2_ws/src/install/sensor_interface/lib/libsensor_interface__rosidl_typesupport_fastrtps_c.so
[8.049s] -- Set runtime path of "/home/heronsaba/ros2_challenge/ros2_ws/src/install/sensor_interface/lib/libsensor_interface__rosidl_typesupport_fastrtps_c.so" to ""
[8.050s] -- Up-to-date: /home/heronsaba/ros2_challenge/ros2_ws/src/install/sensor_interface/include/sensor_interface/sensor_interface
[8.050s] -- Up-to-date: /home/heronsaba/ros2_challenge/ros2_ws/src/install/sensor_interface/include/sensor_interface/sensor_interface/srv
[8.051s] -- Up-to-date: /home/heronsaba/ros2_challenge/ros2_ws/src/install/sensor_interface/include/sensor_interface/sensor_interface/srv/detail
[8.051s] -- Installing: /home/heronsaba/ros2_challenge/ros2_ws/src/install/sensor_interface/include/sensor_interface/sensor_interface/srv/detail/send_image__rosidl_typesupport_introspection_c.h
[8.052s] -- Installing: /home/heronsaba/ros2_challenge/ros2_ws/src/install/sensor_interface/include/sensor_interface/sensor_interface/srv/detail/send_image__type_support.c
[8.052s] -- Up-to-date: /home/heronsaba/ros2_challenge/ros2_ws/src/install/sensor_interface/include/sensor_interface/sensor_interface/msg
[8.052s] -- Installing: /home/heronsaba/ros2_challenge/ros2_ws/src/install/sensor_interface/include/sensor_interface/sensor_interface/msg/rosidl_typesupport_introspection_c__visibility_control.h
[8.053s] -- Up-to-date: /home/heronsaba/ros2_challenge/ros2_ws/src/install/sensor_interface/include/sensor_interface/sensor_interface/msg/detail
[8.053s] -- Installing: /home/heronsaba/ros2_challenge/ros2_ws/src/install/sensor_interface/include/sensor_interface/sensor_interface/msg/detail/nums__type_support.c
[8.060s] -- Installing: /home/heronsaba/ros2_challenge/ros2_ws/src/install/sensor_interface/include/sensor_interface/sensor_interface/msg/detail/nums__rosidl_typesupport_introspection_c.h
[8.060s] -- Installing: /home/heronsaba/ros2_challenge/ros2_ws/src/install/sensor_interface/lib/libsensor_interface__rosidl_typesupport_introspection_c.so
[8.060s] -- Set runtime path of "/home/heronsaba/ros2_challenge/ros2_ws/src/install/sensor_interface/lib/libsensor_interface__rosidl_typesupport_introspection_c.so" to ""
[8.060s] -- Installing: /home/heronsaba/ros2_challenge/ros2_ws/src/install/sensor_interface/lib/libsensor_interface__rosidl_typesupport_c.so
[8.060s] -- Set runtime path of "/home/heronsaba/ros2_challenge/ros2_ws/src/install/sensor_interface/lib/libsensor_interface__rosidl_typesupport_c.so" to ""
[8.060s] -- Up-to-date: /home/heronsaba/ros2_challenge/ros2_ws/src/install/sensor_interface/include/sensor_interface/sensor_interface
[8.060s] -- Up-to-date: /home/heronsaba/ros2_challenge/ros2_ws/src/install/sensor_interface/include/sensor_interface/sensor_interface/srv
[8.060s] -- Up-to-date: /home/heronsaba/ros2_challenge/ros2_ws/src/install/sensor_interface/include/sensor_interface/sensor_interface/srv/detail
[8.060s] -- Installing: /home/heronsaba/ros2_challenge/ros2_ws/src/install/sensor_interface/include/sensor_interface/sensor_interface/srv/detail/send_image__struct.hpp
[8.060s] -- Installing: /home/heronsaba/ros2_challenge/ros2_ws/src/install/sensor_interface/include/sensor_interface/sensor_interface/srv/detail/send_image__builder.hpp
[8.060s] -- Installing: /home/heronsaba/ros2_challenge/ros2_ws/src/install/sensor_interface/include/sensor_interface/sensor_interface/srv/detail/send_image__traits.hpp
[8.061s] -- Installing: /home/heronsaba/ros2_challenge/ros2_ws/src/install/sensor_interface/include/sensor_interface/sensor_interface/srv/send_image.hpp
[8.061s] -- Up-to-date: /home/heronsaba/ros2_challenge/ros2_ws/src/install/sensor_interface/include/sensor_interface/sensor_interface/msg
[8.061s] -- Installing: /home/heronsaba/ros2_challenge/ros2_ws/src/install/sensor_interface/include/sensor_interface/sensor_interface/msg/nums.hpp
[8.061s] -- Up-to-date: /home/heronsaba/ros2_challenge/ros2_ws/src/install/sensor_interface/include/sensor_interface/sensor_interface/msg/detail
[8.061s] -- Installing: /home/heronsaba/ros2_challenge/ros2_ws/src/install/sensor_interface/include/sensor_interface/sensor_interface/msg/detail/nums__builder.hpp
[8.061s] -- Installing: /home/heronsaba/ros2_challenge/ros2_ws/src/install/sensor_interface/include/sensor_interface/sensor_interface/msg/detail/nums__traits.hpp
[8.061s] -- Installing: /home/heronsaba/ros2_challenge/ros2_ws/src/install/sensor_interface/include/sensor_interface/sensor_interface/msg/detail/nums__struct.hpp
[8.061s] -- Up-to-date: /home/heronsaba/ros2_challenge/ros2_ws/src/install/sensor_interface/include/sensor_interface/sensor_interface
[8.061s] -- Up-to-date: /home/heronsaba/ros2_challenge/ros2_ws/src/install/sensor_interface/include/sensor_interface/sensor_interface/srv
[8.061s] -- Up-to-date: /home/heronsaba/ros2_challenge/ros2_ws/src/install/sensor_interface/include/sensor_interface/sensor_interface/srv/detail
[8.061s] -- Installing: /home/heronsaba/ros2_challenge/ros2_ws/src/install/sensor_interface/include/sensor_interface/sensor_interface/srv/detail/dds_fastrtps
[8.061s] -- Installing: /home/heronsaba/ros2_challenge/ros2_ws/src/install/sensor_interface/include/sensor_interface/sensor_interface/srv/detail/send_image__rosidl_typesupport_fastrtps_cpp.hpp
[8.061s] -- Up-to-date: /home/heronsaba/ros2_challenge/ros2_ws/src/install/sensor_interface/include/sensor_interface/sensor_interface/msg
[8.061s] -- Up-to-date: /home/heronsaba/ros2_challenge/ros2_ws/src/install/sensor_interface/include/sensor_interface/sensor_interface/msg/detail
[8.062s] -- Installing: /home/heronsaba/ros2_challenge/ros2_ws/src/install/sensor_interface/include/sensor_interface/sensor_interface/msg/detail/dds_fastrtps
[8.062s] -- Installing: /home/heronsaba/ros2_challenge/ros2_ws/src/install/sensor_interface/include/sensor_interface/sensor_interface/msg/detail/nums__rosidl_typesupport_fastrtps_cpp.hpp
[8.062s] -- Installing: /home/heronsaba/ros2_challenge/ros2_ws/src/install/sensor_interface/include/sensor_interface/sensor_interface/msg/rosidl_typesupport_fastrtps_cpp__visibility_control.h
[8.062s] -- Installing: /home/heronsaba/ros2_challenge/ros2_ws/src/install/sensor_interface/lib/libsensor_interface__rosidl_typesupport_fastrtps_cpp.so
[8.062s] -- Set runtime path of "/home/heronsaba/ros2_challenge/ros2_ws/src/install/sensor_interface/lib/libsensor_interface__rosidl_typesupport_fastrtps_cpp.so" to ""
[8.062s] -- Up-to-date: /home/heronsaba/ros2_challenge/ros2_ws/src/install/sensor_interface/include/sensor_interface/sensor_interface
[8.062s] -- Up-to-date: /home/heronsaba/ros2_challenge/ros2_ws/src/install/sensor_interface/include/sensor_interface/sensor_interface/srv
[8.062s] -- Up-to-date: /home/heronsaba/ros2_challenge/ros2_ws/src/install/sensor_interface/include/sensor_interface/sensor_interface/srv/detail
[8.062s] -- Installing: /home/heronsaba/ros2_challenge/ros2_ws/src/install/sensor_interface/include/sensor_interface/sensor_interface/srv/detail/send_image__rosidl_typesupport_introspection_cpp.hpp
[8.062s] -- Installing: /home/heronsaba/ros2_challenge/ros2_ws/src/install/sensor_interface/include/sensor_interface/sensor_interface/srv/detail/send_image__type_support.cpp
[8.062s] -- Up-to-date: /home/heronsaba/ros2_challenge/ros2_ws/src/install/sensor_interface/include/sensor_interface/sensor_interface/msg
[8.062s] -- Up-to-date: /home/heronsaba/ros2_challenge/ros2_ws/src/install/sensor_interface/include/sensor_interface/sensor_interface/msg/detail
[8.063s] -- Installing: /home/heronsaba/ros2_challenge/ros2_ws/src/install/sensor_interface/include/sensor_interface/sensor_interface/msg/detail/nums__type_support.cpp
[8.063s] -- Installing: /home/heronsaba/ros2_challenge/ros2_ws/src/install/sensor_interface/include/sensor_interface/sensor_interface/msg/detail/nums__rosidl_typesupport_introspection_cpp.hpp
[8.063s] -- Installing: /home/heronsaba/ros2_challenge/ros2_ws/src/install/sensor_interface/lib/libsensor_interface__rosidl_typesupport_introspection_cpp.so
[8.063s] -- Set runtime path of "/home/heronsaba/ros2_challenge/ros2_ws/src/install/sensor_interface/lib/libsensor_interface__rosidl_typesupport_introspection_cpp.so" to ""
[8.063s] -- Installing: /home/heronsaba/ros2_challenge/ros2_ws/src/install/sensor_interface/lib/libsensor_interface__rosidl_typesupport_cpp.so
[8.063s] -- Set runtime path of "/home/heronsaba/ros2_challenge/ros2_ws/src/install/sensor_interface/lib/libsensor_interface__rosidl_typesupport_cpp.so" to ""
[8.063s] -- Installing: /home/heronsaba/ros2_challenge/ros2_ws/src/install/sensor_interface/share/sensor_interface/environment/pythonpath.sh
[8.063s] -- Installing: /home/heronsaba/ros2_challenge/ros2_ws/src/install/sensor_interface/share/sensor_interface/environment/pythonpath.dsv
[8.063s] -- Installing: /home/heronsaba/ros2_challenge/ros2_ws/src/install/sensor_interface/local/lib/python3.10/dist-packages/sensor_interface-0.0.0-py3.10.egg-info
[8.063s] -- Installing: /home/heronsaba/ros2_challenge/ros2_ws/src/install/sensor_interface/local/lib/python3.10/dist-packages/sensor_interface-0.0.0-py3.10.egg-info/PKG-INFO
[8.063s] -- Installing: /home/heronsaba/ros2_challenge/ros2_ws/src/install/sensor_interface/local/lib/python3.10/dist-packages/sensor_interface-0.0.0-py3.10.egg-info/dependency_links.txt
[8.063s] -- Installing: /home/heronsaba/ros2_challenge/ros2_ws/src/install/sensor_interface/local/lib/python3.10/dist-packages/sensor_interface-0.0.0-py3.10.egg-info/SOURCES.txt
[8.063s] -- Installing: /home/heronsaba/ros2_challenge/ros2_ws/src/install/sensor_interface/local/lib/python3.10/dist-packages/sensor_interface-0.0.0-py3.10.egg-info/top_level.txt
[8.064s] -- Installing: /home/heronsaba/ros2_challenge/ros2_ws/src/install/sensor_interface/local/lib/python3.10/dist-packages/sensor_interface
[8.064s] -- Installing: /home/heronsaba/ros2_challenge/ros2_ws/src/install/sensor_interface/local/lib/python3.10/dist-packages/sensor_interface/srv
[8.064s] -- Installing: /home/heronsaba/ros2_challenge/ros2_ws/src/install/sensor_interface/local/lib/python3.10/dist-packages/sensor_interface/srv/_send_image.py
[8.064s] -- Installing: /home/heronsaba/ros2_challenge/ros2_ws/src/install/sensor_interface/local/lib/python3.10/dist-packages/sensor_interface/srv/_send_image_s.c
[8.064s] -- Installing: /home/heronsaba/ros2_challenge/ros2_ws/src/install/sensor_interface/local/lib/python3.10/dist-packages/sensor_interface/srv/__init__.py
[8.064s] -- Installing: /home/heronsaba/ros2_challenge/ros2_ws/src/install/sensor_interface/local/lib/python3.10/dist-packages/sensor_interface/_sensor_interface_s.ep.rosidl_typesupport_introspection_c.c
[8.064s] -- Installing: /home/heronsaba/ros2_challenge/ros2_ws/src/install/sensor_interface/local/lib/python3.10/dist-packages/sensor_interface/msg
[8.064s] -- Installing: /home/heronsaba/ros2_challenge/ros2_ws/src/install/sensor_interface/local/lib/python3.10/dist-packages/sensor_interface/msg/_nums_s.c
[8.064s] -- Installing: /home/heronsaba/ros2_challenge/ros2_ws/src/install/sensor_interface/local/lib/python3.10/dist-packages/sensor_interface/msg/_nums.py
[8.064s] -- Installing: /home/heronsaba/ros2_challenge/ros2_ws/src/install/sensor_interface/local/lib/python3.10/dist-packages/sensor_interface/msg/__init__.py
[8.064s] -- Installing: /home/heronsaba/ros2_challenge/ros2_ws/src/install/sensor_interface/local/lib/python3.10/dist-packages/sensor_interface/_sensor_interface_s.ep.rosidl_typesupport_c.c
[8.064s] -- Installing: /home/heronsaba/ros2_challenge/ros2_ws/src/install/sensor_interface/local/lib/python3.10/dist-packages/sensor_interface/sensor_interface_s__rosidl_typesupport_fastrtps_c.cpython-310-x86_64-linux-gnu.so
[8.064s] -- Installing: /home/heronsaba/ros2_challenge/ros2_ws/src/install/sensor_interface/local/lib/python3.10/dist-packages/sensor_interface/_sensor_interface_s.ep.rosidl_typesupport_fastrtps_c.c
[8.064s] -- Installing: /home/heronsaba/ros2_challenge/ros2_ws/src/install/sensor_interface/local/lib/python3.10/dist-packages/sensor_interface/sensor_interface_s__rosidl_typesupport_c.cpython-310-x86_64-linux-gnu.so
[8.065s] -- Installing: /home/heronsaba/ros2_challenge/ros2_ws/src/install/sensor_interface/local/lib/python3.10/dist-packages/sensor_interface/libsensor_interface__rosidl_generator_py.so
[8.065s] -- Installing: /home/heronsaba/ros2_challenge/ros2_ws/src/install/sensor_interface/local/lib/python3.10/dist-packages/sensor_interface/__init__.py
[8.065s] -- Installing: /home/heronsaba/ros2_challenge/ros2_ws/src/install/sensor_interface/local/lib/python3.10/dist-packages/sensor_interface/sensor_interface_s__rosidl_typesupport_introspection_c.cpython-310-x86_64-linux-gnu.so
[8.095s] Listing '/home/heronsaba/ros2_challenge/ros2_ws/src/install/sensor_interface/local/lib/python3.10/dist-packages/sensor_interface'...
[8.095s] Compiling '/home/heronsaba/ros2_challenge/ros2_ws/src/install/sensor_interface/local/lib/python3.10/dist-packages/sensor_interface/__init__.py'...
[8.095s] Listing '/home/heronsaba/ros2_challenge/ros2_ws/src/install/sensor_interface/local/lib/python3.10/dist-packages/sensor_interface/msg'...
[8.095s] Compiling '/home/heronsaba/ros2_challenge/ros2_ws/src/install/sensor_interface/local/lib/python3.10/dist-packages/sensor_interface/msg/__init__.py'...
[8.095s] Compiling '/home/heronsaba/ros2_challenge/ros2_ws/src/install/sensor_interface/local/lib/python3.10/dist-packages/sensor_interface/msg/_nums.py'...
[8.095s] Listing '/home/heronsaba/ros2_challenge/ros2_ws/src/install/sensor_interface/local/lib/python3.10/dist-packages/sensor_interface/srv'...
[8.095s] Compiling '/home/heronsaba/ros2_challenge/ros2_ws/src/install/sensor_interface/local/lib/python3.10/dist-packages/sensor_interface/srv/__init__.py'...
[8.095s] Compiling '/home/heronsaba/ros2_challenge/ros2_ws/src/install/sensor_interface/local/lib/python3.10/dist-packages/sensor_interface/srv/_send_image.py'...
[8.100s] -- Installing: /home/heronsaba/ros2_challenge/ros2_ws/src/install/sensor_interface/local/lib/python3.10/dist-packages/sensor_interface/sensor_interface_s__rosidl_typesupport_fastrtps_c.cpython-310-x86_64-linux-gnu.so
[8.100s] -- Set runtime path of "/home/heronsaba/ros2_challenge/ros2_ws/src/install/sensor_interface/local/lib/python3.10/dist-packages/sensor_interface/sensor_interface_s__rosidl_typesupport_fastrtps_c.cpython-310-x86_64-linux-gnu.so" to ""
[8.101s] -- Installing: /home/heronsaba/ros2_challenge/ros2_ws/src/install/sensor_interface/local/lib/python3.10/dist-packages/sensor_interface/sensor_interface_s__rosidl_typesupport_introspection_c.cpython-310-x86_64-linux-gnu.so
[8.101s] -- Set runtime path of "/home/heronsaba/ros2_challenge/ros2_ws/src/install/sensor_interface/local/lib/python3.10/dist-packages/sensor_interface/sensor_interface_s__rosidl_typesupport_introspection_c.cpython-310-x86_64-linux-gnu.so" to ""
[8.101s] -- Installing: /home/heronsaba/ros2_challenge/ros2_ws/src/install/sensor_interface/local/lib/python3.10/dist-packages/sensor_interface/sensor_interface_s__rosidl_typesupport_c.cpython-310-x86_64-linux-gnu.so
[8.105s] -- Set runtime path of "/home/heronsaba/ros2_challenge/ros2_ws/src/install/sensor_interface/local/lib/python3.10/dist-packages/sensor_interface/sensor_interface_s__rosidl_typesupport_c.cpython-310-x86_64-linux-gnu.so" to ""
[8.109s] -- Installing: /home/heronsaba/ros2_challenge/ros2_ws/src/install/sensor_interface/lib/libsensor_interface__rosidl_generator_py.so
[8.110s] -- Set runtime path of "/home/heronsaba/ros2_challenge/ros2_ws/src/install/sensor_interface/lib/libsensor_interface__rosidl_generator_py.so" to ""
[8.110s] -- Installing: /home/heronsaba/ros2_challenge/ros2_ws/src/install/sensor_interface/share/sensor_interface/msg/Nums.idl
[8.111s] -- Installing: /home/heronsaba/ros2_challenge/ros2_ws/src/install/sensor_interface/share/sensor_interface/srv/SendImage.idl
[8.111s] -- Installing: /home/heronsaba/ros2_challenge/ros2_ws/src/install/sensor_interface/share/sensor_interface/msg/Nums.msg
[8.111s] -- Installing: /home/heronsaba/ros2_challenge/ros2_ws/src/install/sensor_interface/share/sensor_interface/srv/SendImage.srv
[8.111s] -- Installing: /home/heronsaba/ros2_challenge/ros2_ws/src/install/sensor_interface/share/sensor_interface/srv/SendImage_Request.msg
[8.112s] -- Installing: /home/heronsaba/ros2_challenge/ros2_ws/src/install/sensor_interface/share/sensor_interface/srv/SendImage_Response.msg
[8.112s] -- Installing: /home/heronsaba/ros2_challenge/ros2_ws/src/install/sensor_interface/share/ament_index/resource_index/package_run_dependencies/sensor_interface
[8.113s] -- Installing: /home/heronsaba/ros2_challenge/ros2_ws/src/install/sensor_interface/share/ament_index/resource_index/parent_prefix_path/sensor_interface
[8.113s] -- Installing: /home/heronsaba/ros2_challenge/ros2_ws/src/install/sensor_interface/share/sensor_interface/environment/ament_prefix_path.sh
[8.113s] -- Installing: /home/heronsaba/ros2_challenge/ros2_ws/src/install/sensor_interface/share/sensor_interface/environment/ament_prefix_path.dsv
[8.113s] -- Installing: /home/heronsaba/ros2_challenge/ros2_ws/src/install/sensor_interface/share/sensor_interface/environment/path.sh
[8.114s] -- Installing: /home/heronsaba/ros2_challenge/ros2_ws/src/install/sensor_interface/share/sensor_interface/environment/path.dsv
[8.114s] -- Installing: /home/heronsaba/ros2_challenge/ros2_ws/src/install/sensor_interface/share/sensor_interface/local_setup.bash
[8.114s] -- Installing: /home/heronsaba/ros2_challenge/ros2_ws/src/install/sensor_interface/share/sensor_interface/local_setup.sh
[8.114s] -- Installing: /home/heronsaba/ros2_challenge/ros2_ws/src/install/sensor_interface/share/sensor_interface/local_setup.zsh
[8.114s] -- Installing: /home/heronsaba/ros2_challenge/ros2_ws/src/install/sensor_interface/share/sensor_interface/local_setup.dsv
[8.114s] -- Installing: /home/heronsaba/ros2_challenge/ros2_ws/src/install/sensor_interface/share/sensor_interface/package.dsv
[8.114s] -- Installing: /home/heronsaba/ros2_challenge/ros2_ws/src/install/sensor_interface/share/ament_index/resource_index/packages/sensor_interface
[8.114s] -- Installing: /home/heronsaba/ros2_challenge/ros2_ws/src/install/sensor_interface/share/sensor_interface/cmake/export_sensor_interface__rosidl_generator_cExport.cmake
[8.114s] -- Installing: /home/heronsaba/ros2_challenge/ros2_ws/src/install/sensor_interface/share/sensor_interface/cmake/export_sensor_interface__rosidl_generator_cExport-noconfig.cmake
[8.114s] -- Installing: /home/heronsaba/ros2_challenge/ros2_ws/src/install/sensor_interface/share/sensor_interface/cmake/export_sensor_interface__rosidl_typesupport_fastrtps_cExport.cmake
[8.114s] -- Installing: /home/heronsaba/ros2_challenge/ros2_ws/src/install/sensor_interface/share/sensor_interface/cmake/export_sensor_interface__rosidl_typesupport_fastrtps_cExport-noconfig.cmake
[8.114s] -- Installing: /home/heronsaba/ros2_challenge/ros2_ws/src/install/sensor_interface/share/sensor_interface/cmake/sensor_interface__rosidl_typesupport_introspection_cExport.cmake
[8.114s] -- Installing: /home/heronsaba/ros2_challenge/ros2_ws/src/install/sensor_interface/share/sensor_interface/cmake/sensor_interface__rosidl_typesupport_introspection_cExport-noconfig.cmake
[8.115s] -- Installing: /home/heronsaba/ros2_challenge/ros2_ws/src/install/sensor_interface/share/sensor_interface/cmake/sensor_interface__rosidl_typesupport_cExport.cmake
[8.115s] -- Installing: /home/heronsaba/ros2_challenge/ros2_ws/src/install/sensor_interface/share/sensor_interface/cmake/sensor_interface__rosidl_typesupport_cExport-noconfig.cmake
[8.115s] -- Installing: /home/heronsaba/ros2_challenge/ros2_ws/src/install/sensor_interface/share/sensor_interface/cmake/export_sensor_interface__rosidl_generator_cppExport.cmake
[8.115s] -- Installing: /home/heronsaba/ros2_challenge/ros2_ws/src/install/sensor_interface/share/sensor_interface/cmake/export_sensor_interface__rosidl_typesupport_fastrtps_cppExport.cmake
[8.115s] -- Installing: /home/heronsaba/ros2_challenge/ros2_ws/src/install/sensor_interface/share/sensor_interface/cmake/export_sensor_interface__rosidl_typesupport_fastrtps_cppExport-noconfig.cmake
[8.115s] -- Installing: /home/heronsaba/ros2_challenge/ros2_ws/src/install/sensor_interface/share/sensor_interface/cmake/sensor_interface__rosidl_typesupport_introspection_cppExport.cmake
[8.115s] -- Installing: /home/heronsaba/ros2_challenge/ros2_ws/src/install/sensor_interface/share/sensor_interface/cmake/sensor_interface__rosidl_typesupport_introspection_cppExport-noconfig.cmake
[8.115s] -- Installing: /home/heronsaba/ros2_challenge/ros2_ws/src/install/sensor_interface/share/sensor_interface/cmake/sensor_interface__rosidl_typesupport_cppExport.cmake
[8.115s] -- Installing: /home/heronsaba/ros2_challenge/ros2_ws/src/install/sensor_interface/share/sensor_interface/cmake/sensor_interface__rosidl_typesupport_cppExport-noconfig.cmake
[8.115s] -- Installing: /home/heronsaba/ros2_challenge/ros2_ws/src/install/sensor_interface/share/sensor_interface/cmake/export_sensor_interface__rosidl_generator_pyExport.cmake
[8.115s] -- Installing: /home/heronsaba/ros2_challenge/ros2_ws/src/install/sensor_interface/share/sensor_interface/cmake/export_sensor_interface__rosidl_generator_pyExport-noconfig.cmake
[8.115s] -- Installing: /home/heronsaba/ros2_challenge/ros2_ws/src/install/sensor_interface/share/sensor_interface/cmake/rosidl_cmake-extras.cmake
[8.115s] -- Installing: /home/heronsaba/ros2_challenge/ros2_ws/src/install/sensor_interface/share/sensor_interface/cmake/ament_cmake_export_dependencies-extras.cmake
[8.116s] -- Installing: /home/heronsaba/ros2_challenge/ros2_ws/src/install/sensor_interface/share/sensor_interface/cmake/ament_cmake_export_include_directories-extras.cmake
[8.116s] -- Installing: /home/heronsaba/ros2_challenge/ros2_ws/src/install/sensor_interface/share/sensor_interface/cmake/ament_cmake_export_libraries-extras.cmake
[8.116s] -- Installing: /home/heronsaba/ros2_challenge/ros2_ws/src/install/sensor_interface/share/sensor_interface/cmake/ament_cmake_export_targets-extras.cmake
[8.116s] -- Installing: /home/heronsaba/ros2_challenge/ros2_ws/src/install/sensor_interface/share/sensor_interface/cmake/rosidl_cmake_export_typesupport_targets-extras.cmake
[8.116s] -- Installing: /home/heronsaba/ros2_challenge/ros2_ws/src/install/sensor_interface/share/sensor_interface/cmake/rosidl_cmake_export_typesupport_libraries-extras.cmake
[8.116s] -- Installing: /home/heronsaba/ros2_challenge/ros2_ws/src/install/sensor_interface/share/sensor_interface/cmake/sensor_interfaceConfig.cmake
[8.117s] -- Installing: /home/heronsaba/ros2_challenge/ros2_ws/src/install/sensor_interface/share/sensor_interface/cmake/sensor_interfaceConfig-version.cmake
[8.117s] -- Installing: /home/heronsaba/ros2_challenge/ros2_ws/src/install/sensor_interface/share/sensor_interface/package.xml
[8.126s] Invoked command in '/home/heronsaba/ros2_challenge/ros2_ws/src/build/sensor_interface' returned '0': CMAKE_PREFIX_PATH=/opt/ros/humble /usr/bin/cmake --install /home/heronsaba/ros2_challenge/ros2_ws/src/build/sensor_interface
