[0.118s] DEBUG:colcon:Command line arguments: ['/usr/bin/colcon', 'build']
[0.118s] DEBUG:colcon:Parsed command line arguments: Namespace(log_base=None, log_level=None, verb_name='build', build_base='build', install_base='install', merge_install=False, symlink_install=False, test_result_base=None, continue_on_error=False, executor='parallel', parallel_workers=2, event_handlers=None, ignore_user_meta=False, metas=['./colcon.meta'], base_paths=['.'], packages_ignore=None, packages_ignore_regex=None, paths=None, packages_up_to=None, packages_up_to_regex=None, packages_above=None, packages_above_and_dependencies=None, packages_above_depth=None, packages_select_by_dep=None, packages_skip_by_dep=None, packages_skip_up_to=None, packages_select_build_failed=False, packages_skip_build_finished=False, packages_select_test_failures=False, packages_skip_test_passed=False, packages_select=None, packages_skip=None, packages_select_regex=None, packages_skip_regex=None, packages_start=None, packages_end=None, allow_overriding=[], cmake_args=None, cmake_target=None, cmake_target_skip_unavailable=False, cmake_clean_cache=False, cmake_clean_first=False, cmake_force_configure=False, ament_cmake_args=None, catkin_cmake_args=None, catkin_skip_building_tests=False, verb_parser=<colcon_defaults.argument_parser.defaults.DefaultArgumentsDecorator object at 0x757711c34280>, verb_extension=<colcon_core.verb.build.BuildVerb object at 0x757711d34e20>, main=<bound method BuildVerb.main of <colcon_core.verb.build.BuildVerb object at 0x757711d34e20>>)
[0.314s] Level 1:colcon.colcon_core.package_discovery:discover_packages(colcon_meta) check parameters
[0.314s] Level 1:colcon.colcon_core.package_discovery:discover_packages(recursive) check parameters
[0.314s] Level 1:colcon.colcon_core.package_discovery:discover_packages(ignore) check parameters
[0.314s] Level 1:colcon.colcon_core.package_discovery:discover_packages(path) check parameters
[0.314s] Level 1:colcon.colcon_core.package_discovery:discover_packages(colcon_meta) discover
[0.314s] Level 1:colcon.colcon_core.package_discovery:discover_packages(recursive) discover
[0.314s] INFO:colcon.colcon_core.package_discovery:Crawling recursively for packages in '/home/heronsaba/ros2_challenge/ros2_ws/src'
[0.315s] Level 1:colcon.colcon_core.package_identification:_identify(.) by extensions ['ignore', 'ignore_ament_install']
[0.315s] Level 1:colcon.colcon_core.package_identification:_identify(.) by extension 'ignore'
[0.315s] Level 1:colcon.colcon_core.package_identification:_identify(.) by extension 'ignore_ament_install'
[0.315s] Level 1:colcon.colcon_core.package_identification:_identify(.) by extensions ['colcon_pkg']
[0.315s] Level 1:colcon.colcon_core.package_identification:_identify(.) by extension 'colcon_pkg'
[0.315s] Level 1:colcon.colcon_core.package_identification:_identify(.) by extensions ['colcon_meta']
[0.315s] Level 1:colcon.colcon_core.package_identification:_identify(.) by extension 'colcon_meta'
[0.315s] Level 1:colcon.colcon_core.package_identification:_identify(.) by extensions ['ros']
[0.315s] Level 1:colcon.colcon_core.package_identification:_identify(.) by extension 'ros'
[0.327s] Level 1:colcon.colcon_core.package_identification:_identify(.) by extensions ['cmake', 'python']
[0.328s] Level 1:colcon.colcon_core.package_identification:_identify(.) by extension 'cmake'
[0.328s] Level 1:colcon.colcon_core.package_identification:_identify(.) by extension 'python'
[0.328s] Level 1:colcon.colcon_core.package_identification:_identify(.) by extensions ['python_setup_py']
[0.328s] Level 1:colcon.colcon_core.package_identification:_identify(.) by extension 'python_setup_py'
[0.328s] Level 1:colcon.colcon_core.package_identification:_identify(build) by extensions ['ignore', 'ignore_ament_install']
[0.328s] Level 1:colcon.colcon_core.package_identification:_identify(build) by extension 'ignore'
[0.328s] Level 1:colcon.colcon_core.package_identification:_identify(build) ignored
[0.328s] Level 1:colcon.colcon_core.package_identification:_identify(install) by extensions ['ignore', 'ignore_ament_install']
[0.328s] Level 1:colcon.colcon_core.package_identification:_identify(install) by extension 'ignore'
[0.329s] Level 1:colcon.colcon_core.package_identification:_identify(install) ignored
[0.329s] Level 1:colcon.colcon_core.package_identification:_identify(log) by extensions ['ignore', 'ignore_ament_install']
[0.329s] Level 1:colcon.colcon_core.package_identification:_identify(log) by extension 'ignore'
[0.329s] Level 1:colcon.colcon_core.package_identification:_identify(log) ignored
[0.329s] Level 1:colcon.colcon_core.package_identification:_identify(senai_ros2) by extensions ['ignore', 'ignore_ament_install']
[0.329s] Level 1:colcon.colcon_core.package_identification:_identify(senai_ros2) by extension 'ignore'
[0.329s] Level 1:colcon.colcon_core.package_identification:_identify(senai_ros2) by extension 'ignore_ament_install'
[0.329s] Level 1:colcon.colcon_core.package_identification:_identify(senai_ros2) by extensions ['colcon_pkg']
[0.329s] Level 1:colcon.colcon_core.package_identification:_identify(senai_ros2) by extension 'colcon_pkg'
[0.329s] Level 1:colcon.colcon_core.package_identification:_identify(senai_ros2) by extensions ['colcon_meta']
[0.329s] Level 1:colcon.colcon_core.package_identification:_identify(senai_ros2) by extension 'colcon_meta'
[0.329s] Level 1:colcon.colcon_core.package_identification:_identify(senai_ros2) by extensions ['ros']
[0.329s] Level 1:colcon.colcon_core.package_identification:_identify(senai_ros2) by extension 'ros'
[0.332s] DEBUG:colcon.colcon_core.package_identification:Package 'senai_ros2' with type 'ros.ament_cmake' and name 'senai_ros2'
[0.332s] Level 1:colcon.colcon_core.package_identification:_identify(sensor_interface) by extensions ['ignore', 'ignore_ament_install']
[0.332s] Level 1:colcon.colcon_core.package_identification:_identify(sensor_interface) by extension 'ignore'
[0.332s] Level 1:colcon.colcon_core.package_identification:_identify(sensor_interface) by extension 'ignore_ament_install'
[0.332s] Level 1:colcon.colcon_core.package_identification:_identify(sensor_interface) by extensions ['colcon_pkg']
[0.333s] Level 1:colcon.colcon_core.package_identification:_identify(sensor_interface) by extension 'colcon_pkg'
[0.333s] Level 1:colcon.colcon_core.package_identification:_identify(sensor_interface) by extensions ['colcon_meta']
[0.333s] Level 1:colcon.colcon_core.package_identification:_identify(sensor_interface) by extension 'colcon_meta'
[0.333s] Level 1:colcon.colcon_core.package_identification:_identify(sensor_interface) by extensions ['ros']
[0.333s] Level 1:colcon.colcon_core.package_identification:_identify(sensor_interface) by extension 'ros'
[0.334s] DEBUG:colcon.colcon_core.package_identification:Package 'sensor_interface' with type 'ros.ament_cmake' and name 'sensor_interface'
[0.334s] Level 1:colcon.colcon_core.package_discovery:discover_packages(recursive) using defaults
[0.334s] Level 1:colcon.colcon_core.package_discovery:discover_packages(ignore) discover
[0.334s] Level 1:colcon.colcon_core.package_discovery:discover_packages(ignore) using defaults
[0.334s] Level 1:colcon.colcon_core.package_discovery:discover_packages(path) discover
[0.334s] Level 1:colcon.colcon_core.package_discovery:discover_packages(path) using defaults
[0.353s] Level 1:colcon.colcon_core.package_discovery:discover_packages(prefix_path) check parameters
[0.354s] Level 1:colcon.colcon_core.package_discovery:discover_packages(prefix_path) discover
[0.356s] DEBUG:colcon.colcon_installed_package_information.package_discovery:Found 270 installed packages in /opt/ros/humble
[0.372s] Level 1:colcon.colcon_core.package_discovery:discover_packages(prefix_path) using defaults
[0.413s] Level 5:colcon.colcon_core.verb:set package 'sensor_interface' build argument 'cmake_args' from command line to 'None'
[0.413s] Level 5:colcon.colcon_core.verb:set package 'sensor_interface' build argument 'cmake_target' from command line to 'None'
[0.413s] Level 5:colcon.colcon_core.verb:set package 'sensor_interface' build argument 'cmake_target_skip_unavailable' from command line to 'False'
[0.413s] Level 5:colcon.colcon_core.verb:set package 'sensor_interface' build argument 'cmake_clean_cache' from command line to 'False'
[0.413s] Level 5:colcon.colcon_core.verb:set package 'sensor_interface' build argument 'cmake_clean_first' from command line to 'False'
[0.413s] Level 5:colcon.colcon_core.verb:set package 'sensor_interface' build argument 'cmake_force_configure' from command line to 'False'
[0.413s] Level 5:colcon.colcon_core.verb:set package 'sensor_interface' build argument 'ament_cmake_args' from command line to 'None'
[0.413s] Level 5:colcon.colcon_core.verb:set package 'sensor_interface' build argument 'catkin_cmake_args' from command line to 'None'
[0.413s] Level 5:colcon.colcon_core.verb:set package 'sensor_interface' build argument 'catkin_skip_building_tests' from command line to 'False'
[0.413s] DEBUG:colcon.colcon_core.verb:Building package 'sensor_interface' with the following arguments: {'ament_cmake_args': None, 'build_base': '/home/heronsaba/ros2_challenge/ros2_ws/src/build/sensor_interface', 'catkin_cmake_args': None, 'catkin_skip_building_tests': False, 'cmake_args': None, 'cmake_clean_cache': False, 'cmake_clean_first': False, 'cmake_force_configure': False, 'cmake_target': None, 'cmake_target_skip_unavailable': False, 'install_base': '/home/heronsaba/ros2_challenge/ros2_ws/src/install/sensor_interface', 'merge_install': False, 'path': '/home/heronsaba/ros2_challenge/ros2_ws/src/sensor_interface', 'symlink_install': False, 'test_result_base': None}
[0.413s] Level 5:colcon.colcon_core.verb:set package 'senai_ros2' build argument 'cmake_args' from command line to 'None'
[0.413s] Level 5:colcon.colcon_core.verb:set package 'senai_ros2' build argument 'cmake_target' from command line to 'None'
[0.413s] Level 5:colcon.colcon_core.verb:set package 'senai_ros2' build argument 'cmake_target_skip_unavailable' from command line to 'False'
[0.413s] Level 5:colcon.colcon_core.verb:set package 'senai_ros2' build argument 'cmake_clean_cache' from command line to 'False'
[0.413s] Level 5:colcon.colcon_core.verb:set package 'senai_ros2' build argument 'cmake_clean_first' from command line to 'False'
[0.413s] Level 5:colcon.colcon_core.verb:set package 'senai_ros2' build argument 'cmake_force_configure' from command line to 'False'
[0.413s] Level 5:colcon.colcon_core.verb:set package 'senai_ros2' build argument 'ament_cmake_args' from command line to 'None'
[0.413s] Level 5:colcon.colcon_core.verb:set package 'senai_ros2' build argument 'catkin_cmake_args' from command line to 'None'
[0.414s] Level 5:colcon.colcon_core.verb:set package 'senai_ros2' build argument 'catkin_skip_building_tests' from command line to 'False'
[0.414s] DEBUG:colcon.colcon_core.verb:Building package 'senai_ros2' with the following arguments: {'ament_cmake_args': None, 'build_base': '/home/heronsaba/ros2_challenge/ros2_ws/src/build/senai_ros2', 'catkin_cmake_args': None, 'catkin_skip_building_tests': False, 'cmake_args': None, 'cmake_clean_cache': False, 'cmake_clean_first': False, 'cmake_force_configure': False, 'cmake_target': None, 'cmake_target_skip_unavailable': False, 'install_base': '/home/heronsaba/ros2_challenge/ros2_ws/src/install/senai_ros2', 'merge_install': False, 'path': '/home/heronsaba/ros2_challenge/ros2_ws/src/senai_ros2', 'symlink_install': False, 'test_result_base': None}
[0.414s] INFO:colcon.colcon_core.executor:Executing jobs using 'parallel' executor
[0.415s] DEBUG:colcon.colcon_parallel_executor.executor.parallel:run_until_complete
[0.415s] INFO:colcon.colcon_ros.task.ament_cmake.build:Building ROS package in '/home/heronsaba/ros2_challenge/ros2_ws/src/sensor_interface' with build type 'ament_cmake'
[0.416s] INFO:colcon.colcon_cmake.task.cmake.build:Building CMake package in '/home/heronsaba/ros2_challenge/ros2_ws/src/sensor_interface'
[0.419s] INFO:colcon.colcon_core.plugin_system:Skipping extension 'colcon_core.shell.bat': Not used on non-Windows systems
[0.419s] INFO:colcon.colcon_core.shell:Skip shell extension 'powershell' for command environment: Not usable outside of PowerShell
[0.419s] DEBUG:colcon.colcon_core.shell:Skip shell extension 'dsv' for command environment
[0.433s] DEBUG:colcon.colcon_core.event_handler.log_command:Invoking command in '/home/heronsaba/ros2_challenge/ros2_ws/src/build/sensor_interface': CMAKE_PREFIX_PATH=/opt/ros/humble /usr/bin/cmake /home/heronsaba/ros2_challenge/ros2_ws/src/sensor_interface -DCMAKE_INSTALL_PREFIX=/home/heronsaba/ros2_challenge/ros2_ws/src/install/sensor_interface
[3.022s] DEBUG:colcon.colcon_core.event_handler.log_command:Invoked command in '/home/heronsaba/ros2_challenge/ros2_ws/src/build/sensor_interface' returned '0': CMAKE_PREFIX_PATH=/opt/ros/humble /usr/bin/cmake /home/heronsaba/ros2_challenge/ros2_ws/src/sensor_interface -DCMAKE_INSTALL_PREFIX=/home/heronsaba/ros2_challenge/ros2_ws/src/install/sensor_interface
[3.024s] DEBUG:colcon.colcon_core.event_handler.log_command:Invoking command in '/home/heronsaba/ros2_challenge/ros2_ws/src/build/sensor_interface': CMAKE_PREFIX_PATH=/opt/ros/humble /usr/bin/cmake --build /home/heronsaba/ros2_challenge/ros2_ws/src/build/sensor_interface -- -j2 -l2
[8.314s] DEBUG:colcon.colcon_core.event_handler.log_command:Invoked command in '/home/heronsaba/ros2_challenge/ros2_ws/src/build/sensor_interface' returned '0': CMAKE_PREFIX_PATH=/opt/ros/humble /usr/bin/cmake --build /home/heronsaba/ros2_challenge/ros2_ws/src/build/sensor_interface -- -j2 -l2
[8.430s] DEBUG:colcon.colcon_core.event_handler.log_command:Invoking command in '/home/heronsaba/ros2_challenge/ros2_ws/src/build/sensor_interface': CMAKE_PREFIX_PATH=/opt/ros/humble /usr/bin/cmake --install /home/heronsaba/ros2_challenge/ros2_ws/src/build/sensor_interface
[8.533s] Level 1:colcon.colcon_core.environment:create_environment_scripts_only(sensor_interface)
[8.535s] Level 1:colcon.colcon_core.environment:checking '/home/heronsaba/ros2_challenge/ros2_ws/src/install/sensor_interface' for CMake module files
[8.536s] Level 1:colcon.colcon_core.environment:checking '/home/heronsaba/ros2_challenge/ros2_ws/src/install/sensor_interface' for CMake config files
[8.536s] Level 1:colcon.colcon_core.shell:create_environment_hook('sensor_interface', 'cmake_prefix_path')
[8.536s] INFO:colcon.colcon_core.shell:Creating environment hook '/home/heronsaba/ros2_challenge/ros2_ws/src/install/sensor_interface/share/sensor_interface/hook/cmake_prefix_path.ps1'
[8.537s] INFO:colcon.colcon_core.shell:Creating environment descriptor '/home/heronsaba/ros2_challenge/ros2_ws/src/install/sensor_interface/share/sensor_interface/hook/cmake_prefix_path.dsv'
[8.537s] INFO:colcon.colcon_core.shell:Creating environment hook '/home/heronsaba/ros2_challenge/ros2_ws/src/install/sensor_interface/share/sensor_interface/hook/cmake_prefix_path.sh'
[8.538s] Level 1:colcon.colcon_core.environment:checking '/home/heronsaba/ros2_challenge/ros2_ws/src/install/sensor_interface/lib'
[8.538s] Level 1:colcon.colcon_core.shell:create_environment_hook('sensor_interface', 'ld_library_path_lib')
[8.539s] INFO:colcon.colcon_core.shell:Creating environment hook '/home/heronsaba/ros2_challenge/ros2_ws/src/install/sensor_interface/share/sensor_interface/hook/ld_library_path_lib.ps1'
[8.539s] INFO:colcon.colcon_core.shell:Creating environment descriptor '/home/heronsaba/ros2_challenge/ros2_ws/src/install/sensor_interface/share/sensor_interface/hook/ld_library_path_lib.dsv'
[8.539s] INFO:colcon.colcon_core.shell:Creating environment hook '/home/heronsaba/ros2_challenge/ros2_ws/src/install/sensor_interface/share/sensor_interface/hook/ld_library_path_lib.sh'
[8.539s] Level 1:colcon.colcon_core.environment:checking '/home/heronsaba/ros2_challenge/ros2_ws/src/install/sensor_interface/bin'
[8.540s] Level 1:colcon.colcon_core.environment:checking '/home/heronsaba/ros2_challenge/ros2_ws/src/install/sensor_interface/lib/pkgconfig/sensor_interface.pc'
[8.540s] Level 1:colcon.colcon_core.environment:checking '/home/heronsaba/ros2_challenge/ros2_ws/src/install/sensor_interface/lib/python3.10/site-packages'
[8.540s] Level 1:colcon.colcon_core.environment:checking '/home/heronsaba/ros2_challenge/ros2_ws/src/install/sensor_interface/bin'
[8.540s] INFO:colcon.colcon_core.shell:Creating package script '/home/heronsaba/ros2_challenge/ros2_ws/src/install/sensor_interface/share/sensor_interface/package.ps1'
[8.541s] INFO:colcon.colcon_core.shell:Creating package descriptor '/home/heronsaba/ros2_challenge/ros2_ws/src/install/sensor_interface/share/sensor_interface/package.dsv'
[8.542s] DEBUG:colcon.colcon_core.event_handler.log_command:Invoked command in '/home/heronsaba/ros2_challenge/ros2_ws/src/build/sensor_interface' returned '0': CMAKE_PREFIX_PATH=/opt/ros/humble /usr/bin/cmake --install /home/heronsaba/ros2_challenge/ros2_ws/src/build/sensor_interface
[8.542s] INFO:colcon.colcon_core.shell:Creating package script '/home/heronsaba/ros2_challenge/ros2_ws/src/install/sensor_interface/share/sensor_interface/package.sh'
[8.543s] INFO:colcon.colcon_core.shell:Creating package script '/home/heronsaba/ros2_challenge/ros2_ws/src/install/sensor_interface/share/sensor_interface/package.bash'
[8.544s] INFO:colcon.colcon_core.shell:Creating package script '/home/heronsaba/ros2_challenge/ros2_ws/src/install/sensor_interface/share/sensor_interface/package.zsh'
[8.544s] Level 1:colcon.colcon_core.environment:create_file_with_runtime_dependencies(/home/heronsaba/ros2_challenge/ros2_ws/src/install/sensor_interface/share/colcon-core/packages/sensor_interface)
[8.650s] Level 1:colcon.colcon_core.environment:create_environment_scripts_only(sensor_interface)
[8.650s] Level 1:colcon.colcon_core.environment:checking '/home/heronsaba/ros2_challenge/ros2_ws/src/install/sensor_interface' for CMake module files
[8.651s] Level 1:colcon.colcon_core.environment:checking '/home/heronsaba/ros2_challenge/ros2_ws/src/install/sensor_interface' for CMake config files
[8.651s] Level 1:colcon.colcon_core.shell:create_environment_hook('sensor_interface', 'cmake_prefix_path')
[8.652s] INFO:colcon.colcon_core.shell:Creating environment hook '/home/heronsaba/ros2_challenge/ros2_ws/src/install/sensor_interface/share/sensor_interface/hook/cmake_prefix_path.ps1'
[8.652s] INFO:colcon.colcon_core.shell:Creating environment descriptor '/home/heronsaba/ros2_challenge/ros2_ws/src/install/sensor_interface/share/sensor_interface/hook/cmake_prefix_path.dsv'
[8.653s] INFO:colcon.colcon_core.shell:Creating environment hook '/home/heronsaba/ros2_challenge/ros2_ws/src/install/sensor_interface/share/sensor_interface/hook/cmake_prefix_path.sh'
[8.653s] Level 1:colcon.colcon_core.environment:checking '/home/heronsaba/ros2_challenge/ros2_ws/src/install/sensor_interface/lib'
[8.653s] Level 1:colcon.colcon_core.shell:create_environment_hook('sensor_interface', 'ld_library_path_lib')
[8.654s] INFO:colcon.colcon_core.shell:Creating environment hook '/home/heronsaba/ros2_challenge/ros2_ws/src/install/sensor_interface/share/sensor_interface/hook/ld_library_path_lib.ps1'
[8.654s] INFO:colcon.colcon_core.shell:Creating environment descriptor '/home/heronsaba/ros2_challenge/ros2_ws/src/install/sensor_interface/share/sensor_interface/hook/ld_library_path_lib.dsv'
[8.655s] INFO:colcon.colcon_core.shell:Creating environment hook '/home/heronsaba/ros2_challenge/ros2_ws/src/install/sensor_interface/share/sensor_interface/hook/ld_library_path_lib.sh'
[8.655s] Level 1:colcon.colcon_core.environment:checking '/home/heronsaba/ros2_challenge/ros2_ws/src/install/sensor_interface/bin'
[8.655s] Level 1:colcon.colcon_core.environment:checking '/home/heronsaba/ros2_challenge/ros2_ws/src/install/sensor_interface/lib/pkgconfig/sensor_interface.pc'
[8.656s] Level 1:colcon.colcon_core.environment:checking '/home/heronsaba/ros2_challenge/ros2_ws/src/install/sensor_interface/lib/python3.10/site-packages'
[8.656s] Level 1:colcon.colcon_core.environment:checking '/home/heronsaba/ros2_challenge/ros2_ws/src/install/sensor_interface/bin'
[8.656s] INFO:colcon.colcon_core.shell:Creating package script '/home/heronsaba/ros2_challenge/ros2_ws/src/install/sensor_interface/share/sensor_interface/package.ps1'
[8.657s] INFO:colcon.colcon_core.shell:Creating package descriptor '/home/heronsaba/ros2_challenge/ros2_ws/src/install/sensor_interface/share/sensor_interface/package.dsv'
[8.657s] INFO:colcon.colcon_core.shell:Creating package script '/home/heronsaba/ros2_challenge/ros2_ws/src/install/sensor_interface/share/sensor_interface/package.sh'
[8.658s] INFO:colcon.colcon_core.shell:Creating package script '/home/heronsaba/ros2_challenge/ros2_ws/src/install/sensor_interface/share/sensor_interface/package.bash'
[8.658s] INFO:colcon.colcon_core.shell:Creating package script '/home/heronsaba/ros2_challenge/ros2_ws/src/install/sensor_interface/share/sensor_interface/package.zsh'
[8.659s] Level 1:colcon.colcon_core.environment:create_file_with_runtime_dependencies(/home/heronsaba/ros2_challenge/ros2_ws/src/install/sensor_interface/share/colcon-core/packages/sensor_interface)
[8.660s] INFO:colcon.colcon_ros.task.ament_cmake.build:Building ROS package in '/home/heronsaba/ros2_challenge/ros2_ws/src/senai_ros2' with build type 'ament_cmake'
[8.660s] INFO:colcon.colcon_cmake.task.cmake.build:Building CMake package in '/home/heronsaba/ros2_challenge/ros2_ws/src/senai_ros2'
[8.660s] INFO:colcon.colcon_core.shell:Skip shell extension 'powershell' for command environment: Not usable outside of PowerShell
[8.660s] DEBUG:colcon.colcon_core.shell:Skip shell extension 'dsv' for command environment
[8.671s] DEBUG:colcon.colcon_core.event_handler.log_command:Invoking command in '/home/heronsaba/ros2_challenge/ros2_ws/src/build/senai_ros2': AMENT_PREFIX_PATH=/home/heronsaba/ros2_challenge/ros2_ws/src/install/sensor_interface:${AMENT_PREFIX_PATH} CMAKE_PREFIX_PATH=/home/heronsaba/ros2_challenge/ros2_ws/src/install/sensor_interface:/opt/ros/humble LD_LIBRARY_PATH=/home/heronsaba/ros2_challenge/ros2_ws/src/install/sensor_interface/lib:${LD_LIBRARY_PATH} PYTHONPATH=/home/heronsaba/ros2_challenge/ros2_ws/src/install/sensor_interface/local/lib/python3.10/dist-packages:${PYTHONPATH} /usr/bin/cmake /home/heronsaba/ros2_challenge/ros2_ws/src/senai_ros2 -DCMAKE_INSTALL_PREFIX=/home/heronsaba/ros2_challenge/ros2_ws/src/install/senai_ros2
[10.734s] DEBUG:colcon.colcon_core.event_handler.log_command:Invoked command in '/home/heronsaba/ros2_challenge/ros2_ws/src/build/senai_ros2' returned '0': AMENT_PREFIX_PATH=/home/heronsaba/ros2_challenge/ros2_ws/src/install/sensor_interface:${AMENT_PREFIX_PATH} CMAKE_PREFIX_PATH=/home/heronsaba/ros2_challenge/ros2_ws/src/install/sensor_interface:/opt/ros/humble LD_LIBRARY_PATH=/home/heronsaba/ros2_challenge/ros2_ws/src/install/sensor_interface/lib:${LD_LIBRARY_PATH} PYTHONPATH=/home/heronsaba/ros2_challenge/ros2_ws/src/install/sensor_interface/local/lib/python3.10/dist-packages:${PYTHONPATH} /usr/bin/cmake /home/heronsaba/ros2_challenge/ros2_ws/src/senai_ros2 -DCMAKE_INSTALL_PREFIX=/home/heronsaba/ros2_challenge/ros2_ws/src/install/senai_ros2
[10.734s] DEBUG:colcon.colcon_core.event_handler.log_command:Invoking command in '/home/heronsaba/ros2_challenge/ros2_ws/src/build/senai_ros2': AMENT_PREFIX_PATH=/home/heronsaba/ros2_challenge/ros2_ws/src/install/sensor_interface:${AMENT_PREFIX_PATH} CMAKE_PREFIX_PATH=/home/heronsaba/ros2_challenge/ros2_ws/src/install/sensor_interface:/opt/ros/humble LD_LIBRARY_PATH=/home/heronsaba/ros2_challenge/ros2_ws/src/install/sensor_interface/lib:${LD_LIBRARY_PATH} PYTHONPATH=/home/heronsaba/ros2_challenge/ros2_ws/src/install/sensor_interface/local/lib/python3.10/dist-packages:${PYTHONPATH} /usr/bin/cmake --build /home/heronsaba/ros2_challenge/ros2_ws/src/build/senai_ros2 -- -j2 -l2
[25.205s] DEBUG:colcon.colcon_core.event_handler.log_command:Invoked command in '/home/heronsaba/ros2_challenge/ros2_ws/src/build/senai_ros2' returned '0': AMENT_PREFIX_PATH=/home/heronsaba/ros2_challenge/ros2_ws/src/install/sensor_interface:${AMENT_PREFIX_PATH} CMAKE_PREFIX_PATH=/home/heronsaba/ros2_challenge/ros2_ws/src/install/sensor_interface:/opt/ros/humble LD_LIBRARY_PATH=/home/heronsaba/ros2_challenge/ros2_ws/src/install/sensor_interface/lib:${LD_LIBRARY_PATH} PYTHONPATH=/home/heronsaba/ros2_challenge/ros2_ws/src/install/sensor_interface/local/lib/python3.10/dist-packages:${PYTHONPATH} /usr/bin/cmake --build /home/heronsaba/ros2_challenge/ros2_ws/src/build/senai_ros2 -- -j2 -l2
[25.262s] DEBUG:colcon.colcon_core.event_handler.log_command:Invoking command in '/home/heronsaba/ros2_challenge/ros2_ws/src/build/senai_ros2': AMENT_PREFIX_PATH=/home/heronsaba/ros2_challenge/ros2_ws/src/install/sensor_interface:${AMENT_PREFIX_PATH} CMAKE_PREFIX_PATH=/home/heronsaba/ros2_challenge/ros2_ws/src/install/sensor_interface:/opt/ros/humble LD_LIBRARY_PATH=/home/heronsaba/ros2_challenge/ros2_ws/src/install/sensor_interface/lib:${LD_LIBRARY_PATH} PYTHONPATH=/home/heronsaba/ros2_challenge/ros2_ws/src/install/sensor_interface/local/lib/python3.10/dist-packages:${PYTHONPATH} /usr/bin/cmake --install /home/heronsaba/ros2_challenge/ros2_ws/src/build/senai_ros2
[25.307s] Level 1:colcon.colcon_core.environment:create_environment_scripts_only(senai_ros2)
[25.308s] Level 1:colcon.colcon_core.environment:checking '/home/heronsaba/ros2_challenge/ros2_ws/src/install/senai_ros2' for CMake module files
[25.309s] Level 1:colcon.colcon_core.environment:checking '/home/heronsaba/ros2_challenge/ros2_ws/src/install/senai_ros2' for CMake config files
[25.310s] DEBUG:colcon.colcon_core.event_handler.log_command:Invoked command in '/home/heronsaba/ros2_challenge/ros2_ws/src/build/senai_ros2' returned '0': AMENT_PREFIX_PATH=/home/heronsaba/ros2_challenge/ros2_ws/src/install/sensor_interface:${AMENT_PREFIX_PATH} CMAKE_PREFIX_PATH=/home/heronsaba/ros2_challenge/ros2_ws/src/install/sensor_interface:/opt/ros/humble LD_LIBRARY_PATH=/home/heronsaba/ros2_challenge/ros2_ws/src/install/sensor_interface/lib:${LD_LIBRARY_PATH} PYTHONPATH=/home/heronsaba/ros2_challenge/ros2_ws/src/install/sensor_interface/local/lib/python3.10/dist-packages:${PYTHONPATH} /usr/bin/cmake --install /home/heronsaba/ros2_challenge/ros2_ws/src/build/senai_ros2
[25.311s] Level 1:colcon.colcon_core.shell:create_environment_hook('senai_ros2', 'cmake_prefix_path')
[25.311s] INFO:colcon.colcon_core.shell:Creating environment hook '/home/heronsaba/ros2_challenge/ros2_ws/src/install/senai_ros2/share/senai_ros2/hook/cmake_prefix_path.ps1'
[25.312s] INFO:colcon.colcon_core.shell:Creating environment descriptor '/home/heronsaba/ros2_challenge/ros2_ws/src/install/senai_ros2/share/senai_ros2/hook/cmake_prefix_path.dsv'
[25.313s] INFO:colcon.colcon_core.shell:Creating environment hook '/home/heronsaba/ros2_challenge/ros2_ws/src/install/senai_ros2/share/senai_ros2/hook/cmake_prefix_path.sh'
[25.313s] Level 1:colcon.colcon_core.environment:checking '/home/heronsaba/ros2_challenge/ros2_ws/src/install/senai_ros2/lib'
[25.313s] Level 1:colcon.colcon_core.environment:checking '/home/heronsaba/ros2_challenge/ros2_ws/src/install/senai_ros2/bin'
[25.314s] Level 1:colcon.colcon_core.environment:checking '/home/heronsaba/ros2_challenge/ros2_ws/src/install/senai_ros2/lib/pkgconfig/senai_ros2.pc'
[25.314s] Level 1:colcon.colcon_core.environment:checking '/home/heronsaba/ros2_challenge/ros2_ws/src/install/senai_ros2/lib/python3.10/site-packages'
[25.314s] Level 1:colcon.colcon_core.environment:checking '/home/heronsaba/ros2_challenge/ros2_ws/src/install/senai_ros2/bin'
[25.315s] INFO:colcon.colcon_core.shell:Creating package script '/home/heronsaba/ros2_challenge/ros2_ws/src/install/senai_ros2/share/senai_ros2/package.ps1'
[25.316s] INFO:colcon.colcon_core.shell:Creating package descriptor '/home/heronsaba/ros2_challenge/ros2_ws/src/install/senai_ros2/share/senai_ros2/package.dsv'
[25.317s] INFO:colcon.colcon_core.shell:Creating package script '/home/heronsaba/ros2_challenge/ros2_ws/src/install/senai_ros2/share/senai_ros2/package.sh'
[25.317s] INFO:colcon.colcon_core.shell:Creating package script '/home/heronsaba/ros2_challenge/ros2_ws/src/install/senai_ros2/share/senai_ros2/package.bash'
[25.318s] INFO:colcon.colcon_core.shell:Creating package script '/home/heronsaba/ros2_challenge/ros2_ws/src/install/senai_ros2/share/senai_ros2/package.zsh'
[25.318s] Level 1:colcon.colcon_core.environment:create_file_with_runtime_dependencies(/home/heronsaba/ros2_challenge/ros2_ws/src/install/senai_ros2/share/colcon-core/packages/senai_ros2)
[25.374s] Level 1:colcon.colcon_core.environment:create_environment_scripts_only(senai_ros2)
[25.375s] Level 1:colcon.colcon_core.environment:checking '/home/heronsaba/ros2_challenge/ros2_ws/src/install/senai_ros2' for CMake module files
[25.375s] Level 1:colcon.colcon_core.environment:checking '/home/heronsaba/ros2_challenge/ros2_ws/src/install/senai_ros2' for CMake config files
[25.376s] Level 1:colcon.colcon_core.shell:create_environment_hook('senai_ros2', 'cmake_prefix_path')
[25.376s] INFO:colcon.colcon_core.shell:Creating environment hook '/home/heronsaba/ros2_challenge/ros2_ws/src/install/senai_ros2/share/senai_ros2/hook/cmake_prefix_path.ps1'
[25.377s] INFO:colcon.colcon_core.shell:Creating environment descriptor '/home/heronsaba/ros2_challenge/ros2_ws/src/install/senai_ros2/share/senai_ros2/hook/cmake_prefix_path.dsv'
[25.378s] INFO:colcon.colcon_core.shell:Creating environment hook '/home/heronsaba/ros2_challenge/ros2_ws/src/install/senai_ros2/share/senai_ros2/hook/cmake_prefix_path.sh'
[25.379s] Level 1:colcon.colcon_core.environment:checking '/home/heronsaba/ros2_challenge/ros2_ws/src/install/senai_ros2/lib'
[25.379s] Level 1:colcon.colcon_core.environment:checking '/home/heronsaba/ros2_challenge/ros2_ws/src/install/senai_ros2/bin'
[25.379s] Level 1:colcon.colcon_core.environment:checking '/home/heronsaba/ros2_challenge/ros2_ws/src/install/senai_ros2/lib/pkgconfig/senai_ros2.pc'
[25.380s] Level 1:colcon.colcon_core.environment:checking '/home/heronsaba/ros2_challenge/ros2_ws/src/install/senai_ros2/lib/python3.10/site-packages'
[25.380s] Level 1:colcon.colcon_core.environment:checking '/home/heronsaba/ros2_challenge/ros2_ws/src/install/senai_ros2/bin'
[25.380s] INFO:colcon.colcon_core.shell:Creating package script '/home/heronsaba/ros2_challenge/ros2_ws/src/install/senai_ros2/share/senai_ros2/package.ps1'
[25.381s] INFO:colcon.colcon_core.shell:Creating package descriptor '/home/heronsaba/ros2_challenge/ros2_ws/src/install/senai_ros2/share/senai_ros2/package.dsv'
[25.383s] INFO:colcon.colcon_core.shell:Creating package script '/home/heronsaba/ros2_challenge/ros2_ws/src/install/senai_ros2/share/senai_ros2/package.sh'
[25.383s] INFO:colcon.colcon_core.shell:Creating package script '/home/heronsaba/ros2_challenge/ros2_ws/src/install/senai_ros2/share/senai_ros2/package.bash'
[25.384s] INFO:colcon.colcon_core.shell:Creating package script '/home/heronsaba/ros2_challenge/ros2_ws/src/install/senai_ros2/share/senai_ros2/package.zsh'
[25.384s] Level 1:colcon.colcon_core.environment:create_file_with_runtime_dependencies(/home/heronsaba/ros2_challenge/ros2_ws/src/install/senai_ros2/share/colcon-core/packages/senai_ros2)
[25.385s] DEBUG:colcon.colcon_parallel_executor.executor.parallel:closing loop
[25.385s] DEBUG:colcon.colcon_parallel_executor.executor.parallel:loop closed
[25.386s] DEBUG:colcon.colcon_parallel_executor.executor.parallel:run_until_complete finished with '0'
[25.386s] DEBUG:colcon.colcon_core.event_reactor:joining thread
[25.392s] INFO:colcon.colcon_core.plugin_system:Skipping extension 'colcon_notification.desktop_notification.terminal_notifier': Not used on non-Darwin systems
[25.393s] INFO:colcon.colcon_core.plugin_system:Skipping extension 'colcon_notification.desktop_notification.win32': Not used on non-Windows systems
[25.393s] INFO:colcon.colcon_notification.desktop_notification:Sending desktop notification using 'notify2'
[25.414s] DEBUG:colcon.colcon_core.event_reactor:joined thread
[25.414s] INFO:colcon.colcon_core.shell:Creating prefix script '/home/heronsaba/ros2_challenge/ros2_ws/src/install/local_setup.ps1'
[25.415s] INFO:colcon.colcon_core.shell:Creating prefix util module '/home/heronsaba/ros2_challenge/ros2_ws/src/install/_local_setup_util_ps1.py'
[25.417s] INFO:colcon.colcon_core.shell:Creating prefix chain script '/home/heronsaba/ros2_challenge/ros2_ws/src/install/setup.ps1'
[25.418s] INFO:colcon.colcon_core.shell:Creating prefix script '/home/heronsaba/ros2_challenge/ros2_ws/src/install/local_setup.sh'
[25.420s] INFO:colcon.colcon_core.shell:Creating prefix util module '/home/heronsaba/ros2_challenge/ros2_ws/src/install/_local_setup_util_sh.py'
[25.420s] INFO:colcon.colcon_core.shell:Creating prefix chain script '/home/heronsaba/ros2_challenge/ros2_ws/src/install/setup.sh'
[25.421s] INFO:colcon.colcon_core.shell:Creating prefix script '/home/heronsaba/ros2_challenge/ros2_ws/src/install/local_setup.bash'
[25.422s] INFO:colcon.colcon_core.shell:Creating prefix chain script '/home/heronsaba/ros2_challenge/ros2_ws/src/install/setup.bash'
[25.423s] INFO:colcon.colcon_core.shell:Creating prefix script '/home/heronsaba/ros2_challenge/ros2_ws/src/install/local_setup.zsh'
[25.423s] INFO:colcon.colcon_core.shell:Creating prefix chain script '/home/heronsaba/ros2_challenge/ros2_ws/src/install/setup.zsh'
