[0.126s] DEBUG:colcon:Command line arguments: ['/usr/bin/colcon', 'build', '--symlink-install']
[0.126s] DEBUG:colcon:Parsed command line arguments: Namespace(log_base=None, log_level=None, verb_name='build', build_base='build', install_base='install', merge_install=False, symlink_install=True, test_result_base=None, continue_on_error=False, executor='parallel', parallel_workers=2, event_handlers=None, ignore_user_meta=False, metas=['./colcon.meta'], base_paths=['.'], packages_ignore=None, packages_ignore_regex=None, paths=None, packages_up_to=None, packages_up_to_regex=None, packages_above=None, packages_above_and_dependencies=None, packages_above_depth=None, packages_select_by_dep=None, packages_skip_by_dep=None, packages_skip_up_to=None, packages_select_build_failed=False, packages_skip_build_finished=False, packages_select_test_failures=False, packages_skip_test_passed=False, packages_select=None, packages_skip=None, packages_select_regex=None, packages_skip_regex=None, packages_start=None, packages_end=None, allow_overriding=[], cmake_args=None, cmake_target=None, cmake_target_skip_unavailable=False, cmake_clean_cache=False, cmake_clean_first=False, cmake_force_configure=False, ament_cmake_args=None, catkin_cmake_args=None, catkin_skip_building_tests=False, verb_parser=<colcon_defaults.argument_parser.defaults.DefaultArgumentsDecorator object at 0x767747bfc7f0>, verb_extension=<colcon_core.verb.build.BuildVerb object at 0x767747d3d390>, main=<bound method BuildVerb.main of <colcon_core.verb.build.BuildVerb object at 0x767747d3d390>>)
[0.307s] Level 1:colcon.colcon_core.package_discovery:discover_packages(colcon_meta) check parameters
[0.307s] Level 1:colcon.colcon_core.package_discovery:discover_packages(recursive) check parameters
[0.307s] Level 1:colcon.colcon_core.package_discovery:discover_packages(ignore) check parameters
[0.307s] Level 1:colcon.colcon_core.package_discovery:discover_packages(path) check parameters
[0.307s] Level 1:colcon.colcon_core.package_discovery:discover_packages(colcon_meta) discover
[0.307s] Level 1:colcon.colcon_core.package_discovery:discover_packages(recursive) discover
[0.307s] INFO:colcon.colcon_core.package_discovery:Crawling recursively for packages in '/home/heronsaba/ros2_challenge/ros2_ws/src'
[0.307s] Level 1:colcon.colcon_core.package_identification:_identify(.) by extensions ['ignore', 'ignore_ament_install']
[0.308s] Level 1:colcon.colcon_core.package_identification:_identify(.) by extension 'ignore'
[0.308s] Level 1:colcon.colcon_core.package_identification:_identify(.) by extension 'ignore_ament_install'
[0.308s] Level 1:colcon.colcon_core.package_identification:_identify(.) by extensions ['colcon_pkg']
[0.308s] Level 1:colcon.colcon_core.package_identification:_identify(.) by extension 'colcon_pkg'
[0.308s] Level 1:colcon.colcon_core.package_identification:_identify(.) by extensions ['colcon_meta']
[0.308s] Level 1:colcon.colcon_core.package_identification:_identify(.) by extension 'colcon_meta'
[0.308s] Level 1:colcon.colcon_core.package_identification:_identify(.) by extensions ['ros']
[0.308s] Level 1:colcon.colcon_core.package_identification:_identify(.) by extension 'ros'
[0.319s] Level 1:colcon.colcon_core.package_identification:_identify(.) by extensions ['cmake', 'python']
[0.320s] Level 1:colcon.colcon_core.package_identification:_identify(.) by extension 'cmake'
[0.320s] Level 1:colcon.colcon_core.package_identification:_identify(.) by extension 'python'
[0.320s] Level 1:colcon.colcon_core.package_identification:_identify(.) by extensions ['python_setup_py']
[0.320s] Level 1:colcon.colcon_core.package_identification:_identify(.) by extension 'python_setup_py'
[0.320s] Level 1:colcon.colcon_core.package_identification:_identify(build) by extensions ['ignore', 'ignore_ament_install']
[0.320s] Level 1:colcon.colcon_core.package_identification:_identify(build) by extension 'ignore'
[0.320s] Level 1:colcon.colcon_core.package_identification:_identify(build) ignored
[0.320s] Level 1:colcon.colcon_core.package_identification:_identify(install) by extensions ['ignore', 'ignore_ament_install']
[0.320s] Level 1:colcon.colcon_core.package_identification:_identify(install) by extension 'ignore'
[0.320s] Level 1:colcon.colcon_core.package_identification:_identify(install) ignored
[0.321s] Level 1:colcon.colcon_core.package_identification:_identify(log) by extensions ['ignore', 'ignore_ament_install']
[0.321s] Level 1:colcon.colcon_core.package_identification:_identify(log) by extension 'ignore'
[0.321s] Level 1:colcon.colcon_core.package_identification:_identify(log) ignored
[0.321s] Level 1:colcon.colcon_core.package_identification:_identify(senai_ros2) by extensions ['ignore', 'ignore_ament_install']
[0.321s] Level 1:colcon.colcon_core.package_identification:_identify(senai_ros2) by extension 'ignore'
[0.321s] Level 1:colcon.colcon_core.package_identification:_identify(senai_ros2) by extension 'ignore_ament_install'
[0.321s] Level 1:colcon.colcon_core.package_identification:_identify(senai_ros2) by extensions ['colcon_pkg']
[0.321s] Level 1:colcon.colcon_core.package_identification:_identify(senai_ros2) by extension 'colcon_pkg'
[0.321s] Level 1:colcon.colcon_core.package_identification:_identify(senai_ros2) by extensions ['colcon_meta']
[0.321s] Level 1:colcon.colcon_core.package_identification:_identify(senai_ros2) by extension 'colcon_meta'
[0.321s] Level 1:colcon.colcon_core.package_identification:_identify(senai_ros2) by extensions ['ros']
[0.321s] Level 1:colcon.colcon_core.package_identification:_identify(senai_ros2) by extension 'ros'
[0.324s] DEBUG:colcon.colcon_core.package_identification:Package 'senai_ros2' with type 'ros.ament_cmake' and name 'senai_ros2'
[0.324s] Level 1:colcon.colcon_core.package_identification:_identify(sensor_interface) by extensions ['ignore', 'ignore_ament_install']
[0.324s] Level 1:colcon.colcon_core.package_identification:_identify(sensor_interface) by extension 'ignore'
[0.324s] Level 1:colcon.colcon_core.package_identification:_identify(sensor_interface) by extension 'ignore_ament_install'
[0.324s] Level 1:colcon.colcon_core.package_identification:_identify(sensor_interface) by extensions ['colcon_pkg']
[0.324s] Level 1:colcon.colcon_core.package_identification:_identify(sensor_interface) by extension 'colcon_pkg'
[0.324s] Level 1:colcon.colcon_core.package_identification:_identify(sensor_interface) by extensions ['colcon_meta']
[0.324s] Level 1:colcon.colcon_core.package_identification:_identify(sensor_interface) by extension 'colcon_meta'
[0.325s] Level 1:colcon.colcon_core.package_identification:_identify(sensor_interface) by extensions ['ros']
[0.325s] Level 1:colcon.colcon_core.package_identification:_identify(sensor_interface) by extension 'ros'
[0.325s] DEBUG:colcon.colcon_core.package_identification:Package 'sensor_interface' with type 'ros.ament_cmake' and name 'sensor_interface'
[0.326s] Level 1:colcon.colcon_core.package_discovery:discover_packages(recursive) using defaults
[0.326s] Level 1:colcon.colcon_core.package_discovery:discover_packages(ignore) discover
[0.326s] Level 1:colcon.colcon_core.package_discovery:discover_packages(ignore) using defaults
[0.326s] Level 1:colcon.colcon_core.package_discovery:discover_packages(path) discover
[0.326s] Level 1:colcon.colcon_core.package_discovery:discover_packages(path) using defaults
[0.345s] Level 1:colcon.colcon_core.package_discovery:discover_packages(prefix_path) check parameters
[0.345s] Level 1:colcon.colcon_core.package_discovery:discover_packages(prefix_path) discover
[0.346s] WARNING:colcon.colcon_core.prefix_path.colcon:The path '/home/heronsaba/ros2_challenges/ros2_ws/src/install' in the environment variable COLCON_PREFIX_PATH doesn't exist
[0.347s] WARNING:colcon.colcon_ros.prefix_path.ament:The path '/home/heronsaba/ros2_challenges/ros2_ws/src/install/senai_ros2' in the environment variable AMENT_PREFIX_PATH doesn't exist
[0.347s] WARNING:colcon.colcon_ros.prefix_path.ament:The path '/home/heronsaba/ros2_challenges/ros2_ws/src/install/sensor_interface' in the environment variable AMENT_PREFIX_PATH doesn't exist
[0.347s] WARNING:colcon.colcon_ros.prefix_path.catkin:The path '/home/heronsaba/ros2_challenges/ros2_ws/src/install/senai_ros2' in the environment variable CMAKE_PREFIX_PATH doesn't exist
[0.347s] WARNING:colcon.colcon_ros.prefix_path.catkin:The path '/home/heronsaba/ros2_challenges/ros2_ws/src/install/sensor_interface' in the environment variable CMAKE_PREFIX_PATH doesn't exist
[0.348s] DEBUG:colcon.colcon_installed_package_information.package_discovery:Found 2 installed packages in /home/heronsaba/ros2_challenge/ros2_ws/src/install
[0.349s] DEBUG:colcon.colcon_installed_package_information.package_discovery:Found 270 installed packages in /opt/ros/humble
[0.365s] Level 1:colcon.colcon_core.package_discovery:discover_packages(prefix_path) using defaults
[0.404s] Level 5:colcon.colcon_core.verb:set package 'sensor_interface' build argument 'cmake_args' from command line to 'None'
[0.404s] Level 5:colcon.colcon_core.verb:set package 'sensor_interface' build argument 'cmake_target' from command line to 'None'
[0.404s] Level 5:colcon.colcon_core.verb:set package 'sensor_interface' build argument 'cmake_target_skip_unavailable' from command line to 'False'
[0.404s] Level 5:colcon.colcon_core.verb:set package 'sensor_interface' build argument 'cmake_clean_cache' from command line to 'False'
[0.404s] Level 5:colcon.colcon_core.verb:set package 'sensor_interface' build argument 'cmake_clean_first' from command line to 'False'
[0.404s] Level 5:colcon.colcon_core.verb:set package 'sensor_interface' build argument 'cmake_force_configure' from command line to 'False'
[0.404s] Level 5:colcon.colcon_core.verb:set package 'sensor_interface' build argument 'ament_cmake_args' from command line to 'None'
[0.404s] Level 5:colcon.colcon_core.verb:set package 'sensor_interface' build argument 'catkin_cmake_args' from command line to 'None'
[0.404s] Level 5:colcon.colcon_core.verb:set package 'sensor_interface' build argument 'catkin_skip_building_tests' from command line to 'False'
[0.404s] DEBUG:colcon.colcon_core.verb:Building package 'sensor_interface' with the following arguments: {'ament_cmake_args': None, 'build_base': '/home/heronsaba/ros2_challenge/ros2_ws/src/build/sensor_interface', 'catkin_cmake_args': None, 'catkin_skip_building_tests': False, 'cmake_args': None, 'cmake_clean_cache': False, 'cmake_clean_first': False, 'cmake_force_configure': False, 'cmake_target': None, 'cmake_target_skip_unavailable': False, 'install_base': '/home/heronsaba/ros2_challenge/ros2_ws/src/install/sensor_interface', 'merge_install': False, 'path': '/home/heronsaba/ros2_challenge/ros2_ws/src/sensor_interface', 'symlink_install': True, 'test_result_base': None}
[0.405s] Level 5:colcon.colcon_core.verb:set package 'senai_ros2' build argument 'cmake_args' from command line to 'None'
[0.405s] Level 5:colcon.colcon_core.verb:set package 'senai_ros2' build argument 'cmake_target' from command line to 'None'
[0.405s] Level 5:colcon.colcon_core.verb:set package 'senai_ros2' build argument 'cmake_target_skip_unavailable' from command line to 'False'
[0.405s] Level 5:colcon.colcon_core.verb:set package 'senai_ros2' build argument 'cmake_clean_cache' from command line to 'False'
[0.405s] Level 5:colcon.colcon_core.verb:set package 'senai_ros2' build argument 'cmake_clean_first' from command line to 'False'
[0.405s] Level 5:colcon.colcon_core.verb:set package 'senai_ros2' build argument 'cmake_force_configure' from command line to 'False'
[0.405s] Level 5:colcon.colcon_core.verb:set package 'senai_ros2' build argument 'ament_cmake_args' from command line to 'None'
[0.405s] Level 5:colcon.colcon_core.verb:set package 'senai_ros2' build argument 'catkin_cmake_args' from command line to 'None'
[0.405s] Level 5:colcon.colcon_core.verb:set package 'senai_ros2' build argument 'catkin_skip_building_tests' from command line to 'False'
[0.405s] DEBUG:colcon.colcon_core.verb:Building package 'senai_ros2' with the following arguments: {'ament_cmake_args': None, 'build_base': '/home/heronsaba/ros2_challenge/ros2_ws/src/build/senai_ros2', 'catkin_cmake_args': None, 'catkin_skip_building_tests': False, 'cmake_args': None, 'cmake_clean_cache': False, 'cmake_clean_first': False, 'cmake_force_configure': False, 'cmake_target': None, 'cmake_target_skip_unavailable': False, 'install_base': '/home/heronsaba/ros2_challenge/ros2_ws/src/install/senai_ros2', 'merge_install': False, 'path': '/home/heronsaba/ros2_challenge/ros2_ws/src/senai_ros2', 'symlink_install': True, 'test_result_base': None}
[0.405s] INFO:colcon.colcon_core.executor:Executing jobs using 'parallel' executor
[0.407s] DEBUG:colcon.colcon_parallel_executor.executor.parallel:run_until_complete
[0.407s] INFO:colcon.colcon_ros.task.ament_cmake.build:Building ROS package in '/home/heronsaba/ros2_challenge/ros2_ws/src/sensor_interface' with build type 'ament_cmake'
[0.408s] INFO:colcon.colcon_cmake.task.cmake.build:Building CMake package in '/home/heronsaba/ros2_challenge/ros2_ws/src/sensor_interface'
[0.410s] INFO:colcon.colcon_core.plugin_system:Skipping extension 'colcon_core.shell.bat': Not used on non-Windows systems
[0.411s] INFO:colcon.colcon_core.shell:Skip shell extension 'powershell' for command environment: Not usable outside of PowerShell
[0.411s] DEBUG:colcon.colcon_core.shell:Skip shell extension 'dsv' for command environment
[0.427s] DEBUG:colcon.colcon_core.event_handler.log_command:Invoking command in '/home/heronsaba/ros2_challenge/ros2_ws/src/build/sensor_interface': CMAKE_PREFIX_PATH=${CMAKE_PREFIX_PATH}:/opt/ros/humble /usr/bin/cmake --build /home/heronsaba/ros2_challenge/ros2_ws/src/build/sensor_interface -- -j2 -l2
[1.161s] DEBUG:colcon.colcon_core.event_handler.log_command:Invoked command in '/home/heronsaba/ros2_challenge/ros2_ws/src/build/sensor_interface' returned '0': CMAKE_PREFIX_PATH=${CMAKE_PREFIX_PATH}:/opt/ros/humble /usr/bin/cmake --build /home/heronsaba/ros2_challenge/ros2_ws/src/build/sensor_interface -- -j2 -l2
[1.291s] DEBUG:colcon.colcon_core.event_handler.log_command:Invoking command in '/home/heronsaba/ros2_challenge/ros2_ws/src/build/sensor_interface': CMAKE_PREFIX_PATH=${CMAKE_PREFIX_PATH}:/opt/ros/humble /usr/bin/cmake --install /home/heronsaba/ros2_challenge/ros2_ws/src/build/sensor_interface
[1.404s] Level 1:colcon.colcon_core.environment:create_environment_scripts_only(sensor_interface)
[1.406s] Level 1:colcon.colcon_core.environment:checking '/home/heronsaba/ros2_challenge/ros2_ws/src/install/sensor_interface' for CMake module files
[1.407s] Level 1:colcon.colcon_core.environment:checking '/home/heronsaba/ros2_challenge/ros2_ws/src/install/sensor_interface' for CMake config files
[1.407s] DEBUG:colcon.colcon_core.event_handler.log_command:Invoked command in '/home/heronsaba/ros2_challenge/ros2_ws/src/build/sensor_interface' returned '0': CMAKE_PREFIX_PATH=${CMAKE_PREFIX_PATH}:/opt/ros/humble /usr/bin/cmake --install /home/heronsaba/ros2_challenge/ros2_ws/src/build/sensor_interface
[1.408s] Level 1:colcon.colcon_core.shell:create_environment_hook('sensor_interface', 'cmake_prefix_path')
[1.408s] INFO:colcon.colcon_core.shell:Creating environment hook '/home/heronsaba/ros2_challenge/ros2_ws/src/install/sensor_interface/share/sensor_interface/hook/cmake_prefix_path.ps1'
[1.409s] INFO:colcon.colcon_core.shell:Creating environment descriptor '/home/heronsaba/ros2_challenge/ros2_ws/src/install/sensor_interface/share/sensor_interface/hook/cmake_prefix_path.dsv'
[1.409s] INFO:colcon.colcon_core.shell:Creating environment hook '/home/heronsaba/ros2_challenge/ros2_ws/src/install/sensor_interface/share/sensor_interface/hook/cmake_prefix_path.sh'
[1.410s] Level 1:colcon.colcon_core.environment:checking '/home/heronsaba/ros2_challenge/ros2_ws/src/install/sensor_interface/lib'
[1.411s] Level 1:colcon.colcon_core.shell:create_environment_hook('sensor_interface', 'ld_library_path_lib')
[1.411s] INFO:colcon.colcon_core.shell:Creating environment hook '/home/heronsaba/ros2_challenge/ros2_ws/src/install/sensor_interface/share/sensor_interface/hook/ld_library_path_lib.ps1'
[1.411s] INFO:colcon.colcon_core.shell:Creating environment descriptor '/home/heronsaba/ros2_challenge/ros2_ws/src/install/sensor_interface/share/sensor_interface/hook/ld_library_path_lib.dsv'
[1.412s] INFO:colcon.colcon_core.shell:Creating environment hook '/home/heronsaba/ros2_challenge/ros2_ws/src/install/sensor_interface/share/sensor_interface/hook/ld_library_path_lib.sh'
[1.413s] Level 1:colcon.colcon_core.environment:checking '/home/heronsaba/ros2_challenge/ros2_ws/src/install/sensor_interface/bin'
[1.413s] Level 1:colcon.colcon_core.environment:checking '/home/heronsaba/ros2_challenge/ros2_ws/src/install/sensor_interface/lib/pkgconfig/sensor_interface.pc'
[1.413s] Level 1:colcon.colcon_core.environment:checking '/home/heronsaba/ros2_challenge/ros2_ws/src/install/sensor_interface/lib/python3.10/site-packages'
[1.413s] Level 1:colcon.colcon_core.environment:checking '/home/heronsaba/ros2_challenge/ros2_ws/src/install/sensor_interface/bin'
[1.414s] INFO:colcon.colcon_core.shell:Creating package script '/home/heronsaba/ros2_challenge/ros2_ws/src/install/sensor_interface/share/sensor_interface/package.ps1'
[1.415s] INFO:colcon.colcon_core.shell:Creating package descriptor '/home/heronsaba/ros2_challenge/ros2_ws/src/install/sensor_interface/share/sensor_interface/package.dsv'
[1.415s] INFO:colcon.colcon_core.shell:Creating package script '/home/heronsaba/ros2_challenge/ros2_ws/src/install/sensor_interface/share/sensor_interface/package.sh'
[1.416s] INFO:colcon.colcon_core.shell:Creating package script '/home/heronsaba/ros2_challenge/ros2_ws/src/install/sensor_interface/share/sensor_interface/package.bash'
[1.417s] INFO:colcon.colcon_core.shell:Creating package script '/home/heronsaba/ros2_challenge/ros2_ws/src/install/sensor_interface/share/sensor_interface/package.zsh'
[1.418s] Level 1:colcon.colcon_core.environment:create_file_with_runtime_dependencies(/home/heronsaba/ros2_challenge/ros2_ws/src/install/sensor_interface/share/colcon-core/packages/sensor_interface)
[1.527s] Level 1:colcon.colcon_core.environment:create_environment_scripts_only(sensor_interface)
[1.528s] Level 1:colcon.colcon_core.environment:checking '/home/heronsaba/ros2_challenge/ros2_ws/src/install/sensor_interface' for CMake module files
[1.529s] Level 1:colcon.colcon_core.environment:checking '/home/heronsaba/ros2_challenge/ros2_ws/src/install/sensor_interface' for CMake config files
[1.529s] Level 1:colcon.colcon_core.shell:create_environment_hook('sensor_interface', 'cmake_prefix_path')
[1.530s] INFO:colcon.colcon_core.shell:Creating environment hook '/home/heronsaba/ros2_challenge/ros2_ws/src/install/sensor_interface/share/sensor_interface/hook/cmake_prefix_path.ps1'
[1.531s] INFO:colcon.colcon_core.shell:Creating environment descriptor '/home/heronsaba/ros2_challenge/ros2_ws/src/install/sensor_interface/share/sensor_interface/hook/cmake_prefix_path.dsv'
[1.531s] INFO:colcon.colcon_core.shell:Creating environment hook '/home/heronsaba/ros2_challenge/ros2_ws/src/install/sensor_interface/share/sensor_interface/hook/cmake_prefix_path.sh'
[1.533s] Level 1:colcon.colcon_core.environment:checking '/home/heronsaba/ros2_challenge/ros2_ws/src/install/sensor_interface/lib'
[1.533s] Level 1:colcon.colcon_core.shell:create_environment_hook('sensor_interface', 'ld_library_path_lib')
[1.533s] INFO:colcon.colcon_core.shell:Creating environment hook '/home/heronsaba/ros2_challenge/ros2_ws/src/install/sensor_interface/share/sensor_interface/hook/ld_library_path_lib.ps1'
[1.534s] INFO:colcon.colcon_core.shell:Creating environment descriptor '/home/heronsaba/ros2_challenge/ros2_ws/src/install/sensor_interface/share/sensor_interface/hook/ld_library_path_lib.dsv'
[1.535s] INFO:colcon.colcon_core.shell:Creating environment hook '/home/heronsaba/ros2_challenge/ros2_ws/src/install/sensor_interface/share/sensor_interface/hook/ld_library_path_lib.sh'
[1.535s] Level 1:colcon.colcon_core.environment:checking '/home/heronsaba/ros2_challenge/ros2_ws/src/install/sensor_interface/bin'
[1.536s] Level 1:colcon.colcon_core.environment:checking '/home/heronsaba/ros2_challenge/ros2_ws/src/install/sensor_interface/lib/pkgconfig/sensor_interface.pc'
[1.536s] Level 1:colcon.colcon_core.environment:checking '/home/heronsaba/ros2_challenge/ros2_ws/src/install/sensor_interface/lib/python3.10/site-packages'
[1.536s] Level 1:colcon.colcon_core.environment:checking '/home/heronsaba/ros2_challenge/ros2_ws/src/install/sensor_interface/bin'
[1.537s] INFO:colcon.colcon_core.shell:Creating package script '/home/heronsaba/ros2_challenge/ros2_ws/src/install/sensor_interface/share/sensor_interface/package.ps1'
[1.538s] INFO:colcon.colcon_core.shell:Creating package descriptor '/home/heronsaba/ros2_challenge/ros2_ws/src/install/sensor_interface/share/sensor_interface/package.dsv'
[1.539s] INFO:colcon.colcon_core.shell:Creating package script '/home/heronsaba/ros2_challenge/ros2_ws/src/install/sensor_interface/share/sensor_interface/package.sh'
[1.539s] INFO:colcon.colcon_core.shell:Creating package script '/home/heronsaba/ros2_challenge/ros2_ws/src/install/sensor_interface/share/sensor_interface/package.bash'
[1.540s] INFO:colcon.colcon_core.shell:Creating package script '/home/heronsaba/ros2_challenge/ros2_ws/src/install/sensor_interface/share/sensor_interface/package.zsh'
[1.541s] Level 1:colcon.colcon_core.environment:create_file_with_runtime_dependencies(/home/heronsaba/ros2_challenge/ros2_ws/src/install/sensor_interface/share/colcon-core/packages/sensor_interface)
[1.543s] INFO:colcon.colcon_ros.task.ament_cmake.build:Building ROS package in '/home/heronsaba/ros2_challenge/ros2_ws/src/senai_ros2' with build type 'ament_cmake'
[1.543s] INFO:colcon.colcon_cmake.task.cmake.build:Building CMake package in '/home/heronsaba/ros2_challenge/ros2_ws/src/senai_ros2'
[1.544s] INFO:colcon.colcon_core.shell:Skip shell extension 'powershell' for command environment: Not usable outside of PowerShell
[1.544s] DEBUG:colcon.colcon_core.shell:Skip shell extension 'dsv' for command environment
[1.561s] DEBUG:colcon.colcon_core.event_handler.log_command:Invoking command in '/home/heronsaba/ros2_challenge/ros2_ws/src/build/senai_ros2': CMAKE_PREFIX_PATH=/home/heronsaba/ros2_challenge/ros2_ws/src/install/sensor_interface:/home/heronsaba/ros2_challenge/ros2_ws/src/install/senai_ros2:/home/heronsaba/ros2_challenges/ros2_ws/src/install/senai_ros2:/home/heronsaba/ros2_challenges/ros2_ws/src/install/sensor_interface:/opt/ros/humble /usr/bin/cmake --build /home/heronsaba/ros2_challenge/ros2_ws/src/build/senai_ros2 -- -j2 -l2
[14.276s] DEBUG:colcon.colcon_core.event_handler.log_command:Invoked command in '/home/heronsaba/ros2_challenge/ros2_ws/src/build/senai_ros2' returned '0': CMAKE_PREFIX_PATH=/home/heronsaba/ros2_challenge/ros2_ws/src/install/sensor_interface:/home/heronsaba/ros2_challenge/ros2_ws/src/install/senai_ros2:/home/heronsaba/ros2_challenges/ros2_ws/src/install/senai_ros2:/home/heronsaba/ros2_challenges/ros2_ws/src/install/sensor_interface:/opt/ros/humble /usr/bin/cmake --build /home/heronsaba/ros2_challenge/ros2_ws/src/build/senai_ros2 -- -j2 -l2
[14.316s] DEBUG:colcon.colcon_core.event_handler.log_command:Invoking command in '/home/heronsaba/ros2_challenge/ros2_ws/src/build/senai_ros2': CMAKE_PREFIX_PATH=/home/heronsaba/ros2_challenge/ros2_ws/src/install/sensor_interface:/home/heronsaba/ros2_challenge/ros2_ws/src/install/senai_ros2:/home/heronsaba/ros2_challenges/ros2_ws/src/install/senai_ros2:/home/heronsaba/ros2_challenges/ros2_ws/src/install/sensor_interface:/opt/ros/humble /usr/bin/cmake --install /home/heronsaba/ros2_challenge/ros2_ws/src/build/senai_ros2
[14.349s] Level 1:colcon.colcon_core.environment:create_environment_scripts_only(senai_ros2)
[14.349s] Level 1:colcon.colcon_core.environment:checking '/home/heronsaba/ros2_challenge/ros2_ws/src/install/senai_ros2' for CMake module files
[14.350s] DEBUG:colcon.colcon_core.event_handler.log_command:Invoked command in '/home/heronsaba/ros2_challenge/ros2_ws/src/build/senai_ros2' returned '0': CMAKE_PREFIX_PATH=/home/heronsaba/ros2_challenge/ros2_ws/src/install/sensor_interface:/home/heronsaba/ros2_challenge/ros2_ws/src/install/senai_ros2:/home/heronsaba/ros2_challenges/ros2_ws/src/install/senai_ros2:/home/heronsaba/ros2_challenges/ros2_ws/src/install/sensor_interface:/opt/ros/humble /usr/bin/cmake --install /home/heronsaba/ros2_challenge/ros2_ws/src/build/senai_ros2
[14.351s] Level 1:colcon.colcon_core.environment:checking '/home/heronsaba/ros2_challenge/ros2_ws/src/install/senai_ros2' for CMake config files
[14.351s] Level 1:colcon.colcon_core.shell:create_environment_hook('senai_ros2', 'cmake_prefix_path')
[14.351s] INFO:colcon.colcon_core.shell:Creating environment hook '/home/heronsaba/ros2_challenge/ros2_ws/src/install/senai_ros2/share/senai_ros2/hook/cmake_prefix_path.ps1'
[14.352s] INFO:colcon.colcon_core.shell:Creating environment descriptor '/home/heronsaba/ros2_challenge/ros2_ws/src/install/senai_ros2/share/senai_ros2/hook/cmake_prefix_path.dsv'
[14.353s] INFO:colcon.colcon_core.shell:Creating environment hook '/home/heronsaba/ros2_challenge/ros2_ws/src/install/senai_ros2/share/senai_ros2/hook/cmake_prefix_path.sh'
[14.353s] Level 1:colcon.colcon_core.environment:checking '/home/heronsaba/ros2_challenge/ros2_ws/src/install/senai_ros2/lib'
[14.354s] Level 1:colcon.colcon_core.environment:checking '/home/heronsaba/ros2_challenge/ros2_ws/src/install/senai_ros2/bin'
[14.354s] Level 1:colcon.colcon_core.environment:checking '/home/heronsaba/ros2_challenge/ros2_ws/src/install/senai_ros2/lib/pkgconfig/senai_ros2.pc'
[14.354s] Level 1:colcon.colcon_core.environment:checking '/home/heronsaba/ros2_challenge/ros2_ws/src/install/senai_ros2/lib/python3.10/site-packages'
[14.354s] Level 1:colcon.colcon_core.environment:checking '/home/heronsaba/ros2_challenge/ros2_ws/src/install/senai_ros2/bin'
[14.354s] INFO:colcon.colcon_core.shell:Creating package script '/home/heronsaba/ros2_challenge/ros2_ws/src/install/senai_ros2/share/senai_ros2/package.ps1'
[14.355s] INFO:colcon.colcon_core.shell:Creating package descriptor '/home/heronsaba/ros2_challenge/ros2_ws/src/install/senai_ros2/share/senai_ros2/package.dsv'
[14.355s] INFO:colcon.colcon_core.shell:Creating package script '/home/heronsaba/ros2_challenge/ros2_ws/src/install/senai_ros2/share/senai_ros2/package.sh'
[14.356s] INFO:colcon.colcon_core.shell:Creating package script '/home/heronsaba/ros2_challenge/ros2_ws/src/install/senai_ros2/share/senai_ros2/package.bash'
[14.356s] INFO:colcon.colcon_core.shell:Creating package script '/home/heronsaba/ros2_challenge/ros2_ws/src/install/senai_ros2/share/senai_ros2/package.zsh'
[14.357s] Level 1:colcon.colcon_core.environment:create_file_with_runtime_dependencies(/home/heronsaba/ros2_challenge/ros2_ws/src/install/senai_ros2/share/colcon-core/packages/senai_ros2)
[14.398s] Level 1:colcon.colcon_core.environment:create_environment_scripts_only(senai_ros2)
[14.398s] Level 1:colcon.colcon_core.environment:checking '/home/heronsaba/ros2_challenge/ros2_ws/src/install/senai_ros2' for CMake module files
[14.399s] Level 1:colcon.colcon_core.environment:checking '/home/heronsaba/ros2_challenge/ros2_ws/src/install/senai_ros2' for CMake config files
[14.399s] Level 1:colcon.colcon_core.shell:create_environment_hook('senai_ros2', 'cmake_prefix_path')
[14.400s] INFO:colcon.colcon_core.shell:Creating environment hook '/home/heronsaba/ros2_challenge/ros2_ws/src/install/senai_ros2/share/senai_ros2/hook/cmake_prefix_path.ps1'
[14.400s] INFO:colcon.colcon_core.shell:Creating environment descriptor '/home/heronsaba/ros2_challenge/ros2_ws/src/install/senai_ros2/share/senai_ros2/hook/cmake_prefix_path.dsv'
[14.401s] INFO:colcon.colcon_core.shell:Creating environment hook '/home/heronsaba/ros2_challenge/ros2_ws/src/install/senai_ros2/share/senai_ros2/hook/cmake_prefix_path.sh'
[14.401s] Level 1:colcon.colcon_core.environment:checking '/home/heronsaba/ros2_challenge/ros2_ws/src/install/senai_ros2/lib'
[14.402s] Level 1:colcon.colcon_core.environment:checking '/home/heronsaba/ros2_challenge/ros2_ws/src/install/senai_ros2/bin'
[14.402s] Level 1:colcon.colcon_core.environment:checking '/home/heronsaba/ros2_challenge/ros2_ws/src/install/senai_ros2/lib/pkgconfig/senai_ros2.pc'
[14.402s] Level 1:colcon.colcon_core.environment:checking '/home/heronsaba/ros2_challenge/ros2_ws/src/install/senai_ros2/lib/python3.10/site-packages'
[14.402s] Level 1:colcon.colcon_core.environment:checking '/home/heronsaba/ros2_challenge/ros2_ws/src/install/senai_ros2/bin'
[14.402s] INFO:colcon.colcon_core.shell:Creating package script '/home/heronsaba/ros2_challenge/ros2_ws/src/install/senai_ros2/share/senai_ros2/package.ps1'
[14.403s] INFO:colcon.colcon_core.shell:Creating package descriptor '/home/heronsaba/ros2_challenge/ros2_ws/src/install/senai_ros2/share/senai_ros2/package.dsv'
[14.404s] INFO:colcon.colcon_core.shell:Creating package script '/home/heronsaba/ros2_challenge/ros2_ws/src/install/senai_ros2/share/senai_ros2/package.sh'
[14.404s] INFO:colcon.colcon_core.shell:Creating package script '/home/heronsaba/ros2_challenge/ros2_ws/src/install/senai_ros2/share/senai_ros2/package.bash'
[14.404s] INFO:colcon.colcon_core.shell:Creating package script '/home/heronsaba/ros2_challenge/ros2_ws/src/install/senai_ros2/share/senai_ros2/package.zsh'
[14.405s] Level 1:colcon.colcon_core.environment:create_file_with_runtime_dependencies(/home/heronsaba/ros2_challenge/ros2_ws/src/install/senai_ros2/share/colcon-core/packages/senai_ros2)
[14.405s] DEBUG:colcon.colcon_parallel_executor.executor.parallel:closing loop
[14.406s] DEBUG:colcon.colcon_parallel_executor.executor.parallel:loop closed
[14.406s] DEBUG:colcon.colcon_parallel_executor.executor.parallel:run_until_complete finished with '0'
[14.406s] DEBUG:colcon.colcon_core.event_reactor:joining thread
[14.413s] INFO:colcon.colcon_core.plugin_system:Skipping extension 'colcon_notification.desktop_notification.terminal_notifier': Not used on non-Darwin systems
[14.413s] INFO:colcon.colcon_core.plugin_system:Skipping extension 'colcon_notification.desktop_notification.win32': Not used on non-Windows systems
[14.413s] INFO:colcon.colcon_notification.desktop_notification:Sending desktop notification using 'notify2'
[14.429s] DEBUG:colcon.colcon_core.event_reactor:joined thread
[14.430s] INFO:colcon.colcon_core.shell:Creating prefix script '/home/heronsaba/ros2_challenge/ros2_ws/src/install/local_setup.ps1'
[14.431s] INFO:colcon.colcon_core.shell:Creating prefix util module '/home/heronsaba/ros2_challenge/ros2_ws/src/install/_local_setup_util_ps1.py'
[14.433s] INFO:colcon.colcon_core.shell:Creating prefix chain script '/home/heronsaba/ros2_challenge/ros2_ws/src/install/setup.ps1'
[14.434s] INFO:colcon.colcon_core.shell:Creating prefix script '/home/heronsaba/ros2_challenge/ros2_ws/src/install/local_setup.sh'
[14.435s] INFO:colcon.colcon_core.shell:Creating prefix util module '/home/heronsaba/ros2_challenge/ros2_ws/src/install/_local_setup_util_sh.py'
[14.435s] INFO:colcon.colcon_core.shell:Creating prefix chain script '/home/heronsaba/ros2_challenge/ros2_ws/src/install/setup.sh'
[14.437s] INFO:colcon.colcon_core.shell:Creating prefix script '/home/heronsaba/ros2_challenge/ros2_ws/src/install/local_setup.bash'
[14.438s] INFO:colcon.colcon_core.shell:Creating prefix chain script '/home/heronsaba/ros2_challenge/ros2_ws/src/install/setup.bash'
[14.439s] INFO:colcon.colcon_core.shell:Creating prefix script '/home/heronsaba/ros2_challenge/ros2_ws/src/install/local_setup.zsh'
[14.439s] INFO:colcon.colcon_core.shell:Creating prefix chain script '/home/heronsaba/ros2_challenge/ros2_ws/src/install/setup.zsh'
