[35m[1mConsolidate compiler generated dependencies of target sensor_interface__rosidl_generator_c[0m
[ 12%] Built target sensor_interface__rosidl_generator_c
[ 12%] Built target sensor_interface__cpp
[ 12%] Built target ament_cmake_python_symlink_sensor_interface
[35m[1mConsolidate compiler generated dependencies of target sensor_interface__rosidl_typesupport_cpp[0m
[35m[1mConsolidate compiler generated dependencies of target sensor_interface__rosidl_typesupport_fastrtps_c[0m
[ 23%] Built target sensor_interface__rosidl_typesupport_fastrtps_c
[ 33%] Built target sensor_interface__rosidl_typesupport_cpp
[35m[1mConsolidate compiler generated dependencies of target sensor_interface__rosidl_typesupport_introspection_c[0m
[35m[1mConsolidate compiler generated dependencies of target sensor_interface__rosidl_typesupport_c[0m
[ 43%] Built target sensor_interface__rosidl_typesupport_introspection_c
[ 53%] Built target sensor_interface__rosidl_typesupport_c
[35m[1mConsolidate compiler generated dependencies of target sensor_interface__rosidl_typesupport_fastrtps_cpp[0m
[35m[1mConsolidate compiler generated dependencies of target sensor_interface__rosidl_typesupport_introspection_cpp[0m
[ 64%] Built target sensor_interface__rosidl_typesupport_fastrtps_cpp
[ 74%] Built target sensor_interface__rosidl_typesupport_introspection_cpp
[ 74%] Built target sensor_interface
[ 76%] Built target sensor_interface__py
[35m[1mConsolidate compiler generated dependencies of target sensor_interface__rosidl_generator_py[0m
[ 84%] Built target sensor_interface__rosidl_generator_py
[35m[1mConsolidate compiler generated dependencies of target sensor_interface__rosidl_typesupport_fastrtps_c__pyext[0m
[ 89%] Built target sensor_interface__rosidl_typesupport_fastrtps_c__pyext
[35m[1mConsolidate compiler generated dependencies of target sensor_interface__rosidl_typesupport_introspection_c__pyext[0m
[ 94%] Built target sensor_interface__rosidl_typesupport_introspection_c__pyext
[35m[1mConsolidate compiler generated dependencies of target sensor_interface__rosidl_typesupport_c__pyext[0m
[100%] Built target sensor_interface__rosidl_typesupport_c__pyext
running egg_info
writing sensor_interface.egg-info/PKG-INFO
writing dependency_links to sensor_interface.egg-info/dependency_links.txt
writing top-level names to sensor_interface.egg-info/top_level.txt
reading manifest file 'sensor_interface.egg-info/SOURCES.txt'
writing manifest file 'sensor_interface.egg-info/SOURCES.txt'
[100%] Built target ament_cmake_python_build_sensor_interface_egg
-- Install configuration: ""
-- Execute custom install script
-- Up-to-date symlink: /home/heronsaba/ros2_challenge/ros2_ws/src/install/sensor_interface/share/ament_index/resource_index/rosidl_interfaces/sensor_interface
-- Up-to-date symlink: /home/heronsaba/ros2_challenge/ros2_ws/src/install/sensor_interface/include/sensor_interface/sensor_interface/msg/detail/nums__functions.h
-- Up-to-date symlink: /home/heronsaba/ros2_challenge/ros2_ws/src/install/sensor_interface/include/sensor_interface/sensor_interface/msg/detail/nums__struct.h
-- Up-to-date symlink: /home/heronsaba/ros2_challenge/ros2_ws/src/install/sensor_interface/include/sensor_interface/sensor_interface/msg/detail/nums__type_support.h
-- Up-to-date symlink: /home/heronsaba/ros2_challenge/ros2_ws/src/install/sensor_interface/include/sensor_interface/sensor_interface/msg/nums.h
-- Up-to-date symlink: /home/heronsaba/ros2_challenge/ros2_ws/src/install/sensor_interface/include/sensor_interface/sensor_interface/msg/rosidl_generator_c__visibility_control.h
-- Up-to-date symlink: /home/heronsaba/ros2_challenge/ros2_ws/src/install/sensor_interface/include/sensor_interface/sensor_interface/srv/detail/send_image__functions.h
-- Up-to-date symlink: /home/heronsaba/ros2_challenge/ros2_ws/src/install/sensor_interface/include/sensor_interface/sensor_interface/srv/detail/send_image__struct.h
-- Up-to-date symlink: /home/heronsaba/ros2_challenge/ros2_ws/src/install/sensor_interface/include/sensor_interface/sensor_interface/srv/detail/send_image__type_support.h
-- Up-to-date symlink: /home/heronsaba/ros2_challenge/ros2_ws/src/install/sensor_interface/include/sensor_interface/sensor_interface/srv/send_image.h
-- Up-to-date symlink: /home/heronsaba/ros2_challenge/ros2_ws/src/install/sensor_interface/share/sensor_interface/environment/library_path.sh
-- Up-to-date symlink: /home/heronsaba/ros2_challenge/ros2_ws/src/install/sensor_interface/share/sensor_interface/environment/library_path.dsv
-- Up-to-date symlink: /home/heronsaba/ros2_challenge/ros2_ws/src/install/sensor_interface/include/sensor_interface/sensor_interface/msg/detail/nums__rosidl_typesupport_fastrtps_c.h
-- Up-to-date symlink: /home/heronsaba/ros2_challenge/ros2_ws/src/install/sensor_interface/include/sensor_interface/sensor_interface/msg/rosidl_typesupport_fastrtps_c__visibility_control.h
-- Up-to-date symlink: /home/heronsaba/ros2_challenge/ros2_ws/src/install/sensor_interface/include/sensor_interface/sensor_interface/srv/detail/send_image__rosidl_typesupport_fastrtps_c.h
-- Up-to-date symlink: /home/heronsaba/ros2_challenge/ros2_ws/src/install/sensor_interface/include/sensor_interface/sensor_interface/msg/detail/nums__rosidl_typesupport_introspection_c.h
-- Up-to-date symlink: /home/heronsaba/ros2_challenge/ros2_ws/src/install/sensor_interface/include/sensor_interface/sensor_interface/msg/rosidl_typesupport_introspection_c__visibility_control.h
-- Up-to-date symlink: /home/heronsaba/ros2_challenge/ros2_ws/src/install/sensor_interface/include/sensor_interface/sensor_interface/srv/detail/send_image__rosidl_typesupport_introspection_c.h
-- Up-to-date symlink: /home/heronsaba/ros2_challenge/ros2_ws/src/install/sensor_interface/include/sensor_interface/sensor_interface/msg/detail/nums__builder.hpp
-- Up-to-date symlink: /home/heronsaba/ros2_challenge/ros2_ws/src/install/sensor_interface/include/sensor_interface/sensor_interface/msg/detail/nums__struct.hpp
-- Up-to-date symlink: /home/heronsaba/ros2_challenge/ros2_ws/src/install/sensor_interface/include/sensor_interface/sensor_interface/msg/detail/nums__traits.hpp
-- Up-to-date symlink: /home/heronsaba/ros2_challenge/ros2_ws/src/install/sensor_interface/include/sensor_interface/sensor_interface/msg/nums.hpp
-- Up-to-date symlink: /home/heronsaba/ros2_challenge/ros2_ws/src/install/sensor_interface/include/sensor_interface/sensor_interface/srv/detail/send_image__builder.hpp
-- Up-to-date symlink: /home/heronsaba/ros2_challenge/ros2_ws/src/install/sensor_interface/include/sensor_interface/sensor_interface/srv/detail/send_image__struct.hpp
-- Up-to-date symlink: /home/heronsaba/ros2_challenge/ros2_ws/src/install/sensor_interface/include/sensor_interface/sensor_interface/srv/detail/send_image__traits.hpp
-- Up-to-date symlink: /home/heronsaba/ros2_challenge/ros2_ws/src/install/sensor_interface/include/sensor_interface/sensor_interface/srv/send_image.hpp
-- Up-to-date symlink: /home/heronsaba/ros2_challenge/ros2_ws/src/install/sensor_interface/include/sensor_interface/sensor_interface/msg/detail/nums__rosidl_typesupport_fastrtps_cpp.hpp
-- Up-to-date symlink: /home/heronsaba/ros2_challenge/ros2_ws/src/install/sensor_interface/include/sensor_interface/sensor_interface/msg/rosidl_typesupport_fastrtps_cpp__visibility_control.h
-- Up-to-date symlink: /home/heronsaba/ros2_challenge/ros2_ws/src/install/sensor_interface/include/sensor_interface/sensor_interface/srv/detail/send_image__rosidl_typesupport_fastrtps_cpp.hpp
-- Up-to-date symlink: /home/heronsaba/ros2_challenge/ros2_ws/src/install/sensor_interface/include/sensor_interface/sensor_interface/msg/detail/nums__rosidl_typesupport_introspection_cpp.hpp
-- Up-to-date symlink: /home/heronsaba/ros2_challenge/ros2_ws/src/install/sensor_interface/include/sensor_interface/sensor_interface/srv/detail/send_image__rosidl_typesupport_introspection_cpp.hpp
-- Up-to-date symlink: /home/heronsaba/ros2_challenge/ros2_ws/src/install/sensor_interface/share/sensor_interface/environment/pythonpath.sh
-- Up-to-date symlink: /home/heronsaba/ros2_challenge/ros2_ws/src/install/sensor_interface/share/sensor_interface/environment/pythonpath.dsv
-- Up-to-date symlink: /home/heronsaba/ros2_challenge/ros2_ws/src/install/sensor_interface/local/lib/python3.10/dist-packages/sensor_interface-0.0.0-py3.10.egg-info/PKG-INFO
-- Up-to-date symlink: /home/heronsaba/ros2_challenge/ros2_ws/src/install/sensor_interface/local/lib/python3.10/dist-packages/sensor_interface-0.0.0-py3.10.egg-info/SOURCES.txt
-- Up-to-date symlink: /home/heronsaba/ros2_challenge/ros2_ws/src/install/sensor_interface/local/lib/python3.10/dist-packages/sensor_interface-0.0.0-py3.10.egg-info/dependency_links.txt
-- Up-to-date symlink: /home/heronsaba/ros2_challenge/ros2_ws/src/install/sensor_interface/local/lib/python3.10/dist-packages/sensor_interface-0.0.0-py3.10.egg-info/top_level.txt
-- Up-to-date symlink: /home/heronsaba/ros2_challenge/ros2_ws/src/install/sensor_interface/local/lib/python3.10/dist-packages/sensor_interface/__init__.py
-- Up-to-date symlink: /home/heronsaba/ros2_challenge/ros2_ws/src/install/sensor_interface/local/lib/python3.10/dist-packages/sensor_interface/_sensor_interface_s.ep.rosidl_typesupport_c.c
-- Up-to-date symlink: /home/heronsaba/ros2_challenge/ros2_ws/src/install/sensor_interface/local/lib/python3.10/dist-packages/sensor_interface/_sensor_interface_s.ep.rosidl_typesupport_fastrtps_c.c
-- Up-to-date symlink: /home/heronsaba/ros2_challenge/ros2_ws/src/install/sensor_interface/local/lib/python3.10/dist-packages/sensor_interface/_sensor_interface_s.ep.rosidl_typesupport_introspection_c.c
-- Up-to-date symlink: /home/heronsaba/ros2_challenge/ros2_ws/src/install/sensor_interface/local/lib/python3.10/dist-packages/sensor_interface/libsensor_interface__rosidl_generator_py.so
-- Up-to-date symlink: /home/heronsaba/ros2_challenge/ros2_ws/src/install/sensor_interface/local/lib/python3.10/dist-packages/sensor_interface/msg/__init__.py
-- Up-to-date symlink: /home/heronsaba/ros2_challenge/ros2_ws/src/install/sensor_interface/local/lib/python3.10/dist-packages/sensor_interface/msg/_nums.py
-- Up-to-date symlink: /home/heronsaba/ros2_challenge/ros2_ws/src/install/sensor_interface/local/lib/python3.10/dist-packages/sensor_interface/msg/_nums_s.c
-- Up-to-date symlink: /home/heronsaba/ros2_challenge/ros2_ws/src/install/sensor_interface/local/lib/python3.10/dist-packages/sensor_interface/sensor_interface_s__rosidl_typesupport_c.cpython-310-x86_64-linux-gnu.so
-- Up-to-date symlink: /home/heronsaba/ros2_challenge/ros2_ws/src/install/sensor_interface/local/lib/python3.10/dist-packages/sensor_interface/sensor_interface_s__rosidl_typesupport_fastrtps_c.cpython-310-x86_64-linux-gnu.so
-- Up-to-date symlink: /home/heronsaba/ros2_challenge/ros2_ws/src/install/sensor_interface/local/lib/python3.10/dist-packages/sensor_interface/sensor_interface_s__rosidl_typesupport_introspection_c.cpython-310-x86_64-linux-gnu.so
-- Up-to-date symlink: /home/heronsaba/ros2_challenge/ros2_ws/src/install/sensor_interface/local/lib/python3.10/dist-packages/sensor_interface/srv/__init__.py
-- Up-to-date symlink: /home/heronsaba/ros2_challenge/ros2_ws/src/install/sensor_interface/local/lib/python3.10/dist-packages/sensor_interface/srv/_send_image.py
-- Up-to-date symlink: /home/heronsaba/ros2_challenge/ros2_ws/src/install/sensor_interface/local/lib/python3.10/dist-packages/sensor_interface/srv/_send_image_s.c
-- Up-to-date symlink: /home/heronsaba/ros2_challenge/ros2_ws/src/install/sensor_interface/local/lib/python3.10/dist-packages/sensor_interface/sensor_interface_s__rosidl_typesupport_fastrtps_c.cpython-310-x86_64-linux-gnu.so
-- Up-to-date symlink: /home/heronsaba/ros2_challenge/ros2_ws/src/install/sensor_interface/local/lib/python3.10/dist-packages/sensor_interface/sensor_interface_s__rosidl_typesupport_introspection_c.cpython-310-x86_64-linux-gnu.so
-- Up-to-date symlink: /home/heronsaba/ros2_challenge/ros2_ws/src/install/sensor_interface/local/lib/python3.10/dist-packages/sensor_interface/sensor_interface_s__rosidl_typesupport_c.cpython-310-x86_64-linux-gnu.so
-- Up-to-date symlink: /home/heronsaba/ros2_challenge/ros2_ws/src/install/sensor_interface/share/sensor_interface/msg/Nums.idl
-- Up-to-date symlink: /home/heronsaba/ros2_challenge/ros2_ws/src/install/sensor_interface/share/sensor_interface/srv/SendImage.idl
-- Up-to-date symlink: /home/heronsaba/ros2_challenge/ros2_ws/src/install/sensor_interface/share/sensor_interface/msg/Nums.msg
-- Up-to-date symlink: /home/heronsaba/ros2_challenge/ros2_ws/src/install/sensor_interface/share/sensor_interface/srv/SendImage.srv
-- Up-to-date symlink: /home/heronsaba/ros2_challenge/ros2_ws/src/install/sensor_interface/share/sensor_interface/srv/SendImage_Request.msg
-- Up-to-date symlink: /home/heronsaba/ros2_challenge/ros2_ws/src/install/sensor_interface/share/sensor_interface/srv/SendImage_Response.msg
-- Up-to-date symlink: /home/heronsaba/ros2_challenge/ros2_ws/src/install/sensor_interface/share/ament_index/resource_index/package_run_dependencies/sensor_interface
-- Up-to-date symlink: /home/heronsaba/ros2_challenge/ros2_ws/src/install/sensor_interface/share/ament_index/resource_index/parent_prefix_path/sensor_interface
-- Up-to-date symlink: /home/heronsaba/ros2_challenge/ros2_ws/src/install/sensor_interface/share/sensor_interface/environment/ament_prefix_path.sh
-- Up-to-date symlink: /home/heronsaba/ros2_challenge/ros2_ws/src/install/sensor_interface/share/sensor_interface/environment/ament_prefix_path.dsv
-- Up-to-date symlink: /home/heronsaba/ros2_challenge/ros2_ws/src/install/sensor_interface/share/sensor_interface/environment/path.sh
-- Up-to-date symlink: /home/heronsaba/ros2_challenge/ros2_ws/src/install/sensor_interface/share/sensor_interface/environment/path.dsv
-- Up-to-date symlink: /home/heronsaba/ros2_challenge/ros2_ws/src/install/sensor_interface/share/sensor_interface/local_setup.bash
-- Up-to-date symlink: /home/heronsaba/ros2_challenge/ros2_ws/src/install/sensor_interface/share/sensor_interface/local_setup.sh
-- Up-to-date symlink: /home/heronsaba/ros2_challenge/ros2_ws/src/install/sensor_interface/share/sensor_interface/local_setup.zsh
-- Up-to-date symlink: /home/heronsaba/ros2_challenge/ros2_ws/src/install/sensor_interface/share/sensor_interface/local_setup.dsv
-- Symlinking: /home/heronsaba/ros2_challenge/ros2_ws/src/install/sensor_interface/share/sensor_interface/package.dsv
-- Up-to-date symlink: /home/heronsaba/ros2_challenge/ros2_ws/src/install/sensor_interface/share/ament_index/resource_index/packages/sensor_interface
-- Up-to-date symlink: /home/heronsaba/ros2_challenge/ros2_ws/src/install/sensor_interface/share/sensor_interface/cmake/rosidl_cmake-extras.cmake
-- Up-to-date symlink: /home/heronsaba/ros2_challenge/ros2_ws/src/install/sensor_interface/share/sensor_interface/cmake/ament_cmake_export_dependencies-extras.cmake
-- Up-to-date symlink: /home/heronsaba/ros2_challenge/ros2_ws/src/install/sensor_interface/share/sensor_interface/cmake/ament_cmake_export_include_directories-extras.cmake
-- Up-to-date symlink: /home/heronsaba/ros2_challenge/ros2_ws/src/install/sensor_interface/share/sensor_interface/cmake/ament_cmake_export_libraries-extras.cmake
-- Up-to-date symlink: /home/heronsaba/ros2_challenge/ros2_ws/src/install/sensor_interface/share/sensor_interface/cmake/ament_cmake_export_targets-extras.cmake
-- Up-to-date symlink: /home/heronsaba/ros2_challenge/ros2_ws/src/install/sensor_interface/share/sensor_interface/cmake/rosidl_cmake_export_typesupport_targets-extras.cmake
-- Up-to-date symlink: /home/heronsaba/ros2_challenge/ros2_ws/src/install/sensor_interface/share/sensor_interface/cmake/rosidl_cmake_export_typesupport_libraries-extras.cmake
-- Up-to-date symlink: /home/heronsaba/ros2_challenge/ros2_ws/src/install/sensor_interface/share/sensor_interface/cmake/sensor_interfaceConfig.cmake
-- Up-to-date symlink: /home/heronsaba/ros2_challenge/ros2_ws/src/install/sensor_interface/share/sensor_interface/cmake/sensor_interfaceConfig-version.cmake
-- Up-to-date symlink: /home/heronsaba/ros2_challenge/ros2_ws/src/install/sensor_interface/share/sensor_interface/package.xml
-- Up-to-date: /home/heronsaba/ros2_challenge/ros2_ws/src/install/sensor_interface/lib/libsensor_interface__rosidl_generator_c.so
-- Up-to-date: /home/heronsaba/ros2_challenge/ros2_ws/src/install/sensor_interface/lib/libsensor_interface__rosidl_typesupport_fastrtps_c.so
-- Up-to-date: /home/heronsaba/ros2_challenge/ros2_ws/src/install/sensor_interface/lib/libsensor_interface__rosidl_typesupport_introspection_c.so
-- Up-to-date: /home/heronsaba/ros2_challenge/ros2_ws/src/install/sensor_interface/lib/libsensor_interface__rosidl_typesupport_c.so
-- Up-to-date: /home/heronsaba/ros2_challenge/ros2_ws/src/install/sensor_interface/lib/libsensor_interface__rosidl_typesupport_fastrtps_cpp.so
-- Up-to-date: /home/heronsaba/ros2_challenge/ros2_ws/src/install/sensor_interface/lib/libsensor_interface__rosidl_typesupport_introspection_cpp.so
-- Up-to-date: /home/heronsaba/ros2_challenge/ros2_ws/src/install/sensor_interface/lib/libsensor_interface__rosidl_typesupport_cpp.so
Listing '/home/heronsaba/ros2_challenge/ros2_ws/src/install/sensor_interface/local/lib/python3.10/dist-packages/sensor_interface'...
Listing '/home/heronsaba/ros2_challenge/ros2_ws/src/install/sensor_interface/local/lib/python3.10/dist-packages/sensor_interface/msg'...
Listing '/home/heronsaba/ros2_challenge/ros2_ws/src/install/sensor_interface/local/lib/python3.10/dist-packages/sensor_interface/srv'...
-- Up-to-date: /home/heronsaba/ros2_challenge/ros2_ws/src/install/sensor_interface/lib/libsensor_interface__rosidl_generator_py.so
-- Up-to-date: /home/heronsaba/ros2_challenge/ros2_ws/src/install/sensor_interface/share/sensor_interface/cmake/export_sensor_interface__rosidl_generator_cExport.cmake
-- Up-to-date: /home/heronsaba/ros2_challenge/ros2_ws/src/install/sensor_interface/share/sensor_interface/cmake/export_sensor_interface__rosidl_generator_cExport-noconfig.cmake
-- Up-to-date: /home/heronsaba/ros2_challenge/ros2_ws/src/install/sensor_interface/share/sensor_interface/cmake/export_sensor_interface__rosidl_typesupport_fastrtps_cExport.cmake
-- Up-to-date: /home/heronsaba/ros2_challenge/ros2_ws/src/install/sensor_interface/share/sensor_interface/cmake/export_sensor_interface__rosidl_typesupport_fastrtps_cExport-noconfig.cmake
-- Up-to-date: /home/heronsaba/ros2_challenge/ros2_ws/src/install/sensor_interface/share/sensor_interface/cmake/sensor_interface__rosidl_typesupport_introspection_cExport.cmake
-- Up-to-date: /home/heronsaba/ros2_challenge/ros2_ws/src/install/sensor_interface/share/sensor_interface/cmake/sensor_interface__rosidl_typesupport_introspection_cExport-noconfig.cmake
-- Up-to-date: /home/heronsaba/ros2_challenge/ros2_ws/src/install/sensor_interface/share/sensor_interface/cmake/sensor_interface__rosidl_typesupport_cExport.cmake
-- Up-to-date: /home/heronsaba/ros2_challenge/ros2_ws/src/install/sensor_interface/share/sensor_interface/cmake/sensor_interface__rosidl_typesupport_cExport-noconfig.cmake
-- Up-to-date: /home/heronsaba/ros2_challenge/ros2_ws/src/install/sensor_interface/share/sensor_interface/cmake/export_sensor_interface__rosidl_generator_cppExport.cmake
-- Up-to-date: /home/heronsaba/ros2_challenge/ros2_ws/src/install/sensor_interface/share/sensor_interface/cmake/export_sensor_interface__rosidl_typesupport_fastrtps_cppExport.cmake
-- Up-to-date: /home/heronsaba/ros2_challenge/ros2_ws/src/install/sensor_interface/share/sensor_interface/cmake/export_sensor_interface__rosidl_typesupport_fastrtps_cppExport-noconfig.cmake
-- Up-to-date: /home/heronsaba/ros2_challenge/ros2_ws/src/install/sensor_interface/share/sensor_interface/cmake/sensor_interface__rosidl_typesupport_introspection_cppExport.cmake
-- Up-to-date: /home/heronsaba/ros2_challenge/ros2_ws/src/install/sensor_interface/share/sensor_interface/cmake/sensor_interface__rosidl_typesupport_introspection_cppExport-noconfig.cmake
-- Up-to-date: /home/heronsaba/ros2_challenge/ros2_ws/src/install/sensor_interface/share/sensor_interface/cmake/sensor_interface__rosidl_typesupport_cppExport.cmake
-- Up-to-date: /home/heronsaba/ros2_challenge/ros2_ws/src/install/sensor_interface/share/sensor_interface/cmake/sensor_interface__rosidl_typesupport_cppExport-noconfig.cmake
-- Up-to-date: /home/heronsaba/ros2_challenge/ros2_ws/src/install/sensor_interface/share/sensor_interface/cmake/export_sensor_interface__rosidl_generator_pyExport.cmake
-- Up-to-date: /home/heronsaba/ros2_challenge/ros2_ws/src/install/sensor_interface/share/sensor_interface/cmake/export_sensor_interface__rosidl_generator_pyExport-noconfig.cmake
