[0.020s] Invoking command in '/home/heronsaba/ros2_challenge/ros2_ws/src/build/sensor_interface': CMAKE_PREFIX_PATH=${CMAKE_PREFIX_PATH}:/opt/ros/humble /usr/bin/cmake --build /home/heronsaba/ros2_challenge/ros2_ws/src/build/sensor_interface -- -j2 -l2
[0.075s] [35m[1mConsolidate compiler generated dependencies of target sensor_interface__rosidl_generator_c[0m
[0.090s] [ 12%] Built target sensor_interface__rosidl_generator_c
[0.091s] [ 12%] Built target sensor_interface__cpp
[0.132s] [ 12%] Built target ament_cmake_python_symlink_sensor_interface
[0.146s] [35m[1mConsolidate compiler generated dependencies of target sensor_interface__rosidl_typesupport_cpp[0m
[0.151s] [35m[1mConsolidate compiler generated dependencies of target sensor_interface__rosidl_typesupport_fastrtps_c[0m
[0.173s] [ 23%] Built target sensor_interface__rosidl_typesupport_fastrtps_c
[0.180s] [ 33%] Built target sensor_interface__rosidl_typesupport_cpp
[0.188s] [35m[1mConsolidate compiler generated dependencies of target sensor_interface__rosidl_typesupport_introspection_c[0m
[0.197s] [35m[1mConsolidate compiler generated dependencies of target sensor_interface__rosidl_typesupport_c[0m
[0.206s] [ 43%] Built target sensor_interface__rosidl_typesupport_introspection_c
[0.220s] [ 53%] Built target sensor_interface__rosidl_typesupport_c
[0.221s] [35m[1mConsolidate compiler generated dependencies of target sensor_interface__rosidl_typesupport_fastrtps_cpp[0m
[0.237s] [35m[1mConsolidate compiler generated dependencies of target sensor_interface__rosidl_typesupport_introspection_cpp[0m
[0.254s] [ 64%] Built target sensor_interface__rosidl_typesupport_fastrtps_cpp
[0.258s] [ 74%] Built target sensor_interface__rosidl_typesupport_introspection_cpp
[0.282s] [ 74%] Built target sensor_interface
[0.312s] [ 76%] Built target sensor_interface__py
[0.337s] [35m[1mConsolidate compiler generated dependencies of target sensor_interface__rosidl_generator_py[0m
[0.394s] [ 84%] Built target sensor_interface__rosidl_generator_py
[0.437s] [35m[1mConsolidate compiler generated dependencies of target sensor_interface__rosidl_typesupport_fastrtps_c__pyext[0m
[0.466s] [ 89%] Built target sensor_interface__rosidl_typesupport_fastrtps_c__pyext
[0.499s] [35m[1mConsolidate compiler generated dependencies of target sensor_interface__rosidl_typesupport_introspection_c__pyext[0m
[0.523s] [ 94%] Built target sensor_interface__rosidl_typesupport_introspection_c__pyext
[0.562s] [35m[1mConsolidate compiler generated dependencies of target sensor_interface__rosidl_typesupport_c__pyext[0m
[0.585s] [100%] Built target sensor_interface__rosidl_typesupport_c__pyext
[0.679s] running egg_info
[0.679s] writing sensor_interface.egg-info/PKG-INFO
[0.680s] writing dependency_links to sensor_interface.egg-info/dependency_links.txt
[0.681s] writing top-level names to sensor_interface.egg-info/top_level.txt
[0.686s] reading manifest file 'sensor_interface.egg-info/SOURCES.txt'
[0.687s] writing manifest file 'sensor_interface.egg-info/SOURCES.txt'
[0.730s] [100%] Built target ament_cmake_python_build_sensor_interface_egg
[0.753s] Invoked command in '/home/heronsaba/ros2_challenge/ros2_ws/src/build/sensor_interface' returned '0': CMAKE_PREFIX_PATH=${CMAKE_PREFIX_PATH}:/opt/ros/humble /usr/bin/cmake --build /home/heronsaba/ros2_challenge/ros2_ws/src/build/sensor_interface -- -j2 -l2
[0.883s] Invoking command in '/home/heronsaba/ros2_challenge/ros2_ws/src/build/sensor_interface': CMAKE_PREFIX_PATH=${CMAKE_PREFIX_PATH}:/opt/ros/humble /usr/bin/cmake --install /home/heronsaba/ros2_challenge/ros2_ws/src/build/sensor_interface
[0.897s] -- Install configuration: ""
[0.898s] -- Execute custom install script
[0.898s] -- Up-to-date symlink: /home/heronsaba/ros2_challenge/ros2_ws/src/install/sensor_interface/share/ament_index/resource_index/rosidl_interfaces/sensor_interface
[0.900s] -- Up-to-date symlink: /home/heronsaba/ros2_challenge/ros2_ws/src/install/sensor_interface/include/sensor_interface/sensor_interface/msg/detail/nums__functions.h
[0.903s] -- Up-to-date symlink: /home/heronsaba/ros2_challenge/ros2_ws/src/install/sensor_interface/include/sensor_interface/sensor_interface/msg/detail/nums__struct.h
[0.908s] -- Up-to-date symlink: /home/heronsaba/ros2_challenge/ros2_ws/src/install/sensor_interface/include/sensor_interface/sensor_interface/msg/detail/nums__type_support.h
[0.909s] -- Up-to-date symlink: /home/heronsaba/ros2_challenge/ros2_ws/src/install/sensor_interface/include/sensor_interface/sensor_interface/msg/nums.h
[0.913s] -- Up-to-date symlink: /home/heronsaba/ros2_challenge/ros2_ws/src/install/sensor_interface/include/sensor_interface/sensor_interface/msg/rosidl_generator_c__visibility_control.h
[0.913s] -- Up-to-date symlink: /home/heronsaba/ros2_challenge/ros2_ws/src/install/sensor_interface/include/sensor_interface/sensor_interface/srv/detail/send_image__functions.h
[0.913s] -- Up-to-date symlink: /home/heronsaba/ros2_challenge/ros2_ws/src/install/sensor_interface/include/sensor_interface/sensor_interface/srv/detail/send_image__struct.h
[0.916s] -- Up-to-date symlink: /home/heronsaba/ros2_challenge/ros2_ws/src/install/sensor_interface/include/sensor_interface/sensor_interface/srv/detail/send_image__type_support.h
[0.917s] -- Up-to-date symlink: /home/heronsaba/ros2_challenge/ros2_ws/src/install/sensor_interface/include/sensor_interface/sensor_interface/srv/send_image.h
[0.918s] -- Up-to-date symlink: /home/heronsaba/ros2_challenge/ros2_ws/src/install/sensor_interface/share/sensor_interface/environment/library_path.sh
[0.919s] -- Up-to-date symlink: /home/heronsaba/ros2_challenge/ros2_ws/src/install/sensor_interface/share/sensor_interface/environment/library_path.dsv
[0.919s] -- Up-to-date symlink: /home/heronsaba/ros2_challenge/ros2_ws/src/install/sensor_interface/include/sensor_interface/sensor_interface/msg/detail/nums__rosidl_typesupport_fastrtps_c.h
[0.920s] -- Up-to-date symlink: /home/heronsaba/ros2_challenge/ros2_ws/src/install/sensor_interface/include/sensor_interface/sensor_interface/msg/rosidl_typesupport_fastrtps_c__visibility_control.h
[0.920s] -- Up-to-date symlink: /home/heronsaba/ros2_challenge/ros2_ws/src/install/sensor_interface/include/sensor_interface/sensor_interface/srv/detail/send_image__rosidl_typesupport_fastrtps_c.h
[0.920s] -- Up-to-date symlink: /home/heronsaba/ros2_challenge/ros2_ws/src/install/sensor_interface/include/sensor_interface/sensor_interface/msg/detail/nums__rosidl_typesupport_introspection_c.h
[0.921s] -- Up-to-date symlink: /home/heronsaba/ros2_challenge/ros2_ws/src/install/sensor_interface/include/sensor_interface/sensor_interface/msg/rosidl_typesupport_introspection_c__visibility_control.h
[0.921s] -- Up-to-date symlink: /home/heronsaba/ros2_challenge/ros2_ws/src/install/sensor_interface/include/sensor_interface/sensor_interface/srv/detail/send_image__rosidl_typesupport_introspection_c.h
[0.921s] -- Up-to-date symlink: /home/heronsaba/ros2_challenge/ros2_ws/src/install/sensor_interface/include/sensor_interface/sensor_interface/msg/detail/nums__builder.hpp
[0.921s] -- Up-to-date symlink: /home/heronsaba/ros2_challenge/ros2_ws/src/install/sensor_interface/include/sensor_interface/sensor_interface/msg/detail/nums__struct.hpp
[0.921s] -- Up-to-date symlink: /home/heronsaba/ros2_challenge/ros2_ws/src/install/sensor_interface/include/sensor_interface/sensor_interface/msg/detail/nums__traits.hpp
[0.922s] -- Up-to-date symlink: /home/heronsaba/ros2_challenge/ros2_ws/src/install/sensor_interface/include/sensor_interface/sensor_interface/msg/nums.hpp
[0.922s] -- Up-to-date symlink: /home/heronsaba/ros2_challenge/ros2_ws/src/install/sensor_interface/include/sensor_interface/sensor_interface/srv/detail/send_image__builder.hpp
[0.922s] -- Up-to-date symlink: /home/heronsaba/ros2_challenge/ros2_ws/src/install/sensor_interface/include/sensor_interface/sensor_interface/srv/detail/send_image__struct.hpp
[0.922s] -- Up-to-date symlink: /home/heronsaba/ros2_challenge/ros2_ws/src/install/sensor_interface/include/sensor_interface/sensor_interface/srv/detail/send_image__traits.hpp
[0.922s] -- Up-to-date symlink: /home/heronsaba/ros2_challenge/ros2_ws/src/install/sensor_interface/include/sensor_interface/sensor_interface/srv/send_image.hpp
[0.922s] -- Up-to-date symlink: /home/heronsaba/ros2_challenge/ros2_ws/src/install/sensor_interface/include/sensor_interface/sensor_interface/msg/detail/nums__rosidl_typesupport_fastrtps_cpp.hpp
[0.922s] -- Up-to-date symlink: /home/heronsaba/ros2_challenge/ros2_ws/src/install/sensor_interface/include/sensor_interface/sensor_interface/msg/rosidl_typesupport_fastrtps_cpp__visibility_control.h
[0.922s] -- Up-to-date symlink: /home/heronsaba/ros2_challenge/ros2_ws/src/install/sensor_interface/include/sensor_interface/sensor_interface/srv/detail/send_image__rosidl_typesupport_fastrtps_cpp.hpp
[0.922s] -- Up-to-date symlink: /home/heronsaba/ros2_challenge/ros2_ws/src/install/sensor_interface/include/sensor_interface/sensor_interface/msg/detail/nums__rosidl_typesupport_introspection_cpp.hpp
[0.922s] -- Up-to-date symlink: /home/heronsaba/ros2_challenge/ros2_ws/src/install/sensor_interface/include/sensor_interface/sensor_interface/srv/detail/send_image__rosidl_typesupport_introspection_cpp.hpp
[0.922s] -- Up-to-date symlink: /home/heronsaba/ros2_challenge/ros2_ws/src/install/sensor_interface/share/sensor_interface/environment/pythonpath.sh
[0.922s] -- Up-to-date symlink: /home/heronsaba/ros2_challenge/ros2_ws/src/install/sensor_interface/share/sensor_interface/environment/pythonpath.dsv
[0.922s] -- Up-to-date symlink: /home/heronsaba/ros2_challenge/ros2_ws/src/install/sensor_interface/local/lib/python3.10/dist-packages/sensor_interface-0.0.0-py3.10.egg-info/PKG-INFO
[0.923s] -- Up-to-date symlink: /home/heronsaba/ros2_challenge/ros2_ws/src/install/sensor_interface/local/lib/python3.10/dist-packages/sensor_interface-0.0.0-py3.10.egg-info/SOURCES.txt
[0.923s] -- Up-to-date symlink: /home/heronsaba/ros2_challenge/ros2_ws/src/install/sensor_interface/local/lib/python3.10/dist-packages/sensor_interface-0.0.0-py3.10.egg-info/dependency_links.txt
[0.923s] -- Up-to-date symlink: /home/heronsaba/ros2_challenge/ros2_ws/src/install/sensor_interface/local/lib/python3.10/dist-packages/sensor_interface-0.0.0-py3.10.egg-info/top_level.txt
[0.923s] -- Up-to-date symlink: /home/heronsaba/ros2_challenge/ros2_ws/src/install/sensor_interface/local/lib/python3.10/dist-packages/sensor_interface/__init__.py
[0.923s] -- Up-to-date symlink: /home/heronsaba/ros2_challenge/ros2_ws/src/install/sensor_interface/local/lib/python3.10/dist-packages/sensor_interface/_sensor_interface_s.ep.rosidl_typesupport_c.c
[0.923s] -- Up-to-date symlink: /home/heronsaba/ros2_challenge/ros2_ws/src/install/sensor_interface/local/lib/python3.10/dist-packages/sensor_interface/_sensor_interface_s.ep.rosidl_typesupport_fastrtps_c.c
[0.923s] -- Up-to-date symlink: /home/heronsaba/ros2_challenge/ros2_ws/src/install/sensor_interface/local/lib/python3.10/dist-packages/sensor_interface/_sensor_interface_s.ep.rosidl_typesupport_introspection_c.c
[0.923s] -- Up-to-date symlink: /home/heronsaba/ros2_challenge/ros2_ws/src/install/sensor_interface/local/lib/python3.10/dist-packages/sensor_interface/libsensor_interface__rosidl_generator_py.so
[0.923s] -- Up-to-date symlink: /home/heronsaba/ros2_challenge/ros2_ws/src/install/sensor_interface/local/lib/python3.10/dist-packages/sensor_interface/msg/__init__.py
[0.923s] -- Up-to-date symlink: /home/heronsaba/ros2_challenge/ros2_ws/src/install/sensor_interface/local/lib/python3.10/dist-packages/sensor_interface/msg/_nums.py
[0.923s] -- Up-to-date symlink: /home/heronsaba/ros2_challenge/ros2_ws/src/install/sensor_interface/local/lib/python3.10/dist-packages/sensor_interface/msg/_nums_s.c
[0.923s] -- Up-to-date symlink: /home/heronsaba/ros2_challenge/ros2_ws/src/install/sensor_interface/local/lib/python3.10/dist-packages/sensor_interface/sensor_interface_s__rosidl_typesupport_c.cpython-310-x86_64-linux-gnu.so
[0.923s] -- Up-to-date symlink: /home/heronsaba/ros2_challenge/ros2_ws/src/install/sensor_interface/local/lib/python3.10/dist-packages/sensor_interface/sensor_interface_s__rosidl_typesupport_fastrtps_c.cpython-310-x86_64-linux-gnu.so
[0.924s] -- Up-to-date symlink: /home/heronsaba/ros2_challenge/ros2_ws/src/install/sensor_interface/local/lib/python3.10/dist-packages/sensor_interface/sensor_interface_s__rosidl_typesupport_introspection_c.cpython-310-x86_64-linux-gnu.so
[0.924s] -- Up-to-date symlink: /home/heronsaba/ros2_challenge/ros2_ws/src/install/sensor_interface/local/lib/python3.10/dist-packages/sensor_interface/srv/__init__.py
[0.924s] -- Up-to-date symlink: /home/heronsaba/ros2_challenge/ros2_ws/src/install/sensor_interface/local/lib/python3.10/dist-packages/sensor_interface/srv/_send_image.py
[0.924s] -- Up-to-date symlink: /home/heronsaba/ros2_challenge/ros2_ws/src/install/sensor_interface/local/lib/python3.10/dist-packages/sensor_interface/srv/_send_image_s.c
[0.924s] -- Up-to-date symlink: /home/heronsaba/ros2_challenge/ros2_ws/src/install/sensor_interface/local/lib/python3.10/dist-packages/sensor_interface/sensor_interface_s__rosidl_typesupport_fastrtps_c.cpython-310-x86_64-linux-gnu.so
[0.924s] -- Up-to-date symlink: /home/heronsaba/ros2_challenge/ros2_ws/src/install/sensor_interface/local/lib/python3.10/dist-packages/sensor_interface/sensor_interface_s__rosidl_typesupport_introspection_c.cpython-310-x86_64-linux-gnu.so
[0.924s] -- Up-to-date symlink: /home/heronsaba/ros2_challenge/ros2_ws/src/install/sensor_interface/local/lib/python3.10/dist-packages/sensor_interface/sensor_interface_s__rosidl_typesupport_c.cpython-310-x86_64-linux-gnu.so
[0.924s] -- Up-to-date symlink: /home/heronsaba/ros2_challenge/ros2_ws/src/install/sensor_interface/share/sensor_interface/msg/Nums.idl
[0.924s] -- Up-to-date symlink: /home/heronsaba/ros2_challenge/ros2_ws/src/install/sensor_interface/share/sensor_interface/srv/SendImage.idl
[0.924s] -- Up-to-date symlink: /home/heronsaba/ros2_challenge/ros2_ws/src/install/sensor_interface/share/sensor_interface/msg/Nums.msg
[0.924s] -- Up-to-date symlink: /home/heronsaba/ros2_challenge/ros2_ws/src/install/sensor_interface/share/sensor_interface/srv/SendImage.srv
[0.924s] -- Up-to-date symlink: /home/heronsaba/ros2_challenge/ros2_ws/src/install/sensor_interface/share/sensor_interface/srv/SendImage_Request.msg
[0.924s] -- Up-to-date symlink: /home/heronsaba/ros2_challenge/ros2_ws/src/install/sensor_interface/share/sensor_interface/srv/SendImage_Response.msg
[0.925s] -- Up-to-date symlink: /home/heronsaba/ros2_challenge/ros2_ws/src/install/sensor_interface/share/ament_index/resource_index/package_run_dependencies/sensor_interface
[0.925s] -- Up-to-date symlink: /home/heronsaba/ros2_challenge/ros2_ws/src/install/sensor_interface/share/ament_index/resource_index/parent_prefix_path/sensor_interface
[0.936s] -- Up-to-date symlink: /home/heronsaba/ros2_challenge/ros2_ws/src/install/sensor_interface/share/sensor_interface/environment/ament_prefix_path.sh
[0.938s] -- Up-to-date symlink: /home/heronsaba/ros2_challenge/ros2_ws/src/install/sensor_interface/share/sensor_interface/environment/ament_prefix_path.dsv
[0.938s] -- Up-to-date symlink: /home/heronsaba/ros2_challenge/ros2_ws/src/install/sensor_interface/share/sensor_interface/environment/path.sh
[0.938s] -- Up-to-date symlink: /home/heronsaba/ros2_challenge/ros2_ws/src/install/sensor_interface/share/sensor_interface/environment/path.dsv
[0.938s] -- Up-to-date symlink: /home/heronsaba/ros2_challenge/ros2_ws/src/install/sensor_interface/share/sensor_interface/local_setup.bash
[0.940s] -- Up-to-date symlink: /home/heronsaba/ros2_challenge/ros2_ws/src/install/sensor_interface/share/sensor_interface/local_setup.sh
[0.940s] -- Up-to-date symlink: /home/heronsaba/ros2_challenge/ros2_ws/src/install/sensor_interface/share/sensor_interface/local_setup.zsh
[0.940s] -- Up-to-date symlink: /home/heronsaba/ros2_challenge/ros2_ws/src/install/sensor_interface/share/sensor_interface/local_setup.dsv
[0.940s] -- Symlinking: /home/heronsaba/ros2_challenge/ros2_ws/src/install/sensor_interface/share/sensor_interface/package.dsv
[0.945s] -- Up-to-date symlink: /home/heronsaba/ros2_challenge/ros2_ws/src/install/sensor_interface/share/ament_index/resource_index/packages/sensor_interface
[0.945s] -- Up-to-date symlink: /home/heronsaba/ros2_challenge/ros2_ws/src/install/sensor_interface/share/sensor_interface/cmake/rosidl_cmake-extras.cmake
[0.946s] -- Up-to-date symlink: /home/heronsaba/ros2_challenge/ros2_ws/src/install/sensor_interface/share/sensor_interface/cmake/ament_cmake_export_dependencies-extras.cmake
[0.946s] -- Up-to-date symlink: /home/heronsaba/ros2_challenge/ros2_ws/src/install/sensor_interface/share/sensor_interface/cmake/ament_cmake_export_include_directories-extras.cmake
[0.946s] -- Up-to-date symlink: /home/heronsaba/ros2_challenge/ros2_ws/src/install/sensor_interface/share/sensor_interface/cmake/ament_cmake_export_libraries-extras.cmake
[0.946s] -- Up-to-date symlink: /home/heronsaba/ros2_challenge/ros2_ws/src/install/sensor_interface/share/sensor_interface/cmake/ament_cmake_export_targets-extras.cmake
[0.947s] -- Up-to-date symlink: /home/heronsaba/ros2_challenge/ros2_ws/src/install/sensor_interface/share/sensor_interface/cmake/rosidl_cmake_export_typesupport_targets-extras.cmake
[0.947s] -- Up-to-date symlink: /home/heronsaba/ros2_challenge/ros2_ws/src/install/sensor_interface/share/sensor_interface/cmake/rosidl_cmake_export_typesupport_libraries-extras.cmake
[0.947s] -- Up-to-date symlink: /home/heronsaba/ros2_challenge/ros2_ws/src/install/sensor_interface/share/sensor_interface/cmake/sensor_interfaceConfig.cmake
[0.947s] -- Up-to-date symlink: /home/heronsaba/ros2_challenge/ros2_ws/src/install/sensor_interface/share/sensor_interface/cmake/sensor_interfaceConfig-version.cmake
[0.947s] -- Up-to-date symlink: /home/heronsaba/ros2_challenge/ros2_ws/src/install/sensor_interface/share/sensor_interface/package.xml
[0.947s] -- Up-to-date: /home/heronsaba/ros2_challenge/ros2_ws/src/install/sensor_interface/lib/libsensor_interface__rosidl_generator_c.so
[0.947s] -- Up-to-date: /home/heronsaba/ros2_challenge/ros2_ws/src/install/sensor_interface/lib/libsensor_interface__rosidl_typesupport_fastrtps_c.so
[0.947s] -- Up-to-date: /home/heronsaba/ros2_challenge/ros2_ws/src/install/sensor_interface/lib/libsensor_interface__rosidl_typesupport_introspection_c.so
[0.947s] -- Up-to-date: /home/heronsaba/ros2_challenge/ros2_ws/src/install/sensor_interface/lib/libsensor_interface__rosidl_typesupport_c.so
[0.947s] -- Up-to-date: /home/heronsaba/ros2_challenge/ros2_ws/src/install/sensor_interface/lib/libsensor_interface__rosidl_typesupport_fastrtps_cpp.so
[0.947s] -- Up-to-date: /home/heronsaba/ros2_challenge/ros2_ws/src/install/sensor_interface/lib/libsensor_interface__rosidl_typesupport_introspection_cpp.so
[0.947s] -- Up-to-date: /home/heronsaba/ros2_challenge/ros2_ws/src/install/sensor_interface/lib/libsensor_interface__rosidl_typesupport_cpp.so
[0.984s] Listing '/home/heronsaba/ros2_challenge/ros2_ws/src/install/sensor_interface/local/lib/python3.10/dist-packages/sensor_interface'...
[0.984s] Listing '/home/heronsaba/ros2_challenge/ros2_ws/src/install/sensor_interface/local/lib/python3.10/dist-packages/sensor_interface/msg'...
[0.985s] Listing '/home/heronsaba/ros2_challenge/ros2_ws/src/install/sensor_interface/local/lib/python3.10/dist-packages/sensor_interface/srv'...
[0.993s] -- Up-to-date: /home/heronsaba/ros2_challenge/ros2_ws/src/install/sensor_interface/lib/libsensor_interface__rosidl_generator_py.so
[0.994s] -- Up-to-date: /home/heronsaba/ros2_challenge/ros2_ws/src/install/sensor_interface/share/sensor_interface/cmake/export_sensor_interface__rosidl_generator_cExport.cmake
[0.994s] -- Up-to-date: /home/heronsaba/ros2_challenge/ros2_ws/src/install/sensor_interface/share/sensor_interface/cmake/export_sensor_interface__rosidl_generator_cExport-noconfig.cmake
[0.994s] -- Up-to-date: /home/heronsaba/ros2_challenge/ros2_ws/src/install/sensor_interface/share/sensor_interface/cmake/export_sensor_interface__rosidl_typesupport_fastrtps_cExport.cmake
[0.994s] -- Up-to-date: /home/heronsaba/ros2_challenge/ros2_ws/src/install/sensor_interface/share/sensor_interface/cmake/export_sensor_interface__rosidl_typesupport_fastrtps_cExport-noconfig.cmake
[0.994s] -- Up-to-date: /home/heronsaba/ros2_challenge/ros2_ws/src/install/sensor_interface/share/sensor_interface/cmake/sensor_interface__rosidl_typesupport_introspection_cExport.cmake
[0.995s] -- Up-to-date: /home/heronsaba/ros2_challenge/ros2_ws/src/install/sensor_interface/share/sensor_interface/cmake/sensor_interface__rosidl_typesupport_introspection_cExport-noconfig.cmake
[0.995s] -- Up-to-date: /home/heronsaba/ros2_challenge/ros2_ws/src/install/sensor_interface/share/sensor_interface/cmake/sensor_interface__rosidl_typesupport_cExport.cmake
[0.995s] -- Up-to-date: /home/heronsaba/ros2_challenge/ros2_ws/src/install/sensor_interface/share/sensor_interface/cmake/sensor_interface__rosidl_typesupport_cExport-noconfig.cmake
[0.995s] -- Up-to-date: /home/heronsaba/ros2_challenge/ros2_ws/src/install/sensor_interface/share/sensor_interface/cmake/export_sensor_interface__rosidl_generator_cppExport.cmake
[0.995s] -- Up-to-date: /home/heronsaba/ros2_challenge/ros2_ws/src/install/sensor_interface/share/sensor_interface/cmake/export_sensor_interface__rosidl_typesupport_fastrtps_cppExport.cmake
[0.995s] -- Up-to-date: /home/heronsaba/ros2_challenge/ros2_ws/src/install/sensor_interface/share/sensor_interface/cmake/export_sensor_interface__rosidl_typesupport_fastrtps_cppExport-noconfig.cmake
[0.995s] -- Up-to-date: /home/heronsaba/ros2_challenge/ros2_ws/src/install/sensor_interface/share/sensor_interface/cmake/sensor_interface__rosidl_typesupport_introspection_cppExport.cmake
[0.995s] -- Up-to-date: /home/heronsaba/ros2_challenge/ros2_ws/src/install/sensor_interface/share/sensor_interface/cmake/sensor_interface__rosidl_typesupport_introspection_cppExport-noconfig.cmake
[0.995s] -- Up-to-date: /home/heronsaba/ros2_challenge/ros2_ws/src/install/sensor_interface/share/sensor_interface/cmake/sensor_interface__rosidl_typesupport_cppExport.cmake
[0.995s] -- Up-to-date: /home/heronsaba/ros2_challenge/ros2_ws/src/install/sensor_interface/share/sensor_interface/cmake/sensor_interface__rosidl_typesupport_cppExport-noconfig.cmake
[0.995s] -- Up-to-date: /home/heronsaba/ros2_challenge/ros2_ws/src/install/sensor_interface/share/sensor_interface/cmake/export_sensor_interface__rosidl_generator_pyExport.cmake
[0.995s] -- Up-to-date: /home/heronsaba/ros2_challenge/ros2_ws/src/install/sensor_interface/share/sensor_interface/cmake/export_sensor_interface__rosidl_generator_pyExport-noconfig.cmake
[1.000s] Invoked command in '/home/heronsaba/ros2_challenge/ros2_ws/src/build/sensor_interface' returned '0': CMAKE_PREFIX_PATH=${CMAKE_PREFIX_PATH}:/opt/ros/humble /usr/bin/cmake --install /home/heronsaba/ros2_challenge/ros2_ws/src/build/sensor_interface
