[0.109s] DEBUG:colcon:Command line arguments: ['/usr/bin/colcon', 'build', '--symlink-install']
[0.109s] DEBUG:colcon:Parsed command line arguments: Namespace(log_base=None, log_level=None, verb_name='build', build_base='build', install_base='install', merge_install=False, symlink_install=True, test_result_base=None, continue_on_error=False, executor='parallel', parallel_workers=2, event_handlers=None, ignore_user_meta=False, metas=['./colcon.meta'], base_paths=['.'], packages_ignore=None, packages_ignore_regex=None, paths=None, packages_up_to=None, packages_up_to_regex=None, packages_above=None, packages_above_and_dependencies=None, packages_above_depth=None, packages_select_by_dep=None, packages_skip_by_dep=None, packages_skip_up_to=None, packages_select_build_failed=False, packages_skip_build_finished=False, packages_select_test_failures=False, packages_skip_test_passed=False, packages_select=None, packages_skip=None, packages_select_regex=None, packages_skip_regex=None, packages_start=None, packages_end=None, allow_overriding=[], cmake_args=None, cmake_target=None, cmake_target_skip_unavailable=False, cmake_clean_cache=False, cmake_clean_first=False, cmake_force_configure=False, ament_cmake_args=None, catkin_cmake_args=None, catkin_skip_building_tests=False, verb_parser=<colcon_defaults.argument_parser.defaults.DefaultArgumentsDecorator object at 0x7c55e8970580>, verb_extension=<colcon_core.verb.build.BuildVerb object at 0x7c55e8aad120>, main=<bound method BuildVerb.main of <colcon_core.verb.build.BuildVerb object at 0x7c55e8aad120>>)
[0.287s] Level 1:colcon.colcon_core.package_discovery:discover_packages(colcon_meta) check parameters
[0.288s] Level 1:colcon.colcon_core.package_discovery:discover_packages(recursive) check parameters
[0.288s] Level 1:colcon.colcon_core.package_discovery:discover_packages(ignore) check parameters
[0.288s] Level 1:colcon.colcon_core.package_discovery:discover_packages(path) check parameters
[0.288s] Level 1:colcon.colcon_core.package_discovery:discover_packages(colcon_meta) discover
[0.288s] Level 1:colcon.colcon_core.package_discovery:discover_packages(recursive) discover
[0.288s] INFO:colcon.colcon_core.package_discovery:Crawling recursively for packages in '/home/heronsaba/ros2_challenge/ros2_ws'
[0.288s] Level 1:colcon.colcon_core.package_identification:_identify(.) by extensions ['ignore', 'ignore_ament_install']
[0.288s] Level 1:colcon.colcon_core.package_identification:_identify(.) by extension 'ignore'
[0.288s] Level 1:colcon.colcon_core.package_identification:_identify(.) by extension 'ignore_ament_install'
[0.288s] Level 1:colcon.colcon_core.package_identification:_identify(.) by extensions ['colcon_pkg']
[0.288s] Level 1:colcon.colcon_core.package_identification:_identify(.) by extension 'colcon_pkg'
[0.288s] Level 1:colcon.colcon_core.package_identification:_identify(.) by extensions ['colcon_meta']
[0.288s] Level 1:colcon.colcon_core.package_identification:_identify(.) by extension 'colcon_meta'
[0.288s] Level 1:colcon.colcon_core.package_identification:_identify(.) by extensions ['ros']
[0.288s] Level 1:colcon.colcon_core.package_identification:_identify(.) by extension 'ros'
[0.300s] Level 1:colcon.colcon_core.package_identification:_identify(.) by extensions ['cmake', 'python']
[0.300s] Level 1:colcon.colcon_core.package_identification:_identify(.) by extension 'cmake'
[0.300s] Level 1:colcon.colcon_core.package_identification:_identify(.) by extension 'python'
[0.300s] Level 1:colcon.colcon_core.package_identification:_identify(.) by extensions ['python_setup_py']
[0.300s] Level 1:colcon.colcon_core.package_identification:_identify(.) by extension 'python_setup_py'
[0.300s] Level 1:colcon.colcon_core.package_identification:_identify(build) by extensions ['ignore', 'ignore_ament_install']
[0.300s] Level 1:colcon.colcon_core.package_identification:_identify(build) by extension 'ignore'
[0.301s] Level 1:colcon.colcon_core.package_identification:_identify(build) ignored
[0.301s] Level 1:colcon.colcon_core.package_identification:_identify(install) by extensions ['ignore', 'ignore_ament_install']
[0.301s] Level 1:colcon.colcon_core.package_identification:_identify(install) by extension 'ignore'
[0.301s] Level 1:colcon.colcon_core.package_identification:_identify(install) ignored
[0.301s] Level 1:colcon.colcon_core.package_identification:_identify(log) by extensions ['ignore', 'ignore_ament_install']
[0.301s] Level 1:colcon.colcon_core.package_identification:_identify(log) by extension 'ignore'
[0.301s] Level 1:colcon.colcon_core.package_identification:_identify(log) ignored
[0.301s] Level 1:colcon.colcon_core.package_identification:_identify(src) by extensions ['ignore', 'ignore_ament_install']
[0.301s] Level 1:colcon.colcon_core.package_identification:_identify(src) by extension 'ignore'
[0.301s] Level 1:colcon.colcon_core.package_identification:_identify(src) by extension 'ignore_ament_install'
[0.301s] Level 1:colcon.colcon_core.package_identification:_identify(src) by extensions ['colcon_pkg']
[0.301s] Level 1:colcon.colcon_core.package_identification:_identify(src) by extension 'colcon_pkg'
[0.301s] Level 1:colcon.colcon_core.package_identification:_identify(src) by extensions ['colcon_meta']
[0.301s] Level 1:colcon.colcon_core.package_identification:_identify(src) by extension 'colcon_meta'
[0.301s] Level 1:colcon.colcon_core.package_identification:_identify(src) by extensions ['ros']
[0.301s] Level 1:colcon.colcon_core.package_identification:_identify(src) by extension 'ros'
[0.302s] Level 1:colcon.colcon_core.package_identification:_identify(src) by extensions ['cmake', 'python']
[0.302s] Level 1:colcon.colcon_core.package_identification:_identify(src) by extension 'cmake'
[0.302s] Level 1:colcon.colcon_core.package_identification:_identify(src) by extension 'python'
[0.302s] Level 1:colcon.colcon_core.package_identification:_identify(src) by extensions ['python_setup_py']
[0.302s] Level 1:colcon.colcon_core.package_identification:_identify(src) by extension 'python_setup_py'
[0.302s] Level 1:colcon.colcon_core.package_identification:_identify(src/senai_ros2) by extensions ['ignore', 'ignore_ament_install']
[0.302s] Level 1:colcon.colcon_core.package_identification:_identify(src/senai_ros2) by extension 'ignore'
[0.302s] Level 1:colcon.colcon_core.package_identification:_identify(src/senai_ros2) by extension 'ignore_ament_install'
[0.302s] Level 1:colcon.colcon_core.package_identification:_identify(src/senai_ros2) by extensions ['colcon_pkg']
[0.302s] Level 1:colcon.colcon_core.package_identification:_identify(src/senai_ros2) by extension 'colcon_pkg'
[0.302s] Level 1:colcon.colcon_core.package_identification:_identify(src/senai_ros2) by extensions ['colcon_meta']
[0.302s] Level 1:colcon.colcon_core.package_identification:_identify(src/senai_ros2) by extension 'colcon_meta'
[0.302s] Level 1:colcon.colcon_core.package_identification:_identify(src/senai_ros2) by extensions ['ros']
[0.302s] Level 1:colcon.colcon_core.package_identification:_identify(src/senai_ros2) by extension 'ros'
[0.305s] DEBUG:colcon.colcon_core.package_identification:Package 'src/senai_ros2' with type 'ros.ament_cmake' and name 'senai_ros2'
[0.305s] Level 1:colcon.colcon_core.package_identification:_identify(src/sensor_interface) by extensions ['ignore', 'ignore_ament_install']
[0.305s] Level 1:colcon.colcon_core.package_identification:_identify(src/sensor_interface) by extension 'ignore'
[0.305s] Level 1:colcon.colcon_core.package_identification:_identify(src/sensor_interface) by extension 'ignore_ament_install'
[0.305s] Level 1:colcon.colcon_core.package_identification:_identify(src/sensor_interface) by extensions ['colcon_pkg']
[0.305s] Level 1:colcon.colcon_core.package_identification:_identify(src/sensor_interface) by extension 'colcon_pkg'
[0.305s] Level 1:colcon.colcon_core.package_identification:_identify(src/sensor_interface) by extensions ['colcon_meta']
[0.305s] Level 1:colcon.colcon_core.package_identification:_identify(src/sensor_interface) by extension 'colcon_meta'
[0.306s] Level 1:colcon.colcon_core.package_identification:_identify(src/sensor_interface) by extensions ['ros']
[0.306s] Level 1:colcon.colcon_core.package_identification:_identify(src/sensor_interface) by extension 'ros'
[0.306s] DEBUG:colcon.colcon_core.package_identification:Package 'src/sensor_interface' with type 'ros.ament_cmake' and name 'sensor_interface'
[0.306s] Level 1:colcon.colcon_core.package_discovery:discover_packages(recursive) using defaults
[0.307s] Level 1:colcon.colcon_core.package_discovery:discover_packages(ignore) discover
[0.307s] Level 1:colcon.colcon_core.package_discovery:discover_packages(ignore) using defaults
[0.307s] Level 1:colcon.colcon_core.package_discovery:discover_packages(path) discover
[0.307s] Level 1:colcon.colcon_core.package_discovery:discover_packages(path) using defaults
[0.326s] Level 1:colcon.colcon_core.package_discovery:discover_packages(prefix_path) check parameters
[0.326s] Level 1:colcon.colcon_core.package_discovery:discover_packages(prefix_path) discover
[0.327s] WARNING:colcon.colcon_core.prefix_path.colcon:The path '/home/heronsaba/ros2_challenges/ros2_ws/src/install' in the environment variable COLCON_PREFIX_PATH doesn't exist
[0.327s] WARNING:colcon.colcon_ros.prefix_path.ament:The path '/home/heronsaba/ros2_challenges/ros2_ws/src/install/senai_ros2' in the environment variable AMENT_PREFIX_PATH doesn't exist
[0.327s] WARNING:colcon.colcon_ros.prefix_path.ament:The path '/home/heronsaba/ros2_challenges/ros2_ws/src/install/sensor_interface' in the environment variable AMENT_PREFIX_PATH doesn't exist
[0.327s] WARNING:colcon.colcon_ros.prefix_path.catkin:The path '/home/heronsaba/ros2_challenges/ros2_ws/src/install/senai_ros2' in the environment variable CMAKE_PREFIX_PATH doesn't exist
[0.327s] WARNING:colcon.colcon_ros.prefix_path.catkin:The path '/home/heronsaba/ros2_challenges/ros2_ws/src/install/sensor_interface' in the environment variable CMAKE_PREFIX_PATH doesn't exist
[0.329s] DEBUG:colcon.colcon_installed_package_information.package_discovery:Found 270 installed packages in /opt/ros/humble
[0.345s] Level 1:colcon.colcon_core.package_discovery:discover_packages(prefix_path) using defaults
[0.383s] Level 5:colcon.colcon_core.verb:set package 'sensor_interface' build argument 'cmake_args' from command line to 'None'
[0.383s] Level 5:colcon.colcon_core.verb:set package 'sensor_interface' build argument 'cmake_target' from command line to 'None'
[0.383s] Level 5:colcon.colcon_core.verb:set package 'sensor_interface' build argument 'cmake_target_skip_unavailable' from command line to 'False'
[0.383s] Level 5:colcon.colcon_core.verb:set package 'sensor_interface' build argument 'cmake_clean_cache' from command line to 'False'
[0.383s] Level 5:colcon.colcon_core.verb:set package 'sensor_interface' build argument 'cmake_clean_first' from command line to 'False'
[0.383s] Level 5:colcon.colcon_core.verb:set package 'sensor_interface' build argument 'cmake_force_configure' from command line to 'False'
[0.383s] Level 5:colcon.colcon_core.verb:set package 'sensor_interface' build argument 'ament_cmake_args' from command line to 'None'
[0.383s] Level 5:colcon.colcon_core.verb:set package 'sensor_interface' build argument 'catkin_cmake_args' from command line to 'None'
[0.383s] Level 5:colcon.colcon_core.verb:set package 'sensor_interface' build argument 'catkin_skip_building_tests' from command line to 'False'
[0.383s] DEBUG:colcon.colcon_core.verb:Building package 'sensor_interface' with the following arguments: {'ament_cmake_args': None, 'build_base': '/home/heronsaba/ros2_challenge/ros2_ws/build/sensor_interface', 'catkin_cmake_args': None, 'catkin_skip_building_tests': False, 'cmake_args': None, 'cmake_clean_cache': False, 'cmake_clean_first': False, 'cmake_force_configure': False, 'cmake_target': None, 'cmake_target_skip_unavailable': False, 'install_base': '/home/heronsaba/ros2_challenge/ros2_ws/install/sensor_interface', 'merge_install': False, 'path': '/home/heronsaba/ros2_challenge/ros2_ws/src/sensor_interface', 'symlink_install': True, 'test_result_base': None}
[0.384s] Level 5:colcon.colcon_core.verb:set package 'senai_ros2' build argument 'cmake_args' from command line to 'None'
[0.384s] Level 5:colcon.colcon_core.verb:set package 'senai_ros2' build argument 'cmake_target' from command line to 'None'
[0.384s] Level 5:colcon.colcon_core.verb:set package 'senai_ros2' build argument 'cmake_target_skip_unavailable' from command line to 'False'
[0.384s] Level 5:colcon.colcon_core.verb:set package 'senai_ros2' build argument 'cmake_clean_cache' from command line to 'False'
[0.384s] Level 5:colcon.colcon_core.verb:set package 'senai_ros2' build argument 'cmake_clean_first' from command line to 'False'
[0.384s] Level 5:colcon.colcon_core.verb:set package 'senai_ros2' build argument 'cmake_force_configure' from command line to 'False'
[0.384s] Level 5:colcon.colcon_core.verb:set package 'senai_ros2' build argument 'ament_cmake_args' from command line to 'None'
[0.384s] Level 5:colcon.colcon_core.verb:set package 'senai_ros2' build argument 'catkin_cmake_args' from command line to 'None'
[0.384s] Level 5:colcon.colcon_core.verb:set package 'senai_ros2' build argument 'catkin_skip_building_tests' from command line to 'False'
[0.384s] DEBUG:colcon.colcon_core.verb:Building package 'senai_ros2' with the following arguments: {'ament_cmake_args': None, 'build_base': '/home/heronsaba/ros2_challenge/ros2_ws/build/senai_ros2', 'catkin_cmake_args': None, 'catkin_skip_building_tests': False, 'cmake_args': None, 'cmake_clean_cache': False, 'cmake_clean_first': False, 'cmake_force_configure': False, 'cmake_target': None, 'cmake_target_skip_unavailable': False, 'install_base': '/home/heronsaba/ros2_challenge/ros2_ws/install/senai_ros2', 'merge_install': False, 'path': '/home/heronsaba/ros2_challenge/ros2_ws/src/senai_ros2', 'symlink_install': True, 'test_result_base': None}
[0.384s] INFO:colcon.colcon_core.executor:Executing jobs using 'parallel' executor
[0.385s] DEBUG:colcon.colcon_parallel_executor.executor.parallel:run_until_complete
[0.385s] INFO:colcon.colcon_ros.task.ament_cmake.build:Building ROS package in '/home/heronsaba/ros2_challenge/ros2_ws/src/sensor_interface' with build type 'ament_cmake'
[0.386s] INFO:colcon.colcon_cmake.task.cmake.build:Building CMake package in '/home/heronsaba/ros2_challenge/ros2_ws/src/sensor_interface'
[0.388s] INFO:colcon.colcon_core.plugin_system:Skipping extension 'colcon_core.shell.bat': Not used on non-Windows systems
[0.388s] INFO:colcon.colcon_core.shell:Skip shell extension 'powershell' for command environment: Not usable outside of PowerShell
[0.388s] DEBUG:colcon.colcon_core.shell:Skip shell extension 'dsv' for command environment
[0.398s] DEBUG:colcon.colcon_core.event_handler.log_command:Invoking command in '/home/heronsaba/ros2_challenge/ros2_ws/build/sensor_interface': CMAKE_PREFIX_PATH=${CMAKE_PREFIX_PATH}:/opt/ros/humble /usr/bin/cmake /home/heronsaba/ros2_challenge/ros2_ws/src/sensor_interface -DAMENT_CMAKE_SYMLINK_INSTALL=1 -DCMAKE_INSTALL_PREFIX=/home/heronsaba/ros2_challenge/ros2_ws/install/sensor_interface
[2.997s] DEBUG:colcon.colcon_core.event_handler.log_command:Invoked command in '/home/heronsaba/ros2_challenge/ros2_ws/build/sensor_interface' returned '0': CMAKE_PREFIX_PATH=${CMAKE_PREFIX_PATH}:/opt/ros/humble /usr/bin/cmake /home/heronsaba/ros2_challenge/ros2_ws/src/sensor_interface -DAMENT_CMAKE_SYMLINK_INSTALL=1 -DCMAKE_INSTALL_PREFIX=/home/heronsaba/ros2_challenge/ros2_ws/install/sensor_interface
[2.998s] DEBUG:colcon.colcon_core.event_handler.log_command:Invoking command in '/home/heronsaba/ros2_challenge/ros2_ws/build/sensor_interface': CMAKE_PREFIX_PATH=${CMAKE_PREFIX_PATH}:/opt/ros/humble /usr/bin/cmake --build /home/heronsaba/ros2_challenge/ros2_ws/build/sensor_interface -- -j2 -l2
[7.863s] DEBUG:colcon.colcon_core.event_handler.log_command:Invoked command in '/home/heronsaba/ros2_challenge/ros2_ws/build/sensor_interface' returned '0': CMAKE_PREFIX_PATH=${CMAKE_PREFIX_PATH}:/opt/ros/humble /usr/bin/cmake --build /home/heronsaba/ros2_challenge/ros2_ws/build/sensor_interface -- -j2 -l2
[7.985s] DEBUG:colcon.colcon_core.event_handler.log_command:Invoking command in '/home/heronsaba/ros2_challenge/ros2_ws/build/sensor_interface': CMAKE_PREFIX_PATH=${CMAKE_PREFIX_PATH}:/opt/ros/humble /usr/bin/cmake --install /home/heronsaba/ros2_challenge/ros2_ws/build/sensor_interface
[9.160s] Level 1:colcon.colcon_core.environment:create_environment_scripts_only(sensor_interface)
[9.161s] DEBUG:colcon.colcon_core.event_handler.log_command:Invoked command in '/home/heronsaba/ros2_challenge/ros2_ws/build/sensor_interface' returned '0': CMAKE_PREFIX_PATH=${CMAKE_PREFIX_PATH}:/opt/ros/humble /usr/bin/cmake --install /home/heronsaba/ros2_challenge/ros2_ws/build/sensor_interface
[9.163s] Level 1:colcon.colcon_core.environment:checking '/home/heronsaba/ros2_challenge/ros2_ws/install/sensor_interface' for CMake module files
[9.164s] Level 1:colcon.colcon_core.environment:checking '/home/heronsaba/ros2_challenge/ros2_ws/install/sensor_interface' for CMake config files
[9.165s] Level 1:colcon.colcon_core.shell:create_environment_hook('sensor_interface', 'cmake_prefix_path')
[9.165s] INFO:colcon.colcon_core.shell:Creating environment hook '/home/heronsaba/ros2_challenge/ros2_ws/install/sensor_interface/share/sensor_interface/hook/cmake_prefix_path.ps1'
[9.166s] INFO:colcon.colcon_core.shell:Creating environment descriptor '/home/heronsaba/ros2_challenge/ros2_ws/install/sensor_interface/share/sensor_interface/hook/cmake_prefix_path.dsv'
[9.166s] INFO:colcon.colcon_core.shell:Creating environment hook '/home/heronsaba/ros2_challenge/ros2_ws/install/sensor_interface/share/sensor_interface/hook/cmake_prefix_path.sh'
[9.167s] Level 1:colcon.colcon_core.environment:checking '/home/heronsaba/ros2_challenge/ros2_ws/install/sensor_interface/lib'
[9.167s] Level 1:colcon.colcon_core.shell:create_environment_hook('sensor_interface', 'ld_library_path_lib')
[9.167s] INFO:colcon.colcon_core.shell:Creating environment hook '/home/heronsaba/ros2_challenge/ros2_ws/install/sensor_interface/share/sensor_interface/hook/ld_library_path_lib.ps1'
[9.167s] INFO:colcon.colcon_core.shell:Creating environment descriptor '/home/heronsaba/ros2_challenge/ros2_ws/install/sensor_interface/share/sensor_interface/hook/ld_library_path_lib.dsv'
[9.168s] INFO:colcon.colcon_core.shell:Creating environment hook '/home/heronsaba/ros2_challenge/ros2_ws/install/sensor_interface/share/sensor_interface/hook/ld_library_path_lib.sh'
[9.168s] Level 1:colcon.colcon_core.environment:checking '/home/heronsaba/ros2_challenge/ros2_ws/install/sensor_interface/bin'
[9.168s] Level 1:colcon.colcon_core.environment:checking '/home/heronsaba/ros2_challenge/ros2_ws/install/sensor_interface/lib/pkgconfig/sensor_interface.pc'
[9.168s] Level 1:colcon.colcon_core.environment:checking '/home/heronsaba/ros2_challenge/ros2_ws/install/sensor_interface/lib/python3.10/site-packages'
[9.169s] Level 1:colcon.colcon_core.environment:checking '/home/heronsaba/ros2_challenge/ros2_ws/install/sensor_interface/bin'
[9.169s] INFO:colcon.colcon_core.shell:Creating package script '/home/heronsaba/ros2_challenge/ros2_ws/install/sensor_interface/share/sensor_interface/package.ps1'
[9.170s] INFO:colcon.colcon_core.shell:Creating package descriptor '/home/heronsaba/ros2_challenge/ros2_ws/install/sensor_interface/share/sensor_interface/package.dsv'
[9.170s] INFO:colcon.colcon_core.shell:Creating package script '/home/heronsaba/ros2_challenge/ros2_ws/install/sensor_interface/share/sensor_interface/package.sh'
[9.171s] INFO:colcon.colcon_core.shell:Creating package script '/home/heronsaba/ros2_challenge/ros2_ws/install/sensor_interface/share/sensor_interface/package.bash'
[9.172s] INFO:colcon.colcon_core.shell:Creating package script '/home/heronsaba/ros2_challenge/ros2_ws/install/sensor_interface/share/sensor_interface/package.zsh'
[9.172s] Level 1:colcon.colcon_core.environment:create_file_with_runtime_dependencies(/home/heronsaba/ros2_challenge/ros2_ws/install/sensor_interface/share/colcon-core/packages/sensor_interface)
[9.312s] Level 1:colcon.colcon_core.environment:create_environment_scripts_only(sensor_interface)
[9.312s] Level 1:colcon.colcon_core.environment:checking '/home/heronsaba/ros2_challenge/ros2_ws/install/sensor_interface' for CMake module files
[9.313s] Level 1:colcon.colcon_core.environment:checking '/home/heronsaba/ros2_challenge/ros2_ws/install/sensor_interface' for CMake config files
[9.313s] Level 1:colcon.colcon_core.shell:create_environment_hook('sensor_interface', 'cmake_prefix_path')
[9.313s] INFO:colcon.colcon_core.shell:Creating environment hook '/home/heronsaba/ros2_challenge/ros2_ws/install/sensor_interface/share/sensor_interface/hook/cmake_prefix_path.ps1'
[9.314s] INFO:colcon.colcon_core.shell:Creating environment descriptor '/home/heronsaba/ros2_challenge/ros2_ws/install/sensor_interface/share/sensor_interface/hook/cmake_prefix_path.dsv'
[9.314s] INFO:colcon.colcon_core.shell:Creating environment hook '/home/heronsaba/ros2_challenge/ros2_ws/install/sensor_interface/share/sensor_interface/hook/cmake_prefix_path.sh'
[9.315s] Level 1:colcon.colcon_core.environment:checking '/home/heronsaba/ros2_challenge/ros2_ws/install/sensor_interface/lib'
[9.315s] Level 1:colcon.colcon_core.shell:create_environment_hook('sensor_interface', 'ld_library_path_lib')
[9.315s] INFO:colcon.colcon_core.shell:Creating environment hook '/home/heronsaba/ros2_challenge/ros2_ws/install/sensor_interface/share/sensor_interface/hook/ld_library_path_lib.ps1'
[9.316s] INFO:colcon.colcon_core.shell:Creating environment descriptor '/home/heronsaba/ros2_challenge/ros2_ws/install/sensor_interface/share/sensor_interface/hook/ld_library_path_lib.dsv'
[9.316s] INFO:colcon.colcon_core.shell:Creating environment hook '/home/heronsaba/ros2_challenge/ros2_ws/install/sensor_interface/share/sensor_interface/hook/ld_library_path_lib.sh'
[9.317s] Level 1:colcon.colcon_core.environment:checking '/home/heronsaba/ros2_challenge/ros2_ws/install/sensor_interface/bin'
[9.317s] Level 1:colcon.colcon_core.environment:checking '/home/heronsaba/ros2_challenge/ros2_ws/install/sensor_interface/lib/pkgconfig/sensor_interface.pc'
[9.317s] Level 1:colcon.colcon_core.environment:checking '/home/heronsaba/ros2_challenge/ros2_ws/install/sensor_interface/lib/python3.10/site-packages'
[9.317s] Level 1:colcon.colcon_core.environment:checking '/home/heronsaba/ros2_challenge/ros2_ws/install/sensor_interface/bin'
[9.317s] INFO:colcon.colcon_core.shell:Creating package script '/home/heronsaba/ros2_challenge/ros2_ws/install/sensor_interface/share/sensor_interface/package.ps1'
[9.319s] INFO:colcon.colcon_core.shell:Creating package descriptor '/home/heronsaba/ros2_challenge/ros2_ws/install/sensor_interface/share/sensor_interface/package.dsv'
[9.320s] INFO:colcon.colcon_core.shell:Creating package script '/home/heronsaba/ros2_challenge/ros2_ws/install/sensor_interface/share/sensor_interface/package.sh'
[9.320s] INFO:colcon.colcon_core.shell:Creating package script '/home/heronsaba/ros2_challenge/ros2_ws/install/sensor_interface/share/sensor_interface/package.bash'
[9.321s] INFO:colcon.colcon_core.shell:Creating package script '/home/heronsaba/ros2_challenge/ros2_ws/install/sensor_interface/share/sensor_interface/package.zsh'
[9.321s] Level 1:colcon.colcon_core.environment:create_file_with_runtime_dependencies(/home/heronsaba/ros2_challenge/ros2_ws/install/sensor_interface/share/colcon-core/packages/sensor_interface)
[9.321s] INFO:colcon.colcon_ros.task.ament_cmake.build:Building ROS package in '/home/heronsaba/ros2_challenge/ros2_ws/src/senai_ros2' with build type 'ament_cmake'
[9.322s] INFO:colcon.colcon_cmake.task.cmake.build:Building CMake package in '/home/heronsaba/ros2_challenge/ros2_ws/src/senai_ros2'
[9.322s] INFO:colcon.colcon_core.shell:Skip shell extension 'powershell' for command environment: Not usable outside of PowerShell
[9.322s] DEBUG:colcon.colcon_core.shell:Skip shell extension 'dsv' for command environment
[9.337s] DEBUG:colcon.colcon_core.event_handler.log_command:Invoking command in '/home/heronsaba/ros2_challenge/ros2_ws/build/senai_ros2': AMENT_PREFIX_PATH=/home/heronsaba/ros2_challenge/ros2_ws/install/sensor_interface:${AMENT_PREFIX_PATH} CMAKE_PREFIX_PATH=/home/heronsaba/ros2_challenge/ros2_ws/install/sensor_interface:/home/heronsaba/ros2_challenges/ros2_ws/src/install/senai_ros2:/home/heronsaba/ros2_challenges/ros2_ws/src/install/sensor_interface:/opt/ros/humble LD_LIBRARY_PATH=/home/heronsaba/ros2_challenge/ros2_ws/install/sensor_interface/lib:${LD_LIBRARY_PATH} PYTHONPATH=/home/heronsaba/ros2_challenge/ros2_ws/install/sensor_interface/local/lib/python3.10/dist-packages:${PYTHONPATH} /usr/bin/cmake /home/heronsaba/ros2_challenge/ros2_ws/src/senai_ros2 -DAMENT_CMAKE_SYMLINK_INSTALL=1 -DCMAKE_INSTALL_PREFIX=/home/heronsaba/ros2_challenge/ros2_ws/install/senai_ros2
[11.270s] DEBUG:colcon.colcon_core.event_handler.log_command:Invoked command in '/home/heronsaba/ros2_challenge/ros2_ws/build/senai_ros2' returned '0': AMENT_PREFIX_PATH=/home/heronsaba/ros2_challenge/ros2_ws/install/sensor_interface:${AMENT_PREFIX_PATH} CMAKE_PREFIX_PATH=/home/heronsaba/ros2_challenge/ros2_ws/install/sensor_interface:/home/heronsaba/ros2_challenges/ros2_ws/src/install/senai_ros2:/home/heronsaba/ros2_challenges/ros2_ws/src/install/sensor_interface:/opt/ros/humble LD_LIBRARY_PATH=/home/heronsaba/ros2_challenge/ros2_ws/install/sensor_interface/lib:${LD_LIBRARY_PATH} PYTHONPATH=/home/heronsaba/ros2_challenge/ros2_ws/install/sensor_interface/local/lib/python3.10/dist-packages:${PYTHONPATH} /usr/bin/cmake /home/heronsaba/ros2_challenge/ros2_ws/src/senai_ros2 -DAMENT_CMAKE_SYMLINK_INSTALL=1 -DCMAKE_INSTALL_PREFIX=/home/heronsaba/ros2_challenge/ros2_ws/install/senai_ros2
[11.273s] DEBUG:colcon.colcon_core.event_handler.log_command:Invoking command in '/home/heronsaba/ros2_challenge/ros2_ws/build/senai_ros2': AMENT_PREFIX_PATH=/home/heronsaba/ros2_challenge/ros2_ws/install/sensor_interface:${AMENT_PREFIX_PATH} CMAKE_PREFIX_PATH=/home/heronsaba/ros2_challenge/ros2_ws/install/sensor_interface:/home/heronsaba/ros2_challenges/ros2_ws/src/install/senai_ros2:/home/heronsaba/ros2_challenges/ros2_ws/src/install/sensor_interface:/opt/ros/humble LD_LIBRARY_PATH=/home/heronsaba/ros2_challenge/ros2_ws/install/sensor_interface/lib:${LD_LIBRARY_PATH} PYTHONPATH=/home/heronsaba/ros2_challenge/ros2_ws/install/sensor_interface/local/lib/python3.10/dist-packages:${PYTHONPATH} /usr/bin/cmake --build /home/heronsaba/ros2_challenge/ros2_ws/build/senai_ros2 -- -j2 -l2
[25.984s] DEBUG:colcon.colcon_core.event_handler.log_command:Invoked command in '/home/heronsaba/ros2_challenge/ros2_ws/build/senai_ros2' returned '0': AMENT_PREFIX_PATH=/home/heronsaba/ros2_challenge/ros2_ws/install/sensor_interface:${AMENT_PREFIX_PATH} CMAKE_PREFIX_PATH=/home/heronsaba/ros2_challenge/ros2_ws/install/sensor_interface:/home/heronsaba/ros2_challenges/ros2_ws/src/install/senai_ros2:/home/heronsaba/ros2_challenges/ros2_ws/src/install/sensor_interface:/opt/ros/humble LD_LIBRARY_PATH=/home/heronsaba/ros2_challenge/ros2_ws/install/sensor_interface/lib:${LD_LIBRARY_PATH} PYTHONPATH=/home/heronsaba/ros2_challenge/ros2_ws/install/sensor_interface/local/lib/python3.10/dist-packages:${PYTHONPATH} /usr/bin/cmake --build /home/heronsaba/ros2_challenge/ros2_ws/build/senai_ros2 -- -j2 -l2
[26.029s] DEBUG:colcon.colcon_core.event_handler.log_command:Invoking command in '/home/heronsaba/ros2_challenge/ros2_ws/build/senai_ros2': AMENT_PREFIX_PATH=/home/heronsaba/ros2_challenge/ros2_ws/install/sensor_interface:${AMENT_PREFIX_PATH} CMAKE_PREFIX_PATH=/home/heronsaba/ros2_challenge/ros2_ws/install/sensor_interface:/home/heronsaba/ros2_challenges/ros2_ws/src/install/senai_ros2:/home/heronsaba/ros2_challenges/ros2_ws/src/install/sensor_interface:/opt/ros/humble LD_LIBRARY_PATH=/home/heronsaba/ros2_challenge/ros2_ws/install/sensor_interface/lib:${LD_LIBRARY_PATH} PYTHONPATH=/home/heronsaba/ros2_challenge/ros2_ws/install/sensor_interface/local/lib/python3.10/dist-packages:${PYTHONPATH} /usr/bin/cmake --install /home/heronsaba/ros2_challenge/ros2_ws/build/senai_ros2
[26.293s] Level 1:colcon.colcon_core.environment:create_environment_scripts_only(senai_ros2)
[26.294s] Level 1:colcon.colcon_core.environment:checking '/home/heronsaba/ros2_challenge/ros2_ws/install/senai_ros2' for CMake module files
[26.295s] Level 1:colcon.colcon_core.environment:checking '/home/heronsaba/ros2_challenge/ros2_ws/install/senai_ros2' for CMake config files
[26.295s] Level 1:colcon.colcon_core.shell:create_environment_hook('senai_ros2', 'cmake_prefix_path')
[26.296s] INFO:colcon.colcon_core.shell:Creating environment hook '/home/heronsaba/ros2_challenge/ros2_ws/install/senai_ros2/share/senai_ros2/hook/cmake_prefix_path.ps1'
[26.296s] DEBUG:colcon.colcon_core.event_handler.log_command:Invoked command in '/home/heronsaba/ros2_challenge/ros2_ws/build/senai_ros2' returned '0': AMENT_PREFIX_PATH=/home/heronsaba/ros2_challenge/ros2_ws/install/sensor_interface:${AMENT_PREFIX_PATH} CMAKE_PREFIX_PATH=/home/heronsaba/ros2_challenge/ros2_ws/install/sensor_interface:/home/heronsaba/ros2_challenges/ros2_ws/src/install/senai_ros2:/home/heronsaba/ros2_challenges/ros2_ws/src/install/sensor_interface:/opt/ros/humble LD_LIBRARY_PATH=/home/heronsaba/ros2_challenge/ros2_ws/install/sensor_interface/lib:${LD_LIBRARY_PATH} PYTHONPATH=/home/heronsaba/ros2_challenge/ros2_ws/install/sensor_interface/local/lib/python3.10/dist-packages:${PYTHONPATH} /usr/bin/cmake --install /home/heronsaba/ros2_challenge/ros2_ws/build/senai_ros2
[26.297s] INFO:colcon.colcon_core.shell:Creating environment descriptor '/home/heronsaba/ros2_challenge/ros2_ws/install/senai_ros2/share/senai_ros2/hook/cmake_prefix_path.dsv'
[26.299s] INFO:colcon.colcon_core.shell:Creating environment hook '/home/heronsaba/ros2_challenge/ros2_ws/install/senai_ros2/share/senai_ros2/hook/cmake_prefix_path.sh'
[26.301s] Level 1:colcon.colcon_core.environment:checking '/home/heronsaba/ros2_challenge/ros2_ws/install/senai_ros2/lib'
[26.301s] Level 1:colcon.colcon_core.environment:checking '/home/heronsaba/ros2_challenge/ros2_ws/install/senai_ros2/bin'
[26.301s] Level 1:colcon.colcon_core.environment:checking '/home/heronsaba/ros2_challenge/ros2_ws/install/senai_ros2/lib/pkgconfig/senai_ros2.pc'
[26.301s] Level 1:colcon.colcon_core.environment:checking '/home/heronsaba/ros2_challenge/ros2_ws/install/senai_ros2/lib/python3.10/site-packages'
[26.301s] Level 1:colcon.colcon_core.environment:checking '/home/heronsaba/ros2_challenge/ros2_ws/install/senai_ros2/bin'
[26.302s] INFO:colcon.colcon_core.shell:Creating package script '/home/heronsaba/ros2_challenge/ros2_ws/install/senai_ros2/share/senai_ros2/package.ps1'
[26.303s] INFO:colcon.colcon_core.shell:Creating package descriptor '/home/heronsaba/ros2_challenge/ros2_ws/install/senai_ros2/share/senai_ros2/package.dsv'
[26.304s] INFO:colcon.colcon_core.shell:Creating package script '/home/heronsaba/ros2_challenge/ros2_ws/install/senai_ros2/share/senai_ros2/package.sh'
[26.305s] INFO:colcon.colcon_core.shell:Creating package script '/home/heronsaba/ros2_challenge/ros2_ws/install/senai_ros2/share/senai_ros2/package.bash'
[26.306s] INFO:colcon.colcon_core.shell:Creating package script '/home/heronsaba/ros2_challenge/ros2_ws/install/senai_ros2/share/senai_ros2/package.zsh'
[26.306s] Level 1:colcon.colcon_core.environment:create_file_with_runtime_dependencies(/home/heronsaba/ros2_challenge/ros2_ws/install/senai_ros2/share/colcon-core/packages/senai_ros2)
[26.350s] Level 1:colcon.colcon_core.environment:create_environment_scripts_only(senai_ros2)
[26.350s] Level 1:colcon.colcon_core.environment:checking '/home/heronsaba/ros2_challenge/ros2_ws/install/senai_ros2' for CMake module files
[26.351s] Level 1:colcon.colcon_core.environment:checking '/home/heronsaba/ros2_challenge/ros2_ws/install/senai_ros2' for CMake config files
[26.352s] Level 1:colcon.colcon_core.shell:create_environment_hook('senai_ros2', 'cmake_prefix_path')
[26.352s] INFO:colcon.colcon_core.shell:Creating environment hook '/home/heronsaba/ros2_challenge/ros2_ws/install/senai_ros2/share/senai_ros2/hook/cmake_prefix_path.ps1'
[26.353s] INFO:colcon.colcon_core.shell:Creating environment descriptor '/home/heronsaba/ros2_challenge/ros2_ws/install/senai_ros2/share/senai_ros2/hook/cmake_prefix_path.dsv'
[26.353s] INFO:colcon.colcon_core.shell:Creating environment hook '/home/heronsaba/ros2_challenge/ros2_ws/install/senai_ros2/share/senai_ros2/hook/cmake_prefix_path.sh'
[26.354s] Level 1:colcon.colcon_core.environment:checking '/home/heronsaba/ros2_challenge/ros2_ws/install/senai_ros2/lib'
[26.354s] Level 1:colcon.colcon_core.environment:checking '/home/heronsaba/ros2_challenge/ros2_ws/install/senai_ros2/bin'
[26.354s] Level 1:colcon.colcon_core.environment:checking '/home/heronsaba/ros2_challenge/ros2_ws/install/senai_ros2/lib/pkgconfig/senai_ros2.pc'
[26.354s] Level 1:colcon.colcon_core.environment:checking '/home/heronsaba/ros2_challenge/ros2_ws/install/senai_ros2/lib/python3.10/site-packages'
[26.354s] Level 1:colcon.colcon_core.environment:checking '/home/heronsaba/ros2_challenge/ros2_ws/install/senai_ros2/bin'
[26.355s] INFO:colcon.colcon_core.shell:Creating package script '/home/heronsaba/ros2_challenge/ros2_ws/install/senai_ros2/share/senai_ros2/package.ps1'
[26.355s] INFO:colcon.colcon_core.shell:Creating package descriptor '/home/heronsaba/ros2_challenge/ros2_ws/install/senai_ros2/share/senai_ros2/package.dsv'
[26.356s] INFO:colcon.colcon_core.shell:Creating package script '/home/heronsaba/ros2_challenge/ros2_ws/install/senai_ros2/share/senai_ros2/package.sh'
[26.356s] INFO:colcon.colcon_core.shell:Creating package script '/home/heronsaba/ros2_challenge/ros2_ws/install/senai_ros2/share/senai_ros2/package.bash'
[26.357s] INFO:colcon.colcon_core.shell:Creating package script '/home/heronsaba/ros2_challenge/ros2_ws/install/senai_ros2/share/senai_ros2/package.zsh'
[26.357s] Level 1:colcon.colcon_core.environment:create_file_with_runtime_dependencies(/home/heronsaba/ros2_challenge/ros2_ws/install/senai_ros2/share/colcon-core/packages/senai_ros2)
[26.358s] DEBUG:colcon.colcon_parallel_executor.executor.parallel:closing loop
[26.358s] DEBUG:colcon.colcon_parallel_executor.executor.parallel:loop closed
[26.358s] DEBUG:colcon.colcon_parallel_executor.executor.parallel:run_until_complete finished with '0'
[26.358s] DEBUG:colcon.colcon_core.event_reactor:joining thread
[26.376s] INFO:colcon.colcon_core.plugin_system:Skipping extension 'colcon_notification.desktop_notification.terminal_notifier': Not used on non-Darwin systems
[26.376s] INFO:colcon.colcon_core.plugin_system:Skipping extension 'colcon_notification.desktop_notification.win32': Not used on non-Windows systems
[26.376s] INFO:colcon.colcon_notification.desktop_notification:Sending desktop notification using 'notify2'
[26.397s] DEBUG:colcon.colcon_core.event_reactor:joined thread
[26.398s] INFO:colcon.colcon_core.shell:Creating prefix script '/home/heronsaba/ros2_challenge/ros2_ws/install/local_setup.ps1'
[26.399s] INFO:colcon.colcon_core.shell:Creating prefix util module '/home/heronsaba/ros2_challenge/ros2_ws/install/_local_setup_util_ps1.py'
[26.401s] INFO:colcon.colcon_core.shell:Creating prefix chain script '/home/heronsaba/ros2_challenge/ros2_ws/install/setup.ps1'
[26.404s] INFO:colcon.colcon_core.shell:Creating prefix script '/home/heronsaba/ros2_challenge/ros2_ws/install/local_setup.sh'
[26.406s] INFO:colcon.colcon_core.shell:Creating prefix util module '/home/heronsaba/ros2_challenge/ros2_ws/install/_local_setup_util_sh.py'
[26.406s] INFO:colcon.colcon_core.shell:Creating prefix chain script '/home/heronsaba/ros2_challenge/ros2_ws/install/setup.sh'
[26.408s] INFO:colcon.colcon_core.shell:Creating prefix script '/home/heronsaba/ros2_challenge/ros2_ws/install/local_setup.bash'
[26.409s] INFO:colcon.colcon_core.shell:Creating prefix chain script '/home/heronsaba/ros2_challenge/ros2_ws/install/setup.bash'
[26.411s] INFO:colcon.colcon_core.shell:Creating prefix script '/home/heronsaba/ros2_challenge/ros2_ws/install/local_setup.zsh'
[26.412s] INFO:colcon.colcon_core.shell:Creating prefix chain script '/home/heronsaba/ros2_challenge/ros2_ws/install/setup.zsh'
