[0.011s] Invoking command in '/home/heronsaba/ros2_challenge/ros2_ws/build/sensor_interface': CMAKE_PREFIX_PATH=${CMAKE_PREFIX_PATH}:/opt/ros/humble /usr/bin/cmake /home/heronsaba/ros2_challenge/ros2_ws/src/sensor_interface -DAMENT_CMAKE_SYMLINK_INSTALL=1 -DCMAKE_INSTALL_PREFIX=/home/heronsaba/ros2_challenge/ros2_ws/install/sensor_interface
[0.074s] -- The C compiler identification is GNU 11.4.0
[0.143s] -- The CXX compiler identification is GNU 11.4.0
[0.157s] -- Detecting C compiler ABI info
[0.286s] -- Detecting C compiler ABI info - done
[0.292s] -- Check for working C compiler: /usr/bin/cc - skipped
[0.292s] -- Detecting C compile features
[0.293s] -- Detecting C compile features - done
[0.301s] -- Detecting CXX compiler ABI info
[0.466s] -- Detecting CXX compiler ABI info - done
[0.478s] -- Check for working CXX compiler: /usr/bin/c++ - skipped
[0.479s] -- Detecting CXX compile features
[0.479s] -- Detecting CXX compile features - done
[0.482s] -- Found ament_cmake: 1.3.8 (/opt/ros/humble/share/ament_cmake/cmake)
[0.672s] -- Found Python3: /usr/bin/python3 (found version "3.10.12") found components: Interpreter 
[0.741s] -- Override CMake install command with custom implementation using symlinks instead of copying resources
[0.768s] -- Found rosidl_default_generators: 1.2.0 (/opt/ros/humble/share/rosidl_default_generators/cmake)
[0.771s] -- Using all available rosidl_typesupport_c: rosidl_typesupport_fastrtps_c;rosidl_typesupport_introspection_c
[0.778s] -- Found rosidl_adapter: 3.1.5 (/opt/ros/humble/share/rosidl_adapter/cmake)
[0.822s] -- Using all available rosidl_typesupport_cpp: rosidl_typesupport_fastrtps_cpp;rosidl_typesupport_introspection_cpp
[0.864s] -- Found geometry_msgs: 4.2.3 (/opt/ros/humble/share/geometry_msgs/cmake)
[1.016s] -- Found sensor_msgs: 4.2.3 (/opt/ros/humble/share/sensor_msgs/cmake)
[1.503s] -- Found ament_cmake_cppcheck: 0.12.10 (/opt/ros/humble/share/ament_cmake_cppcheck/cmake)
[1.506s] -- Found ament_cmake_cpplint: 0.12.10 (/opt/ros/humble/share/ament_cmake_cpplint/cmake)
[1.509s] -- Found ament_cmake_uncrustify: 0.12.10 (/opt/ros/humble/share/ament_cmake_uncrustify/cmake)
[1.511s] -- Found ament_cmake_ros: 0.10.0 (/opt/ros/humble/share/ament_cmake_ros/cmake)
[1.861s] -- Using all available rosidl_typesupport_c: rosidl_typesupport_fastrtps_c;rosidl_typesupport_introspection_c
[2.329s] -- Using all available rosidl_typesupport_cpp: rosidl_typesupport_fastrtps_cpp;rosidl_typesupport_introspection_cpp
[2.361s] -- Found PythonInterp: /usr/bin/python3 (found suitable version "3.10.12", minimum required is "3.6") 
[2.363s] -- Found python_cmake_module: 0.10.0 (/opt/ros/humble/share/python_cmake_module/cmake)
[2.388s] -- Found PythonLibs: /usr/lib/x86_64-linux-gnu/libpython3.10.so (found suitable version "3.10.12", minimum required is "3.5") 
[2.389s] -- Using PYTHON_EXECUTABLE: /usr/bin/python3
[2.389s] -- Using PYTHON_INCLUDE_DIRS: /usr/include/python3.10
[2.389s] -- Using PYTHON_LIBRARIES: /usr/lib/x86_64-linux-gnu/libpython3.10.so
[2.411s] -- Found PythonExtra: .so  
[2.517s] -- Found ament_cmake_flake8: 0.12.10 (/opt/ros/humble/share/ament_cmake_flake8/cmake)
[2.519s] -- Found ament_cmake_pep257: 0.12.10 (/opt/ros/humble/share/ament_cmake_pep257/cmake)
[2.523s] -- Found ament_lint_auto: 0.12.10 (/opt/ros/humble/share/ament_lint_auto/cmake)
[2.540s] -- Added test 'lint_cmake' to check CMake code style
[2.541s] -- Added test 'xmllint' to check XML markup files
[2.546s] -- Configuring done
[2.596s] -- Generating done
[2.600s] -- Build files have been written to: /home/heronsaba/ros2_challenge/ros2_ws/build/sensor_interface
[2.611s] Invoked command in '/home/heronsaba/ros2_challenge/ros2_ws/build/sensor_interface' returned '0': CMAKE_PREFIX_PATH=${CMAKE_PREFIX_PATH}:/opt/ros/humble /usr/bin/cmake /home/heronsaba/ros2_challenge/ros2_ws/src/sensor_interface -DAMENT_CMAKE_SYMLINK_INSTALL=1 -DCMAKE_INSTALL_PREFIX=/home/heronsaba/ros2_challenge/ros2_ws/install/sensor_interface
[2.611s] Invoking command in '/home/heronsaba/ros2_challenge/ros2_ws/build/sensor_interface': CMAKE_PREFIX_PATH=${CMAKE_PREFIX_PATH}:/opt/ros/humble /usr/bin/cmake --build /home/heronsaba/ros2_challenge/ros2_ws/build/sensor_interface -- -j2 -l2
[2.666s] [  2%] [34m[1mGenerating C code for ROS interfaces[0m
[2.687s] [  5%] [34m[1mGenerating C++ code for ROS interfaces[0m
[3.074s] [  5%] Built target sensor_interface__cpp
[3.108s] [  7%] [32mBuilding C object CMakeFiles/sensor_interface__rosidl_generator_c.dir/rosidl_generator_c/sensor_interface/msg/detail/nums__functions.c.o[0m
[3.110s] [  7%] Built target ament_cmake_python_symlink_sensor_interface
[3.122s] [ 10%] [32mBuilding C object CMakeFiles/sensor_interface__rosidl_generator_c.dir/rosidl_generator_c/sensor_interface/srv/detail/send_image__functions.c.o[0m
[3.169s] [ 12%] [34m[1mGenerating C++ type support dispatch for ROS interfaces[0m
[3.193s] [ 15%] [32m[1mLinking C shared library libsensor_interface__rosidl_generator_c.so[0m
[3.239s] [ 15%] Built target sensor_interface__rosidl_generator_c
[3.256s] [ 17%] [34m[1mGenerating C++ type support for eProsima Fast-RTPS[0m
[3.460s] [ 20%] [32mBuilding CXX object CMakeFiles/sensor_interface__rosidl_typesupport_cpp.dir/rosidl_typesupport_cpp/sensor_interface/msg/nums__type_support.cpp.o[0m
[3.605s] [ 23%] [32mBuilding CXX object CMakeFiles/sensor_interface__rosidl_typesupport_fastrtps_cpp.dir/rosidl_typesupport_fastrtps_cpp/sensor_interface/msg/detail/dds_fastrtps/nums__type_support.cpp.o[0m
[3.752s] [ 25%] [32mBuilding CXX object CMakeFiles/sensor_interface__rosidl_typesupport_cpp.dir/rosidl_typesupport_cpp/sensor_interface/srv/send_image__type_support.cpp.o[0m
[4.048s] [ 28%] [32mBuilding CXX object CMakeFiles/sensor_interface__rosidl_typesupport_fastrtps_cpp.dir/rosidl_typesupport_fastrtps_cpp/sensor_interface/srv/detail/dds_fastrtps/send_image__type_support.cpp.o[0m
[4.059s] [ 30%] [32m[1mLinking CXX shared library libsensor_interface__rosidl_typesupport_cpp.so[0m
[4.116s] [ 30%] Built target sensor_interface__rosidl_typesupport_cpp
[4.130s] [ 33%] [34m[1mGenerating C++ introspection for ROS interfaces[0m
[4.459s] [ 35%] [32mBuilding CXX object CMakeFiles/sensor_interface__rosidl_typesupport_introspection_cpp.dir/rosidl_typesupport_introspection_cpp/sensor_interface/msg/detail/nums__type_support.cpp.o[0m
[4.489s] [ 38%] [32m[1mLinking CXX shared library libsensor_interface__rosidl_typesupport_fastrtps_cpp.so[0m
[4.586s] [ 38%] Built target sensor_interface__rosidl_typesupport_fastrtps_cpp
[4.862s] [ 41%] [32mBuilding CXX object CMakeFiles/sensor_interface__rosidl_typesupport_introspection_cpp.dir/rosidl_typesupport_introspection_cpp/sensor_interface/srv/detail/send_image__type_support.cpp.o[0m
[4.862s] running egg_info
[4.863s] creating sensor_interface.egg-info
[4.864s] writing sensor_interface.egg-info/PKG-INFO
[4.864s] writing dependency_links to sensor_interface.egg-info/dependency_links.txt
[4.865s] writing top-level names to sensor_interface.egg-info/top_level.txt
[4.865s] writing manifest file 'sensor_interface.egg-info/SOURCES.txt'
[4.867s] reading manifest file 'sensor_interface.egg-info/SOURCES.txt'
[4.868s] writing manifest file 'sensor_interface.egg-info/SOURCES.txt'
[4.901s] [ 41%] Built target ament_cmake_python_build_sensor_interface_egg
[4.916s] [ 43%] [34m[1mGenerating C type support for eProsima Fast-RTPS[0m
[5.262s] [ 46%] [32mBuilding CXX object CMakeFiles/sensor_interface__rosidl_typesupport_fastrtps_c.dir/rosidl_typesupport_fastrtps_c/sensor_interface/msg/detail/nums__type_support_c.cpp.o[0m
[5.295s] [ 48%] [32m[1mLinking CXX shared library libsensor_interface__rosidl_typesupport_introspection_cpp.so[0m
[5.371s] [ 48%] Built target sensor_interface__rosidl_typesupport_introspection_cpp
[5.383s] [ 51%] [32mBuilding CXX object CMakeFiles/sensor_interface__rosidl_typesupport_fastrtps_c.dir/rosidl_typesupport_fastrtps_c/sensor_interface/srv/detail/send_image__type_support_c.cpp.o[0m
[5.626s] [ 53%] [34m[1mGenerating C introspection for ROS interfaces[0m
[5.766s] [ 56%] [32m[1mLinking CXX shared library libsensor_interface__rosidl_typesupport_fastrtps_c.so[0m
[5.866s] [ 56%] Built target sensor_interface__rosidl_typesupport_fastrtps_c
[5.880s] [ 58%] [34m[1mGenerating C type support dispatch for ROS interfaces[0m
[5.973s] [ 61%] [32mBuilding C object CMakeFiles/sensor_interface__rosidl_typesupport_introspection_c.dir/rosidl_typesupport_introspection_c/sensor_interface/msg/detail/nums__type_support.c.o[0m
[6.016s] [ 64%] [32mBuilding C object CMakeFiles/sensor_interface__rosidl_typesupport_introspection_c.dir/rosidl_typesupport_introspection_c/sensor_interface/srv/detail/send_image__type_support.c.o[0m
[6.065s] [ 66%] [32m[1mLinking C shared library libsensor_interface__rosidl_typesupport_introspection_c.so[0m
[6.107s] [ 66%] Built target sensor_interface__rosidl_typesupport_introspection_c
[6.161s] [ 69%] [32mBuilding CXX object CMakeFiles/sensor_interface__rosidl_typesupport_c.dir/rosidl_typesupport_c/sensor_interface/srv/send_image__type_support.cpp.o[0m
[6.161s] [ 71%] [32mBuilding CXX object CMakeFiles/sensor_interface__rosidl_typesupport_c.dir/rosidl_typesupport_c/sensor_interface/msg/nums__type_support.cpp.o[0m
[6.207s] [ 74%] [32m[1mLinking CXX shared library libsensor_interface__rosidl_typesupport_c.so[0m
[6.260s] [ 74%] Built target sensor_interface__rosidl_typesupport_c
[6.286s] [ 74%] Built target sensor_interface
[6.311s] [ 76%] [34m[1mGenerating Python code for ROS interfaces[0m
[6.809s] [ 76%] Built target sensor_interface__py
[6.835s] [ 79%] [32mBuilding C object CMakeFiles/sensor_interface__rosidl_generator_py.dir/rosidl_generator_py/sensor_interface/srv/_send_image_s.c.o[0m
[6.835s] [ 82%] [32mBuilding C object CMakeFiles/sensor_interface__rosidl_generator_py.dir/rosidl_generator_py/sensor_interface/msg/_nums_s.c.o[0m
[6.963s] [ 84%] [32m[1mLinking C shared library rosidl_generator_py/sensor_interface/libsensor_interface__rosidl_generator_py.so[0m
[7.017s] [ 84%] Built target sensor_interface__rosidl_generator_py
[7.047s] [ 87%] [32mBuilding C object CMakeFiles/sensor_interface__rosidl_typesupport_introspection_c__pyext.dir/rosidl_generator_py/sensor_interface/_sensor_interface_s.ep.rosidl_typesupport_introspection_c.c.o[0m
[7.050s] [ 89%] [32mBuilding C object CMakeFiles/sensor_interface__rosidl_typesupport_fastrtps_c__pyext.dir/rosidl_generator_py/sensor_interface/_sensor_interface_s.ep.rosidl_typesupport_fastrtps_c.c.o[0m
[7.189s] [ 92%] [32m[1mLinking C shared library rosidl_generator_py/sensor_interface/sensor_interface_s__rosidl_typesupport_introspection_c.cpython-310-x86_64-linux-gnu.so[0m
[7.190s] [ 94%] [32m[1mLinking C shared library rosidl_generator_py/sensor_interface/sensor_interface_s__rosidl_typesupport_fastrtps_c.cpython-310-x86_64-linux-gnu.so[0m
[7.244s] [ 94%] Built target sensor_interface__rosidl_typesupport_fastrtps_c__pyext
[7.244s] [ 94%] Built target sensor_interface__rosidl_typesupport_introspection_c__pyext
[7.272s] [ 97%] [32mBuilding C object CMakeFiles/sensor_interface__rosidl_typesupport_c__pyext.dir/rosidl_generator_py/sensor_interface/_sensor_interface_s.ep.rosidl_typesupport_c.c.o[0m
[7.399s] [100%] [32m[1mLinking C shared library rosidl_generator_py/sensor_interface/sensor_interface_s__rosidl_typesupport_c.cpython-310-x86_64-linux-gnu.so[0m
[7.458s] [100%] Built target sensor_interface__rosidl_typesupport_c__pyext
[7.476s] Invoked command in '/home/heronsaba/ros2_challenge/ros2_ws/build/sensor_interface' returned '0': CMAKE_PREFIX_PATH=${CMAKE_PREFIX_PATH}:/opt/ros/humble /usr/bin/cmake --build /home/heronsaba/ros2_challenge/ros2_ws/build/sensor_interface -- -j2 -l2
[7.598s] Invoking command in '/home/heronsaba/ros2_challenge/ros2_ws/build/sensor_interface': CMAKE_PREFIX_PATH=${CMAKE_PREFIX_PATH}:/opt/ros/humble /usr/bin/cmake --install /home/heronsaba/ros2_challenge/ros2_ws/build/sensor_interface
[7.608s] -- Install configuration: ""
[7.610s] -- Execute custom install script
[7.610s] -- Symlinking: /home/heronsaba/ros2_challenge/ros2_ws/install/sensor_interface/share/ament_index/resource_index/rosidl_interfaces/sensor_interface
[7.623s] -- Symlinking: /home/heronsaba/ros2_challenge/ros2_ws/install/sensor_interface/include/sensor_interface/sensor_interface/msg/detail/nums__functions.h
[7.635s] -- Symlinking: /home/heronsaba/ros2_challenge/ros2_ws/install/sensor_interface/include/sensor_interface/sensor_interface/msg/detail/nums__struct.h
[7.648s] -- Symlinking: /home/heronsaba/ros2_challenge/ros2_ws/install/sensor_interface/include/sensor_interface/sensor_interface/msg/detail/nums__type_support.h
[7.662s] -- Symlinking: /home/heronsaba/ros2_challenge/ros2_ws/install/sensor_interface/include/sensor_interface/sensor_interface/msg/nums.h
[7.677s] -- Symlinking: /home/heronsaba/ros2_challenge/ros2_ws/install/sensor_interface/include/sensor_interface/sensor_interface/msg/rosidl_generator_c__visibility_control.h
[7.690s] -- Symlinking: /home/heronsaba/ros2_challenge/ros2_ws/install/sensor_interface/include/sensor_interface/sensor_interface/srv/detail/send_image__functions.h
[7.700s] -- Symlinking: /home/heronsaba/ros2_challenge/ros2_ws/install/sensor_interface/include/sensor_interface/sensor_interface/srv/detail/send_image__struct.h
[7.717s] -- Symlinking: /home/heronsaba/ros2_challenge/ros2_ws/install/sensor_interface/include/sensor_interface/sensor_interface/srv/detail/send_image__type_support.h
[7.730s] -- Symlinking: /home/heronsaba/ros2_challenge/ros2_ws/install/sensor_interface/include/sensor_interface/sensor_interface/srv/send_image.h
[7.747s] -- Symlinking: /home/heronsaba/ros2_challenge/ros2_ws/install/sensor_interface/share/sensor_interface/environment/library_path.sh
[7.766s] -- Symlinking: /home/heronsaba/ros2_challenge/ros2_ws/install/sensor_interface/share/sensor_interface/environment/library_path.dsv
[7.778s] -- Symlinking: /home/heronsaba/ros2_challenge/ros2_ws/install/sensor_interface/include/sensor_interface/sensor_interface/msg/detail/nums__rosidl_typesupport_fastrtps_c.h
[7.792s] -- Symlinking: /home/heronsaba/ros2_challenge/ros2_ws/install/sensor_interface/include/sensor_interface/sensor_interface/msg/rosidl_typesupport_fastrtps_c__visibility_control.h
[7.804s] -- Symlinking: /home/heronsaba/ros2_challenge/ros2_ws/install/sensor_interface/include/sensor_interface/sensor_interface/srv/detail/send_image__rosidl_typesupport_fastrtps_c.h
[7.819s] -- Symlinking: /home/heronsaba/ros2_challenge/ros2_ws/install/sensor_interface/include/sensor_interface/sensor_interface/msg/detail/nums__rosidl_typesupport_introspection_c.h
[7.832s] -- Symlinking: /home/heronsaba/ros2_challenge/ros2_ws/install/sensor_interface/include/sensor_interface/sensor_interface/msg/rosidl_typesupport_introspection_c__visibility_control.h
[7.846s] -- Symlinking: /home/heronsaba/ros2_challenge/ros2_ws/install/sensor_interface/include/sensor_interface/sensor_interface/srv/detail/send_image__rosidl_typesupport_introspection_c.h
[7.861s] -- Symlinking: /home/heronsaba/ros2_challenge/ros2_ws/install/sensor_interface/include/sensor_interface/sensor_interface/msg/detail/nums__builder.hpp
[7.877s] -- Symlinking: /home/heronsaba/ros2_challenge/ros2_ws/install/sensor_interface/include/sensor_interface/sensor_interface/msg/detail/nums__struct.hpp
[7.888s] -- Symlinking: /home/heronsaba/ros2_challenge/ros2_ws/install/sensor_interface/include/sensor_interface/sensor_interface/msg/detail/nums__traits.hpp
[7.900s] -- Symlinking: /home/heronsaba/ros2_challenge/ros2_ws/install/sensor_interface/include/sensor_interface/sensor_interface/msg/nums.hpp
[7.917s] -- Symlinking: /home/heronsaba/ros2_challenge/ros2_ws/install/sensor_interface/include/sensor_interface/sensor_interface/srv/detail/send_image__builder.hpp
[7.931s] -- Symlinking: /home/heronsaba/ros2_challenge/ros2_ws/install/sensor_interface/include/sensor_interface/sensor_interface/srv/detail/send_image__struct.hpp
[7.945s] -- Symlinking: /home/heronsaba/ros2_challenge/ros2_ws/install/sensor_interface/include/sensor_interface/sensor_interface/srv/detail/send_image__traits.hpp
[7.962s] -- Symlinking: /home/heronsaba/ros2_challenge/ros2_ws/install/sensor_interface/include/sensor_interface/sensor_interface/srv/send_image.hpp
[7.979s] -- Symlinking: /home/heronsaba/ros2_challenge/ros2_ws/install/sensor_interface/include/sensor_interface/sensor_interface/msg/detail/nums__rosidl_typesupport_fastrtps_cpp.hpp
[7.994s] -- Symlinking: /home/heronsaba/ros2_challenge/ros2_ws/install/sensor_interface/include/sensor_interface/sensor_interface/msg/rosidl_typesupport_fastrtps_cpp__visibility_control.h
[8.007s] -- Symlinking: /home/heronsaba/ros2_challenge/ros2_ws/install/sensor_interface/include/sensor_interface/sensor_interface/srv/detail/send_image__rosidl_typesupport_fastrtps_cpp.hpp
[8.021s] -- Symlinking: /home/heronsaba/ros2_challenge/ros2_ws/install/sensor_interface/include/sensor_interface/sensor_interface/msg/detail/nums__rosidl_typesupport_introspection_cpp.hpp
[8.033s] -- Symlinking: /home/heronsaba/ros2_challenge/ros2_ws/install/sensor_interface/include/sensor_interface/sensor_interface/srv/detail/send_image__rosidl_typesupport_introspection_cpp.hpp
[8.047s] -- Symlinking: /home/heronsaba/ros2_challenge/ros2_ws/install/sensor_interface/share/sensor_interface/environment/pythonpath.sh
[8.059s] -- Symlinking: /home/heronsaba/ros2_challenge/ros2_ws/install/sensor_interface/share/sensor_interface/environment/pythonpath.dsv
[8.074s] -- Symlinking: /home/heronsaba/ros2_challenge/ros2_ws/install/sensor_interface/local/lib/python3.10/dist-packages/sensor_interface-0.0.0-py3.10.egg-info/PKG-INFO
[8.085s] -- Symlinking: /home/heronsaba/ros2_challenge/ros2_ws/install/sensor_interface/local/lib/python3.10/dist-packages/sensor_interface-0.0.0-py3.10.egg-info/SOURCES.txt
[8.097s] -- Symlinking: /home/heronsaba/ros2_challenge/ros2_ws/install/sensor_interface/local/lib/python3.10/dist-packages/sensor_interface-0.0.0-py3.10.egg-info/dependency_links.txt
[8.111s] -- Symlinking: /home/heronsaba/ros2_challenge/ros2_ws/install/sensor_interface/local/lib/python3.10/dist-packages/sensor_interface-0.0.0-py3.10.egg-info/top_level.txt
[8.130s] -- Symlinking: /home/heronsaba/ros2_challenge/ros2_ws/install/sensor_interface/local/lib/python3.10/dist-packages/sensor_interface/__init__.py
[8.140s] -- Symlinking: /home/heronsaba/ros2_challenge/ros2_ws/install/sensor_interface/local/lib/python3.10/dist-packages/sensor_interface/_sensor_interface_s.ep.rosidl_typesupport_c.c
[8.152s] -- Symlinking: /home/heronsaba/ros2_challenge/ros2_ws/install/sensor_interface/local/lib/python3.10/dist-packages/sensor_interface/_sensor_interface_s.ep.rosidl_typesupport_fastrtps_c.c
[8.164s] -- Symlinking: /home/heronsaba/ros2_challenge/ros2_ws/install/sensor_interface/local/lib/python3.10/dist-packages/sensor_interface/_sensor_interface_s.ep.rosidl_typesupport_introspection_c.c
[8.178s] -- Symlinking: /home/heronsaba/ros2_challenge/ros2_ws/install/sensor_interface/local/lib/python3.10/dist-packages/sensor_interface/libsensor_interface__rosidl_generator_py.so
[8.192s] -- Symlinking: /home/heronsaba/ros2_challenge/ros2_ws/install/sensor_interface/local/lib/python3.10/dist-packages/sensor_interface/msg/__init__.py
[8.204s] -- Symlinking: /home/heronsaba/ros2_challenge/ros2_ws/install/sensor_interface/local/lib/python3.10/dist-packages/sensor_interface/msg/_nums.py
[8.217s] -- Symlinking: /home/heronsaba/ros2_challenge/ros2_ws/install/sensor_interface/local/lib/python3.10/dist-packages/sensor_interface/msg/_nums_s.c
[8.232s] -- Symlinking: /home/heronsaba/ros2_challenge/ros2_ws/install/sensor_interface/local/lib/python3.10/dist-packages/sensor_interface/sensor_interface_s__rosidl_typesupport_c.cpython-310-x86_64-linux-gnu.so
[8.244s] -- Symlinking: /home/heronsaba/ros2_challenge/ros2_ws/install/sensor_interface/local/lib/python3.10/dist-packages/sensor_interface/sensor_interface_s__rosidl_typesupport_fastrtps_c.cpython-310-x86_64-linux-gnu.so
[8.260s] -- Symlinking: /home/heronsaba/ros2_challenge/ros2_ws/install/sensor_interface/local/lib/python3.10/dist-packages/sensor_interface/sensor_interface_s__rosidl_typesupport_introspection_c.cpython-310-x86_64-linux-gnu.so
[8.276s] -- Symlinking: /home/heronsaba/ros2_challenge/ros2_ws/install/sensor_interface/local/lib/python3.10/dist-packages/sensor_interface/srv/__init__.py
[8.288s] -- Symlinking: /home/heronsaba/ros2_challenge/ros2_ws/install/sensor_interface/local/lib/python3.10/dist-packages/sensor_interface/srv/_send_image.py
[8.300s] -- Symlinking: /home/heronsaba/ros2_challenge/ros2_ws/install/sensor_interface/local/lib/python3.10/dist-packages/sensor_interface/srv/_send_image_s.c
[8.312s] -- Up-to-date symlink: /home/heronsaba/ros2_challenge/ros2_ws/install/sensor_interface/local/lib/python3.10/dist-packages/sensor_interface/sensor_interface_s__rosidl_typesupport_fastrtps_c.cpython-310-x86_64-linux-gnu.so
[8.313s] -- Up-to-date symlink: /home/heronsaba/ros2_challenge/ros2_ws/install/sensor_interface/local/lib/python3.10/dist-packages/sensor_interface/sensor_interface_s__rosidl_typesupport_introspection_c.cpython-310-x86_64-linux-gnu.so
[8.313s] -- Up-to-date symlink: /home/heronsaba/ros2_challenge/ros2_ws/install/sensor_interface/local/lib/python3.10/dist-packages/sensor_interface/sensor_interface_s__rosidl_typesupport_c.cpython-310-x86_64-linux-gnu.so
[8.313s] -- Symlinking: /home/heronsaba/ros2_challenge/ros2_ws/install/sensor_interface/share/sensor_interface/msg/Nums.idl
[8.325s] -- Symlinking: /home/heronsaba/ros2_challenge/ros2_ws/install/sensor_interface/share/sensor_interface/srv/SendImage.idl
[8.336s] -- Symlinking: /home/heronsaba/ros2_challenge/ros2_ws/install/sensor_interface/share/sensor_interface/msg/Nums.msg
[8.350s] -- Symlinking: /home/heronsaba/ros2_challenge/ros2_ws/install/sensor_interface/share/sensor_interface/srv/SendImage.srv
[8.366s] -- Symlinking: /home/heronsaba/ros2_challenge/ros2_ws/install/sensor_interface/share/sensor_interface/srv/SendImage_Request.msg
[8.377s] -- Symlinking: /home/heronsaba/ros2_challenge/ros2_ws/install/sensor_interface/share/sensor_interface/srv/SendImage_Response.msg
[8.391s] -- Symlinking: /home/heronsaba/ros2_challenge/ros2_ws/install/sensor_interface/share/ament_index/resource_index/package_run_dependencies/sensor_interface
[8.405s] -- Symlinking: /home/heronsaba/ros2_challenge/ros2_ws/install/sensor_interface/share/ament_index/resource_index/parent_prefix_path/sensor_interface
[8.420s] -- Symlinking: /home/heronsaba/ros2_challenge/ros2_ws/install/sensor_interface/share/sensor_interface/environment/ament_prefix_path.sh
[8.432s] -- Symlinking: /home/heronsaba/ros2_challenge/ros2_ws/install/sensor_interface/share/sensor_interface/environment/ament_prefix_path.dsv
[8.446s] -- Symlinking: /home/heronsaba/ros2_challenge/ros2_ws/install/sensor_interface/share/sensor_interface/environment/path.sh
[8.460s] -- Symlinking: /home/heronsaba/ros2_challenge/ros2_ws/install/sensor_interface/share/sensor_interface/environment/path.dsv
[8.476s] -- Symlinking: /home/heronsaba/ros2_challenge/ros2_ws/install/sensor_interface/share/sensor_interface/local_setup.bash
[8.491s] -- Symlinking: /home/heronsaba/ros2_challenge/ros2_ws/install/sensor_interface/share/sensor_interface/local_setup.sh
[8.505s] -- Symlinking: /home/heronsaba/ros2_challenge/ros2_ws/install/sensor_interface/share/sensor_interface/local_setup.zsh
[8.517s] -- Symlinking: /home/heronsaba/ros2_challenge/ros2_ws/install/sensor_interface/share/sensor_interface/local_setup.dsv
[8.533s] -- Symlinking: /home/heronsaba/ros2_challenge/ros2_ws/install/sensor_interface/share/sensor_interface/package.dsv
[8.549s] -- Symlinking: /home/heronsaba/ros2_challenge/ros2_ws/install/sensor_interface/share/ament_index/resource_index/packages/sensor_interface
[8.564s] -- Symlinking: /home/heronsaba/ros2_challenge/ros2_ws/install/sensor_interface/share/sensor_interface/cmake/rosidl_cmake-extras.cmake
[8.576s] -- Symlinking: /home/heronsaba/ros2_challenge/ros2_ws/install/sensor_interface/share/sensor_interface/cmake/ament_cmake_export_dependencies-extras.cmake
[8.590s] -- Symlinking: /home/heronsaba/ros2_challenge/ros2_ws/install/sensor_interface/share/sensor_interface/cmake/ament_cmake_export_include_directories-extras.cmake
[8.603s] -- Symlinking: /home/heronsaba/ros2_challenge/ros2_ws/install/sensor_interface/share/sensor_interface/cmake/ament_cmake_export_libraries-extras.cmake
[8.619s] -- Symlinking: /home/heronsaba/ros2_challenge/ros2_ws/install/sensor_interface/share/sensor_interface/cmake/ament_cmake_export_targets-extras.cmake
[8.634s] -- Symlinking: /home/heronsaba/ros2_challenge/ros2_ws/install/sensor_interface/share/sensor_interface/cmake/rosidl_cmake_export_typesupport_targets-extras.cmake
[8.647s] -- Symlinking: /home/heronsaba/ros2_challenge/ros2_ws/install/sensor_interface/share/sensor_interface/cmake/rosidl_cmake_export_typesupport_libraries-extras.cmake
[8.668s] -- Symlinking: /home/heronsaba/ros2_challenge/ros2_ws/install/sensor_interface/share/sensor_interface/cmake/sensor_interfaceConfig.cmake
[8.681s] -- Symlinking: /home/heronsaba/ros2_challenge/ros2_ws/install/sensor_interface/share/sensor_interface/cmake/sensor_interfaceConfig-version.cmake
[8.697s] -- Symlinking: /home/heronsaba/ros2_challenge/ros2_ws/install/sensor_interface/share/sensor_interface/package.xml
[8.710s] -- Installing: /home/heronsaba/ros2_challenge/ros2_ws/install/sensor_interface/lib/libsensor_interface__rosidl_generator_c.so
[8.712s] -- Set runtime path of "/home/heronsaba/ros2_challenge/ros2_ws/install/sensor_interface/lib/libsensor_interface__rosidl_generator_c.so" to ""
[8.712s] -- Installing: /home/heronsaba/ros2_challenge/ros2_ws/install/sensor_interface/lib/libsensor_interface__rosidl_typesupport_fastrtps_c.so
[8.712s] -- Set runtime path of "/home/heronsaba/ros2_challenge/ros2_ws/install/sensor_interface/lib/libsensor_interface__rosidl_typesupport_fastrtps_c.so" to ""
[8.715s] -- Installing: /home/heronsaba/ros2_challenge/ros2_ws/install/sensor_interface/lib/libsensor_interface__rosidl_typesupport_introspection_c.so
[8.716s] -- Set runtime path of "/home/heronsaba/ros2_challenge/ros2_ws/install/sensor_interface/lib/libsensor_interface__rosidl_typesupport_introspection_c.so" to ""
[8.716s] -- Installing: /home/heronsaba/ros2_challenge/ros2_ws/install/sensor_interface/lib/libsensor_interface__rosidl_typesupport_c.so
[8.716s] -- Set runtime path of "/home/heronsaba/ros2_challenge/ros2_ws/install/sensor_interface/lib/libsensor_interface__rosidl_typesupport_c.so" to ""
[8.716s] -- Installing: /home/heronsaba/ros2_challenge/ros2_ws/install/sensor_interface/lib/libsensor_interface__rosidl_typesupport_fastrtps_cpp.so
[8.716s] -- Set runtime path of "/home/heronsaba/ros2_challenge/ros2_ws/install/sensor_interface/lib/libsensor_interface__rosidl_typesupport_fastrtps_cpp.so" to ""
[8.716s] -- Installing: /home/heronsaba/ros2_challenge/ros2_ws/install/sensor_interface/lib/libsensor_interface__rosidl_typesupport_introspection_cpp.so
[8.716s] -- Set runtime path of "/home/heronsaba/ros2_challenge/ros2_ws/install/sensor_interface/lib/libsensor_interface__rosidl_typesupport_introspection_cpp.so" to ""
[8.716s] -- Installing: /home/heronsaba/ros2_challenge/ros2_ws/install/sensor_interface/lib/libsensor_interface__rosidl_typesupport_cpp.so
[8.717s] -- Set runtime path of "/home/heronsaba/ros2_challenge/ros2_ws/install/sensor_interface/lib/libsensor_interface__rosidl_typesupport_cpp.so" to ""
[8.760s] Listing '/home/heronsaba/ros2_challenge/ros2_ws/install/sensor_interface/local/lib/python3.10/dist-packages/sensor_interface'...
[8.760s] Compiling '/home/heronsaba/ros2_challenge/ros2_ws/install/sensor_interface/local/lib/python3.10/dist-packages/sensor_interface/__init__.py'...
[8.760s] Listing '/home/heronsaba/ros2_challenge/ros2_ws/install/sensor_interface/local/lib/python3.10/dist-packages/sensor_interface/msg'...
[8.760s] Compiling '/home/heronsaba/ros2_challenge/ros2_ws/install/sensor_interface/local/lib/python3.10/dist-packages/sensor_interface/msg/__init__.py'...
[8.760s] Compiling '/home/heronsaba/ros2_challenge/ros2_ws/install/sensor_interface/local/lib/python3.10/dist-packages/sensor_interface/msg/_nums.py'...
[8.760s] Listing '/home/heronsaba/ros2_challenge/ros2_ws/install/sensor_interface/local/lib/python3.10/dist-packages/sensor_interface/srv'...
[8.760s] Compiling '/home/heronsaba/ros2_challenge/ros2_ws/install/sensor_interface/local/lib/python3.10/dist-packages/sensor_interface/srv/__init__.py'...
[8.760s] Compiling '/home/heronsaba/ros2_challenge/ros2_ws/install/sensor_interface/local/lib/python3.10/dist-packages/sensor_interface/srv/_send_image.py'...
[8.765s] -- Installing: /home/heronsaba/ros2_challenge/ros2_ws/install/sensor_interface/lib/libsensor_interface__rosidl_generator_py.so
[8.765s] -- Set runtime path of "/home/heronsaba/ros2_challenge/ros2_ws/install/sensor_interface/lib/libsensor_interface__rosidl_generator_py.so" to ""
[8.765s] -- Installing: /home/heronsaba/ros2_challenge/ros2_ws/install/sensor_interface/share/sensor_interface/cmake/export_sensor_interface__rosidl_generator_cExport.cmake
[8.765s] -- Installing: /home/heronsaba/ros2_challenge/ros2_ws/install/sensor_interface/share/sensor_interface/cmake/export_sensor_interface__rosidl_generator_cExport-noconfig.cmake
[8.766s] -- Installing: /home/heronsaba/ros2_challenge/ros2_ws/install/sensor_interface/share/sensor_interface/cmake/export_sensor_interface__rosidl_typesupport_fastrtps_cExport.cmake
[8.766s] -- Installing: /home/heronsaba/ros2_challenge/ros2_ws/install/sensor_interface/share/sensor_interface/cmake/export_sensor_interface__rosidl_typesupport_fastrtps_cExport-noconfig.cmake
[8.766s] -- Installing: /home/heronsaba/ros2_challenge/ros2_ws/install/sensor_interface/share/sensor_interface/cmake/sensor_interface__rosidl_typesupport_introspection_cExport.cmake
[8.766s] -- Installing: /home/heronsaba/ros2_challenge/ros2_ws/install/sensor_interface/share/sensor_interface/cmake/sensor_interface__rosidl_typesupport_introspection_cExport-noconfig.cmake
[8.767s] -- Installing: /home/heronsaba/ros2_challenge/ros2_ws/install/sensor_interface/share/sensor_interface/cmake/sensor_interface__rosidl_typesupport_cExport.cmake
[8.767s] -- Installing: /home/heronsaba/ros2_challenge/ros2_ws/install/sensor_interface/share/sensor_interface/cmake/sensor_interface__rosidl_typesupport_cExport-noconfig.cmake
[8.767s] -- Installing: /home/heronsaba/ros2_challenge/ros2_ws/install/sensor_interface/share/sensor_interface/cmake/export_sensor_interface__rosidl_generator_cppExport.cmake
[8.767s] -- Installing: /home/heronsaba/ros2_challenge/ros2_ws/install/sensor_interface/share/sensor_interface/cmake/export_sensor_interface__rosidl_typesupport_fastrtps_cppExport.cmake
[8.768s] -- Installing: /home/heronsaba/ros2_challenge/ros2_ws/install/sensor_interface/share/sensor_interface/cmake/export_sensor_interface__rosidl_typesupport_fastrtps_cppExport-noconfig.cmake
[8.768s] -- Installing: /home/heronsaba/ros2_challenge/ros2_ws/install/sensor_interface/share/sensor_interface/cmake/sensor_interface__rosidl_typesupport_introspection_cppExport.cmake
[8.768s] -- Installing: /home/heronsaba/ros2_challenge/ros2_ws/install/sensor_interface/share/sensor_interface/cmake/sensor_interface__rosidl_typesupport_introspection_cppExport-noconfig.cmake
[8.768s] -- Installing: /home/heronsaba/ros2_challenge/ros2_ws/install/sensor_interface/share/sensor_interface/cmake/sensor_interface__rosidl_typesupport_cppExport.cmake
[8.769s] -- Installing: /home/heronsaba/ros2_challenge/ros2_ws/install/sensor_interface/share/sensor_interface/cmake/sensor_interface__rosidl_typesupport_cppExport-noconfig.cmake
[8.769s] -- Installing: /home/heronsaba/ros2_challenge/ros2_ws/install/sensor_interface/share/sensor_interface/cmake/export_sensor_interface__rosidl_generator_pyExport.cmake
[8.769s] -- Installing: /home/heronsaba/ros2_challenge/ros2_ws/install/sensor_interface/share/sensor_interface/cmake/export_sensor_interface__rosidl_generator_pyExport-noconfig.cmake
[8.774s] Invoked command in '/home/heronsaba/ros2_challenge/ros2_ws/build/sensor_interface' returned '0': CMAKE_PREFIX_PATH=${CMAKE_PREFIX_PATH}:/opt/ros/humble /usr/bin/cmake --install /home/heronsaba/ros2_challenge/ros2_ws/build/sensor_interface
