[0.014s] Invoking command in '/home/heronsaba/ros2_challenge/ros2_ws/build/senai_ros2': AMENT_PREFIX_PATH=/home/heronsaba/ros2_challenge/ros2_ws/install/sensor_interface:${AMENT_PREFIX_PATH} CMAKE_PREFIX_PATH=/home/heronsaba/ros2_challenge/ros2_ws/install/sensor_interface:/home/heronsaba/ros2_challenges/ros2_ws/src/install/senai_ros2:/home/heronsaba/ros2_challenges/ros2_ws/src/install/sensor_interface:/opt/ros/humble LD_LIBRARY_PATH=/home/heronsaba/ros2_challenge/ros2_ws/install/sensor_interface/lib:${LD_LIBRARY_PATH} PYTHONPATH=/home/heronsaba/ros2_challenge/ros2_ws/install/sensor_interface/local/lib/python3.10/dist-packages:${PYTHONPATH} /usr/bin/cmake /home/heronsaba/ros2_challenge/ros2_ws/src/senai_ros2 -DAMENT_CMAKE_SYMLINK_INSTALL=1 -DCMAKE_INSTALL_PREFIX=/home/heronsaba/ros2_challenge/ros2_ws/install/senai_ros2
[0.079s] -- The C compiler identification is GNU 11.4.0
[0.146s] -- The CXX compiler identification is GNU 11.4.0
[0.156s] -- Detecting C compiler ABI info
[0.242s] -- Detecting C compiler ABI info - done
[0.257s] -- Check for working C compiler: /usr/bin/cc - skipped
[0.258s] -- Detecting C compile features
[0.259s] -- Detecting C compile features - done
[0.262s] -- Detecting CXX compiler ABI info
[0.357s] -- Detecting CXX compiler ABI info - done
[0.365s] -- Check for working CXX compiler: /usr/bin/c++ - skipped
[0.365s] -- Detecting CXX compile features
[0.366s] -- Detecting CXX compile features - done
[0.368s] -- Found ament_cmake: 1.3.8 (/opt/ros/humble/share/ament_cmake/cmake)
[0.543s] -- Found Python3: /usr/bin/python3 (found version "3.10.12") found components: Interpreter 
[0.609s] -- Override CMake install command with custom implementation using symlinks instead of copying resources
[0.654s] -- Found rclcpp: 16.0.8 (/opt/ros/humble/share/rclcpp/cmake)
[0.709s] -- Found rosidl_generator_c: 3.1.5 (/opt/ros/humble/share/rosidl_generator_c/cmake)
[0.715s] -- Found rosidl_adapter: 3.1.5 (/opt/ros/humble/share/rosidl_adapter/cmake)
[0.724s] -- Found rosidl_generator_cpp: 3.1.5 (/opt/ros/humble/share/rosidl_generator_cpp/cmake)
[0.742s] -- Using all available rosidl_typesupport_c: rosidl_typesupport_fastrtps_c;rosidl_typesupport_introspection_c
[0.765s] -- Using all available rosidl_typesupport_cpp: rosidl_typesupport_fastrtps_cpp;rosidl_typesupport_introspection_cpp
[0.851s] -- Found rmw_implementation_cmake: 6.1.1 (/opt/ros/humble/share/rmw_implementation_cmake/cmake)
[0.854s] -- Found rmw_fastrtps_cpp: 6.2.6 (/opt/ros/humble/share/rmw_fastrtps_cpp/cmake)
[0.998s] -- Found OpenSSL: /usr/lib/x86_64-linux-gnu/libcrypto.so (found version "3.0.2")  
[1.038s] -- Found FastRTPS: /opt/ros/humble/include  
[1.099s] -- Using RMW implementation 'rmw_fastrtps_cpp' as default
[1.110s] -- Looking for pthread.h
[1.204s] -- Looking for pthread.h - found
[1.205s] -- Performing Test CMAKE_HAVE_LIBC_PTHREAD
[1.300s] -- Performing Test CMAKE_HAVE_LIBC_PTHREAD - Success
[1.302s] -- Found Threads: TRUE  
[1.497s] -- Found sensor_msgs: 4.2.3 (/opt/ros/humble/share/sensor_msgs/cmake)
[1.645s] -- Found cv_bridge: 3.2.1 (/opt/ros/humble/share/cv_bridge/cmake)
[1.667s] -- Found OpenCV: /usr (found version "4.5.4") 
[1.668s] -- Found sensor_interface: 0.0.0 (/home/heronsaba/ros2_challenge/ros2_ws/install/sensor_interface/share/sensor_interface/cmake)
[1.807s] -- Found ament_lint_auto: 0.12.10 (/opt/ros/humble/share/ament_lint_auto/cmake)
[1.904s] -- Added test 'cppcheck' to perform static code analysis on C / C++ code
[1.904s] -- Configured cppcheck include dirs: /home/heronsaba/ros2_challenge/ros2_ws/src/senai_ros2/include
[1.904s] -- Configured cppcheck exclude dirs and/or files: 
[1.905s] -- Added test 'flake8' to check Python code syntax and style conventions
[1.906s] -- Added test 'lint_cmake' to check CMake code style
[1.906s] -- Added test 'pep257' to check Python code against some of the docstring style conventions in PEP 257
[1.908s] -- Added test 'uncrustify' to check C / C++ code style
[1.908s] -- Configured uncrustify additional arguments: 
[1.909s] -- Added test 'xmllint' to check XML markup files
[1.910s] -- Configuring done
[1.934s] -- Generating done
[1.936s] -- Build files have been written to: /home/heronsaba/ros2_challenge/ros2_ws/build/senai_ros2
[1.947s] Invoked command in '/home/heronsaba/ros2_challenge/ros2_ws/build/senai_ros2' returned '0': AMENT_PREFIX_PATH=/home/heronsaba/ros2_challenge/ros2_ws/install/sensor_interface:${AMENT_PREFIX_PATH} CMAKE_PREFIX_PATH=/home/heronsaba/ros2_challenge/ros2_ws/install/sensor_interface:/home/heronsaba/ros2_challenges/ros2_ws/src/install/senai_ros2:/home/heronsaba/ros2_challenges/ros2_ws/src/install/sensor_interface:/opt/ros/humble LD_LIBRARY_PATH=/home/heronsaba/ros2_challenge/ros2_ws/install/sensor_interface/lib:${LD_LIBRARY_PATH} PYTHONPATH=/home/heronsaba/ros2_challenge/ros2_ws/install/sensor_interface/local/lib/python3.10/dist-packages:${PYTHONPATH} /usr/bin/cmake /home/heronsaba/ros2_challenge/ros2_ws/src/senai_ros2 -DAMENT_CMAKE_SYMLINK_INSTALL=1 -DCMAKE_INSTALL_PREFIX=/home/heronsaba/ros2_challenge/ros2_ws/install/senai_ros2
[1.949s] Invoking command in '/home/heronsaba/ros2_challenge/ros2_ws/build/senai_ros2': AMENT_PREFIX_PATH=/home/heronsaba/ros2_challenge/ros2_ws/install/sensor_interface:${AMENT_PREFIX_PATH} CMAKE_PREFIX_PATH=/home/heronsaba/ros2_challenge/ros2_ws/install/sensor_interface:/home/heronsaba/ros2_challenges/ros2_ws/src/install/senai_ros2:/home/heronsaba/ros2_challenges/ros2_ws/src/install/sensor_interface:/opt/ros/humble LD_LIBRARY_PATH=/home/heronsaba/ros2_challenge/ros2_ws/install/sensor_interface/lib:${LD_LIBRARY_PATH} PYTHONPATH=/home/heronsaba/ros2_challenge/ros2_ws/install/sensor_interface/local/lib/python3.10/dist-packages:${PYTHONPATH} /usr/bin/cmake --build /home/heronsaba/ros2_challenge/ros2_ws/build/senai_ros2 -- -j2 -l2
[2.019s] [ 50%] [32mBuilding CXX object CMakeFiles/receiver.dir/src/image_receiver.cpp.o[0m
[2.020s] [ 50%] [32mBuilding CXX object CMakeFiles/cropper.dir/src/image_cropper.cpp.o[0m
[9.923s] [ 75%] [32m[1mLinking CXX executable receiver[0m
[10.917s] [ 75%] Built target receiver
[15.688s] [100%] [32m[1mLinking CXX executable cropper[0m
[16.640s] [100%] Built target cropper
[16.661s] Invoked command in '/home/heronsaba/ros2_challenge/ros2_ws/build/senai_ros2' returned '0': AMENT_PREFIX_PATH=/home/heronsaba/ros2_challenge/ros2_ws/install/sensor_interface:${AMENT_PREFIX_PATH} CMAKE_PREFIX_PATH=/home/heronsaba/ros2_challenge/ros2_ws/install/sensor_interface:/home/heronsaba/ros2_challenges/ros2_ws/src/install/senai_ros2:/home/heronsaba/ros2_challenges/ros2_ws/src/install/sensor_interface:/opt/ros/humble LD_LIBRARY_PATH=/home/heronsaba/ros2_challenge/ros2_ws/install/sensor_interface/lib:${LD_LIBRARY_PATH} PYTHONPATH=/home/heronsaba/ros2_challenge/ros2_ws/install/sensor_interface/local/lib/python3.10/dist-packages:${PYTHONPATH} /usr/bin/cmake --build /home/heronsaba/ros2_challenge/ros2_ws/build/senai_ros2 -- -j2 -l2
[16.706s] Invoking command in '/home/heronsaba/ros2_challenge/ros2_ws/build/senai_ros2': AMENT_PREFIX_PATH=/home/heronsaba/ros2_challenge/ros2_ws/install/sensor_interface:${AMENT_PREFIX_PATH} CMAKE_PREFIX_PATH=/home/heronsaba/ros2_challenge/ros2_ws/install/sensor_interface:/home/heronsaba/ros2_challenges/ros2_ws/src/install/senai_ros2:/home/heronsaba/ros2_challenges/ros2_ws/src/install/sensor_interface:/opt/ros/humble LD_LIBRARY_PATH=/home/heronsaba/ros2_challenge/ros2_ws/install/sensor_interface/lib:${LD_LIBRARY_PATH} PYTHONPATH=/home/heronsaba/ros2_challenge/ros2_ws/install/sensor_interface/local/lib/python3.10/dist-packages:${PYTHONPATH} /usr/bin/cmake --install /home/heronsaba/ros2_challenge/ros2_ws/build/senai_ros2
[16.720s] -- Install configuration: ""
[16.722s] -- Execute custom install script
[16.723s] -- Symlinking: /home/heronsaba/ros2_challenge/ros2_ws/install/senai_ros2/lib/senai_ros2/cropper
[16.735s] -- Symlinking: /home/heronsaba/ros2_challenge/ros2_ws/install/senai_ros2/lib/senai_ros2/receiver
[16.748s] -- Symlinking: /home/heronsaba/ros2_challenge/ros2_ws/install/senai_ros2/share/senai_ros2/launch/challenge_launcher.py
[16.760s] -- Symlinking: /home/heronsaba/ros2_challenge/ros2_ws/install/senai_ros2/share/senai_ros2/config/my_config_file.yaml
[16.772s] -- Symlinking: /home/heronsaba/ros2_challenge/ros2_ws/install/senai_ros2/share/ament_index/resource_index/package_run_dependencies/senai_ros2
[16.789s] -- Symlinking: /home/heronsaba/ros2_challenge/ros2_ws/install/senai_ros2/share/ament_index/resource_index/parent_prefix_path/senai_ros2
[16.801s] -- Symlinking: /home/heronsaba/ros2_challenge/ros2_ws/install/senai_ros2/share/senai_ros2/environment/ament_prefix_path.sh
[16.814s] -- Symlinking: /home/heronsaba/ros2_challenge/ros2_ws/install/senai_ros2/share/senai_ros2/environment/ament_prefix_path.dsv
[16.827s] -- Symlinking: /home/heronsaba/ros2_challenge/ros2_ws/install/senai_ros2/share/senai_ros2/environment/path.sh
[16.840s] -- Symlinking: /home/heronsaba/ros2_challenge/ros2_ws/install/senai_ros2/share/senai_ros2/environment/path.dsv
[16.853s] -- Symlinking: /home/heronsaba/ros2_challenge/ros2_ws/install/senai_ros2/share/senai_ros2/local_setup.bash
[16.866s] -- Symlinking: /home/heronsaba/ros2_challenge/ros2_ws/install/senai_ros2/share/senai_ros2/local_setup.sh
[16.879s] -- Symlinking: /home/heronsaba/ros2_challenge/ros2_ws/install/senai_ros2/share/senai_ros2/local_setup.zsh
[16.891s] -- Symlinking: /home/heronsaba/ros2_challenge/ros2_ws/install/senai_ros2/share/senai_ros2/local_setup.dsv
[16.903s] -- Symlinking: /home/heronsaba/ros2_challenge/ros2_ws/install/senai_ros2/share/senai_ros2/package.dsv
[16.916s] -- Symlinking: /home/heronsaba/ros2_challenge/ros2_ws/install/senai_ros2/share/ament_index/resource_index/packages/senai_ros2
[16.928s] -- Symlinking: /home/heronsaba/ros2_challenge/ros2_ws/install/senai_ros2/share/senai_ros2/cmake/senai_ros2Config.cmake
[16.941s] -- Symlinking: /home/heronsaba/ros2_challenge/ros2_ws/install/senai_ros2/share/senai_ros2/cmake/senai_ros2Config-version.cmake
[16.956s] -- Symlinking: /home/heronsaba/ros2_challenge/ros2_ws/install/senai_ros2/share/senai_ros2/package.xml
[16.973s] Invoked command in '/home/heronsaba/ros2_challenge/ros2_ws/build/senai_ros2' returned '0': AMENT_PREFIX_PATH=/home/heronsaba/ros2_challenge/ros2_ws/install/sensor_interface:${AMENT_PREFIX_PATH} CMAKE_PREFIX_PATH=/home/heronsaba/ros2_challenge/ros2_ws/install/sensor_interface:/home/heronsaba/ros2_challenges/ros2_ws/src/install/senai_ros2:/home/heronsaba/ros2_challenges/ros2_ws/src/install/sensor_interface:/opt/ros/humble LD_LIBRARY_PATH=/home/heronsaba/ros2_challenge/ros2_ws/install/sensor_interface/lib:${LD_LIBRARY_PATH} PYTHONPATH=/home/heronsaba/ros2_challenge/ros2_ws/install/sensor_interface/local/lib/python3.10/dist-packages:${PYTHONPATH} /usr/bin/cmake --install /home/heronsaba/ros2_challenge/ros2_ws/build/senai_ros2
