[0.277s] DEBUG:colcon:Command line arguments: ['/usr/bin/colcon', 'build', '--symlink-install']
[0.277s] DEBUG:colcon:Parsed command line arguments: Namespace(log_base=None, log_level=None, verb_name='build', build_base='build', install_base='install', merge_install=False, symlink_install=True, test_result_base=None, continue_on_error=False, executor='parallel', parallel_workers=2, event_handlers=None, ignore_user_meta=False, metas=['./colcon.meta'], base_paths=['.'], packages_ignore=None, packages_ignore_regex=None, paths=None, packages_up_to=None, packages_up_to_regex=None, packages_above=None, packages_above_and_dependencies=None, packages_above_depth=None, packages_select_by_dep=None, packages_skip_by_dep=None, packages_skip_up_to=None, packages_select_build_failed=False, packages_skip_build_finished=False, packages_select_test_failures=False, packages_skip_test_passed=False, packages_select=None, packages_skip=None, packages_select_regex=None, packages_skip_regex=None, packages_start=None, packages_end=None, allow_overriding=[], cmake_args=None, cmake_target=None, cmake_target_skip_unavailable=False, cmake_clean_cache=False, cmake_clean_first=False, cmake_force_configure=False, ament_cmake_args=None, catkin_cmake_args=None, catkin_skip_building_tests=False, verb_parser=<colcon_defaults.argument_parser.defaults.DefaultArgumentsDecorator object at 0x75a2fb238580>, verb_extension=<colcon_core.verb.build.BuildVerb object at 0x75a2fb335120>, main=<bound method BuildVerb.main of <colcon_core.verb.build.BuildVerb object at 0x75a2fb335120>>)
[0.609s] Level 1:colcon.colcon_core.package_discovery:discover_packages(colcon_meta) check parameters
[0.609s] Level 1:colcon.colcon_core.package_discovery:discover_packages(recursive) check parameters
[0.609s] Level 1:colcon.colcon_core.package_discovery:discover_packages(ignore) check parameters
[0.609s] Level 1:colcon.colcon_core.package_discovery:discover_packages(path) check parameters
[0.609s] Level 1:colcon.colcon_core.package_discovery:discover_packages(colcon_meta) discover
[0.609s] Level 1:colcon.colcon_core.package_discovery:discover_packages(recursive) discover
[0.609s] INFO:colcon.colcon_core.package_discovery:Crawling recursively for packages in '/home/heronsaba/ros2_challenge/ros2_ws/src'
[0.609s] Level 1:colcon.colcon_core.package_identification:_identify(.) by extensions ['ignore', 'ignore_ament_install']
[0.610s] Level 1:colcon.colcon_core.package_identification:_identify(.) by extension 'ignore'
[0.610s] Level 1:colcon.colcon_core.package_identification:_identify(.) by extension 'ignore_ament_install'
[0.610s] Level 1:colcon.colcon_core.package_identification:_identify(.) by extensions ['colcon_pkg']
[0.610s] Level 1:colcon.colcon_core.package_identification:_identify(.) by extension 'colcon_pkg'
[0.610s] Level 1:colcon.colcon_core.package_identification:_identify(.) by extensions ['colcon_meta']
[0.610s] Level 1:colcon.colcon_core.package_identification:_identify(.) by extension 'colcon_meta'
[0.610s] Level 1:colcon.colcon_core.package_identification:_identify(.) by extensions ['ros']
[0.610s] Level 1:colcon.colcon_core.package_identification:_identify(.) by extension 'ros'
[0.626s] Level 1:colcon.colcon_core.package_identification:_identify(.) by extensions ['cmake', 'python']
[0.626s] Level 1:colcon.colcon_core.package_identification:_identify(.) by extension 'cmake'
[0.626s] Level 1:colcon.colcon_core.package_identification:_identify(.) by extension 'python'
[0.626s] Level 1:colcon.colcon_core.package_identification:_identify(.) by extensions ['python_setup_py']
[0.626s] Level 1:colcon.colcon_core.package_identification:_identify(.) by extension 'python_setup_py'
[0.626s] Level 1:colcon.colcon_core.package_identification:_identify(build) by extensions ['ignore', 'ignore_ament_install']
[0.627s] Level 1:colcon.colcon_core.package_identification:_identify(build) by extension 'ignore'
[0.627s] Level 1:colcon.colcon_core.package_identification:_identify(build) ignored
[0.627s] Level 1:colcon.colcon_core.package_identification:_identify(install) by extensions ['ignore', 'ignore_ament_install']
[0.627s] Level 1:colcon.colcon_core.package_identification:_identify(install) by extension 'ignore'
[0.627s] Level 1:colcon.colcon_core.package_identification:_identify(install) ignored
[0.627s] Level 1:colcon.colcon_core.package_identification:_identify(log) by extensions ['ignore', 'ignore_ament_install']
[0.627s] Level 1:colcon.colcon_core.package_identification:_identify(log) by extension 'ignore'
[0.627s] Level 1:colcon.colcon_core.package_identification:_identify(log) ignored
[0.627s] Level 1:colcon.colcon_core.package_identification:_identify(senai_ros2) by extensions ['ignore', 'ignore_ament_install']
[0.627s] Level 1:colcon.colcon_core.package_identification:_identify(senai_ros2) by extension 'ignore'
[0.627s] Level 1:colcon.colcon_core.package_identification:_identify(senai_ros2) by extension 'ignore_ament_install'
[0.627s] Level 1:colcon.colcon_core.package_identification:_identify(senai_ros2) by extensions ['colcon_pkg']
[0.627s] Level 1:colcon.colcon_core.package_identification:_identify(senai_ros2) by extension 'colcon_pkg'
[0.628s] Level 1:colcon.colcon_core.package_identification:_identify(senai_ros2) by extensions ['colcon_meta']
[0.628s] Level 1:colcon.colcon_core.package_identification:_identify(senai_ros2) by extension 'colcon_meta'
[0.628s] Level 1:colcon.colcon_core.package_identification:_identify(senai_ros2) by extensions ['ros']
[0.628s] Level 1:colcon.colcon_core.package_identification:_identify(senai_ros2) by extension 'ros'
[0.631s] DEBUG:colcon.colcon_core.package_identification:Package 'senai_ros2' with type 'ros.ament_cmake' and name 'senai_ros2'
[0.631s] Level 1:colcon.colcon_core.package_identification:_identify(sensor_interface) by extensions ['ignore', 'ignore_ament_install']
[0.631s] Level 1:colcon.colcon_core.package_identification:_identify(sensor_interface) by extension 'ignore'
[0.631s] Level 1:colcon.colcon_core.package_identification:_identify(sensor_interface) by extension 'ignore_ament_install'
[0.631s] Level 1:colcon.colcon_core.package_identification:_identify(sensor_interface) by extensions ['colcon_pkg']
[0.631s] Level 1:colcon.colcon_core.package_identification:_identify(sensor_interface) by extension 'colcon_pkg'
[0.631s] Level 1:colcon.colcon_core.package_identification:_identify(sensor_interface) by extensions ['colcon_meta']
[0.632s] Level 1:colcon.colcon_core.package_identification:_identify(sensor_interface) by extension 'colcon_meta'
[0.632s] Level 1:colcon.colcon_core.package_identification:_identify(sensor_interface) by extensions ['ros']
[0.632s] Level 1:colcon.colcon_core.package_identification:_identify(sensor_interface) by extension 'ros'
[0.632s] DEBUG:colcon.colcon_core.package_identification:Package 'sensor_interface' with type 'ros.ament_cmake' and name 'sensor_interface'
[0.633s] Level 1:colcon.colcon_core.package_discovery:discover_packages(recursive) using defaults
[0.633s] Level 1:colcon.colcon_core.package_discovery:discover_packages(ignore) discover
[0.633s] Level 1:colcon.colcon_core.package_discovery:discover_packages(ignore) using defaults
[0.633s] Level 1:colcon.colcon_core.package_discovery:discover_packages(path) discover
[0.633s] Level 1:colcon.colcon_core.package_discovery:discover_packages(path) using defaults
[0.663s] Level 1:colcon.colcon_core.package_discovery:discover_packages(prefix_path) check parameters
[0.663s] Level 1:colcon.colcon_core.package_discovery:discover_packages(prefix_path) discover
[0.665s] WARNING:colcon.colcon_core.prefix_path.colcon:The path '/home/heronsaba/ros2_challenges/ros2_ws/src/install' in the environment variable COLCON_PREFIX_PATH doesn't exist
[0.665s] WARNING:colcon.colcon_ros.prefix_path.ament:The path '/home/heronsaba/ros2_challenges/ros2_ws/src/install/senai_ros2' in the environment variable AMENT_PREFIX_PATH doesn't exist
[0.665s] WARNING:colcon.colcon_ros.prefix_path.ament:The path '/home/heronsaba/ros2_challenges/ros2_ws/src/install/sensor_interface' in the environment variable AMENT_PREFIX_PATH doesn't exist
[0.665s] WARNING:colcon.colcon_ros.prefix_path.catkin:The path '/home/heronsaba/ros2_challenges/ros2_ws/src/install/senai_ros2' in the environment variable CMAKE_PREFIX_PATH doesn't exist
[0.665s] WARNING:colcon.colcon_ros.prefix_path.catkin:The path '/home/heronsaba/ros2_challenges/ros2_ws/src/install/sensor_interface' in the environment variable CMAKE_PREFIX_PATH doesn't exist
[0.669s] DEBUG:colcon.colcon_installed_package_information.package_discovery:Found 270 installed packages in /opt/ros/humble
[0.683s] Level 1:colcon.colcon_core.package_discovery:discover_packages(prefix_path) using defaults
[0.787s] Level 5:colcon.colcon_core.verb:set package 'sensor_interface' build argument 'cmake_args' from command line to 'None'
[0.787s] Level 5:colcon.colcon_core.verb:set package 'sensor_interface' build argument 'cmake_target' from command line to 'None'
[0.787s] Level 5:colcon.colcon_core.verb:set package 'sensor_interface' build argument 'cmake_target_skip_unavailable' from command line to 'False'
[0.787s] Level 5:colcon.colcon_core.verb:set package 'sensor_interface' build argument 'cmake_clean_cache' from command line to 'False'
[0.787s] Level 5:colcon.colcon_core.verb:set package 'sensor_interface' build argument 'cmake_clean_first' from command line to 'False'
[0.787s] Level 5:colcon.colcon_core.verb:set package 'sensor_interface' build argument 'cmake_force_configure' from command line to 'False'
[0.787s] Level 5:colcon.colcon_core.verb:set package 'sensor_interface' build argument 'ament_cmake_args' from command line to 'None'
[0.787s] Level 5:colcon.colcon_core.verb:set package 'sensor_interface' build argument 'catkin_cmake_args' from command line to 'None'
[0.787s] Level 5:colcon.colcon_core.verb:set package 'sensor_interface' build argument 'catkin_skip_building_tests' from command line to 'False'
[0.787s] DEBUG:colcon.colcon_core.verb:Building package 'sensor_interface' with the following arguments: {'ament_cmake_args': None, 'build_base': '/home/heronsaba/ros2_challenge/ros2_ws/src/build/sensor_interface', 'catkin_cmake_args': None, 'catkin_skip_building_tests': False, 'cmake_args': None, 'cmake_clean_cache': False, 'cmake_clean_first': False, 'cmake_force_configure': False, 'cmake_target': None, 'cmake_target_skip_unavailable': False, 'install_base': '/home/heronsaba/ros2_challenge/ros2_ws/src/install/sensor_interface', 'merge_install': False, 'path': '/home/heronsaba/ros2_challenge/ros2_ws/src/sensor_interface', 'symlink_install': True, 'test_result_base': None}
[0.788s] Level 5:colcon.colcon_core.verb:set package 'senai_ros2' build argument 'cmake_args' from command line to 'None'
[0.788s] Level 5:colcon.colcon_core.verb:set package 'senai_ros2' build argument 'cmake_target' from command line to 'None'
[0.788s] Level 5:colcon.colcon_core.verb:set package 'senai_ros2' build argument 'cmake_target_skip_unavailable' from command line to 'False'
[0.788s] Level 5:colcon.colcon_core.verb:set package 'senai_ros2' build argument 'cmake_clean_cache' from command line to 'False'
[0.788s] Level 5:colcon.colcon_core.verb:set package 'senai_ros2' build argument 'cmake_clean_first' from command line to 'False'
[0.788s] Level 5:colcon.colcon_core.verb:set package 'senai_ros2' build argument 'cmake_force_configure' from command line to 'False'
[0.788s] Level 5:colcon.colcon_core.verb:set package 'senai_ros2' build argument 'ament_cmake_args' from command line to 'None'
[0.788s] Level 5:colcon.colcon_core.verb:set package 'senai_ros2' build argument 'catkin_cmake_args' from command line to 'None'
[0.788s] Level 5:colcon.colcon_core.verb:set package 'senai_ros2' build argument 'catkin_skip_building_tests' from command line to 'False'
[0.788s] DEBUG:colcon.colcon_core.verb:Building package 'senai_ros2' with the following arguments: {'ament_cmake_args': None, 'build_base': '/home/heronsaba/ros2_challenge/ros2_ws/src/build/senai_ros2', 'catkin_cmake_args': None, 'catkin_skip_building_tests': False, 'cmake_args': None, 'cmake_clean_cache': False, 'cmake_clean_first': False, 'cmake_force_configure': False, 'cmake_target': None, 'cmake_target_skip_unavailable': False, 'install_base': '/home/heronsaba/ros2_challenge/ros2_ws/src/install/senai_ros2', 'merge_install': False, 'path': '/home/heronsaba/ros2_challenge/ros2_ws/src/senai_ros2', 'symlink_install': True, 'test_result_base': None}
[0.788s] INFO:colcon.colcon_core.executor:Executing jobs using 'parallel' executor
[0.789s] DEBUG:colcon.colcon_parallel_executor.executor.parallel:run_until_complete
[0.790s] INFO:colcon.colcon_ros.task.ament_cmake.build:Building ROS package in '/home/heronsaba/ros2_challenge/ros2_ws/src/sensor_interface' with build type 'ament_cmake'
[0.790s] INFO:colcon.colcon_cmake.task.cmake.build:Building CMake package in '/home/heronsaba/ros2_challenge/ros2_ws/src/sensor_interface'
[0.795s] INFO:colcon.colcon_core.plugin_system:Skipping extension 'colcon_core.shell.bat': Not used on non-Windows systems
[0.795s] INFO:colcon.colcon_core.shell:Skip shell extension 'powershell' for command environment: Not usable outside of PowerShell
[0.795s] DEBUG:colcon.colcon_core.shell:Skip shell extension 'dsv' for command environment
[0.807s] DEBUG:colcon.colcon_core.event_handler.log_command:Invoking command in '/home/heronsaba/ros2_challenge/ros2_ws/src/build/sensor_interface': CMAKE_PREFIX_PATH=${CMAKE_PREFIX_PATH}:/opt/ros/humble /usr/bin/cmake /home/heronsaba/ros2_challenge/ros2_ws/src/sensor_interface -DAMENT_CMAKE_SYMLINK_INSTALL=1 -DCMAKE_INSTALL_PREFIX=/home/heronsaba/ros2_challenge/ros2_ws/src/install/sensor_interface
[3.355s] DEBUG:colcon.colcon_core.event_handler.log_command:Invoked command in '/home/heronsaba/ros2_challenge/ros2_ws/src/build/sensor_interface' returned '0': CMAKE_PREFIX_PATH=${CMAKE_PREFIX_PATH}:/opt/ros/humble /usr/bin/cmake /home/heronsaba/ros2_challenge/ros2_ws/src/sensor_interface -DAMENT_CMAKE_SYMLINK_INSTALL=1 -DCMAKE_INSTALL_PREFIX=/home/heronsaba/ros2_challenge/ros2_ws/src/install/sensor_interface
[3.357s] DEBUG:colcon.colcon_core.event_handler.log_command:Invoking command in '/home/heronsaba/ros2_challenge/ros2_ws/src/build/sensor_interface': CMAKE_PREFIX_PATH=${CMAKE_PREFIX_PATH}:/opt/ros/humble /usr/bin/cmake --build /home/heronsaba/ros2_challenge/ros2_ws/src/build/sensor_interface -- -j2 -l2
[8.248s] DEBUG:colcon.colcon_core.event_handler.log_command:Invoked command in '/home/heronsaba/ros2_challenge/ros2_ws/src/build/sensor_interface' returned '0': CMAKE_PREFIX_PATH=${CMAKE_PREFIX_PATH}:/opt/ros/humble /usr/bin/cmake --build /home/heronsaba/ros2_challenge/ros2_ws/src/build/sensor_interface -- -j2 -l2
[8.362s] DEBUG:colcon.colcon_core.event_handler.log_command:Invoking command in '/home/heronsaba/ros2_challenge/ros2_ws/src/build/sensor_interface': CMAKE_PREFIX_PATH=${CMAKE_PREFIX_PATH}:/opt/ros/humble /usr/bin/cmake --install /home/heronsaba/ros2_challenge/ros2_ws/src/build/sensor_interface
[9.381s] Level 1:colcon.colcon_core.environment:create_environment_scripts_only(sensor_interface)
[9.381s] DEBUG:colcon.colcon_core.event_handler.log_command:Invoked command in '/home/heronsaba/ros2_challenge/ros2_ws/src/build/sensor_interface' returned '0': CMAKE_PREFIX_PATH=${CMAKE_PREFIX_PATH}:/opt/ros/humble /usr/bin/cmake --install /home/heronsaba/ros2_challenge/ros2_ws/src/build/sensor_interface
[9.387s] Level 1:colcon.colcon_core.environment:checking '/home/heronsaba/ros2_challenge/ros2_ws/src/install/sensor_interface' for CMake module files
[9.388s] Level 1:colcon.colcon_core.environment:checking '/home/heronsaba/ros2_challenge/ros2_ws/src/install/sensor_interface' for CMake config files
[9.389s] Level 1:colcon.colcon_core.shell:create_environment_hook('sensor_interface', 'cmake_prefix_path')
[9.389s] INFO:colcon.colcon_core.shell:Creating environment hook '/home/heronsaba/ros2_challenge/ros2_ws/src/install/sensor_interface/share/sensor_interface/hook/cmake_prefix_path.ps1'
[9.389s] INFO:colcon.colcon_core.shell:Creating environment descriptor '/home/heronsaba/ros2_challenge/ros2_ws/src/install/sensor_interface/share/sensor_interface/hook/cmake_prefix_path.dsv'
[9.390s] INFO:colcon.colcon_core.shell:Creating environment hook '/home/heronsaba/ros2_challenge/ros2_ws/src/install/sensor_interface/share/sensor_interface/hook/cmake_prefix_path.sh'
[9.391s] Level 1:colcon.colcon_core.environment:checking '/home/heronsaba/ros2_challenge/ros2_ws/src/install/sensor_interface/lib'
[9.391s] Level 1:colcon.colcon_core.shell:create_environment_hook('sensor_interface', 'ld_library_path_lib')
[9.391s] INFO:colcon.colcon_core.shell:Creating environment hook '/home/heronsaba/ros2_challenge/ros2_ws/src/install/sensor_interface/share/sensor_interface/hook/ld_library_path_lib.ps1'
[9.391s] INFO:colcon.colcon_core.shell:Creating environment descriptor '/home/heronsaba/ros2_challenge/ros2_ws/src/install/sensor_interface/share/sensor_interface/hook/ld_library_path_lib.dsv'
[9.392s] INFO:colcon.colcon_core.shell:Creating environment hook '/home/heronsaba/ros2_challenge/ros2_ws/src/install/sensor_interface/share/sensor_interface/hook/ld_library_path_lib.sh'
[9.392s] Level 1:colcon.colcon_core.environment:checking '/home/heronsaba/ros2_challenge/ros2_ws/src/install/sensor_interface/bin'
[9.392s] Level 1:colcon.colcon_core.environment:checking '/home/heronsaba/ros2_challenge/ros2_ws/src/install/sensor_interface/lib/pkgconfig/sensor_interface.pc'
[9.392s] Level 1:colcon.colcon_core.environment:checking '/home/heronsaba/ros2_challenge/ros2_ws/src/install/sensor_interface/lib/python3.10/site-packages'
[9.392s] Level 1:colcon.colcon_core.environment:checking '/home/heronsaba/ros2_challenge/ros2_ws/src/install/sensor_interface/bin'
[9.393s] INFO:colcon.colcon_core.shell:Creating package script '/home/heronsaba/ros2_challenge/ros2_ws/src/install/sensor_interface/share/sensor_interface/package.ps1'
[9.393s] INFO:colcon.colcon_core.shell:Creating package descriptor '/home/heronsaba/ros2_challenge/ros2_ws/src/install/sensor_interface/share/sensor_interface/package.dsv'
[9.394s] INFO:colcon.colcon_core.shell:Creating package script '/home/heronsaba/ros2_challenge/ros2_ws/src/install/sensor_interface/share/sensor_interface/package.sh'
[9.394s] INFO:colcon.colcon_core.shell:Creating package script '/home/heronsaba/ros2_challenge/ros2_ws/src/install/sensor_interface/share/sensor_interface/package.bash'
[9.395s] INFO:colcon.colcon_core.shell:Creating package script '/home/heronsaba/ros2_challenge/ros2_ws/src/install/sensor_interface/share/sensor_interface/package.zsh'
[9.396s] Level 1:colcon.colcon_core.environment:create_file_with_runtime_dependencies(/home/heronsaba/ros2_challenge/ros2_ws/src/install/sensor_interface/share/colcon-core/packages/sensor_interface)
[9.497s] Level 1:colcon.colcon_core.environment:create_environment_scripts_only(sensor_interface)
[9.498s] Level 1:colcon.colcon_core.environment:checking '/home/heronsaba/ros2_challenge/ros2_ws/src/install/sensor_interface' for CMake module files
[9.498s] Level 1:colcon.colcon_core.environment:checking '/home/heronsaba/ros2_challenge/ros2_ws/src/install/sensor_interface' for CMake config files
[9.499s] Level 1:colcon.colcon_core.shell:create_environment_hook('sensor_interface', 'cmake_prefix_path')
[9.499s] INFO:colcon.colcon_core.shell:Creating environment hook '/home/heronsaba/ros2_challenge/ros2_ws/src/install/sensor_interface/share/sensor_interface/hook/cmake_prefix_path.ps1'
[9.500s] INFO:colcon.colcon_core.shell:Creating environment descriptor '/home/heronsaba/ros2_challenge/ros2_ws/src/install/sensor_interface/share/sensor_interface/hook/cmake_prefix_path.dsv'
[9.501s] INFO:colcon.colcon_core.shell:Creating environment hook '/home/heronsaba/ros2_challenge/ros2_ws/src/install/sensor_interface/share/sensor_interface/hook/cmake_prefix_path.sh'
[9.502s] Level 1:colcon.colcon_core.environment:checking '/home/heronsaba/ros2_challenge/ros2_ws/src/install/sensor_interface/lib'
[9.502s] Level 1:colcon.colcon_core.shell:create_environment_hook('sensor_interface', 'ld_library_path_lib')
[9.502s] INFO:colcon.colcon_core.shell:Creating environment hook '/home/heronsaba/ros2_challenge/ros2_ws/src/install/sensor_interface/share/sensor_interface/hook/ld_library_path_lib.ps1'
[9.503s] INFO:colcon.colcon_core.shell:Creating environment descriptor '/home/heronsaba/ros2_challenge/ros2_ws/src/install/sensor_interface/share/sensor_interface/hook/ld_library_path_lib.dsv'
[9.503s] INFO:colcon.colcon_core.shell:Creating environment hook '/home/heronsaba/ros2_challenge/ros2_ws/src/install/sensor_interface/share/sensor_interface/hook/ld_library_path_lib.sh'
[9.504s] Level 1:colcon.colcon_core.environment:checking '/home/heronsaba/ros2_challenge/ros2_ws/src/install/sensor_interface/bin'
[9.504s] Level 1:colcon.colcon_core.environment:checking '/home/heronsaba/ros2_challenge/ros2_ws/src/install/sensor_interface/lib/pkgconfig/sensor_interface.pc'
[9.504s] Level 1:colcon.colcon_core.environment:checking '/home/heronsaba/ros2_challenge/ros2_ws/src/install/sensor_interface/lib/python3.10/site-packages'
[9.505s] Level 1:colcon.colcon_core.environment:checking '/home/heronsaba/ros2_challenge/ros2_ws/src/install/sensor_interface/bin'
[9.505s] INFO:colcon.colcon_core.shell:Creating package script '/home/heronsaba/ros2_challenge/ros2_ws/src/install/sensor_interface/share/sensor_interface/package.ps1'
[9.506s] INFO:colcon.colcon_core.shell:Creating package descriptor '/home/heronsaba/ros2_challenge/ros2_ws/src/install/sensor_interface/share/sensor_interface/package.dsv'
[9.507s] INFO:colcon.colcon_core.shell:Creating package script '/home/heronsaba/ros2_challenge/ros2_ws/src/install/sensor_interface/share/sensor_interface/package.sh'
[9.507s] INFO:colcon.colcon_core.shell:Creating package script '/home/heronsaba/ros2_challenge/ros2_ws/src/install/sensor_interface/share/sensor_interface/package.bash'
[9.508s] INFO:colcon.colcon_core.shell:Creating package script '/home/heronsaba/ros2_challenge/ros2_ws/src/install/sensor_interface/share/sensor_interface/package.zsh'
[9.508s] Level 1:colcon.colcon_core.environment:create_file_with_runtime_dependencies(/home/heronsaba/ros2_challenge/ros2_ws/src/install/sensor_interface/share/colcon-core/packages/sensor_interface)
[9.509s] INFO:colcon.colcon_ros.task.ament_cmake.build:Building ROS package in '/home/heronsaba/ros2_challenge/ros2_ws/src/senai_ros2' with build type 'ament_cmake'
[9.509s] INFO:colcon.colcon_cmake.task.cmake.build:Building CMake package in '/home/heronsaba/ros2_challenge/ros2_ws/src/senai_ros2'
[9.509s] INFO:colcon.colcon_core.shell:Skip shell extension 'powershell' for command environment: Not usable outside of PowerShell
[9.509s] DEBUG:colcon.colcon_core.shell:Skip shell extension 'dsv' for command environment
[9.521s] DEBUG:colcon.colcon_core.event_handler.log_command:Invoking command in '/home/heronsaba/ros2_challenge/ros2_ws/src/build/senai_ros2': AMENT_PREFIX_PATH=/home/heronsaba/ros2_challenge/ros2_ws/src/install/sensor_interface:${AMENT_PREFIX_PATH} CMAKE_PREFIX_PATH=/home/heronsaba/ros2_challenge/ros2_ws/src/install/sensor_interface:/home/heronsaba/ros2_challenges/ros2_ws/src/install/senai_ros2:/home/heronsaba/ros2_challenges/ros2_ws/src/install/sensor_interface:/opt/ros/humble LD_LIBRARY_PATH=/home/heronsaba/ros2_challenge/ros2_ws/src/install/sensor_interface/lib:${LD_LIBRARY_PATH} PYTHONPATH=/home/heronsaba/ros2_challenge/ros2_ws/src/install/sensor_interface/local/lib/python3.10/dist-packages:${PYTHONPATH} /usr/bin/cmake /home/heronsaba/ros2_challenge/ros2_ws/src/senai_ros2 -DAMENT_CMAKE_SYMLINK_INSTALL=1 -DCMAKE_INSTALL_PREFIX=/home/heronsaba/ros2_challenge/ros2_ws/src/install/senai_ros2
[11.408s] DEBUG:colcon.colcon_core.event_handler.log_command:Invoked command in '/home/heronsaba/ros2_challenge/ros2_ws/src/build/senai_ros2' returned '0': AMENT_PREFIX_PATH=/home/heronsaba/ros2_challenge/ros2_ws/src/install/sensor_interface:${AMENT_PREFIX_PATH} CMAKE_PREFIX_PATH=/home/heronsaba/ros2_challenge/ros2_ws/src/install/sensor_interface:/home/heronsaba/ros2_challenges/ros2_ws/src/install/senai_ros2:/home/heronsaba/ros2_challenges/ros2_ws/src/install/sensor_interface:/opt/ros/humble LD_LIBRARY_PATH=/home/heronsaba/ros2_challenge/ros2_ws/src/install/sensor_interface/lib:${LD_LIBRARY_PATH} PYTHONPATH=/home/heronsaba/ros2_challenge/ros2_ws/src/install/sensor_interface/local/lib/python3.10/dist-packages:${PYTHONPATH} /usr/bin/cmake /home/heronsaba/ros2_challenge/ros2_ws/src/senai_ros2 -DAMENT_CMAKE_SYMLINK_INSTALL=1 -DCMAKE_INSTALL_PREFIX=/home/heronsaba/ros2_challenge/ros2_ws/src/install/senai_ros2
[11.409s] DEBUG:colcon.colcon_core.event_handler.log_command:Invoking command in '/home/heronsaba/ros2_challenge/ros2_ws/src/build/senai_ros2': AMENT_PREFIX_PATH=/home/heronsaba/ros2_challenge/ros2_ws/src/install/sensor_interface:${AMENT_PREFIX_PATH} CMAKE_PREFIX_PATH=/home/heronsaba/ros2_challenge/ros2_ws/src/install/sensor_interface:/home/heronsaba/ros2_challenges/ros2_ws/src/install/senai_ros2:/home/heronsaba/ros2_challenges/ros2_ws/src/install/sensor_interface:/opt/ros/humble LD_LIBRARY_PATH=/home/heronsaba/ros2_challenge/ros2_ws/src/install/sensor_interface/lib:${LD_LIBRARY_PATH} PYTHONPATH=/home/heronsaba/ros2_challenge/ros2_ws/src/install/sensor_interface/local/lib/python3.10/dist-packages:${PYTHONPATH} /usr/bin/cmake --build /home/heronsaba/ros2_challenge/ros2_ws/src/build/senai_ros2 -- -j2 -l2
[24.587s] DEBUG:colcon.colcon_core.event_handler.log_command:Invoked command in '/home/heronsaba/ros2_challenge/ros2_ws/src/build/senai_ros2' returned '0': AMENT_PREFIX_PATH=/home/heronsaba/ros2_challenge/ros2_ws/src/install/sensor_interface:${AMENT_PREFIX_PATH} CMAKE_PREFIX_PATH=/home/heronsaba/ros2_challenge/ros2_ws/src/install/sensor_interface:/home/heronsaba/ros2_challenges/ros2_ws/src/install/senai_ros2:/home/heronsaba/ros2_challenges/ros2_ws/src/install/sensor_interface:/opt/ros/humble LD_LIBRARY_PATH=/home/heronsaba/ros2_challenge/ros2_ws/src/install/sensor_interface/lib:${LD_LIBRARY_PATH} PYTHONPATH=/home/heronsaba/ros2_challenge/ros2_ws/src/install/sensor_interface/local/lib/python3.10/dist-packages:${PYTHONPATH} /usr/bin/cmake --build /home/heronsaba/ros2_challenge/ros2_ws/src/build/senai_ros2 -- -j2 -l2
[24.626s] DEBUG:colcon.colcon_core.event_handler.log_command:Invoking command in '/home/heronsaba/ros2_challenge/ros2_ws/src/build/senai_ros2': AMENT_PREFIX_PATH=/home/heronsaba/ros2_challenge/ros2_ws/src/install/sensor_interface:${AMENT_PREFIX_PATH} CMAKE_PREFIX_PATH=/home/heronsaba/ros2_challenge/ros2_ws/src/install/sensor_interface:/home/heronsaba/ros2_challenges/ros2_ws/src/install/senai_ros2:/home/heronsaba/ros2_challenges/ros2_ws/src/install/sensor_interface:/opt/ros/humble LD_LIBRARY_PATH=/home/heronsaba/ros2_challenge/ros2_ws/src/install/sensor_interface/lib:${LD_LIBRARY_PATH} PYTHONPATH=/home/heronsaba/ros2_challenge/ros2_ws/src/install/sensor_interface/local/lib/python3.10/dist-packages:${PYTHONPATH} /usr/bin/cmake --install /home/heronsaba/ros2_challenge/ros2_ws/src/build/senai_ros2
[24.868s] Level 1:colcon.colcon_core.environment:create_environment_scripts_only(senai_ros2)
[24.869s] Level 1:colcon.colcon_core.environment:checking '/home/heronsaba/ros2_challenge/ros2_ws/src/install/senai_ros2' for CMake module files
[24.869s] DEBUG:colcon.colcon_core.event_handler.log_command:Invoked command in '/home/heronsaba/ros2_challenge/ros2_ws/src/build/senai_ros2' returned '0': AMENT_PREFIX_PATH=/home/heronsaba/ros2_challenge/ros2_ws/src/install/sensor_interface:${AMENT_PREFIX_PATH} CMAKE_PREFIX_PATH=/home/heronsaba/ros2_challenge/ros2_ws/src/install/sensor_interface:/home/heronsaba/ros2_challenges/ros2_ws/src/install/senai_ros2:/home/heronsaba/ros2_challenges/ros2_ws/src/install/sensor_interface:/opt/ros/humble LD_LIBRARY_PATH=/home/heronsaba/ros2_challenge/ros2_ws/src/install/sensor_interface/lib:${LD_LIBRARY_PATH} PYTHONPATH=/home/heronsaba/ros2_challenge/ros2_ws/src/install/sensor_interface/local/lib/python3.10/dist-packages:${PYTHONPATH} /usr/bin/cmake --install /home/heronsaba/ros2_challenge/ros2_ws/src/build/senai_ros2
[24.869s] Level 1:colcon.colcon_core.environment:checking '/home/heronsaba/ros2_challenge/ros2_ws/src/install/senai_ros2' for CMake config files
[24.870s] Level 1:colcon.colcon_core.shell:create_environment_hook('senai_ros2', 'cmake_prefix_path')
[24.870s] INFO:colcon.colcon_core.shell:Creating environment hook '/home/heronsaba/ros2_challenge/ros2_ws/src/install/senai_ros2/share/senai_ros2/hook/cmake_prefix_path.ps1'
[24.871s] INFO:colcon.colcon_core.shell:Creating environment descriptor '/home/heronsaba/ros2_challenge/ros2_ws/src/install/senai_ros2/share/senai_ros2/hook/cmake_prefix_path.dsv'
[24.871s] INFO:colcon.colcon_core.shell:Creating environment hook '/home/heronsaba/ros2_challenge/ros2_ws/src/install/senai_ros2/share/senai_ros2/hook/cmake_prefix_path.sh'
[24.871s] Level 1:colcon.colcon_core.environment:checking '/home/heronsaba/ros2_challenge/ros2_ws/src/install/senai_ros2/lib'
[24.871s] Level 1:colcon.colcon_core.environment:checking '/home/heronsaba/ros2_challenge/ros2_ws/src/install/senai_ros2/bin'
[24.872s] Level 1:colcon.colcon_core.environment:checking '/home/heronsaba/ros2_challenge/ros2_ws/src/install/senai_ros2/lib/pkgconfig/senai_ros2.pc'
[24.872s] Level 1:colcon.colcon_core.environment:checking '/home/heronsaba/ros2_challenge/ros2_ws/src/install/senai_ros2/lib/python3.10/site-packages'
[24.872s] Level 1:colcon.colcon_core.environment:checking '/home/heronsaba/ros2_challenge/ros2_ws/src/install/senai_ros2/bin'
[24.872s] INFO:colcon.colcon_core.shell:Creating package script '/home/heronsaba/ros2_challenge/ros2_ws/src/install/senai_ros2/share/senai_ros2/package.ps1'
[24.873s] INFO:colcon.colcon_core.shell:Creating package descriptor '/home/heronsaba/ros2_challenge/ros2_ws/src/install/senai_ros2/share/senai_ros2/package.dsv'
[24.873s] INFO:colcon.colcon_core.shell:Creating package script '/home/heronsaba/ros2_challenge/ros2_ws/src/install/senai_ros2/share/senai_ros2/package.sh'
[24.873s] INFO:colcon.colcon_core.shell:Creating package script '/home/heronsaba/ros2_challenge/ros2_ws/src/install/senai_ros2/share/senai_ros2/package.bash'
[24.874s] INFO:colcon.colcon_core.shell:Creating package script '/home/heronsaba/ros2_challenge/ros2_ws/src/install/senai_ros2/share/senai_ros2/package.zsh'
[24.874s] Level 1:colcon.colcon_core.environment:create_file_with_runtime_dependencies(/home/heronsaba/ros2_challenge/ros2_ws/src/install/senai_ros2/share/colcon-core/packages/senai_ros2)
[24.909s] Level 1:colcon.colcon_core.environment:create_environment_scripts_only(senai_ros2)
[24.909s] Level 1:colcon.colcon_core.environment:checking '/home/heronsaba/ros2_challenge/ros2_ws/src/install/senai_ros2' for CMake module files
[24.910s] Level 1:colcon.colcon_core.environment:checking '/home/heronsaba/ros2_challenge/ros2_ws/src/install/senai_ros2' for CMake config files
[24.910s] Level 1:colcon.colcon_core.shell:create_environment_hook('senai_ros2', 'cmake_prefix_path')
[24.911s] INFO:colcon.colcon_core.shell:Creating environment hook '/home/heronsaba/ros2_challenge/ros2_ws/src/install/senai_ros2/share/senai_ros2/hook/cmake_prefix_path.ps1'
[24.911s] INFO:colcon.colcon_core.shell:Creating environment descriptor '/home/heronsaba/ros2_challenge/ros2_ws/src/install/senai_ros2/share/senai_ros2/hook/cmake_prefix_path.dsv'
[24.912s] INFO:colcon.colcon_core.shell:Creating environment hook '/home/heronsaba/ros2_challenge/ros2_ws/src/install/senai_ros2/share/senai_ros2/hook/cmake_prefix_path.sh'
[24.912s] Level 1:colcon.colcon_core.environment:checking '/home/heronsaba/ros2_challenge/ros2_ws/src/install/senai_ros2/lib'
[24.912s] Level 1:colcon.colcon_core.environment:checking '/home/heronsaba/ros2_challenge/ros2_ws/src/install/senai_ros2/bin'
[24.912s] Level 1:colcon.colcon_core.environment:checking '/home/heronsaba/ros2_challenge/ros2_ws/src/install/senai_ros2/lib/pkgconfig/senai_ros2.pc'
[24.912s] Level 1:colcon.colcon_core.environment:checking '/home/heronsaba/ros2_challenge/ros2_ws/src/install/senai_ros2/lib/python3.10/site-packages'
[24.913s] Level 1:colcon.colcon_core.environment:checking '/home/heronsaba/ros2_challenge/ros2_ws/src/install/senai_ros2/bin'
[24.913s] INFO:colcon.colcon_core.shell:Creating package script '/home/heronsaba/ros2_challenge/ros2_ws/src/install/senai_ros2/share/senai_ros2/package.ps1'
[24.913s] INFO:colcon.colcon_core.shell:Creating package descriptor '/home/heronsaba/ros2_challenge/ros2_ws/src/install/senai_ros2/share/senai_ros2/package.dsv'
[24.914s] INFO:colcon.colcon_core.shell:Creating package script '/home/heronsaba/ros2_challenge/ros2_ws/src/install/senai_ros2/share/senai_ros2/package.sh'
[24.914s] INFO:colcon.colcon_core.shell:Creating package script '/home/heronsaba/ros2_challenge/ros2_ws/src/install/senai_ros2/share/senai_ros2/package.bash'
[24.915s] INFO:colcon.colcon_core.shell:Creating package script '/home/heronsaba/ros2_challenge/ros2_ws/src/install/senai_ros2/share/senai_ros2/package.zsh'
[24.916s] Level 1:colcon.colcon_core.environment:create_file_with_runtime_dependencies(/home/heronsaba/ros2_challenge/ros2_ws/src/install/senai_ros2/share/colcon-core/packages/senai_ros2)
[24.916s] DEBUG:colcon.colcon_parallel_executor.executor.parallel:closing loop
[24.916s] DEBUG:colcon.colcon_parallel_executor.executor.parallel:loop closed
[24.917s] DEBUG:colcon.colcon_parallel_executor.executor.parallel:run_until_complete finished with '0'
[24.917s] DEBUG:colcon.colcon_core.event_reactor:joining thread
[24.922s] INFO:colcon.colcon_core.plugin_system:Skipping extension 'colcon_notification.desktop_notification.terminal_notifier': Not used on non-Darwin systems
[24.922s] INFO:colcon.colcon_core.plugin_system:Skipping extension 'colcon_notification.desktop_notification.win32': Not used on non-Windows systems
[24.922s] INFO:colcon.colcon_notification.desktop_notification:Sending desktop notification using 'notify2'
[24.937s] DEBUG:colcon.colcon_core.event_reactor:joined thread
[24.938s] INFO:colcon.colcon_core.shell:Creating prefix script '/home/heronsaba/ros2_challenge/ros2_ws/src/install/local_setup.ps1'
[24.939s] INFO:colcon.colcon_core.shell:Creating prefix util module '/home/heronsaba/ros2_challenge/ros2_ws/src/install/_local_setup_util_ps1.py'
[24.940s] INFO:colcon.colcon_core.shell:Creating prefix chain script '/home/heronsaba/ros2_challenge/ros2_ws/src/install/setup.ps1'
[24.941s] INFO:colcon.colcon_core.shell:Creating prefix script '/home/heronsaba/ros2_challenge/ros2_ws/src/install/local_setup.sh'
[24.941s] INFO:colcon.colcon_core.shell:Creating prefix util module '/home/heronsaba/ros2_challenge/ros2_ws/src/install/_local_setup_util_sh.py'
[24.942s] INFO:colcon.colcon_core.shell:Creating prefix chain script '/home/heronsaba/ros2_challenge/ros2_ws/src/install/setup.sh'
[24.943s] INFO:colcon.colcon_core.shell:Creating prefix script '/home/heronsaba/ros2_challenge/ros2_ws/src/install/local_setup.bash'
[24.943s] INFO:colcon.colcon_core.shell:Creating prefix chain script '/home/heronsaba/ros2_challenge/ros2_ws/src/install/setup.bash'
[24.944s] INFO:colcon.colcon_core.shell:Creating prefix script '/home/heronsaba/ros2_challenge/ros2_ws/src/install/local_setup.zsh'
[24.944s] INFO:colcon.colcon_core.shell:Creating prefix chain script '/home/heronsaba/ros2_challenge/ros2_ws/src/install/setup.zsh'
