[0.018s] Invoking command in '/home/heronsaba/ros2_challenge/ros2_ws/src/build/senai_ros2': CMAKE_PREFIX_PATH=/home/heronsaba/ros2_challenge/ros2_ws/src/install/sensor_interface:/home/heronsaba/ros2_challenge/ros2_ws/src/install/senai_ros2:/home/heronsaba/ros2_challenges/ros2_ws/src/install/senai_ros2:/home/heronsaba/ros2_challenges/ros2_ws/src/install/sensor_interface:/opt/ros/humble /usr/bin/cmake --build /home/heronsaba/ros2_challenge/ros2_ws/src/build/senai_ros2 -- -j2 -l2
[0.073s] [35m[1mConsolidate compiler generated dependencies of target cropper[0m
[0.083s] [35m[1mConsolidate compiler generated dependencies of target receiver[0m
[0.105s] [ 25%] [32mBuilding CXX object CMakeFiles/cropper.dir/src/image_cropper.cpp.o[0m
[0.125s] [ 75%] Built target receiver
[11.873s] [100%] [32m[1mLinking CXX executable cropper[0m
[12.713s] [100%] Built target cropper
[12.733s] Invoked command in '/home/heronsaba/ros2_challenge/ros2_ws/src/build/senai_ros2' returned '0': CMAKE_PREFIX_PATH=/home/heronsaba/ros2_challenge/ros2_ws/src/install/sensor_interface:/home/heronsaba/ros2_challenge/ros2_ws/src/install/senai_ros2:/home/heronsaba/ros2_challenges/ros2_ws/src/install/senai_ros2:/home/heronsaba/ros2_challenges/ros2_ws/src/install/sensor_interface:/opt/ros/humble /usr/bin/cmake --build /home/heronsaba/ros2_challenge/ros2_ws/src/build/senai_ros2 -- -j2 -l2
[12.773s] Invoking command in '/home/heronsaba/ros2_challenge/ros2_ws/src/build/senai_ros2': CMAKE_PREFIX_PATH=/home/heronsaba/ros2_challenge/ros2_ws/src/install/sensor_interface:/home/heronsaba/ros2_challenge/ros2_ws/src/install/senai_ros2:/home/heronsaba/ros2_challenges/ros2_ws/src/install/senai_ros2:/home/heronsaba/ros2_challenges/ros2_ws/src/install/sensor_interface:/opt/ros/humble /usr/bin/cmake --install /home/heronsaba/ros2_challenge/ros2_ws/src/build/senai_ros2
[12.784s] -- Install configuration: ""
[12.785s] -- Execute custom install script
[12.785s] -- Up-to-date symlink: /home/heronsaba/ros2_challenge/ros2_ws/src/install/senai_ros2/lib/senai_ros2/cropper
[12.786s] -- Up-to-date symlink: /home/heronsaba/ros2_challenge/ros2_ws/src/install/senai_ros2/lib/senai_ros2/receiver
[12.786s] -- Up-to-date symlink: /home/heronsaba/ros2_challenge/ros2_ws/src/install/senai_ros2/share/senai_ros2/launch/challenge_launcher.py
[12.787s] -- Up-to-date symlink: /home/heronsaba/ros2_challenge/ros2_ws/src/install/senai_ros2/share/senai_ros2/config/my_config_file.yaml
[12.787s] -- Up-to-date symlink: /home/heronsaba/ros2_challenge/ros2_ws/src/install/senai_ros2/share/ament_index/resource_index/package_run_dependencies/senai_ros2
[12.788s] -- Up-to-date symlink: /home/heronsaba/ros2_challenge/ros2_ws/src/install/senai_ros2/share/ament_index/resource_index/parent_prefix_path/senai_ros2
[12.788s] -- Up-to-date symlink: /home/heronsaba/ros2_challenge/ros2_ws/src/install/senai_ros2/share/senai_ros2/environment/ament_prefix_path.sh
[12.789s] -- Up-to-date symlink: /home/heronsaba/ros2_challenge/ros2_ws/src/install/senai_ros2/share/senai_ros2/environment/ament_prefix_path.dsv
[12.789s] -- Up-to-date symlink: /home/heronsaba/ros2_challenge/ros2_ws/src/install/senai_ros2/share/senai_ros2/environment/path.sh
[12.789s] -- Up-to-date symlink: /home/heronsaba/ros2_challenge/ros2_ws/src/install/senai_ros2/share/senai_ros2/environment/path.dsv
[12.790s] -- Up-to-date symlink: /home/heronsaba/ros2_challenge/ros2_ws/src/install/senai_ros2/share/senai_ros2/local_setup.bash
[12.790s] -- Up-to-date symlink: /home/heronsaba/ros2_challenge/ros2_ws/src/install/senai_ros2/share/senai_ros2/local_setup.sh
[12.790s] -- Up-to-date symlink: /home/heronsaba/ros2_challenge/ros2_ws/src/install/senai_ros2/share/senai_ros2/local_setup.zsh
[12.790s] -- Up-to-date symlink: /home/heronsaba/ros2_challenge/ros2_ws/src/install/senai_ros2/share/senai_ros2/local_setup.dsv
[12.791s] -- Symlinking: /home/heronsaba/ros2_challenge/ros2_ws/src/install/senai_ros2/share/senai_ros2/package.dsv
[12.803s] -- Up-to-date symlink: /home/heronsaba/ros2_challenge/ros2_ws/src/install/senai_ros2/share/ament_index/resource_index/packages/senai_ros2
[12.804s] -- Up-to-date symlink: /home/heronsaba/ros2_challenge/ros2_ws/src/install/senai_ros2/share/senai_ros2/cmake/senai_ros2Config.cmake
[12.804s] -- Up-to-date symlink: /home/heronsaba/ros2_challenge/ros2_ws/src/install/senai_ros2/share/senai_ros2/cmake/senai_ros2Config-version.cmake
[12.804s] -- Up-to-date symlink: /home/heronsaba/ros2_challenge/ros2_ws/src/install/senai_ros2/share/senai_ros2/package.xml
[12.807s] Invoked command in '/home/heronsaba/ros2_challenge/ros2_ws/src/build/senai_ros2' returned '0': CMAKE_PREFIX_PATH=/home/heronsaba/ros2_challenge/ros2_ws/src/install/sensor_interface:/home/heronsaba/ros2_challenge/ros2_ws/src/install/senai_ros2:/home/heronsaba/ros2_challenges/ros2_ws/src/install/senai_ros2:/home/heronsaba/ros2_challenges/ros2_ws/src/install/sensor_interface:/opt/ros/humble /usr/bin/cmake --install /home/heronsaba/ros2_challenge/ros2_ws/src/build/senai_ros2
