[0.010s] Invoking command in '/home/heronsaba/ros2_challenge/ros2_ws/src/build/senai_ros2': AMENT_PREFIX_PATH=/home/heronsaba/ros2_challenge/ros2_ws/src/install/sensor_interface:${AMENT_PREFIX_PATH} CMAKE_PREFIX_PATH=/home/heronsaba/ros2_challenge/ros2_ws/src/install/sensor_interface:/home/heronsaba/ros2_challenges/ros2_ws/src/install/senai_ros2:/home/heronsaba/ros2_challenges/ros2_ws/src/install/sensor_interface:/opt/ros/humble LD_LIBRARY_PATH=/home/heronsaba/ros2_challenge/ros2_ws/src/install/sensor_interface/lib:${LD_LIBRARY_PATH} PYTHONPATH=/home/heronsaba/ros2_challenge/ros2_ws/src/install/sensor_interface/local/lib/python3.10/dist-packages:${PYTHONPATH} /usr/bin/cmake /home/heronsaba/ros2_challenge/ros2_ws/src/senai_ros2 -DAMENT_CMAKE_SYMLINK_INSTALL=1 -DCMAKE_INSTALL_PREFIX=/home/heronsaba/ros2_challenge/ros2_ws/src/install/senai_ros2
[0.080s] -- The C compiler identification is GNU 11.4.0
[0.141s] -- The CXX compiler identification is GNU 11.4.0
[0.150s] -- Detecting C compiler ABI info
[0.232s] -- Detecting C compiler ABI info - done
[0.240s] -- Check for working C compiler: /usr/bin/cc - skipped
[0.240s] -- Detecting C compile features
[0.241s] -- Detecting C compile features - done
[0.244s] -- Detecting CXX compiler ABI info
[0.339s] -- Detecting CXX compiler ABI info - done
[0.347s] -- Check for working CXX compiler: /usr/bin/c++ - skipped
[0.348s] -- Detecting CXX compile features
[0.348s] -- Detecting CXX compile features - done
[0.351s] -- Found ament_cmake: 1.3.8 (/opt/ros/humble/share/ament_cmake/cmake)
[0.519s] -- Found Python3: /usr/bin/python3 (found version "3.10.12") found components: Interpreter 
[0.585s] -- Override CMake install command with custom implementation using symlinks instead of copying resources
[0.623s] -- Found rclcpp: 16.0.8 (/opt/ros/humble/share/rclcpp/cmake)
[0.681s] -- Found rosidl_generator_c: 3.1.5 (/opt/ros/humble/share/rosidl_generator_c/cmake)
[0.686s] -- Found rosidl_adapter: 3.1.5 (/opt/ros/humble/share/rosidl_adapter/cmake)
[0.695s] -- Found rosidl_generator_cpp: 3.1.5 (/opt/ros/humble/share/rosidl_generator_cpp/cmake)
[0.710s] -- Using all available rosidl_typesupport_c: rosidl_typesupport_fastrtps_c;rosidl_typesupport_introspection_c
[0.731s] -- Using all available rosidl_typesupport_cpp: rosidl_typesupport_fastrtps_cpp;rosidl_typesupport_introspection_cpp
[0.828s] -- Found rmw_implementation_cmake: 6.1.1 (/opt/ros/humble/share/rmw_implementation_cmake/cmake)
[0.832s] -- Found rmw_fastrtps_cpp: 6.2.6 (/opt/ros/humble/share/rmw_fastrtps_cpp/cmake)
[0.972s] -- Found OpenSSL: /usr/lib/x86_64-linux-gnu/libcrypto.so (found version "3.0.2")  
[1.009s] -- Found FastRTPS: /opt/ros/humble/include  
[1.071s] -- Using RMW implementation 'rmw_fastrtps_cpp' as default
[1.085s] -- Looking for pthread.h
[1.173s] -- Looking for pthread.h - found
[1.173s] -- Performing Test CMAKE_HAVE_LIBC_PTHREAD
[1.260s] -- Performing Test CMAKE_HAVE_LIBC_PTHREAD - Success
[1.260s] -- Found Threads: TRUE  
[1.462s] -- Found sensor_msgs: 4.2.3 (/opt/ros/humble/share/sensor_msgs/cmake)
[1.606s] -- Found cv_bridge: 3.2.1 (/opt/ros/humble/share/cv_bridge/cmake)
[1.634s] -- Found OpenCV: /usr (found version "4.5.4") 
[1.634s] -- Found sensor_interface: 0.0.0 (/home/heronsaba/ros2_challenge/ros2_ws/src/install/sensor_interface/share/sensor_interface/cmake)
[1.766s] -- Found ament_lint_auto: 0.12.10 (/opt/ros/humble/share/ament_lint_auto/cmake)
[1.853s] -- Added test 'cppcheck' to perform static code analysis on C / C++ code
[1.853s] -- Configured cppcheck include dirs: /home/heronsaba/ros2_challenge/ros2_ws/src/senai_ros2/include
[1.853s] -- Configured cppcheck exclude dirs and/or files: 
[1.854s] -- Added test 'flake8' to check Python code syntax and style conventions
[1.855s] -- Added test 'lint_cmake' to check CMake code style
[1.855s] -- Added test 'pep257' to check Python code against some of the docstring style conventions in PEP 257
[1.857s] -- Added test 'uncrustify' to check C / C++ code style
[1.857s] -- Configured uncrustify additional arguments: 
[1.857s] -- Added test 'xmllint' to check XML markup files
[1.859s] -- Configuring done
[1.884s] -- Generating done
[1.887s] -- Build files have been written to: /home/heronsaba/ros2_challenge/ros2_ws/src/build/senai_ros2
[1.898s] Invoked command in '/home/heronsaba/ros2_challenge/ros2_ws/src/build/senai_ros2' returned '0': AMENT_PREFIX_PATH=/home/heronsaba/ros2_challenge/ros2_ws/src/install/sensor_interface:${AMENT_PREFIX_PATH} CMAKE_PREFIX_PATH=/home/heronsaba/ros2_challenge/ros2_ws/src/install/sensor_interface:/home/heronsaba/ros2_challenges/ros2_ws/src/install/senai_ros2:/home/heronsaba/ros2_challenges/ros2_ws/src/install/sensor_interface:/opt/ros/humble LD_LIBRARY_PATH=/home/heronsaba/ros2_challenge/ros2_ws/src/install/sensor_interface/lib:${LD_LIBRARY_PATH} PYTHONPATH=/home/heronsaba/ros2_challenge/ros2_ws/src/install/sensor_interface/local/lib/python3.10/dist-packages:${PYTHONPATH} /usr/bin/cmake /home/heronsaba/ros2_challenge/ros2_ws/src/senai_ros2 -DAMENT_CMAKE_SYMLINK_INSTALL=1 -DCMAKE_INSTALL_PREFIX=/home/heronsaba/ros2_challenge/ros2_ws/src/install/senai_ros2
[1.899s] Invoking command in '/home/heronsaba/ros2_challenge/ros2_ws/src/build/senai_ros2': AMENT_PREFIX_PATH=/home/heronsaba/ros2_challenge/ros2_ws/src/install/sensor_interface:${AMENT_PREFIX_PATH} CMAKE_PREFIX_PATH=/home/heronsaba/ros2_challenge/ros2_ws/src/install/sensor_interface:/home/heronsaba/ros2_challenges/ros2_ws/src/install/senai_ros2:/home/heronsaba/ros2_challenges/ros2_ws/src/install/sensor_interface:/opt/ros/humble LD_LIBRARY_PATH=/home/heronsaba/ros2_challenge/ros2_ws/src/install/sensor_interface/lib:${LD_LIBRARY_PATH} PYTHONPATH=/home/heronsaba/ros2_challenge/ros2_ws/src/install/sensor_interface/local/lib/python3.10/dist-packages:${PYTHONPATH} /usr/bin/cmake --build /home/heronsaba/ros2_challenge/ros2_ws/src/build/senai_ros2 -- -j2 -l2
[1.967s] [ 25%] [32mBuilding CXX object CMakeFiles/cropper.dir/src/image_cropper.cpp.o[0m
[1.978s] [ 50%] [32mBuilding CXX object CMakeFiles/receiver.dir/src/image_receiver.cpp.o[0m
[9.232s] [ 75%] [32m[1mLinking CXX executable receiver[0m
[9.909s] [ 75%] Built target receiver
[14.270s] [100%] [32m[1mLinking CXX executable cropper[0m
[15.061s] [100%] Built target cropper
[15.077s] Invoked command in '/home/heronsaba/ros2_challenge/ros2_ws/src/build/senai_ros2' returned '0': AMENT_PREFIX_PATH=/home/heronsaba/ros2_challenge/ros2_ws/src/install/sensor_interface:${AMENT_PREFIX_PATH} CMAKE_PREFIX_PATH=/home/heronsaba/ros2_challenge/ros2_ws/src/install/sensor_interface:/home/heronsaba/ros2_challenges/ros2_ws/src/install/senai_ros2:/home/heronsaba/ros2_challenges/ros2_ws/src/install/sensor_interface:/opt/ros/humble LD_LIBRARY_PATH=/home/heronsaba/ros2_challenge/ros2_ws/src/install/sensor_interface/lib:${LD_LIBRARY_PATH} PYTHONPATH=/home/heronsaba/ros2_challenge/ros2_ws/src/install/sensor_interface/local/lib/python3.10/dist-packages:${PYTHONPATH} /usr/bin/cmake --build /home/heronsaba/ros2_challenge/ros2_ws/src/build/senai_ros2 -- -j2 -l2
[15.116s] Invoking command in '/home/heronsaba/ros2_challenge/ros2_ws/src/build/senai_ros2': AMENT_PREFIX_PATH=/home/heronsaba/ros2_challenge/ros2_ws/src/install/sensor_interface:${AMENT_PREFIX_PATH} CMAKE_PREFIX_PATH=/home/heronsaba/ros2_challenge/ros2_ws/src/install/sensor_interface:/home/heronsaba/ros2_challenges/ros2_ws/src/install/senai_ros2:/home/heronsaba/ros2_challenges/ros2_ws/src/install/sensor_interface:/opt/ros/humble LD_LIBRARY_PATH=/home/heronsaba/ros2_challenge/ros2_ws/src/install/sensor_interface/lib:${LD_LIBRARY_PATH} PYTHONPATH=/home/heronsaba/ros2_challenge/ros2_ws/src/install/sensor_interface/local/lib/python3.10/dist-packages:${PYTHONPATH} /usr/bin/cmake --install /home/heronsaba/ros2_challenge/ros2_ws/src/build/senai_ros2
[15.126s] -- Install configuration: ""
[15.126s] -- Execute custom install script
[15.127s] -- Symlinking: /home/heronsaba/ros2_challenge/ros2_ws/src/install/senai_ros2/lib/senai_ros2/cropper
[15.140s] -- Symlinking: /home/heronsaba/ros2_challenge/ros2_ws/src/install/senai_ros2/lib/senai_ros2/receiver
[15.153s] -- Symlinking: /home/heronsaba/ros2_challenge/ros2_ws/src/install/senai_ros2/share/senai_ros2/launch/challenge_launcher.py
[15.166s] -- Symlinking: /home/heronsaba/ros2_challenge/ros2_ws/src/install/senai_ros2/share/senai_ros2/config/my_config_file.yaml
[15.177s] -- Symlinking: /home/heronsaba/ros2_challenge/ros2_ws/src/install/senai_ros2/share/ament_index/resource_index/package_run_dependencies/senai_ros2
[15.190s] -- Symlinking: /home/heronsaba/ros2_challenge/ros2_ws/src/install/senai_ros2/share/ament_index/resource_index/parent_prefix_path/senai_ros2
[15.202s] -- Symlinking: /home/heronsaba/ros2_challenge/ros2_ws/src/install/senai_ros2/share/senai_ros2/environment/ament_prefix_path.sh
[15.213s] -- Symlinking: /home/heronsaba/ros2_challenge/ros2_ws/src/install/senai_ros2/share/senai_ros2/environment/ament_prefix_path.dsv
[15.225s] -- Symlinking: /home/heronsaba/ros2_challenge/ros2_ws/src/install/senai_ros2/share/senai_ros2/environment/path.sh
[15.238s] -- Symlinking: /home/heronsaba/ros2_challenge/ros2_ws/src/install/senai_ros2/share/senai_ros2/environment/path.dsv
[15.251s] -- Symlinking: /home/heronsaba/ros2_challenge/ros2_ws/src/install/senai_ros2/share/senai_ros2/local_setup.bash
[15.263s] -- Symlinking: /home/heronsaba/ros2_challenge/ros2_ws/src/install/senai_ros2/share/senai_ros2/local_setup.sh
[15.275s] -- Symlinking: /home/heronsaba/ros2_challenge/ros2_ws/src/install/senai_ros2/share/senai_ros2/local_setup.zsh
[15.286s] -- Symlinking: /home/heronsaba/ros2_challenge/ros2_ws/src/install/senai_ros2/share/senai_ros2/local_setup.dsv
[15.299s] -- Symlinking: /home/heronsaba/ros2_challenge/ros2_ws/src/install/senai_ros2/share/senai_ros2/package.dsv
[15.311s] -- Symlinking: /home/heronsaba/ros2_challenge/ros2_ws/src/install/senai_ros2/share/ament_index/resource_index/packages/senai_ros2
[15.322s] -- Symlinking: /home/heronsaba/ros2_challenge/ros2_ws/src/install/senai_ros2/share/senai_ros2/cmake/senai_ros2Config.cmake
[15.333s] -- Symlinking: /home/heronsaba/ros2_challenge/ros2_ws/src/install/senai_ros2/share/senai_ros2/cmake/senai_ros2Config-version.cmake
[15.345s] -- Symlinking: /home/heronsaba/ros2_challenge/ros2_ws/src/install/senai_ros2/share/senai_ros2/package.xml
[15.358s] Invoked command in '/home/heronsaba/ros2_challenge/ros2_ws/src/build/senai_ros2' returned '0': AMENT_PREFIX_PATH=/home/heronsaba/ros2_challenge/ros2_ws/src/install/sensor_interface:${AMENT_PREFIX_PATH} CMAKE_PREFIX_PATH=/home/heronsaba/ros2_challenge/ros2_ws/src/install/sensor_interface:/home/heronsaba/ros2_challenges/ros2_ws/src/install/senai_ros2:/home/heronsaba/ros2_challenges/ros2_ws/src/install/sensor_interface:/opt/ros/humble LD_LIBRARY_PATH=/home/heronsaba/ros2_challenge/ros2_ws/src/install/sensor_interface/lib:${LD_LIBRARY_PATH} PYTHONPATH=/home/heronsaba/ros2_challenge/ros2_ws/src/install/sensor_interface/local/lib/python3.10/dist-packages:${PYTHONPATH} /usr/bin/cmake --install /home/heronsaba/ros2_challenge/ros2_ws/src/build/senai_ros2
