[0.017s] Invoking command in '/home/heronsaba/ros2_challenge/ros2_ws/src/build/sensor_interface': CMAKE_PREFIX_PATH=${CMAKE_PREFIX_PATH}:/opt/ros/humble /usr/bin/cmake /home/heronsaba/ros2_challenge/ros2_ws/src/sensor_interface -DAMENT_CMAKE_SYMLINK_INSTALL=1 -DCMAKE_INSTALL_PREFIX=/home/heronsaba/ros2_challenge/ros2_ws/src/install/sensor_interface
[0.120s] -- The C compiler identification is GNU 11.4.0
[0.187s] -- The CXX compiler identification is GNU 11.4.0
[0.201s] -- Detecting C compiler ABI info
[0.295s] -- Detecting C compiler ABI info - done
[0.303s] -- Check for working C compiler: /usr/bin/cc - skipped
[0.304s] -- Detecting C compile features
[0.304s] -- Detecting C compile features - done
[0.308s] -- Detecting CXX compiler ABI info
[0.405s] -- Detecting CXX compiler ABI info - done
[0.412s] -- Check for working CXX compiler: /usr/bin/c++ - skipped
[0.412s] -- Detecting CXX compile features
[0.413s] -- Detecting CXX compile features - done
[0.424s] -- Found ament_cmake: 1.3.8 (/opt/ros/humble/share/ament_cmake/cmake)
[0.588s] -- Found Python3: /usr/bin/python3 (found version "3.10.12") found components: Interpreter 
[0.666s] -- Override CMake install command with custom implementation using symlinks instead of copying resources
[0.704s] -- Found rosidl_default_generators: 1.2.0 (/opt/ros/humble/share/rosidl_default_generators/cmake)
[0.708s] -- Using all available rosidl_typesupport_c: rosidl_typesupport_fastrtps_c;rosidl_typesupport_introspection_c
[0.718s] -- Found rosidl_adapter: 3.1.5 (/opt/ros/humble/share/rosidl_adapter/cmake)
[0.780s] -- Using all available rosidl_typesupport_cpp: rosidl_typesupport_fastrtps_cpp;rosidl_typesupport_introspection_cpp
[0.830s] -- Found geometry_msgs: 4.2.3 (/opt/ros/humble/share/geometry_msgs/cmake)
[0.982s] -- Found sensor_msgs: 4.2.3 (/opt/ros/humble/share/sensor_msgs/cmake)
[1.463s] -- Found ament_cmake_cppcheck: 0.12.10 (/opt/ros/humble/share/ament_cmake_cppcheck/cmake)
[1.466s] -- Found ament_cmake_cpplint: 0.12.10 (/opt/ros/humble/share/ament_cmake_cpplint/cmake)
[1.469s] -- Found ament_cmake_uncrustify: 0.12.10 (/opt/ros/humble/share/ament_cmake_uncrustify/cmake)
[1.472s] -- Found ament_cmake_ros: 0.10.0 (/opt/ros/humble/share/ament_cmake_ros/cmake)
[1.827s] -- Using all available rosidl_typesupport_c: rosidl_typesupport_fastrtps_c;rosidl_typesupport_introspection_c
[2.293s] -- Using all available rosidl_typesupport_cpp: rosidl_typesupport_fastrtps_cpp;rosidl_typesupport_introspection_cpp
[2.322s] -- Found PythonInterp: /usr/bin/python3 (found suitable version "3.10.12", minimum required is "3.6") 
[2.324s] -- Found python_cmake_module: 0.10.0 (/opt/ros/humble/share/python_cmake_module/cmake)
[2.353s] -- Found PythonLibs: /usr/lib/x86_64-linux-gnu/libpython3.10.so (found suitable version "3.10.12", minimum required is "3.5") 
[2.353s] -- Using PYTHON_EXECUTABLE: /usr/bin/python3
[2.353s] -- Using PYTHON_INCLUDE_DIRS: /usr/include/python3.10
[2.354s] -- Using PYTHON_LIBRARIES: /usr/lib/x86_64-linux-gnu/libpython3.10.so
[2.375s] -- Found PythonExtra: .so  
[2.468s] -- Found ament_cmake_flake8: 0.12.10 (/opt/ros/humble/share/ament_cmake_flake8/cmake)
[2.471s] -- Found ament_cmake_pep257: 0.12.10 (/opt/ros/humble/share/ament_cmake_pep257/cmake)
[2.475s] -- Found ament_lint_auto: 0.12.10 (/opt/ros/humble/share/ament_lint_auto/cmake)
[2.496s] -- Added test 'lint_cmake' to check CMake code style
[2.497s] -- Added test 'xmllint' to check XML markup files
[2.502s] -- Configuring done
[2.550s] -- Generating done
[2.554s] -- Build files have been written to: /home/heronsaba/ros2_challenge/ros2_ws/src/build/sensor_interface
[2.564s] Invoked command in '/home/heronsaba/ros2_challenge/ros2_ws/src/build/sensor_interface' returned '0': CMAKE_PREFIX_PATH=${CMAKE_PREFIX_PATH}:/opt/ros/humble /usr/bin/cmake /home/heronsaba/ros2_challenge/ros2_ws/src/sensor_interface -DAMENT_CMAKE_SYMLINK_INSTALL=1 -DCMAKE_INSTALL_PREFIX=/home/heronsaba/ros2_challenge/ros2_ws/src/install/sensor_interface
[2.566s] Invoking command in '/home/heronsaba/ros2_challenge/ros2_ws/src/build/sensor_interface': CMAKE_PREFIX_PATH=${CMAKE_PREFIX_PATH}:/opt/ros/humble /usr/bin/cmake --build /home/heronsaba/ros2_challenge/ros2_ws/src/build/sensor_interface -- -j2 -l2
[2.619s] [  2%] [34m[1mGenerating C code for ROS interfaces[0m
[2.633s] [  5%] [34m[1mGenerating C++ code for ROS interfaces[0m
[3.029s] [  5%] Built target sensor_interface__cpp
[3.063s] [  5%] Built target ament_cmake_python_symlink_sensor_interface
[3.076s] [  7%] [34m[1mGenerating C++ type support dispatch for ROS interfaces[0m
[3.088s] [ 10%] [32mBuilding C object CMakeFiles/sensor_interface__rosidl_generator_c.dir/rosidl_generator_c/sensor_interface/msg/detail/nums__functions.c.o[0m
[3.179s] [ 12%] [32mBuilding C object CMakeFiles/sensor_interface__rosidl_generator_c.dir/rosidl_generator_c/sensor_interface/srv/detail/send_image__functions.c.o[0m
[3.252s] [ 15%] [32m[1mLinking C shared library libsensor_interface__rosidl_generator_c.so[0m
[3.298s] [ 15%] Built target sensor_interface__rosidl_generator_c
[3.314s] [ 17%] [34m[1mGenerating C++ type support for eProsima Fast-RTPS[0m
[3.363s] [ 20%] [32mBuilding CXX object CMakeFiles/sensor_interface__rosidl_typesupport_cpp.dir/rosidl_typesupport_cpp/sensor_interface/msg/nums__type_support.cpp.o[0m
[3.686s] [ 23%] [32mBuilding CXX object CMakeFiles/sensor_interface__rosidl_typesupport_fastrtps_cpp.dir/rosidl_typesupport_fastrtps_cpp/sensor_interface/msg/detail/dds_fastrtps/nums__type_support.cpp.o[0m
[3.696s] [ 25%] [32mBuilding CXX object CMakeFiles/sensor_interface__rosidl_typesupport_cpp.dir/rosidl_typesupport_cpp/sensor_interface/srv/send_image__type_support.cpp.o[0m
[3.987s] [ 28%] [32m[1mLinking CXX shared library libsensor_interface__rosidl_typesupport_cpp.so[0m
[4.036s] [ 28%] Built target sensor_interface__rosidl_typesupport_cpp
[4.049s] [ 30%] [34m[1mGenerating C++ introspection for ROS interfaces[0m
[4.131s] [ 33%] [32mBuilding CXX object CMakeFiles/sensor_interface__rosidl_typesupport_fastrtps_cpp.dir/rosidl_typesupport_fastrtps_cpp/sensor_interface/srv/detail/dds_fastrtps/send_image__type_support.cpp.o[0m
[4.375s] [ 35%] [32mBuilding CXX object CMakeFiles/sensor_interface__rosidl_typesupport_introspection_cpp.dir/rosidl_typesupport_introspection_cpp/sensor_interface/msg/detail/nums__type_support.cpp.o[0m
[4.596s] [ 38%] [32m[1mLinking CXX shared library libsensor_interface__rosidl_typesupport_fastrtps_cpp.so[0m
[4.713s] [ 38%] Built target sensor_interface__rosidl_typesupport_fastrtps_cpp
[4.798s] [ 41%] [32mBuilding CXX object CMakeFiles/sensor_interface__rosidl_typesupport_introspection_cpp.dir/rosidl_typesupport_introspection_cpp/sensor_interface/srv/detail/send_image__type_support.cpp.o[0m
[4.997s] running egg_info
[4.998s] creating sensor_interface.egg-info
[4.999s] writing sensor_interface.egg-info/PKG-INFO
[4.999s] writing dependency_links to sensor_interface.egg-info/dependency_links.txt
[5.000s] writing top-level names to sensor_interface.egg-info/top_level.txt
[5.000s] writing manifest file 'sensor_interface.egg-info/SOURCES.txt'
[5.003s] reading manifest file 'sensor_interface.egg-info/SOURCES.txt'
[5.003s] writing manifest file 'sensor_interface.egg-info/SOURCES.txt'
[5.037s] [ 41%] Built target ament_cmake_python_build_sensor_interface_egg
[5.052s] [ 43%] [34m[1mGenerating C type support for eProsima Fast-RTPS[0m
[5.227s] [ 46%] [32m[1mLinking CXX shared library libsensor_interface__rosidl_typesupport_introspection_cpp.so[0m
[5.306s] [ 46%] Built target sensor_interface__rosidl_typesupport_introspection_cpp
[5.319s] [ 48%] [34m[1mGenerating C introspection for ROS interfaces[0m
[5.409s] [ 51%] [32mBuilding CXX object CMakeFiles/sensor_interface__rosidl_typesupport_fastrtps_c.dir/rosidl_typesupport_fastrtps_c/sensor_interface/msg/detail/nums__type_support_c.cpp.o[0m
[5.660s] [ 53%] [32mBuilding C object CMakeFiles/sensor_interface__rosidl_typesupport_introspection_c.dir/rosidl_typesupport_introspection_c/sensor_interface/msg/detail/nums__type_support.c.o[0m
[5.705s] [ 56%] [32mBuilding C object CMakeFiles/sensor_interface__rosidl_typesupport_introspection_c.dir/rosidl_typesupport_introspection_c/sensor_interface/srv/detail/send_image__type_support.c.o[0m
[5.756s] [ 58%] [32m[1mLinking C shared library libsensor_interface__rosidl_typesupport_introspection_c.so[0m
[5.768s] [ 61%] [32mBuilding CXX object CMakeFiles/sensor_interface__rosidl_typesupport_fastrtps_c.dir/rosidl_typesupport_fastrtps_c/sensor_interface/srv/detail/send_image__type_support_c.cpp.o[0m
[5.807s] [ 61%] Built target sensor_interface__rosidl_typesupport_introspection_c
[5.821s] [ 64%] [34m[1mGenerating C type support dispatch for ROS interfaces[0m
[6.097s] [ 66%] [32mBuilding CXX object CMakeFiles/sensor_interface__rosidl_typesupport_c.dir/rosidl_typesupport_c/sensor_interface/msg/nums__type_support.cpp.o[0m
[6.134s] [ 69%] [32mBuilding CXX object CMakeFiles/sensor_interface__rosidl_typesupport_c.dir/rosidl_typesupport_c/sensor_interface/srv/send_image__type_support.cpp.o[0m
[6.142s] [ 71%] [32m[1mLinking CXX shared library libsensor_interface__rosidl_typesupport_fastrtps_c.so[0m
[6.177s] [ 74%] [32m[1mLinking CXX shared library libsensor_interface__rosidl_typesupport_c.so[0m
[6.233s] [ 74%] Built target sensor_interface__rosidl_typesupport_c
[6.245s] [ 74%] Built target sensor_interface__rosidl_typesupport_fastrtps_c
[6.273s] [ 74%] Built target sensor_interface
[6.299s] [ 76%] [34m[1mGenerating Python code for ROS interfaces[0m
[6.803s] [ 76%] Built target sensor_interface__py
[6.828s] [ 79%] [32mBuilding C object CMakeFiles/sensor_interface__rosidl_generator_py.dir/rosidl_generator_py/sensor_interface/msg/_nums_s.c.o[0m
[6.830s] [ 82%] [32mBuilding C object CMakeFiles/sensor_interface__rosidl_generator_py.dir/rosidl_generator_py/sensor_interface/srv/_send_image_s.c.o[0m
[6.980s] [ 84%] [32m[1mLinking C shared library rosidl_generator_py/sensor_interface/libsensor_interface__rosidl_generator_py.so[0m
[7.030s] [ 84%] Built target sensor_interface__rosidl_generator_py
[7.056s] [ 89%] [32mBuilding C object CMakeFiles/sensor_interface__rosidl_typesupport_fastrtps_c__pyext.dir/rosidl_generator_py/sensor_interface/_sensor_interface_s.ep.rosidl_typesupport_fastrtps_c.c.o[0m
[7.056s] [ 89%] [32mBuilding C object CMakeFiles/sensor_interface__rosidl_typesupport_introspection_c__pyext.dir/rosidl_generator_py/sensor_interface/_sensor_interface_s.ep.rosidl_typesupport_introspection_c.c.o[0m
[7.181s] [ 92%] [32m[1mLinking C shared library rosidl_generator_py/sensor_interface/sensor_interface_s__rosidl_typesupport_introspection_c.cpython-310-x86_64-linux-gnu.so[0m
[7.195s] [ 94%] [32m[1mLinking C shared library rosidl_generator_py/sensor_interface/sensor_interface_s__rosidl_typesupport_fastrtps_c.cpython-310-x86_64-linux-gnu.so[0m
[7.238s] [ 94%] Built target sensor_interface__rosidl_typesupport_introspection_c__pyext
[7.248s] [ 94%] Built target sensor_interface__rosidl_typesupport_fastrtps_c__pyext
[7.265s] [ 97%] [32mBuilding C object CMakeFiles/sensor_interface__rosidl_typesupport_c__pyext.dir/rosidl_generator_py/sensor_interface/_sensor_interface_s.ep.rosidl_typesupport_c.c.o[0m
[7.387s] [100%] [32m[1mLinking C shared library rosidl_generator_py/sensor_interface/sensor_interface_s__rosidl_typesupport_c.cpython-310-x86_64-linux-gnu.so[0m
[7.439s] [100%] Built target sensor_interface__rosidl_typesupport_c__pyext
[7.457s] Invoked command in '/home/heronsaba/ros2_challenge/ros2_ws/src/build/sensor_interface' returned '0': CMAKE_PREFIX_PATH=${CMAKE_PREFIX_PATH}:/opt/ros/humble /usr/bin/cmake --build /home/heronsaba/ros2_challenge/ros2_ws/src/build/sensor_interface -- -j2 -l2
[7.572s] Invoking command in '/home/heronsaba/ros2_challenge/ros2_ws/src/build/sensor_interface': CMAKE_PREFIX_PATH=${CMAKE_PREFIX_PATH}:/opt/ros/humble /usr/bin/cmake --install /home/heronsaba/ros2_challenge/ros2_ws/src/build/sensor_interface
[7.581s] -- Install configuration: ""
[7.582s] -- Execute custom install script
[7.582s] -- Symlinking: /home/heronsaba/ros2_challenge/ros2_ws/src/install/sensor_interface/share/ament_index/resource_index/rosidl_interfaces/sensor_interface
[7.594s] -- Symlinking: /home/heronsaba/ros2_challenge/ros2_ws/src/install/sensor_interface/include/sensor_interface/sensor_interface/msg/detail/nums__functions.h
[7.605s] -- Symlinking: /home/heronsaba/ros2_challenge/ros2_ws/src/install/sensor_interface/include/sensor_interface/sensor_interface/msg/detail/nums__struct.h
[7.616s] -- Symlinking: /home/heronsaba/ros2_challenge/ros2_ws/src/install/sensor_interface/include/sensor_interface/sensor_interface/msg/detail/nums__type_support.h
[7.627s] -- Symlinking: /home/heronsaba/ros2_challenge/ros2_ws/src/install/sensor_interface/include/sensor_interface/sensor_interface/msg/nums.h
[7.638s] -- Symlinking: /home/heronsaba/ros2_challenge/ros2_ws/src/install/sensor_interface/include/sensor_interface/sensor_interface/msg/rosidl_generator_c__visibility_control.h
[7.650s] -- Symlinking: /home/heronsaba/ros2_challenge/ros2_ws/src/install/sensor_interface/include/sensor_interface/sensor_interface/srv/detail/send_image__functions.h
[7.661s] -- Symlinking: /home/heronsaba/ros2_challenge/ros2_ws/src/install/sensor_interface/include/sensor_interface/sensor_interface/srv/detail/send_image__struct.h
[7.673s] -- Symlinking: /home/heronsaba/ros2_challenge/ros2_ws/src/install/sensor_interface/include/sensor_interface/sensor_interface/srv/detail/send_image__type_support.h
[7.685s] -- Symlinking: /home/heronsaba/ros2_challenge/ros2_ws/src/install/sensor_interface/include/sensor_interface/sensor_interface/srv/send_image.h
[7.696s] -- Symlinking: /home/heronsaba/ros2_challenge/ros2_ws/src/install/sensor_interface/share/sensor_interface/environment/library_path.sh
[7.707s] -- Symlinking: /home/heronsaba/ros2_challenge/ros2_ws/src/install/sensor_interface/share/sensor_interface/environment/library_path.dsv
[7.719s] -- Symlinking: /home/heronsaba/ros2_challenge/ros2_ws/src/install/sensor_interface/include/sensor_interface/sensor_interface/msg/detail/nums__rosidl_typesupport_fastrtps_c.h
[7.732s] -- Symlinking: /home/heronsaba/ros2_challenge/ros2_ws/src/install/sensor_interface/include/sensor_interface/sensor_interface/msg/rosidl_typesupport_fastrtps_c__visibility_control.h
[7.747s] -- Symlinking: /home/heronsaba/ros2_challenge/ros2_ws/src/install/sensor_interface/include/sensor_interface/sensor_interface/srv/detail/send_image__rosidl_typesupport_fastrtps_c.h
[7.761s] -- Symlinking: /home/heronsaba/ros2_challenge/ros2_ws/src/install/sensor_interface/include/sensor_interface/sensor_interface/msg/detail/nums__rosidl_typesupport_introspection_c.h
[7.773s] -- Symlinking: /home/heronsaba/ros2_challenge/ros2_ws/src/install/sensor_interface/include/sensor_interface/sensor_interface/msg/rosidl_typesupport_introspection_c__visibility_control.h
[7.784s] -- Symlinking: /home/heronsaba/ros2_challenge/ros2_ws/src/install/sensor_interface/include/sensor_interface/sensor_interface/srv/detail/send_image__rosidl_typesupport_introspection_c.h
[7.796s] -- Symlinking: /home/heronsaba/ros2_challenge/ros2_ws/src/install/sensor_interface/include/sensor_interface/sensor_interface/msg/detail/nums__builder.hpp
[7.808s] -- Symlinking: /home/heronsaba/ros2_challenge/ros2_ws/src/install/sensor_interface/include/sensor_interface/sensor_interface/msg/detail/nums__struct.hpp
[7.819s] -- Symlinking: /home/heronsaba/ros2_challenge/ros2_ws/src/install/sensor_interface/include/sensor_interface/sensor_interface/msg/detail/nums__traits.hpp
[7.830s] -- Symlinking: /home/heronsaba/ros2_challenge/ros2_ws/src/install/sensor_interface/include/sensor_interface/sensor_interface/msg/nums.hpp
[7.848s] -- Symlinking: /home/heronsaba/ros2_challenge/ros2_ws/src/install/sensor_interface/include/sensor_interface/sensor_interface/srv/detail/send_image__builder.hpp
[7.858s] -- Symlinking: /home/heronsaba/ros2_challenge/ros2_ws/src/install/sensor_interface/include/sensor_interface/sensor_interface/srv/detail/send_image__struct.hpp
[7.869s] -- Symlinking: /home/heronsaba/ros2_challenge/ros2_ws/src/install/sensor_interface/include/sensor_interface/sensor_interface/srv/detail/send_image__traits.hpp
[7.881s] -- Symlinking: /home/heronsaba/ros2_challenge/ros2_ws/src/install/sensor_interface/include/sensor_interface/sensor_interface/srv/send_image.hpp
[7.892s] -- Symlinking: /home/heronsaba/ros2_challenge/ros2_ws/src/install/sensor_interface/include/sensor_interface/sensor_interface/msg/detail/nums__rosidl_typesupport_fastrtps_cpp.hpp
[7.903s] -- Symlinking: /home/heronsaba/ros2_challenge/ros2_ws/src/install/sensor_interface/include/sensor_interface/sensor_interface/msg/rosidl_typesupport_fastrtps_cpp__visibility_control.h
[7.914s] -- Symlinking: /home/heronsaba/ros2_challenge/ros2_ws/src/install/sensor_interface/include/sensor_interface/sensor_interface/srv/detail/send_image__rosidl_typesupport_fastrtps_cpp.hpp
[7.926s] -- Symlinking: /home/heronsaba/ros2_challenge/ros2_ws/src/install/sensor_interface/include/sensor_interface/sensor_interface/msg/detail/nums__rosidl_typesupport_introspection_cpp.hpp
[7.938s] -- Symlinking: /home/heronsaba/ros2_challenge/ros2_ws/src/install/sensor_interface/include/sensor_interface/sensor_interface/srv/detail/send_image__rosidl_typesupport_introspection_cpp.hpp
[7.950s] -- Symlinking: /home/heronsaba/ros2_challenge/ros2_ws/src/install/sensor_interface/share/sensor_interface/environment/pythonpath.sh
[7.962s] -- Symlinking: /home/heronsaba/ros2_challenge/ros2_ws/src/install/sensor_interface/share/sensor_interface/environment/pythonpath.dsv
[7.976s] -- Symlinking: /home/heronsaba/ros2_challenge/ros2_ws/src/install/sensor_interface/local/lib/python3.10/dist-packages/sensor_interface-0.0.0-py3.10.egg-info/PKG-INFO
[7.991s] -- Symlinking: /home/heronsaba/ros2_challenge/ros2_ws/src/install/sensor_interface/local/lib/python3.10/dist-packages/sensor_interface-0.0.0-py3.10.egg-info/SOURCES.txt
[8.005s] -- Symlinking: /home/heronsaba/ros2_challenge/ros2_ws/src/install/sensor_interface/local/lib/python3.10/dist-packages/sensor_interface-0.0.0-py3.10.egg-info/dependency_links.txt
[8.016s] -- Symlinking: /home/heronsaba/ros2_challenge/ros2_ws/src/install/sensor_interface/local/lib/python3.10/dist-packages/sensor_interface-0.0.0-py3.10.egg-info/top_level.txt
[8.029s] -- Symlinking: /home/heronsaba/ros2_challenge/ros2_ws/src/install/sensor_interface/local/lib/python3.10/dist-packages/sensor_interface/__init__.py
[8.040s] -- Symlinking: /home/heronsaba/ros2_challenge/ros2_ws/src/install/sensor_interface/local/lib/python3.10/dist-packages/sensor_interface/_sensor_interface_s.ep.rosidl_typesupport_c.c
[8.052s] -- Symlinking: /home/heronsaba/ros2_challenge/ros2_ws/src/install/sensor_interface/local/lib/python3.10/dist-packages/sensor_interface/_sensor_interface_s.ep.rosidl_typesupport_fastrtps_c.c
[8.063s] -- Symlinking: /home/heronsaba/ros2_challenge/ros2_ws/src/install/sensor_interface/local/lib/python3.10/dist-packages/sensor_interface/_sensor_interface_s.ep.rosidl_typesupport_introspection_c.c
[8.076s] -- Symlinking: /home/heronsaba/ros2_challenge/ros2_ws/src/install/sensor_interface/local/lib/python3.10/dist-packages/sensor_interface/libsensor_interface__rosidl_generator_py.so
[8.089s] -- Symlinking: /home/heronsaba/ros2_challenge/ros2_ws/src/install/sensor_interface/local/lib/python3.10/dist-packages/sensor_interface/msg/__init__.py
[8.101s] -- Symlinking: /home/heronsaba/ros2_challenge/ros2_ws/src/install/sensor_interface/local/lib/python3.10/dist-packages/sensor_interface/msg/_nums.py
[8.112s] -- Symlinking: /home/heronsaba/ros2_challenge/ros2_ws/src/install/sensor_interface/local/lib/python3.10/dist-packages/sensor_interface/msg/_nums_s.c
[8.123s] -- Symlinking: /home/heronsaba/ros2_challenge/ros2_ws/src/install/sensor_interface/local/lib/python3.10/dist-packages/sensor_interface/sensor_interface_s__rosidl_typesupport_c.cpython-310-x86_64-linux-gnu.so
[8.135s] -- Symlinking: /home/heronsaba/ros2_challenge/ros2_ws/src/install/sensor_interface/local/lib/python3.10/dist-packages/sensor_interface/sensor_interface_s__rosidl_typesupport_fastrtps_c.cpython-310-x86_64-linux-gnu.so
[8.147s] -- Symlinking: /home/heronsaba/ros2_challenge/ros2_ws/src/install/sensor_interface/local/lib/python3.10/dist-packages/sensor_interface/sensor_interface_s__rosidl_typesupport_introspection_c.cpython-310-x86_64-linux-gnu.so
[8.159s] -- Symlinking: /home/heronsaba/ros2_challenge/ros2_ws/src/install/sensor_interface/local/lib/python3.10/dist-packages/sensor_interface/srv/__init__.py
[8.170s] -- Symlinking: /home/heronsaba/ros2_challenge/ros2_ws/src/install/sensor_interface/local/lib/python3.10/dist-packages/sensor_interface/srv/_send_image.py
[8.182s] -- Symlinking: /home/heronsaba/ros2_challenge/ros2_ws/src/install/sensor_interface/local/lib/python3.10/dist-packages/sensor_interface/srv/_send_image_s.c
[8.195s] -- Up-to-date symlink: /home/heronsaba/ros2_challenge/ros2_ws/src/install/sensor_interface/local/lib/python3.10/dist-packages/sensor_interface/sensor_interface_s__rosidl_typesupport_fastrtps_c.cpython-310-x86_64-linux-gnu.so
[8.196s] -- Up-to-date symlink: /home/heronsaba/ros2_challenge/ros2_ws/src/install/sensor_interface/local/lib/python3.10/dist-packages/sensor_interface/sensor_interface_s__rosidl_typesupport_introspection_c.cpython-310-x86_64-linux-gnu.so
[8.196s] -- Up-to-date symlink: /home/heronsaba/ros2_challenge/ros2_ws/src/install/sensor_interface/local/lib/python3.10/dist-packages/sensor_interface/sensor_interface_s__rosidl_typesupport_c.cpython-310-x86_64-linux-gnu.so
[8.197s] -- Symlinking: /home/heronsaba/ros2_challenge/ros2_ws/src/install/sensor_interface/share/sensor_interface/msg/Nums.idl
[8.208s] -- Symlinking: /home/heronsaba/ros2_challenge/ros2_ws/src/install/sensor_interface/share/sensor_interface/srv/SendImage.idl
[8.220s] -- Symlinking: /home/heronsaba/ros2_challenge/ros2_ws/src/install/sensor_interface/share/sensor_interface/msg/Nums.msg
[8.231s] -- Symlinking: /home/heronsaba/ros2_challenge/ros2_ws/src/install/sensor_interface/share/sensor_interface/srv/SendImage.srv
[8.243s] -- Symlinking: /home/heronsaba/ros2_challenge/ros2_ws/src/install/sensor_interface/share/sensor_interface/srv/SendImage_Request.msg
[8.255s] -- Symlinking: /home/heronsaba/ros2_challenge/ros2_ws/src/install/sensor_interface/share/sensor_interface/srv/SendImage_Response.msg
[8.268s] -- Symlinking: /home/heronsaba/ros2_challenge/ros2_ws/src/install/sensor_interface/share/ament_index/resource_index/package_run_dependencies/sensor_interface
[8.280s] -- Symlinking: /home/heronsaba/ros2_challenge/ros2_ws/src/install/sensor_interface/share/ament_index/resource_index/parent_prefix_path/sensor_interface
[8.291s] -- Symlinking: /home/heronsaba/ros2_challenge/ros2_ws/src/install/sensor_interface/share/sensor_interface/environment/ament_prefix_path.sh
[8.303s] -- Symlinking: /home/heronsaba/ros2_challenge/ros2_ws/src/install/sensor_interface/share/sensor_interface/environment/ament_prefix_path.dsv
[8.315s] -- Symlinking: /home/heronsaba/ros2_challenge/ros2_ws/src/install/sensor_interface/share/sensor_interface/environment/path.sh
[8.326s] -- Symlinking: /home/heronsaba/ros2_challenge/ros2_ws/src/install/sensor_interface/share/sensor_interface/environment/path.dsv
[8.338s] -- Symlinking: /home/heronsaba/ros2_challenge/ros2_ws/src/install/sensor_interface/share/sensor_interface/local_setup.bash
[8.350s] -- Symlinking: /home/heronsaba/ros2_challenge/ros2_ws/src/install/sensor_interface/share/sensor_interface/local_setup.sh
[8.361s] -- Symlinking: /home/heronsaba/ros2_challenge/ros2_ws/src/install/sensor_interface/share/sensor_interface/local_setup.zsh
[8.372s] -- Symlinking: /home/heronsaba/ros2_challenge/ros2_ws/src/install/sensor_interface/share/sensor_interface/local_setup.dsv
[8.388s] -- Symlinking: /home/heronsaba/ros2_challenge/ros2_ws/src/install/sensor_interface/share/sensor_interface/package.dsv
[8.400s] -- Symlinking: /home/heronsaba/ros2_challenge/ros2_ws/src/install/sensor_interface/share/ament_index/resource_index/packages/sensor_interface
[8.411s] -- Symlinking: /home/heronsaba/ros2_challenge/ros2_ws/src/install/sensor_interface/share/sensor_interface/cmake/rosidl_cmake-extras.cmake
[8.422s] -- Symlinking: /home/heronsaba/ros2_challenge/ros2_ws/src/install/sensor_interface/share/sensor_interface/cmake/ament_cmake_export_dependencies-extras.cmake
[8.433s] -- Symlinking: /home/heronsaba/ros2_challenge/ros2_ws/src/install/sensor_interface/share/sensor_interface/cmake/ament_cmake_export_include_directories-extras.cmake
[8.444s] -- Symlinking: /home/heronsaba/ros2_challenge/ros2_ws/src/install/sensor_interface/share/sensor_interface/cmake/ament_cmake_export_libraries-extras.cmake
[8.463s] -- Symlinking: /home/heronsaba/ros2_challenge/ros2_ws/src/install/sensor_interface/share/sensor_interface/cmake/ament_cmake_export_targets-extras.cmake
[8.475s] -- Symlinking: /home/heronsaba/ros2_challenge/ros2_ws/src/install/sensor_interface/share/sensor_interface/cmake/rosidl_cmake_export_typesupport_targets-extras.cmake
[8.486s] -- Symlinking: /home/heronsaba/ros2_challenge/ros2_ws/src/install/sensor_interface/share/sensor_interface/cmake/rosidl_cmake_export_typesupport_libraries-extras.cmake
[8.498s] -- Symlinking: /home/heronsaba/ros2_challenge/ros2_ws/src/install/sensor_interface/share/sensor_interface/cmake/sensor_interfaceConfig.cmake
[8.509s] -- Symlinking: /home/heronsaba/ros2_challenge/ros2_ws/src/install/sensor_interface/share/sensor_interface/cmake/sensor_interfaceConfig-version.cmake
[8.521s] -- Symlinking: /home/heronsaba/ros2_challenge/ros2_ws/src/install/sensor_interface/share/sensor_interface/package.xml
[8.532s] -- Installing: /home/heronsaba/ros2_challenge/ros2_ws/src/install/sensor_interface/lib/libsensor_interface__rosidl_generator_c.so
[8.534s] -- Set runtime path of "/home/heronsaba/ros2_challenge/ros2_ws/src/install/sensor_interface/lib/libsensor_interface__rosidl_generator_c.so" to ""
[8.534s] -- Installing: /home/heronsaba/ros2_challenge/ros2_ws/src/install/sensor_interface/lib/libsensor_interface__rosidl_typesupport_fastrtps_c.so
[8.534s] -- Set runtime path of "/home/heronsaba/ros2_challenge/ros2_ws/src/install/sensor_interface/lib/libsensor_interface__rosidl_typesupport_fastrtps_c.so" to ""
[8.535s] -- Installing: /home/heronsaba/ros2_challenge/ros2_ws/src/install/sensor_interface/lib/libsensor_interface__rosidl_typesupport_introspection_c.so
[8.535s] -- Set runtime path of "/home/heronsaba/ros2_challenge/ros2_ws/src/install/sensor_interface/lib/libsensor_interface__rosidl_typesupport_introspection_c.so" to ""
[8.536s] -- Installing: /home/heronsaba/ros2_challenge/ros2_ws/src/install/sensor_interface/lib/libsensor_interface__rosidl_typesupport_c.so
[8.536s] -- Set runtime path of "/home/heronsaba/ros2_challenge/ros2_ws/src/install/sensor_interface/lib/libsensor_interface__rosidl_typesupport_c.so" to ""
[8.536s] -- Installing: /home/heronsaba/ros2_challenge/ros2_ws/src/install/sensor_interface/lib/libsensor_interface__rosidl_typesupport_fastrtps_cpp.so
[8.537s] -- Set runtime path of "/home/heronsaba/ros2_challenge/ros2_ws/src/install/sensor_interface/lib/libsensor_interface__rosidl_typesupport_fastrtps_cpp.so" to ""
[8.537s] -- Installing: /home/heronsaba/ros2_challenge/ros2_ws/src/install/sensor_interface/lib/libsensor_interface__rosidl_typesupport_introspection_cpp.so
[8.538s] -- Set runtime path of "/home/heronsaba/ros2_challenge/ros2_ws/src/install/sensor_interface/lib/libsensor_interface__rosidl_typesupport_introspection_cpp.so" to ""
[8.538s] -- Installing: /home/heronsaba/ros2_challenge/ros2_ws/src/install/sensor_interface/lib/libsensor_interface__rosidl_typesupport_cpp.so
[8.539s] -- Set runtime path of "/home/heronsaba/ros2_challenge/ros2_ws/src/install/sensor_interface/lib/libsensor_interface__rosidl_typesupport_cpp.so" to ""
[8.574s] Listing '/home/heronsaba/ros2_challenge/ros2_ws/src/install/sensor_interface/local/lib/python3.10/dist-packages/sensor_interface'...
[8.576s] Compiling '/home/heronsaba/ros2_challenge/ros2_ws/src/install/sensor_interface/local/lib/python3.10/dist-packages/sensor_interface/__init__.py'...
[8.576s] Listing '/home/heronsaba/ros2_challenge/ros2_ws/src/install/sensor_interface/local/lib/python3.10/dist-packages/sensor_interface/msg'...
[8.576s] Compiling '/home/heronsaba/ros2_challenge/ros2_ws/src/install/sensor_interface/local/lib/python3.10/dist-packages/sensor_interface/msg/__init__.py'...
[8.577s] Compiling '/home/heronsaba/ros2_challenge/ros2_ws/src/install/sensor_interface/local/lib/python3.10/dist-packages/sensor_interface/msg/_nums.py'...
[8.577s] Listing '/home/heronsaba/ros2_challenge/ros2_ws/src/install/sensor_interface/local/lib/python3.10/dist-packages/sensor_interface/srv'...
[8.577s] Compiling '/home/heronsaba/ros2_challenge/ros2_ws/src/install/sensor_interface/local/lib/python3.10/dist-packages/sensor_interface/srv/__init__.py'...
[8.577s] Compiling '/home/heronsaba/ros2_challenge/ros2_ws/src/install/sensor_interface/local/lib/python3.10/dist-packages/sensor_interface/srv/_send_image.py'...
[8.581s] -- Installing: /home/heronsaba/ros2_challenge/ros2_ws/src/install/sensor_interface/lib/libsensor_interface__rosidl_generator_py.so
[8.581s] -- Set runtime path of "/home/heronsaba/ros2_challenge/ros2_ws/src/install/sensor_interface/lib/libsensor_interface__rosidl_generator_py.so" to ""
[8.582s] -- Installing: /home/heronsaba/ros2_challenge/ros2_ws/src/install/sensor_interface/share/sensor_interface/cmake/export_sensor_interface__rosidl_generator_cExport.cmake
[8.582s] -- Installing: /home/heronsaba/ros2_challenge/ros2_ws/src/install/sensor_interface/share/sensor_interface/cmake/export_sensor_interface__rosidl_generator_cExport-noconfig.cmake
[8.583s] -- Installing: /home/heronsaba/ros2_challenge/ros2_ws/src/install/sensor_interface/share/sensor_interface/cmake/export_sensor_interface__rosidl_typesupport_fastrtps_cExport.cmake
[8.583s] -- Installing: /home/heronsaba/ros2_challenge/ros2_ws/src/install/sensor_interface/share/sensor_interface/cmake/export_sensor_interface__rosidl_typesupport_fastrtps_cExport-noconfig.cmake
[8.583s] -- Installing: /home/heronsaba/ros2_challenge/ros2_ws/src/install/sensor_interface/share/sensor_interface/cmake/sensor_interface__rosidl_typesupport_introspection_cExport.cmake
[8.584s] -- Installing: /home/heronsaba/ros2_challenge/ros2_ws/src/install/sensor_interface/share/sensor_interface/cmake/sensor_interface__rosidl_typesupport_introspection_cExport-noconfig.cmake
[8.584s] -- Installing: /home/heronsaba/ros2_challenge/ros2_ws/src/install/sensor_interface/share/sensor_interface/cmake/sensor_interface__rosidl_typesupport_cExport.cmake
[8.584s] -- Installing: /home/heronsaba/ros2_challenge/ros2_ws/src/install/sensor_interface/share/sensor_interface/cmake/sensor_interface__rosidl_typesupport_cExport-noconfig.cmake
[8.585s] -- Installing: /home/heronsaba/ros2_challenge/ros2_ws/src/install/sensor_interface/share/sensor_interface/cmake/export_sensor_interface__rosidl_generator_cppExport.cmake
[8.585s] -- Installing: /home/heronsaba/ros2_challenge/ros2_ws/src/install/sensor_interface/share/sensor_interface/cmake/export_sensor_interface__rosidl_typesupport_fastrtps_cppExport.cmake
[8.586s] -- Installing: /home/heronsaba/ros2_challenge/ros2_ws/src/install/sensor_interface/share/sensor_interface/cmake/export_sensor_interface__rosidl_typesupport_fastrtps_cppExport-noconfig.cmake
[8.586s] -- Installing: /home/heronsaba/ros2_challenge/ros2_ws/src/install/sensor_interface/share/sensor_interface/cmake/sensor_interface__rosidl_typesupport_introspection_cppExport.cmake
[8.586s] -- Installing: /home/heronsaba/ros2_challenge/ros2_ws/src/install/sensor_interface/share/sensor_interface/cmake/sensor_interface__rosidl_typesupport_introspection_cppExport-noconfig.cmake
[8.587s] -- Installing: /home/heronsaba/ros2_challenge/ros2_ws/src/install/sensor_interface/share/sensor_interface/cmake/sensor_interface__rosidl_typesupport_cppExport.cmake
[8.587s] -- Installing: /home/heronsaba/ros2_challenge/ros2_ws/src/install/sensor_interface/share/sensor_interface/cmake/sensor_interface__rosidl_typesupport_cppExport-noconfig.cmake
[8.587s] -- Installing: /home/heronsaba/ros2_challenge/ros2_ws/src/install/sensor_interface/share/sensor_interface/cmake/export_sensor_interface__rosidl_generator_pyExport.cmake
[8.588s] -- Installing: /home/heronsaba/ros2_challenge/ros2_ws/src/install/sensor_interface/share/sensor_interface/cmake/export_sensor_interface__rosidl_generator_pyExport-noconfig.cmake
[8.591s] Invoked command in '/home/heronsaba/ros2_challenge/ros2_ws/src/build/sensor_interface' returned '0': CMAKE_PREFIX_PATH=${CMAKE_PREFIX_PATH}:/opt/ros/humble /usr/bin/cmake --install /home/heronsaba/ros2_challenge/ros2_ws/src/build/sensor_interface
