[0.011s] Invoking command in '/home/heronsaba/ros2_challenge/ros2_ws/src/build/senai_ros2': AMENT_PREFIX_PATH=/home/heronsaba/ros2_challenge/ros2_ws/src/install/sensor_interface:${AMENT_PREFIX_PATH} CMAKE_PREFIX_PATH=/home/heronsaba/ros2_challenge/ros2_ws/src/install/sensor_interface:/opt/ros/humble LD_LIBRARY_PATH=/home/heronsaba/ros2_challenge/ros2_ws/src/install/sensor_interface/lib:${LD_LIBRARY_PATH} PYTHONPATH=/home/heronsaba/ros2_challenge/ros2_ws/src/install/sensor_interface/local/lib/python3.10/dist-packages:${PYTHONPATH} /usr/bin/cmake /home/heronsaba/ros2_challenge/ros2_ws/src/senai_ros2 -DCMAKE_INSTALL_PREFIX=/home/heronsaba/ros2_challenge/ros2_ws/src/install/senai_ros2
[0.091s] -- The C compiler identification is GNU 11.4.0
[0.160s] -- The CXX compiler identification is GNU 11.4.0
[0.170s] -- Detecting C compiler ABI info
[0.292s] -- Detecting C compiler ABI info - done
[0.303s] -- Check for working C compiler: /usr/bin/cc - skipped
[0.303s] -- Detecting C compile features
[0.303s] -- Detecting C compile features - done
[0.309s] -- Detecting CXX compiler ABI info
[0.426s] -- Detecting CXX compiler ABI info - done
[0.435s] -- Check for working CXX compiler: /usr/bin/c++ - skipped
[0.435s] -- Detecting CXX compile features
[0.436s] -- Detecting CXX compile features - done
[0.440s] -- Found ament_cmake: 1.3.8 (/opt/ros/humble/share/ament_cmake/cmake)
[0.614s] -- Found Python3: /usr/bin/python3 (found version "3.10.12") found components: Interpreter 
[0.719s] -- Found rclcpp: 16.0.8 (/opt/ros/humble/share/rclcpp/cmake)
[0.767s] -- Found rosidl_generator_c: 3.1.5 (/opt/ros/humble/share/rosidl_generator_c/cmake)
[0.773s] -- Found rosidl_adapter: 3.1.5 (/opt/ros/humble/share/rosidl_adapter/cmake)
[0.783s] -- Found rosidl_generator_cpp: 3.1.5 (/opt/ros/humble/share/rosidl_generator_cpp/cmake)
[0.800s] -- Using all available rosidl_typesupport_c: rosidl_typesupport_fastrtps_c;rosidl_typesupport_introspection_c
[0.824s] -- Using all available rosidl_typesupport_cpp: rosidl_typesupport_fastrtps_cpp;rosidl_typesupport_introspection_cpp
[0.908s] -- Found rmw_implementation_cmake: 6.1.1 (/opt/ros/humble/share/rmw_implementation_cmake/cmake)
[0.912s] -- Found rmw_fastrtps_cpp: 6.2.6 (/opt/ros/humble/share/rmw_fastrtps_cpp/cmake)
[1.056s] -- Found OpenSSL: /usr/lib/x86_64-linux-gnu/libcrypto.so (found version "3.0.2")  
[1.092s] -- Found FastRTPS: /opt/ros/humble/include  
[1.157s] -- Using RMW implementation 'rmw_fastrtps_cpp' as default
[1.170s] -- Looking for pthread.h
[1.265s] -- Looking for pthread.h - found
[1.266s] -- Performing Test CMAKE_HAVE_LIBC_PTHREAD
[1.371s] -- Performing Test CMAKE_HAVE_LIBC_PTHREAD - Success
[1.372s] -- Found Threads: TRUE  
[1.571s] -- Found sensor_msgs: 4.2.3 (/opt/ros/humble/share/sensor_msgs/cmake)
[1.726s] -- Found cv_bridge: 3.2.1 (/opt/ros/humble/share/cv_bridge/cmake)
[1.751s] -- Found OpenCV: /usr (found version "4.5.4") 
[1.752s] -- Found sensor_interface: 0.0.0 (/home/heronsaba/ros2_challenge/ros2_ws/src/install/sensor_interface/share/sensor_interface/cmake)
[1.894s] -- Found ament_lint_auto: 0.12.10 (/opt/ros/humble/share/ament_lint_auto/cmake)
[2.005s] -- Added test 'cppcheck' to perform static code analysis on C / C++ code
[2.006s] -- Configured cppcheck include dirs: /home/heronsaba/ros2_challenge/ros2_ws/src/senai_ros2/include
[2.006s] -- Configured cppcheck exclude dirs and/or files: 
[2.008s] -- Added test 'flake8' to check Python code syntax and style conventions
[2.009s] -- Added test 'lint_cmake' to check CMake code style
[2.010s] -- Added test 'pep257' to check Python code against some of the docstring style conventions in PEP 257
[2.012s] -- Added test 'uncrustify' to check C / C++ code style
[2.013s] -- Configured uncrustify additional arguments: 
[2.014s] -- Added test 'xmllint' to check XML markup files
[2.020s] -- Configuring done
[2.058s] -- Generating done
[2.061s] -- Build files have been written to: /home/heronsaba/ros2_challenge/ros2_ws/src/build/senai_ros2
[2.074s] Invoked command in '/home/heronsaba/ros2_challenge/ros2_ws/src/build/senai_ros2' returned '0': AMENT_PREFIX_PATH=/home/heronsaba/ros2_challenge/ros2_ws/src/install/sensor_interface:${AMENT_PREFIX_PATH} CMAKE_PREFIX_PATH=/home/heronsaba/ros2_challenge/ros2_ws/src/install/sensor_interface:/opt/ros/humble LD_LIBRARY_PATH=/home/heronsaba/ros2_challenge/ros2_ws/src/install/sensor_interface/lib:${LD_LIBRARY_PATH} PYTHONPATH=/home/heronsaba/ros2_challenge/ros2_ws/src/install/sensor_interface/local/lib/python3.10/dist-packages:${PYTHONPATH} /usr/bin/cmake /home/heronsaba/ros2_challenge/ros2_ws/src/senai_ros2 -DCMAKE_INSTALL_PREFIX=/home/heronsaba/ros2_challenge/ros2_ws/src/install/senai_ros2
[2.074s] Invoking command in '/home/heronsaba/ros2_challenge/ros2_ws/src/build/senai_ros2': AMENT_PREFIX_PATH=/home/heronsaba/ros2_challenge/ros2_ws/src/install/sensor_interface:${AMENT_PREFIX_PATH} CMAKE_PREFIX_PATH=/home/heronsaba/ros2_challenge/ros2_ws/src/install/sensor_interface:/opt/ros/humble LD_LIBRARY_PATH=/home/heronsaba/ros2_challenge/ros2_ws/src/install/sensor_interface/lib:${LD_LIBRARY_PATH} PYTHONPATH=/home/heronsaba/ros2_challenge/ros2_ws/src/install/sensor_interface/local/lib/python3.10/dist-packages:${PYTHONPATH} /usr/bin/cmake --build /home/heronsaba/ros2_challenge/ros2_ws/src/build/senai_ros2 -- -j2 -l2
[2.150s] [ 25%] [32mBuilding CXX object CMakeFiles/receiver.dir/src/image_receiver.cpp.o[0m
[2.152s] [ 50%] [32mBuilding CXX object CMakeFiles/cropper.dir/src/image_cropper.cpp.o[0m
[10.339s] [ 75%] [32m[1mLinking CXX executable receiver[0m
[10.976s] [ 75%] Built target receiver
[15.598s] [100%] [32m[1mLinking CXX executable cropper[0m
[16.511s] [100%] Built target cropper
[16.545s] Invoked command in '/home/heronsaba/ros2_challenge/ros2_ws/src/build/senai_ros2' returned '0': AMENT_PREFIX_PATH=/home/heronsaba/ros2_challenge/ros2_ws/src/install/sensor_interface:${AMENT_PREFIX_PATH} CMAKE_PREFIX_PATH=/home/heronsaba/ros2_challenge/ros2_ws/src/install/sensor_interface:/opt/ros/humble LD_LIBRARY_PATH=/home/heronsaba/ros2_challenge/ros2_ws/src/install/sensor_interface/lib:${LD_LIBRARY_PATH} PYTHONPATH=/home/heronsaba/ros2_challenge/ros2_ws/src/install/sensor_interface/local/lib/python3.10/dist-packages:${PYTHONPATH} /usr/bin/cmake --build /home/heronsaba/ros2_challenge/ros2_ws/src/build/senai_ros2 -- -j2 -l2
[16.602s] Invoking command in '/home/heronsaba/ros2_challenge/ros2_ws/src/build/senai_ros2': AMENT_PREFIX_PATH=/home/heronsaba/ros2_challenge/ros2_ws/src/install/sensor_interface:${AMENT_PREFIX_PATH} CMAKE_PREFIX_PATH=/home/heronsaba/ros2_challenge/ros2_ws/src/install/sensor_interface:/opt/ros/humble LD_LIBRARY_PATH=/home/heronsaba/ros2_challenge/ros2_ws/src/install/sensor_interface/lib:${LD_LIBRARY_PATH} PYTHONPATH=/home/heronsaba/ros2_challenge/ros2_ws/src/install/sensor_interface/local/lib/python3.10/dist-packages:${PYTHONPATH} /usr/bin/cmake --install /home/heronsaba/ros2_challenge/ros2_ws/src/build/senai_ros2
[16.615s] -- Install configuration: ""
[16.615s] -- Installing: /home/heronsaba/ros2_challenge/ros2_ws/src/install/senai_ros2/lib/senai_ros2/cropper
[16.636s] -- Set runtime path of "/home/heronsaba/ros2_challenge/ros2_ws/src/install/senai_ros2/lib/senai_ros2/cropper" to ""
[16.636s] -- Installing: /home/heronsaba/ros2_challenge/ros2_ws/src/install/senai_ros2/lib/senai_ros2/receiver
[16.640s] -- Set runtime path of "/home/heronsaba/ros2_challenge/ros2_ws/src/install/senai_ros2/lib/senai_ros2/receiver" to ""
[16.640s] -- Installing: /home/heronsaba/ros2_challenge/ros2_ws/src/install/senai_ros2/share/senai_ros2/launch
[16.640s] -- Installing: /home/heronsaba/ros2_challenge/ros2_ws/src/install/senai_ros2/share/senai_ros2/launch/challenge_launcher.py
[16.640s] -- Installing: /home/heronsaba/ros2_challenge/ros2_ws/src/install/senai_ros2/share/senai_ros2/config
[16.640s] -- Installing: /home/heronsaba/ros2_challenge/ros2_ws/src/install/senai_ros2/share/senai_ros2/config/my_config_file.yaml
[16.641s] -- Installing: /home/heronsaba/ros2_challenge/ros2_ws/src/install/senai_ros2/share/ament_index/resource_index/package_run_dependencies/senai_ros2
[16.641s] -- Installing: /home/heronsaba/ros2_challenge/ros2_ws/src/install/senai_ros2/share/ament_index/resource_index/parent_prefix_path/senai_ros2
[16.641s] -- Installing: /home/heronsaba/ros2_challenge/ros2_ws/src/install/senai_ros2/share/senai_ros2/environment/ament_prefix_path.sh
[16.641s] -- Installing: /home/heronsaba/ros2_challenge/ros2_ws/src/install/senai_ros2/share/senai_ros2/environment/ament_prefix_path.dsv
[16.641s] -- Installing: /home/heronsaba/ros2_challenge/ros2_ws/src/install/senai_ros2/share/senai_ros2/environment/path.sh
[16.642s] -- Installing: /home/heronsaba/ros2_challenge/ros2_ws/src/install/senai_ros2/share/senai_ros2/environment/path.dsv
[16.642s] -- Installing: /home/heronsaba/ros2_challenge/ros2_ws/src/install/senai_ros2/share/senai_ros2/local_setup.bash
[16.642s] -- Installing: /home/heronsaba/ros2_challenge/ros2_ws/src/install/senai_ros2/share/senai_ros2/local_setup.sh
[16.642s] -- Installing: /home/heronsaba/ros2_challenge/ros2_ws/src/install/senai_ros2/share/senai_ros2/local_setup.zsh
[16.643s] -- Installing: /home/heronsaba/ros2_challenge/ros2_ws/src/install/senai_ros2/share/senai_ros2/local_setup.dsv
[16.643s] -- Installing: /home/heronsaba/ros2_challenge/ros2_ws/src/install/senai_ros2/share/senai_ros2/package.dsv
[16.643s] -- Installing: /home/heronsaba/ros2_challenge/ros2_ws/src/install/senai_ros2/share/ament_index/resource_index/packages/senai_ros2
[16.643s] -- Installing: /home/heronsaba/ros2_challenge/ros2_ws/src/install/senai_ros2/share/senai_ros2/cmake/senai_ros2Config.cmake
[16.644s] -- Installing: /home/heronsaba/ros2_challenge/ros2_ws/src/install/senai_ros2/share/senai_ros2/cmake/senai_ros2Config-version.cmake
[16.644s] -- Installing: /home/heronsaba/ros2_challenge/ros2_ws/src/install/senai_ros2/share/senai_ros2/package.xml
[16.650s] Invoked command in '/home/heronsaba/ros2_challenge/ros2_ws/src/build/senai_ros2' returned '0': AMENT_PREFIX_PATH=/home/heronsaba/ros2_challenge/ros2_ws/src/install/sensor_interface:${AMENT_PREFIX_PATH} CMAKE_PREFIX_PATH=/home/heronsaba/ros2_challenge/ros2_ws/src/install/sensor_interface:/opt/ros/humble LD_LIBRARY_PATH=/home/heronsaba/ros2_challenge/ros2_ws/src/install/sensor_interface/lib:${LD_LIBRARY_PATH} PYTHONPATH=/home/heronsaba/ros2_challenge/ros2_ws/src/install/sensor_interface/local/lib/python3.10/dist-packages:${PYTHONPATH} /usr/bin/cmake --install /home/heronsaba/ros2_challenge/ros2_ws/src/build/senai_ros2
